

================================================================
== Vivado HLS Report for 'global_pooling1d_cl_ap_ufixed_8_0_4_0_0_ap_fixed_16_6_5_3_0_config8_s'
================================================================
* Date:           Wed Nov 15 18:37:52 2023

* Version:        2019.2 (Build 2704478 on Wed Nov 06 22:10:23 MST 2019)
* Project:        myproject_prj
* Solution:       solution1
* Product family: virtexuplus
* Target device:  xcu250-figd2104-2L-e


================================================================
== Performance Estimates
================================================================
+ Timing: 
    * Summary: 
    +--------+---------+----------+------------+
    |  Clock |  Target | Estimated| Uncertainty|
    +--------+---------+----------+------------+
    |ap_clk  | 5.00 ns | 3.920 ns |   0.62 ns  |
    +--------+---------+----------+------------+

+ Latency: 
    * Summary: 
    +---------+---------+-----------+-----------+-----+-----+----------+
    |  Latency (cycles) |   Latency (absolute)  |  Interval | Pipeline |
    |   min   |   max   |    min    |    max    | min | max |   Type   |
    +---------+---------+-----------+-----------+-----+-----+----------+
    |        3|        3| 15.000 ns | 15.000 ns |    1|    1| function |
    +---------+---------+-----------+-----------+-----+-----+----------+

    + Detail: 
        * Instance: 
        N/A

        * Loop: 
        N/A

============================================================
+ Verbose Summary: Synthesis Manager
============================================================
InlineROM: 1
ExposeGlobal: 0
============================================================
+ Verbose Summary: CDFG Model
============================================================
IsTopModel: 0
ResetActiveHigh: 1
IsCombinational: 2
IsDatapathOnly: 0
HasWiredReturn: 1
HasMFsm: 2
HasVarLatency: 0
IsPipeline: 1
IsRtlPipelined: 1
IsInstanceOverlapped: 0
IsDontTouch: 0
HasImplIP: 0
IsGatedGlobalClock: 0

+ Individual pipeline summary: 
  * Pipeline-0: initiation interval (II) = 1, depth = 4


============================================================
+ Verbose Summary: Schedule
============================================================
* Number of FSM states : 4
* Pipeline : 1
  Pipeline-0 : II = 1, D = 4, States = { 1 2 3 4 }
* Dataflow Pipeline: 0

* FSM state transitions: 
1 --> 2 
2 --> 3 
3 --> 4 
4 --> 

* FSM state operations: 

State 1 <SV = 0> <Delay = 3.92>
ST_1 : Operation 5 [1/1] (0.00ns)   --->   "%data_99_V_read_1 = call i8 @_ssdm_op_Read.ap_auto.i8(i8 %data_99_V_read)" [firmware/nnet_utils/nnet_pooling.h:148]   --->   Operation 5 'read' 'data_99_V_read_1' <Predicate = true> <Delay = 0.00>
ST_1 : Operation 6 [1/1] (0.00ns)   --->   "%data_98_V_read_1 = call i8 @_ssdm_op_Read.ap_auto.i8(i8 %data_98_V_read)" [firmware/nnet_utils/nnet_pooling.h:148]   --->   Operation 6 'read' 'data_98_V_read_1' <Predicate = true> <Delay = 0.00>
ST_1 : Operation 7 [1/1] (0.00ns)   --->   "%data_97_V_read_2 = call i8 @_ssdm_op_Read.ap_auto.i8(i8 %data_97_V_read)" [firmware/nnet_utils/nnet_pooling.h:148]   --->   Operation 7 'read' 'data_97_V_read_2' <Predicate = true> <Delay = 0.00>
ST_1 : Operation 8 [1/1] (0.00ns)   --->   "%data_96_V_read_2 = call i8 @_ssdm_op_Read.ap_auto.i8(i8 %data_96_V_read)" [firmware/nnet_utils/nnet_pooling.h:148]   --->   Operation 8 'read' 'data_96_V_read_2' <Predicate = true> <Delay = 0.00>
ST_1 : Operation 9 [1/1] (0.00ns)   --->   "%data_95_V_read_1 = call i8 @_ssdm_op_Read.ap_auto.i8(i8 %data_95_V_read)" [firmware/nnet_utils/nnet_pooling.h:148]   --->   Operation 9 'read' 'data_95_V_read_1' <Predicate = true> <Delay = 0.00>
ST_1 : Operation 10 [1/1] (0.00ns)   --->   "%data_94_V_read_2 = call i8 @_ssdm_op_Read.ap_auto.i8(i8 %data_94_V_read)" [firmware/nnet_utils/nnet_pooling.h:148]   --->   Operation 10 'read' 'data_94_V_read_2' <Predicate = true> <Delay = 0.00>
ST_1 : Operation 11 [1/1] (0.00ns)   --->   "%data_93_V_read_2 = call i8 @_ssdm_op_Read.ap_auto.i8(i8 %data_93_V_read)" [firmware/nnet_utils/nnet_pooling.h:148]   --->   Operation 11 'read' 'data_93_V_read_2' <Predicate = true> <Delay = 0.00>
ST_1 : Operation 12 [1/1] (0.00ns)   --->   "%data_92_V_read_3 = call i8 @_ssdm_op_Read.ap_auto.i8(i8 %data_92_V_read)" [firmware/nnet_utils/nnet_pooling.h:148]   --->   Operation 12 'read' 'data_92_V_read_3' <Predicate = true> <Delay = 0.00>
ST_1 : Operation 13 [1/1] (0.00ns)   --->   "%data_91_V_read_1 = call i8 @_ssdm_op_Read.ap_auto.i8(i8 %data_91_V_read)" [firmware/nnet_utils/nnet_pooling.h:148]   --->   Operation 13 'read' 'data_91_V_read_1' <Predicate = true> <Delay = 0.00>
ST_1 : Operation 14 [1/1] (0.00ns)   --->   "%data_90_V_read_1 = call i8 @_ssdm_op_Read.ap_auto.i8(i8 %data_90_V_read)" [firmware/nnet_utils/nnet_pooling.h:148]   --->   Operation 14 'read' 'data_90_V_read_1' <Predicate = true> <Delay = 0.00>
ST_1 : Operation 15 [1/1] (0.00ns)   --->   "%data_89_V_read_1 = call i8 @_ssdm_op_Read.ap_auto.i8(i8 %data_89_V_read)" [firmware/nnet_utils/nnet_pooling.h:148]   --->   Operation 15 'read' 'data_89_V_read_1' <Predicate = true> <Delay = 0.00>
ST_1 : Operation 16 [1/1] (0.00ns)   --->   "%data_88_V_read_1 = call i8 @_ssdm_op_Read.ap_auto.i8(i8 %data_88_V_read)" [firmware/nnet_utils/nnet_pooling.h:148]   --->   Operation 16 'read' 'data_88_V_read_1' <Predicate = true> <Delay = 0.00>
ST_1 : Operation 17 [1/1] (0.00ns)   --->   "%data_87_V_read_2 = call i8 @_ssdm_op_Read.ap_auto.i8(i8 %data_87_V_read)" [firmware/nnet_utils/nnet_pooling.h:148]   --->   Operation 17 'read' 'data_87_V_read_2' <Predicate = true> <Delay = 0.00>
ST_1 : Operation 18 [1/1] (0.00ns)   --->   "%data_86_V_read_2 = call i8 @_ssdm_op_Read.ap_auto.i8(i8 %data_86_V_read)" [firmware/nnet_utils/nnet_pooling.h:148]   --->   Operation 18 'read' 'data_86_V_read_2' <Predicate = true> <Delay = 0.00>
ST_1 : Operation 19 [1/1] (0.00ns)   --->   "%data_85_V_read_1 = call i8 @_ssdm_op_Read.ap_auto.i8(i8 %data_85_V_read)" [firmware/nnet_utils/nnet_pooling.h:148]   --->   Operation 19 'read' 'data_85_V_read_1' <Predicate = true> <Delay = 0.00>
ST_1 : Operation 20 [1/1] (0.00ns)   --->   "%data_84_V_read_2 = call i8 @_ssdm_op_Read.ap_auto.i8(i8 %data_84_V_read)" [firmware/nnet_utils/nnet_pooling.h:148]   --->   Operation 20 'read' 'data_84_V_read_2' <Predicate = true> <Delay = 0.00>
ST_1 : Operation 21 [1/1] (0.00ns)   --->   "%data_83_V_read_2 = call i8 @_ssdm_op_Read.ap_auto.i8(i8 %data_83_V_read)" [firmware/nnet_utils/nnet_pooling.h:148]   --->   Operation 21 'read' 'data_83_V_read_2' <Predicate = true> <Delay = 0.00>
ST_1 : Operation 22 [1/1] (0.00ns)   --->   "%data_82_V_read_3 = call i8 @_ssdm_op_Read.ap_auto.i8(i8 %data_82_V_read)" [firmware/nnet_utils/nnet_pooling.h:148]   --->   Operation 22 'read' 'data_82_V_read_3' <Predicate = true> <Delay = 0.00>
ST_1 : Operation 23 [1/1] (0.00ns)   --->   "%data_81_V_read_1 = call i8 @_ssdm_op_Read.ap_auto.i8(i8 %data_81_V_read)" [firmware/nnet_utils/nnet_pooling.h:148]   --->   Operation 23 'read' 'data_81_V_read_1' <Predicate = true> <Delay = 0.00>
ST_1 : Operation 24 [1/1] (0.00ns)   --->   "%data_80_V_read_1 = call i8 @_ssdm_op_Read.ap_auto.i8(i8 %data_80_V_read)" [firmware/nnet_utils/nnet_pooling.h:148]   --->   Operation 24 'read' 'data_80_V_read_1' <Predicate = true> <Delay = 0.00>
ST_1 : Operation 25 [1/1] (0.00ns)   --->   "%data_79_V_read_1 = call i8 @_ssdm_op_Read.ap_auto.i8(i8 %data_79_V_read)" [firmware/nnet_utils/nnet_pooling.h:148]   --->   Operation 25 'read' 'data_79_V_read_1' <Predicate = true> <Delay = 0.00>
ST_1 : Operation 26 [1/1] (0.00ns)   --->   "%data_78_V_read_1 = call i8 @_ssdm_op_Read.ap_auto.i8(i8 %data_78_V_read)" [firmware/nnet_utils/nnet_pooling.h:148]   --->   Operation 26 'read' 'data_78_V_read_1' <Predicate = true> <Delay = 0.00>
ST_1 : Operation 27 [1/1] (0.00ns)   --->   "%data_77_V_read_2 = call i8 @_ssdm_op_Read.ap_auto.i8(i8 %data_77_V_read)" [firmware/nnet_utils/nnet_pooling.h:148]   --->   Operation 27 'read' 'data_77_V_read_2' <Predicate = true> <Delay = 0.00>
ST_1 : Operation 28 [1/1] (0.00ns)   --->   "%data_76_V_read_2 = call i8 @_ssdm_op_Read.ap_auto.i8(i8 %data_76_V_read)" [firmware/nnet_utils/nnet_pooling.h:148]   --->   Operation 28 'read' 'data_76_V_read_2' <Predicate = true> <Delay = 0.00>
ST_1 : Operation 29 [1/1] (0.00ns)   --->   "%data_75_V_read_1 = call i8 @_ssdm_op_Read.ap_auto.i8(i8 %data_75_V_read)" [firmware/nnet_utils/nnet_pooling.h:148]   --->   Operation 29 'read' 'data_75_V_read_1' <Predicate = true> <Delay = 0.00>
ST_1 : Operation 30 [1/1] (0.00ns)   --->   "%data_74_V_read_2 = call i8 @_ssdm_op_Read.ap_auto.i8(i8 %data_74_V_read)" [firmware/nnet_utils/nnet_pooling.h:148]   --->   Operation 30 'read' 'data_74_V_read_2' <Predicate = true> <Delay = 0.00>
ST_1 : Operation 31 [1/1] (0.00ns)   --->   "%data_73_V_read_2 = call i8 @_ssdm_op_Read.ap_auto.i8(i8 %data_73_V_read)" [firmware/nnet_utils/nnet_pooling.h:148]   --->   Operation 31 'read' 'data_73_V_read_2' <Predicate = true> <Delay = 0.00>
ST_1 : Operation 32 [1/1] (0.00ns)   --->   "%data_72_V_read_3 = call i8 @_ssdm_op_Read.ap_auto.i8(i8 %data_72_V_read)" [firmware/nnet_utils/nnet_pooling.h:148]   --->   Operation 32 'read' 'data_72_V_read_3' <Predicate = true> <Delay = 0.00>
ST_1 : Operation 33 [1/1] (0.00ns)   --->   "%data_71_V_read_1 = call i8 @_ssdm_op_Read.ap_auto.i8(i8 %data_71_V_read)" [firmware/nnet_utils/nnet_pooling.h:148]   --->   Operation 33 'read' 'data_71_V_read_1' <Predicate = true> <Delay = 0.00>
ST_1 : Operation 34 [1/1] (0.00ns)   --->   "%data_70_V_read_1 = call i8 @_ssdm_op_Read.ap_auto.i8(i8 %data_70_V_read)" [firmware/nnet_utils/nnet_pooling.h:148]   --->   Operation 34 'read' 'data_70_V_read_1' <Predicate = true> <Delay = 0.00>
ST_1 : Operation 35 [1/1] (0.00ns)   --->   "%data_69_V_read_1 = call i8 @_ssdm_op_Read.ap_auto.i8(i8 %data_69_V_read)" [firmware/nnet_utils/nnet_pooling.h:148]   --->   Operation 35 'read' 'data_69_V_read_1' <Predicate = true> <Delay = 0.00>
ST_1 : Operation 36 [1/1] (0.00ns)   --->   "%data_68_V_read_1 = call i8 @_ssdm_op_Read.ap_auto.i8(i8 %data_68_V_read)" [firmware/nnet_utils/nnet_pooling.h:148]   --->   Operation 36 'read' 'data_68_V_read_1' <Predicate = true> <Delay = 0.00>
ST_1 : Operation 37 [1/1] (0.00ns)   --->   "%data_67_V_read_2 = call i8 @_ssdm_op_Read.ap_auto.i8(i8 %data_67_V_read)" [firmware/nnet_utils/nnet_pooling.h:148]   --->   Operation 37 'read' 'data_67_V_read_2' <Predicate = true> <Delay = 0.00>
ST_1 : Operation 38 [1/1] (0.00ns)   --->   "%data_66_V_read_2 = call i8 @_ssdm_op_Read.ap_auto.i8(i8 %data_66_V_read)" [firmware/nnet_utils/nnet_pooling.h:148]   --->   Operation 38 'read' 'data_66_V_read_2' <Predicate = true> <Delay = 0.00>
ST_1 : Operation 39 [1/1] (0.00ns)   --->   "%data_65_V_read_1 = call i8 @_ssdm_op_Read.ap_auto.i8(i8 %data_65_V_read)" [firmware/nnet_utils/nnet_pooling.h:148]   --->   Operation 39 'read' 'data_65_V_read_1' <Predicate = true> <Delay = 0.00>
ST_1 : Operation 40 [1/1] (0.00ns)   --->   "%data_64_V_read_2 = call i8 @_ssdm_op_Read.ap_auto.i8(i8 %data_64_V_read)" [firmware/nnet_utils/nnet_pooling.h:148]   --->   Operation 40 'read' 'data_64_V_read_2' <Predicate = true> <Delay = 0.00>
ST_1 : Operation 41 [1/1] (0.00ns)   --->   "%data_63_V_read_2 = call i8 @_ssdm_op_Read.ap_auto.i8(i8 %data_63_V_read)" [firmware/nnet_utils/nnet_pooling.h:148]   --->   Operation 41 'read' 'data_63_V_read_2' <Predicate = true> <Delay = 0.00>
ST_1 : Operation 42 [1/1] (0.00ns)   --->   "%data_62_V_read_3 = call i8 @_ssdm_op_Read.ap_auto.i8(i8 %data_62_V_read)" [firmware/nnet_utils/nnet_pooling.h:148]   --->   Operation 42 'read' 'data_62_V_read_3' <Predicate = true> <Delay = 0.00>
ST_1 : Operation 43 [1/1] (0.00ns)   --->   "%data_61_V_read_1 = call i8 @_ssdm_op_Read.ap_auto.i8(i8 %data_61_V_read)" [firmware/nnet_utils/nnet_pooling.h:148]   --->   Operation 43 'read' 'data_61_V_read_1' <Predicate = true> <Delay = 0.00>
ST_1 : Operation 44 [1/1] (0.00ns)   --->   "%data_60_V_read_1 = call i8 @_ssdm_op_Read.ap_auto.i8(i8 %data_60_V_read)" [firmware/nnet_utils/nnet_pooling.h:148]   --->   Operation 44 'read' 'data_60_V_read_1' <Predicate = true> <Delay = 0.00>
ST_1 : Operation 45 [1/1] (0.00ns)   --->   "%data_59_V_read_1 = call i8 @_ssdm_op_Read.ap_auto.i8(i8 %data_59_V_read)" [firmware/nnet_utils/nnet_pooling.h:148]   --->   Operation 45 'read' 'data_59_V_read_1' <Predicate = true> <Delay = 0.00>
ST_1 : Operation 46 [1/1] (0.00ns)   --->   "%data_58_V_read_1 = call i8 @_ssdm_op_Read.ap_auto.i8(i8 %data_58_V_read)" [firmware/nnet_utils/nnet_pooling.h:148]   --->   Operation 46 'read' 'data_58_V_read_1' <Predicate = true> <Delay = 0.00>
ST_1 : Operation 47 [1/1] (0.00ns)   --->   "%data_57_V_read_2 = call i8 @_ssdm_op_Read.ap_auto.i8(i8 %data_57_V_read)" [firmware/nnet_utils/nnet_pooling.h:148]   --->   Operation 47 'read' 'data_57_V_read_2' <Predicate = true> <Delay = 0.00>
ST_1 : Operation 48 [1/1] (0.00ns)   --->   "%data_56_V_read_2 = call i8 @_ssdm_op_Read.ap_auto.i8(i8 %data_56_V_read)" [firmware/nnet_utils/nnet_pooling.h:148]   --->   Operation 48 'read' 'data_56_V_read_2' <Predicate = true> <Delay = 0.00>
ST_1 : Operation 49 [1/1] (0.00ns)   --->   "%data_55_V_read_1 = call i8 @_ssdm_op_Read.ap_auto.i8(i8 %data_55_V_read)" [firmware/nnet_utils/nnet_pooling.h:148]   --->   Operation 49 'read' 'data_55_V_read_1' <Predicate = true> <Delay = 0.00>
ST_1 : Operation 50 [1/1] (0.00ns)   --->   "%data_54_V_read_2 = call i8 @_ssdm_op_Read.ap_auto.i8(i8 %data_54_V_read)" [firmware/nnet_utils/nnet_pooling.h:148]   --->   Operation 50 'read' 'data_54_V_read_2' <Predicate = true> <Delay = 0.00>
ST_1 : Operation 51 [1/1] (0.00ns)   --->   "%data_53_V_read_2 = call i8 @_ssdm_op_Read.ap_auto.i8(i8 %data_53_V_read)" [firmware/nnet_utils/nnet_pooling.h:148]   --->   Operation 51 'read' 'data_53_V_read_2' <Predicate = true> <Delay = 0.00>
ST_1 : Operation 52 [1/1] (0.00ns)   --->   "%data_52_V_read_3 = call i8 @_ssdm_op_Read.ap_auto.i8(i8 %data_52_V_read)" [firmware/nnet_utils/nnet_pooling.h:148]   --->   Operation 52 'read' 'data_52_V_read_3' <Predicate = true> <Delay = 0.00>
ST_1 : Operation 53 [1/1] (0.00ns)   --->   "%data_51_V_read_1 = call i8 @_ssdm_op_Read.ap_auto.i8(i8 %data_51_V_read)" [firmware/nnet_utils/nnet_pooling.h:148]   --->   Operation 53 'read' 'data_51_V_read_1' <Predicate = true> <Delay = 0.00>
ST_1 : Operation 54 [1/1] (0.00ns)   --->   "%data_50_V_read_1 = call i8 @_ssdm_op_Read.ap_auto.i8(i8 %data_50_V_read)" [firmware/nnet_utils/nnet_pooling.h:148]   --->   Operation 54 'read' 'data_50_V_read_1' <Predicate = true> <Delay = 0.00>
ST_1 : Operation 55 [1/1] (0.00ns)   --->   "%data_49_V_read_1 = call i8 @_ssdm_op_Read.ap_auto.i8(i8 %data_49_V_read)" [firmware/nnet_utils/nnet_pooling.h:148]   --->   Operation 55 'read' 'data_49_V_read_1' <Predicate = true> <Delay = 0.00>
ST_1 : Operation 56 [1/1] (0.00ns)   --->   "%data_48_V_read_1 = call i8 @_ssdm_op_Read.ap_auto.i8(i8 %data_48_V_read)" [firmware/nnet_utils/nnet_pooling.h:148]   --->   Operation 56 'read' 'data_48_V_read_1' <Predicate = true> <Delay = 0.00>
ST_1 : Operation 57 [1/1] (0.00ns)   --->   "%data_47_V_read_2 = call i8 @_ssdm_op_Read.ap_auto.i8(i8 %data_47_V_read)" [firmware/nnet_utils/nnet_pooling.h:148]   --->   Operation 57 'read' 'data_47_V_read_2' <Predicate = true> <Delay = 0.00>
ST_1 : Operation 58 [1/1] (0.00ns)   --->   "%data_46_V_read_2 = call i8 @_ssdm_op_Read.ap_auto.i8(i8 %data_46_V_read)" [firmware/nnet_utils/nnet_pooling.h:148]   --->   Operation 58 'read' 'data_46_V_read_2' <Predicate = true> <Delay = 0.00>
ST_1 : Operation 59 [1/1] (0.00ns)   --->   "%data_45_V_read_1 = call i8 @_ssdm_op_Read.ap_auto.i8(i8 %data_45_V_read)" [firmware/nnet_utils/nnet_pooling.h:148]   --->   Operation 59 'read' 'data_45_V_read_1' <Predicate = true> <Delay = 0.00>
ST_1 : Operation 60 [1/1] (0.00ns)   --->   "%data_44_V_read_2 = call i8 @_ssdm_op_Read.ap_auto.i8(i8 %data_44_V_read)" [firmware/nnet_utils/nnet_pooling.h:148]   --->   Operation 60 'read' 'data_44_V_read_2' <Predicate = true> <Delay = 0.00>
ST_1 : Operation 61 [1/1] (0.00ns)   --->   "%data_43_V_read_2 = call i8 @_ssdm_op_Read.ap_auto.i8(i8 %data_43_V_read)" [firmware/nnet_utils/nnet_pooling.h:148]   --->   Operation 61 'read' 'data_43_V_read_2' <Predicate = true> <Delay = 0.00>
ST_1 : Operation 62 [1/1] (0.00ns)   --->   "%data_42_V_read_2 = call i8 @_ssdm_op_Read.ap_auto.i8(i8 %data_42_V_read)" [firmware/nnet_utils/nnet_pooling.h:148]   --->   Operation 62 'read' 'data_42_V_read_2' <Predicate = true> <Delay = 0.00>
ST_1 : Operation 63 [1/1] (0.00ns)   --->   "%data_41_V_read_1 = call i8 @_ssdm_op_Read.ap_auto.i8(i8 %data_41_V_read)" [firmware/nnet_utils/nnet_pooling.h:148]   --->   Operation 63 'read' 'data_41_V_read_1' <Predicate = true> <Delay = 0.00>
ST_1 : Operation 64 [1/1] (0.00ns)   --->   "%data_40_V_read_1 = call i8 @_ssdm_op_Read.ap_auto.i8(i8 %data_40_V_read)" [firmware/nnet_utils/nnet_pooling.h:148]   --->   Operation 64 'read' 'data_40_V_read_1' <Predicate = true> <Delay = 0.00>
ST_1 : Operation 65 [1/1] (0.00ns)   --->   "%data_39_V_read_1 = call i8 @_ssdm_op_Read.ap_auto.i8(i8 %data_39_V_read)" [firmware/nnet_utils/nnet_pooling.h:148]   --->   Operation 65 'read' 'data_39_V_read_1' <Predicate = true> <Delay = 0.00>
ST_1 : Operation 66 [1/1] (0.00ns)   --->   "%data_38_V_read_1 = call i8 @_ssdm_op_Read.ap_auto.i8(i8 %data_38_V_read)" [firmware/nnet_utils/nnet_pooling.h:148]   --->   Operation 66 'read' 'data_38_V_read_1' <Predicate = true> <Delay = 0.00>
ST_1 : Operation 67 [1/1] (0.00ns)   --->   "%data_37_V_read_2 = call i8 @_ssdm_op_Read.ap_auto.i8(i8 %data_37_V_read)" [firmware/nnet_utils/nnet_pooling.h:148]   --->   Operation 67 'read' 'data_37_V_read_2' <Predicate = true> <Delay = 0.00>
ST_1 : Operation 68 [1/1] (0.00ns)   --->   "%data_36_V_read_2 = call i8 @_ssdm_op_Read.ap_auto.i8(i8 %data_36_V_read)" [firmware/nnet_utils/nnet_pooling.h:148]   --->   Operation 68 'read' 'data_36_V_read_2' <Predicate = true> <Delay = 0.00>
ST_1 : Operation 69 [1/1] (0.00ns)   --->   "%data_35_V_read_1 = call i8 @_ssdm_op_Read.ap_auto.i8(i8 %data_35_V_read)" [firmware/nnet_utils/nnet_pooling.h:148]   --->   Operation 69 'read' 'data_35_V_read_1' <Predicate = true> <Delay = 0.00>
ST_1 : Operation 70 [1/1] (0.00ns)   --->   "%data_34_V_read_2 = call i8 @_ssdm_op_Read.ap_auto.i8(i8 %data_34_V_read)" [firmware/nnet_utils/nnet_pooling.h:148]   --->   Operation 70 'read' 'data_34_V_read_2' <Predicate = true> <Delay = 0.00>
ST_1 : Operation 71 [1/1] (0.00ns)   --->   "%data_33_V_read_2 = call i8 @_ssdm_op_Read.ap_auto.i8(i8 %data_33_V_read)" [firmware/nnet_utils/nnet_pooling.h:148]   --->   Operation 71 'read' 'data_33_V_read_2' <Predicate = true> <Delay = 0.00>
ST_1 : Operation 72 [1/1] (0.00ns)   --->   "%data_32_V_read_3 = call i8 @_ssdm_op_Read.ap_auto.i8(i8 %data_32_V_read)" [firmware/nnet_utils/nnet_pooling.h:148]   --->   Operation 72 'read' 'data_32_V_read_3' <Predicate = true> <Delay = 0.00>
ST_1 : Operation 73 [1/1] (0.00ns)   --->   "%data_31_V_read_1 = call i8 @_ssdm_op_Read.ap_auto.i8(i8 %data_31_V_read)" [firmware/nnet_utils/nnet_pooling.h:148]   --->   Operation 73 'read' 'data_31_V_read_1' <Predicate = true> <Delay = 0.00>
ST_1 : Operation 74 [1/1] (0.00ns)   --->   "%data_30_V_read_1 = call i8 @_ssdm_op_Read.ap_auto.i8(i8 %data_30_V_read)" [firmware/nnet_utils/nnet_pooling.h:148]   --->   Operation 74 'read' 'data_30_V_read_1' <Predicate = true> <Delay = 0.00>
ST_1 : Operation 75 [1/1] (0.00ns)   --->   "%data_29_V_read_1 = call i8 @_ssdm_op_Read.ap_auto.i8(i8 %data_29_V_read)" [firmware/nnet_utils/nnet_pooling.h:148]   --->   Operation 75 'read' 'data_29_V_read_1' <Predicate = true> <Delay = 0.00>
ST_1 : Operation 76 [1/1] (0.00ns)   --->   "%data_28_V_read_1 = call i8 @_ssdm_op_Read.ap_auto.i8(i8 %data_28_V_read)" [firmware/nnet_utils/nnet_pooling.h:148]   --->   Operation 76 'read' 'data_28_V_read_1' <Predicate = true> <Delay = 0.00>
ST_1 : Operation 77 [1/1] (0.00ns)   --->   "%data_27_V_read_2 = call i8 @_ssdm_op_Read.ap_auto.i8(i8 %data_27_V_read)" [firmware/nnet_utils/nnet_pooling.h:148]   --->   Operation 77 'read' 'data_27_V_read_2' <Predicate = true> <Delay = 0.00>
ST_1 : Operation 78 [1/1] (0.00ns)   --->   "%data_26_V_read_2 = call i8 @_ssdm_op_Read.ap_auto.i8(i8 %data_26_V_read)" [firmware/nnet_utils/nnet_pooling.h:148]   --->   Operation 78 'read' 'data_26_V_read_2' <Predicate = true> <Delay = 0.00>
ST_1 : Operation 79 [1/1] (0.00ns)   --->   "%data_25_V_read_1 = call i8 @_ssdm_op_Read.ap_auto.i8(i8 %data_25_V_read)" [firmware/nnet_utils/nnet_pooling.h:148]   --->   Operation 79 'read' 'data_25_V_read_1' <Predicate = true> <Delay = 0.00>
ST_1 : Operation 80 [1/1] (0.00ns)   --->   "%data_24_V_read_2 = call i8 @_ssdm_op_Read.ap_auto.i8(i8 %data_24_V_read)" [firmware/nnet_utils/nnet_pooling.h:148]   --->   Operation 80 'read' 'data_24_V_read_2' <Predicate = true> <Delay = 0.00>
ST_1 : Operation 81 [1/1] (0.00ns)   --->   "%data_23_V_read_2 = call i8 @_ssdm_op_Read.ap_auto.i8(i8 %data_23_V_read)" [firmware/nnet_utils/nnet_pooling.h:148]   --->   Operation 81 'read' 'data_23_V_read_2' <Predicate = true> <Delay = 0.00>
ST_1 : Operation 82 [1/1] (0.00ns)   --->   "%data_22_V_read_3 = call i8 @_ssdm_op_Read.ap_auto.i8(i8 %data_22_V_read)" [firmware/nnet_utils/nnet_pooling.h:148]   --->   Operation 82 'read' 'data_22_V_read_3' <Predicate = true> <Delay = 0.00>
ST_1 : Operation 83 [1/1] (0.00ns)   --->   "%data_21_V_read_1 = call i8 @_ssdm_op_Read.ap_auto.i8(i8 %data_21_V_read)" [firmware/nnet_utils/nnet_pooling.h:148]   --->   Operation 83 'read' 'data_21_V_read_1' <Predicate = true> <Delay = 0.00>
ST_1 : Operation 84 [1/1] (0.00ns)   --->   "%data_20_V_read_1 = call i8 @_ssdm_op_Read.ap_auto.i8(i8 %data_20_V_read)" [firmware/nnet_utils/nnet_pooling.h:148]   --->   Operation 84 'read' 'data_20_V_read_1' <Predicate = true> <Delay = 0.00>
ST_1 : Operation 85 [1/1] (0.00ns)   --->   "%data_19_V_read_1 = call i8 @_ssdm_op_Read.ap_auto.i8(i8 %data_19_V_read)" [firmware/nnet_utils/nnet_pooling.h:148]   --->   Operation 85 'read' 'data_19_V_read_1' <Predicate = true> <Delay = 0.00>
ST_1 : Operation 86 [1/1] (0.00ns)   --->   "%data_18_V_read_1 = call i8 @_ssdm_op_Read.ap_auto.i8(i8 %data_18_V_read)" [firmware/nnet_utils/nnet_pooling.h:148]   --->   Operation 86 'read' 'data_18_V_read_1' <Predicate = true> <Delay = 0.00>
ST_1 : Operation 87 [1/1] (0.00ns)   --->   "%data_17_V_read_2 = call i8 @_ssdm_op_Read.ap_auto.i8(i8 %data_17_V_read)" [firmware/nnet_utils/nnet_pooling.h:148]   --->   Operation 87 'read' 'data_17_V_read_2' <Predicate = true> <Delay = 0.00>
ST_1 : Operation 88 [1/1] (0.00ns)   --->   "%data_16_V_read_2 = call i8 @_ssdm_op_Read.ap_auto.i8(i8 %data_16_V_read)" [firmware/nnet_utils/nnet_pooling.h:148]   --->   Operation 88 'read' 'data_16_V_read_2' <Predicate = true> <Delay = 0.00>
ST_1 : Operation 89 [1/1] (0.00ns)   --->   "%data_15_V_read_1 = call i8 @_ssdm_op_Read.ap_auto.i8(i8 %data_15_V_read)" [firmware/nnet_utils/nnet_pooling.h:148]   --->   Operation 89 'read' 'data_15_V_read_1' <Predicate = true> <Delay = 0.00>
ST_1 : Operation 90 [1/1] (0.00ns)   --->   "%data_14_V_read_2 = call i8 @_ssdm_op_Read.ap_auto.i8(i8 %data_14_V_read)" [firmware/nnet_utils/nnet_pooling.h:148]   --->   Operation 90 'read' 'data_14_V_read_2' <Predicate = true> <Delay = 0.00>
ST_1 : Operation 91 [1/1] (0.00ns)   --->   "%data_13_V_read_2 = call i8 @_ssdm_op_Read.ap_auto.i8(i8 %data_13_V_read)" [firmware/nnet_utils/nnet_pooling.h:148]   --->   Operation 91 'read' 'data_13_V_read_2' <Predicate = true> <Delay = 0.00>
ST_1 : Operation 92 [1/1] (0.00ns)   --->   "%data_12_V_read_3 = call i8 @_ssdm_op_Read.ap_auto.i8(i8 %data_12_V_read)" [firmware/nnet_utils/nnet_pooling.h:148]   --->   Operation 92 'read' 'data_12_V_read_3' <Predicate = true> <Delay = 0.00>
ST_1 : Operation 93 [1/1] (0.00ns)   --->   "%data_11_V_read_1 = call i8 @_ssdm_op_Read.ap_auto.i8(i8 %data_11_V_read)" [firmware/nnet_utils/nnet_pooling.h:148]   --->   Operation 93 'read' 'data_11_V_read_1' <Predicate = true> <Delay = 0.00>
ST_1 : Operation 94 [1/1] (0.00ns)   --->   "%data_10_V_read_1 = call i8 @_ssdm_op_Read.ap_auto.i8(i8 %data_10_V_read)" [firmware/nnet_utils/nnet_pooling.h:148]   --->   Operation 94 'read' 'data_10_V_read_1' <Predicate = true> <Delay = 0.00>
ST_1 : Operation 95 [1/1] (0.00ns)   --->   "%data_9_V_read_1 = call i8 @_ssdm_op_Read.ap_auto.i8(i8 %data_9_V_read)" [firmware/nnet_utils/nnet_pooling.h:148]   --->   Operation 95 'read' 'data_9_V_read_1' <Predicate = true> <Delay = 0.00>
ST_1 : Operation 96 [1/1] (0.00ns)   --->   "%data_8_V_read_2 = call i8 @_ssdm_op_Read.ap_auto.i8(i8 %data_8_V_read)" [firmware/nnet_utils/nnet_pooling.h:148]   --->   Operation 96 'read' 'data_8_V_read_2' <Predicate = true> <Delay = 0.00>
ST_1 : Operation 97 [1/1] (0.00ns)   --->   "%data_7_V_read_2 = call i8 @_ssdm_op_Read.ap_auto.i8(i8 %data_7_V_read)" [firmware/nnet_utils/nnet_pooling.h:148]   --->   Operation 97 'read' 'data_7_V_read_2' <Predicate = true> <Delay = 0.00>
ST_1 : Operation 98 [1/1] (0.00ns)   --->   "%data_6_V_read_2 = call i8 @_ssdm_op_Read.ap_auto.i8(i8 %data_6_V_read)" [firmware/nnet_utils/nnet_pooling.h:148]   --->   Operation 98 'read' 'data_6_V_read_2' <Predicate = true> <Delay = 0.00>
ST_1 : Operation 99 [1/1] (0.00ns)   --->   "%data_5_V_read_1 = call i8 @_ssdm_op_Read.ap_auto.i8(i8 %data_5_V_read)" [firmware/nnet_utils/nnet_pooling.h:148]   --->   Operation 99 'read' 'data_5_V_read_1' <Predicate = true> <Delay = 0.00>
ST_1 : Operation 100 [1/1] (0.00ns)   --->   "%data_4_V_read_2 = call i8 @_ssdm_op_Read.ap_auto.i8(i8 %data_4_V_read)" [firmware/nnet_utils/nnet_pooling.h:148]   --->   Operation 100 'read' 'data_4_V_read_2' <Predicate = true> <Delay = 0.00>
ST_1 : Operation 101 [1/1] (0.00ns)   --->   "%data_3_V_read_2 = call i8 @_ssdm_op_Read.ap_auto.i8(i8 %data_3_V_read)" [firmware/nnet_utils/nnet_pooling.h:148]   --->   Operation 101 'read' 'data_3_V_read_2' <Predicate = true> <Delay = 0.00>
ST_1 : Operation 102 [1/1] (0.00ns)   --->   "%data_2_V_read_3 = call i8 @_ssdm_op_Read.ap_auto.i8(i8 %data_2_V_read)" [firmware/nnet_utils/nnet_pooling.h:148]   --->   Operation 102 'read' 'data_2_V_read_3' <Predicate = true> <Delay = 0.00>
ST_1 : Operation 103 [1/1] (0.00ns)   --->   "%data_1_V_read_2 = call i8 @_ssdm_op_Read.ap_auto.i8(i8 %data_1_V_read)" [firmware/nnet_utils/nnet_pooling.h:148]   --->   Operation 103 'read' 'data_1_V_read_2' <Predicate = true> <Delay = 0.00>
ST_1 : Operation 104 [1/1] (0.00ns)   --->   "%data_0_V_read_1 = call i8 @_ssdm_op_Read.ap_auto.i8(i8 %data_0_V_read)" [firmware/nnet_utils/nnet_pooling.h:148]   --->   Operation 104 'read' 'data_0_V_read_1' <Predicate = true> <Delay = 0.00>
ST_1 : Operation 105 [4/4] (3.92ns)   --->   "%p_0_s = call fastcc i5 @"pool_op<ap_ufixed<8, 0, 4, 0, 0>, 10, 1>"(i8 %data_0_V_read_1, i8 %data_10_V_read_1, i8 %data_20_V_read_1, i8 %data_30_V_read_1, i8 %data_40_V_read_1, i8 %data_50_V_read_1, i8 %data_60_V_read_1, i8 %data_70_V_read_1, i8 %data_80_V_read_1, i8 %data_90_V_read_1)" [firmware/nnet_utils/nnet_pooling.h:165]   --->   Operation 105 'call' 'p_0_s' <Predicate = true> <Delay = 3.92> <CoreType = "Generic">   --->   Core 0 '' <Latency = 0> <II = 1> <Delay = 1.00> <Generic> <Opcode : >
ST_1 : Operation 106 [4/4] (3.92ns)   --->   "%p_0_1 = call fastcc i5 @"pool_op<ap_ufixed<8, 0, 4, 0, 0>, 10, 1>"(i8 %data_1_V_read_2, i8 %data_11_V_read_1, i8 %data_21_V_read_1, i8 %data_31_V_read_1, i8 %data_41_V_read_1, i8 %data_51_V_read_1, i8 %data_61_V_read_1, i8 %data_71_V_read_1, i8 %data_81_V_read_1, i8 %data_91_V_read_1)" [firmware/nnet_utils/nnet_pooling.h:165]   --->   Operation 106 'call' 'p_0_1' <Predicate = true> <Delay = 3.92> <CoreType = "Generic">   --->   Core 0 '' <Latency = 0> <II = 1> <Delay = 1.00> <Generic> <Opcode : >
ST_1 : Operation 107 [4/4] (3.92ns)   --->   "%p_0_2 = call fastcc i5 @"pool_op<ap_ufixed<8, 0, 4, 0, 0>, 10, 1>"(i8 %data_2_V_read_3, i8 %data_12_V_read_3, i8 %data_22_V_read_3, i8 %data_32_V_read_3, i8 %data_42_V_read_2, i8 %data_52_V_read_3, i8 %data_62_V_read_3, i8 %data_72_V_read_3, i8 %data_82_V_read_3, i8 %data_92_V_read_3)" [firmware/nnet_utils/nnet_pooling.h:165]   --->   Operation 107 'call' 'p_0_2' <Predicate = true> <Delay = 3.92> <CoreType = "Generic">   --->   Core 0 '' <Latency = 0> <II = 1> <Delay = 1.00> <Generic> <Opcode : >
ST_1 : Operation 108 [4/4] (3.92ns)   --->   "%p_0_3 = call fastcc i5 @"pool_op<ap_ufixed<8, 0, 4, 0, 0>, 10, 1>"(i8 %data_3_V_read_2, i8 %data_13_V_read_2, i8 %data_23_V_read_2, i8 %data_33_V_read_2, i8 %data_43_V_read_2, i8 %data_53_V_read_2, i8 %data_63_V_read_2, i8 %data_73_V_read_2, i8 %data_83_V_read_2, i8 %data_93_V_read_2)" [firmware/nnet_utils/nnet_pooling.h:165]   --->   Operation 108 'call' 'p_0_3' <Predicate = true> <Delay = 3.92> <CoreType = "Generic">   --->   Core 0 '' <Latency = 0> <II = 1> <Delay = 1.00> <Generic> <Opcode : >
ST_1 : Operation 109 [4/4] (3.92ns)   --->   "%p_0_4 = call fastcc i5 @"pool_op<ap_ufixed<8, 0, 4, 0, 0>, 10, 1>"(i8 %data_4_V_read_2, i8 %data_14_V_read_2, i8 %data_24_V_read_2, i8 %data_34_V_read_2, i8 %data_44_V_read_2, i8 %data_54_V_read_2, i8 %data_64_V_read_2, i8 %data_74_V_read_2, i8 %data_84_V_read_2, i8 %data_94_V_read_2)" [firmware/nnet_utils/nnet_pooling.h:165]   --->   Operation 109 'call' 'p_0_4' <Predicate = true> <Delay = 3.92> <CoreType = "Generic">   --->   Core 0 '' <Latency = 0> <II = 1> <Delay = 1.00> <Generic> <Opcode : >
ST_1 : Operation 110 [4/4] (3.92ns)   --->   "%p_0_5 = call fastcc i5 @"pool_op<ap_ufixed<8, 0, 4, 0, 0>, 10, 1>"(i8 %data_5_V_read_1, i8 %data_15_V_read_1, i8 %data_25_V_read_1, i8 %data_35_V_read_1, i8 %data_45_V_read_1, i8 %data_55_V_read_1, i8 %data_65_V_read_1, i8 %data_75_V_read_1, i8 %data_85_V_read_1, i8 %data_95_V_read_1)" [firmware/nnet_utils/nnet_pooling.h:165]   --->   Operation 110 'call' 'p_0_5' <Predicate = true> <Delay = 3.92> <CoreType = "Generic">   --->   Core 0 '' <Latency = 0> <II = 1> <Delay = 1.00> <Generic> <Opcode : >
ST_1 : Operation 111 [4/4] (3.92ns)   --->   "%p_0_6 = call fastcc i5 @"pool_op<ap_ufixed<8, 0, 4, 0, 0>, 10, 1>"(i8 %data_6_V_read_2, i8 %data_16_V_read_2, i8 %data_26_V_read_2, i8 %data_36_V_read_2, i8 %data_46_V_read_2, i8 %data_56_V_read_2, i8 %data_66_V_read_2, i8 %data_76_V_read_2, i8 %data_86_V_read_2, i8 %data_96_V_read_2)" [firmware/nnet_utils/nnet_pooling.h:165]   --->   Operation 111 'call' 'p_0_6' <Predicate = true> <Delay = 3.92> <CoreType = "Generic">   --->   Core 0 '' <Latency = 0> <II = 1> <Delay = 1.00> <Generic> <Opcode : >
ST_1 : Operation 112 [4/4] (3.92ns)   --->   "%p_0_7 = call fastcc i5 @"pool_op<ap_ufixed<8, 0, 4, 0, 0>, 10, 1>"(i8 %data_7_V_read_2, i8 %data_17_V_read_2, i8 %data_27_V_read_2, i8 %data_37_V_read_2, i8 %data_47_V_read_2, i8 %data_57_V_read_2, i8 %data_67_V_read_2, i8 %data_77_V_read_2, i8 %data_87_V_read_2, i8 %data_97_V_read_2)" [firmware/nnet_utils/nnet_pooling.h:165]   --->   Operation 112 'call' 'p_0_7' <Predicate = true> <Delay = 3.92> <CoreType = "Generic">   --->   Core 0 '' <Latency = 0> <II = 1> <Delay = 1.00> <Generic> <Opcode : >
ST_1 : Operation 113 [4/4] (3.92ns)   --->   "%p_0_8 = call fastcc i5 @"pool_op<ap_ufixed<8, 0, 4, 0, 0>, 10, 1>"(i8 %data_8_V_read_2, i8 %data_18_V_read_1, i8 %data_28_V_read_1, i8 %data_38_V_read_1, i8 %data_48_V_read_1, i8 %data_58_V_read_1, i8 %data_68_V_read_1, i8 %data_78_V_read_1, i8 %data_88_V_read_1, i8 %data_98_V_read_1)" [firmware/nnet_utils/nnet_pooling.h:165]   --->   Operation 113 'call' 'p_0_8' <Predicate = true> <Delay = 3.92> <CoreType = "Generic">   --->   Core 0 '' <Latency = 0> <II = 1> <Delay = 1.00> <Generic> <Opcode : >
ST_1 : Operation 114 [4/4] (3.92ns)   --->   "%p_0_9 = call fastcc i5 @"pool_op<ap_ufixed<8, 0, 4, 0, 0>, 10, 1>"(i8 %data_9_V_read_1, i8 %data_19_V_read_1, i8 %data_29_V_read_1, i8 %data_39_V_read_1, i8 %data_49_V_read_1, i8 %data_59_V_read_1, i8 %data_69_V_read_1, i8 %data_79_V_read_1, i8 %data_89_V_read_1, i8 %data_99_V_read_1)" [firmware/nnet_utils/nnet_pooling.h:165]   --->   Operation 114 'call' 'p_0_9' <Predicate = true> <Delay = 3.92> <CoreType = "Generic">   --->   Core 0 '' <Latency = 0> <II = 1> <Delay = 1.00> <Generic> <Opcode : >

State 2 <SV = 1> <Delay = 3.92>
ST_2 : Operation 115 [3/4] (3.92ns)   --->   "%p_0_s = call fastcc i5 @"pool_op<ap_ufixed<8, 0, 4, 0, 0>, 10, 1>"(i8 %data_0_V_read_1, i8 %data_10_V_read_1, i8 %data_20_V_read_1, i8 %data_30_V_read_1, i8 %data_40_V_read_1, i8 %data_50_V_read_1, i8 %data_60_V_read_1, i8 %data_70_V_read_1, i8 %data_80_V_read_1, i8 %data_90_V_read_1)" [firmware/nnet_utils/nnet_pooling.h:165]   --->   Operation 115 'call' 'p_0_s' <Predicate = true> <Delay = 3.92> <CoreType = "Generic">   --->   Core 0 '' <Latency = 0> <II = 1> <Delay = 1.00> <Generic> <Opcode : >
ST_2 : Operation 116 [3/4] (3.92ns)   --->   "%p_0_1 = call fastcc i5 @"pool_op<ap_ufixed<8, 0, 4, 0, 0>, 10, 1>"(i8 %data_1_V_read_2, i8 %data_11_V_read_1, i8 %data_21_V_read_1, i8 %data_31_V_read_1, i8 %data_41_V_read_1, i8 %data_51_V_read_1, i8 %data_61_V_read_1, i8 %data_71_V_read_1, i8 %data_81_V_read_1, i8 %data_91_V_read_1)" [firmware/nnet_utils/nnet_pooling.h:165]   --->   Operation 116 'call' 'p_0_1' <Predicate = true> <Delay = 3.92> <CoreType = "Generic">   --->   Core 0 '' <Latency = 0> <II = 1> <Delay = 1.00> <Generic> <Opcode : >
ST_2 : Operation 117 [3/4] (3.92ns)   --->   "%p_0_2 = call fastcc i5 @"pool_op<ap_ufixed<8, 0, 4, 0, 0>, 10, 1>"(i8 %data_2_V_read_3, i8 %data_12_V_read_3, i8 %data_22_V_read_3, i8 %data_32_V_read_3, i8 %data_42_V_read_2, i8 %data_52_V_read_3, i8 %data_62_V_read_3, i8 %data_72_V_read_3, i8 %data_82_V_read_3, i8 %data_92_V_read_3)" [firmware/nnet_utils/nnet_pooling.h:165]   --->   Operation 117 'call' 'p_0_2' <Predicate = true> <Delay = 3.92> <CoreType = "Generic">   --->   Core 0 '' <Latency = 0> <II = 1> <Delay = 1.00> <Generic> <Opcode : >
ST_2 : Operation 118 [3/4] (3.92ns)   --->   "%p_0_3 = call fastcc i5 @"pool_op<ap_ufixed<8, 0, 4, 0, 0>, 10, 1>"(i8 %data_3_V_read_2, i8 %data_13_V_read_2, i8 %data_23_V_read_2, i8 %data_33_V_read_2, i8 %data_43_V_read_2, i8 %data_53_V_read_2, i8 %data_63_V_read_2, i8 %data_73_V_read_2, i8 %data_83_V_read_2, i8 %data_93_V_read_2)" [firmware/nnet_utils/nnet_pooling.h:165]   --->   Operation 118 'call' 'p_0_3' <Predicate = true> <Delay = 3.92> <CoreType = "Generic">   --->   Core 0 '' <Latency = 0> <II = 1> <Delay = 1.00> <Generic> <Opcode : >
ST_2 : Operation 119 [3/4] (3.92ns)   --->   "%p_0_4 = call fastcc i5 @"pool_op<ap_ufixed<8, 0, 4, 0, 0>, 10, 1>"(i8 %data_4_V_read_2, i8 %data_14_V_read_2, i8 %data_24_V_read_2, i8 %data_34_V_read_2, i8 %data_44_V_read_2, i8 %data_54_V_read_2, i8 %data_64_V_read_2, i8 %data_74_V_read_2, i8 %data_84_V_read_2, i8 %data_94_V_read_2)" [firmware/nnet_utils/nnet_pooling.h:165]   --->   Operation 119 'call' 'p_0_4' <Predicate = true> <Delay = 3.92> <CoreType = "Generic">   --->   Core 0 '' <Latency = 0> <II = 1> <Delay = 1.00> <Generic> <Opcode : >
ST_2 : Operation 120 [3/4] (3.92ns)   --->   "%p_0_5 = call fastcc i5 @"pool_op<ap_ufixed<8, 0, 4, 0, 0>, 10, 1>"(i8 %data_5_V_read_1, i8 %data_15_V_read_1, i8 %data_25_V_read_1, i8 %data_35_V_read_1, i8 %data_45_V_read_1, i8 %data_55_V_read_1, i8 %data_65_V_read_1, i8 %data_75_V_read_1, i8 %data_85_V_read_1, i8 %data_95_V_read_1)" [firmware/nnet_utils/nnet_pooling.h:165]   --->   Operation 120 'call' 'p_0_5' <Predicate = true> <Delay = 3.92> <CoreType = "Generic">   --->   Core 0 '' <Latency = 0> <II = 1> <Delay = 1.00> <Generic> <Opcode : >
ST_2 : Operation 121 [3/4] (3.92ns)   --->   "%p_0_6 = call fastcc i5 @"pool_op<ap_ufixed<8, 0, 4, 0, 0>, 10, 1>"(i8 %data_6_V_read_2, i8 %data_16_V_read_2, i8 %data_26_V_read_2, i8 %data_36_V_read_2, i8 %data_46_V_read_2, i8 %data_56_V_read_2, i8 %data_66_V_read_2, i8 %data_76_V_read_2, i8 %data_86_V_read_2, i8 %data_96_V_read_2)" [firmware/nnet_utils/nnet_pooling.h:165]   --->   Operation 121 'call' 'p_0_6' <Predicate = true> <Delay = 3.92> <CoreType = "Generic">   --->   Core 0 '' <Latency = 0> <II = 1> <Delay = 1.00> <Generic> <Opcode : >
ST_2 : Operation 122 [3/4] (3.92ns)   --->   "%p_0_7 = call fastcc i5 @"pool_op<ap_ufixed<8, 0, 4, 0, 0>, 10, 1>"(i8 %data_7_V_read_2, i8 %data_17_V_read_2, i8 %data_27_V_read_2, i8 %data_37_V_read_2, i8 %data_47_V_read_2, i8 %data_57_V_read_2, i8 %data_67_V_read_2, i8 %data_77_V_read_2, i8 %data_87_V_read_2, i8 %data_97_V_read_2)" [firmware/nnet_utils/nnet_pooling.h:165]   --->   Operation 122 'call' 'p_0_7' <Predicate = true> <Delay = 3.92> <CoreType = "Generic">   --->   Core 0 '' <Latency = 0> <II = 1> <Delay = 1.00> <Generic> <Opcode : >
ST_2 : Operation 123 [3/4] (3.92ns)   --->   "%p_0_8 = call fastcc i5 @"pool_op<ap_ufixed<8, 0, 4, 0, 0>, 10, 1>"(i8 %data_8_V_read_2, i8 %data_18_V_read_1, i8 %data_28_V_read_1, i8 %data_38_V_read_1, i8 %data_48_V_read_1, i8 %data_58_V_read_1, i8 %data_68_V_read_1, i8 %data_78_V_read_1, i8 %data_88_V_read_1, i8 %data_98_V_read_1)" [firmware/nnet_utils/nnet_pooling.h:165]   --->   Operation 123 'call' 'p_0_8' <Predicate = true> <Delay = 3.92> <CoreType = "Generic">   --->   Core 0 '' <Latency = 0> <II = 1> <Delay = 1.00> <Generic> <Opcode : >
ST_2 : Operation 124 [3/4] (3.92ns)   --->   "%p_0_9 = call fastcc i5 @"pool_op<ap_ufixed<8, 0, 4, 0, 0>, 10, 1>"(i8 %data_9_V_read_1, i8 %data_19_V_read_1, i8 %data_29_V_read_1, i8 %data_39_V_read_1, i8 %data_49_V_read_1, i8 %data_59_V_read_1, i8 %data_69_V_read_1, i8 %data_79_V_read_1, i8 %data_89_V_read_1, i8 %data_99_V_read_1)" [firmware/nnet_utils/nnet_pooling.h:165]   --->   Operation 124 'call' 'p_0_9' <Predicate = true> <Delay = 3.92> <CoreType = "Generic">   --->   Core 0 '' <Latency = 0> <II = 1> <Delay = 1.00> <Generic> <Opcode : >

State 3 <SV = 2> <Delay = 3.92>
ST_3 : Operation 125 [2/4] (3.92ns)   --->   "%p_0_s = call fastcc i5 @"pool_op<ap_ufixed<8, 0, 4, 0, 0>, 10, 1>"(i8 %data_0_V_read_1, i8 %data_10_V_read_1, i8 %data_20_V_read_1, i8 %data_30_V_read_1, i8 %data_40_V_read_1, i8 %data_50_V_read_1, i8 %data_60_V_read_1, i8 %data_70_V_read_1, i8 %data_80_V_read_1, i8 %data_90_V_read_1)" [firmware/nnet_utils/nnet_pooling.h:165]   --->   Operation 125 'call' 'p_0_s' <Predicate = true> <Delay = 3.92> <CoreType = "Generic">   --->   Core 0 '' <Latency = 0> <II = 1> <Delay = 1.00> <Generic> <Opcode : >
ST_3 : Operation 126 [2/4] (3.92ns)   --->   "%p_0_1 = call fastcc i5 @"pool_op<ap_ufixed<8, 0, 4, 0, 0>, 10, 1>"(i8 %data_1_V_read_2, i8 %data_11_V_read_1, i8 %data_21_V_read_1, i8 %data_31_V_read_1, i8 %data_41_V_read_1, i8 %data_51_V_read_1, i8 %data_61_V_read_1, i8 %data_71_V_read_1, i8 %data_81_V_read_1, i8 %data_91_V_read_1)" [firmware/nnet_utils/nnet_pooling.h:165]   --->   Operation 126 'call' 'p_0_1' <Predicate = true> <Delay = 3.92> <CoreType = "Generic">   --->   Core 0 '' <Latency = 0> <II = 1> <Delay = 1.00> <Generic> <Opcode : >
ST_3 : Operation 127 [2/4] (3.92ns)   --->   "%p_0_2 = call fastcc i5 @"pool_op<ap_ufixed<8, 0, 4, 0, 0>, 10, 1>"(i8 %data_2_V_read_3, i8 %data_12_V_read_3, i8 %data_22_V_read_3, i8 %data_32_V_read_3, i8 %data_42_V_read_2, i8 %data_52_V_read_3, i8 %data_62_V_read_3, i8 %data_72_V_read_3, i8 %data_82_V_read_3, i8 %data_92_V_read_3)" [firmware/nnet_utils/nnet_pooling.h:165]   --->   Operation 127 'call' 'p_0_2' <Predicate = true> <Delay = 3.92> <CoreType = "Generic">   --->   Core 0 '' <Latency = 0> <II = 1> <Delay = 1.00> <Generic> <Opcode : >
ST_3 : Operation 128 [2/4] (3.92ns)   --->   "%p_0_3 = call fastcc i5 @"pool_op<ap_ufixed<8, 0, 4, 0, 0>, 10, 1>"(i8 %data_3_V_read_2, i8 %data_13_V_read_2, i8 %data_23_V_read_2, i8 %data_33_V_read_2, i8 %data_43_V_read_2, i8 %data_53_V_read_2, i8 %data_63_V_read_2, i8 %data_73_V_read_2, i8 %data_83_V_read_2, i8 %data_93_V_read_2)" [firmware/nnet_utils/nnet_pooling.h:165]   --->   Operation 128 'call' 'p_0_3' <Predicate = true> <Delay = 3.92> <CoreType = "Generic">   --->   Core 0 '' <Latency = 0> <II = 1> <Delay = 1.00> <Generic> <Opcode : >
ST_3 : Operation 129 [2/4] (3.92ns)   --->   "%p_0_4 = call fastcc i5 @"pool_op<ap_ufixed<8, 0, 4, 0, 0>, 10, 1>"(i8 %data_4_V_read_2, i8 %data_14_V_read_2, i8 %data_24_V_read_2, i8 %data_34_V_read_2, i8 %data_44_V_read_2, i8 %data_54_V_read_2, i8 %data_64_V_read_2, i8 %data_74_V_read_2, i8 %data_84_V_read_2, i8 %data_94_V_read_2)" [firmware/nnet_utils/nnet_pooling.h:165]   --->   Operation 129 'call' 'p_0_4' <Predicate = true> <Delay = 3.92> <CoreType = "Generic">   --->   Core 0 '' <Latency = 0> <II = 1> <Delay = 1.00> <Generic> <Opcode : >
ST_3 : Operation 130 [2/4] (3.92ns)   --->   "%p_0_5 = call fastcc i5 @"pool_op<ap_ufixed<8, 0, 4, 0, 0>, 10, 1>"(i8 %data_5_V_read_1, i8 %data_15_V_read_1, i8 %data_25_V_read_1, i8 %data_35_V_read_1, i8 %data_45_V_read_1, i8 %data_55_V_read_1, i8 %data_65_V_read_1, i8 %data_75_V_read_1, i8 %data_85_V_read_1, i8 %data_95_V_read_1)" [firmware/nnet_utils/nnet_pooling.h:165]   --->   Operation 130 'call' 'p_0_5' <Predicate = true> <Delay = 3.92> <CoreType = "Generic">   --->   Core 0 '' <Latency = 0> <II = 1> <Delay = 1.00> <Generic> <Opcode : >
ST_3 : Operation 131 [2/4] (3.92ns)   --->   "%p_0_6 = call fastcc i5 @"pool_op<ap_ufixed<8, 0, 4, 0, 0>, 10, 1>"(i8 %data_6_V_read_2, i8 %data_16_V_read_2, i8 %data_26_V_read_2, i8 %data_36_V_read_2, i8 %data_46_V_read_2, i8 %data_56_V_read_2, i8 %data_66_V_read_2, i8 %data_76_V_read_2, i8 %data_86_V_read_2, i8 %data_96_V_read_2)" [firmware/nnet_utils/nnet_pooling.h:165]   --->   Operation 131 'call' 'p_0_6' <Predicate = true> <Delay = 3.92> <CoreType = "Generic">   --->   Core 0 '' <Latency = 0> <II = 1> <Delay = 1.00> <Generic> <Opcode : >
ST_3 : Operation 132 [2/4] (3.92ns)   --->   "%p_0_7 = call fastcc i5 @"pool_op<ap_ufixed<8, 0, 4, 0, 0>, 10, 1>"(i8 %data_7_V_read_2, i8 %data_17_V_read_2, i8 %data_27_V_read_2, i8 %data_37_V_read_2, i8 %data_47_V_read_2, i8 %data_57_V_read_2, i8 %data_67_V_read_2, i8 %data_77_V_read_2, i8 %data_87_V_read_2, i8 %data_97_V_read_2)" [firmware/nnet_utils/nnet_pooling.h:165]   --->   Operation 132 'call' 'p_0_7' <Predicate = true> <Delay = 3.92> <CoreType = "Generic">   --->   Core 0 '' <Latency = 0> <II = 1> <Delay = 1.00> <Generic> <Opcode : >
ST_3 : Operation 133 [2/4] (3.92ns)   --->   "%p_0_8 = call fastcc i5 @"pool_op<ap_ufixed<8, 0, 4, 0, 0>, 10, 1>"(i8 %data_8_V_read_2, i8 %data_18_V_read_1, i8 %data_28_V_read_1, i8 %data_38_V_read_1, i8 %data_48_V_read_1, i8 %data_58_V_read_1, i8 %data_68_V_read_1, i8 %data_78_V_read_1, i8 %data_88_V_read_1, i8 %data_98_V_read_1)" [firmware/nnet_utils/nnet_pooling.h:165]   --->   Operation 133 'call' 'p_0_8' <Predicate = true> <Delay = 3.92> <CoreType = "Generic">   --->   Core 0 '' <Latency = 0> <II = 1> <Delay = 1.00> <Generic> <Opcode : >
ST_3 : Operation 134 [2/4] (3.92ns)   --->   "%p_0_9 = call fastcc i5 @"pool_op<ap_ufixed<8, 0, 4, 0, 0>, 10, 1>"(i8 %data_9_V_read_1, i8 %data_19_V_read_1, i8 %data_29_V_read_1, i8 %data_39_V_read_1, i8 %data_49_V_read_1, i8 %data_59_V_read_1, i8 %data_69_V_read_1, i8 %data_79_V_read_1, i8 %data_89_V_read_1, i8 %data_99_V_read_1)" [firmware/nnet_utils/nnet_pooling.h:165]   --->   Operation 134 'call' 'p_0_9' <Predicate = true> <Delay = 3.92> <CoreType = "Generic">   --->   Core 0 '' <Latency = 0> <II = 1> <Delay = 1.00> <Generic> <Opcode : >

State 4 <SV = 3> <Delay = 1.97>
ST_4 : Operation 135 [1/1] (0.00ns)   --->   "call void (...)* @_ssdm_op_SpecPipeline(i32 1, i32 1, i32 1, i32 0, [1 x i8]* @p_str11) nounwind" [firmware/nnet_utils/nnet_pooling.h:149]   --->   Operation 135 'specpipeline' <Predicate = true> <Delay = 0.00>
ST_4 : Operation 136 [1/4] (1.97ns)   --->   "%p_0_s = call fastcc i5 @"pool_op<ap_ufixed<8, 0, 4, 0, 0>, 10, 1>"(i8 %data_0_V_read_1, i8 %data_10_V_read_1, i8 %data_20_V_read_1, i8 %data_30_V_read_1, i8 %data_40_V_read_1, i8 %data_50_V_read_1, i8 %data_60_V_read_1, i8 %data_70_V_read_1, i8 %data_80_V_read_1, i8 %data_90_V_read_1)" [firmware/nnet_utils/nnet_pooling.h:165]   --->   Operation 136 'call' 'p_0_s' <Predicate = true> <Delay = 1.97> <CoreType = "Generic">   --->   Core 0 '' <Latency = 0> <II = 1> <Delay = 1.00> <Generic> <Opcode : >
ST_4 : Operation 137 [1/4] (1.97ns)   --->   "%p_0_1 = call fastcc i5 @"pool_op<ap_ufixed<8, 0, 4, 0, 0>, 10, 1>"(i8 %data_1_V_read_2, i8 %data_11_V_read_1, i8 %data_21_V_read_1, i8 %data_31_V_read_1, i8 %data_41_V_read_1, i8 %data_51_V_read_1, i8 %data_61_V_read_1, i8 %data_71_V_read_1, i8 %data_81_V_read_1, i8 %data_91_V_read_1)" [firmware/nnet_utils/nnet_pooling.h:165]   --->   Operation 137 'call' 'p_0_1' <Predicate = true> <Delay = 1.97> <CoreType = "Generic">   --->   Core 0 '' <Latency = 0> <II = 1> <Delay = 1.00> <Generic> <Opcode : >
ST_4 : Operation 138 [1/4] (1.97ns)   --->   "%p_0_2 = call fastcc i5 @"pool_op<ap_ufixed<8, 0, 4, 0, 0>, 10, 1>"(i8 %data_2_V_read_3, i8 %data_12_V_read_3, i8 %data_22_V_read_3, i8 %data_32_V_read_3, i8 %data_42_V_read_2, i8 %data_52_V_read_3, i8 %data_62_V_read_3, i8 %data_72_V_read_3, i8 %data_82_V_read_3, i8 %data_92_V_read_3)" [firmware/nnet_utils/nnet_pooling.h:165]   --->   Operation 138 'call' 'p_0_2' <Predicate = true> <Delay = 1.97> <CoreType = "Generic">   --->   Core 0 '' <Latency = 0> <II = 1> <Delay = 1.00> <Generic> <Opcode : >
ST_4 : Operation 139 [1/1] (0.00ns)   --->   "%res_2_V_write_assign = call i7 @_ssdm_op_BitConcatenate.i7.i5.i2(i5 %p_0_2, i2 0)" [firmware/nnet_utils/nnet_pooling.h:165]   --->   Operation 139 'bitconcatenate' 'res_2_V_write_assign' <Predicate = true> <Delay = 0.00>
ST_4 : Operation 140 [1/1] (0.00ns)   --->   "%zext_ln728 = zext i7 %res_2_V_write_assign to i10" [firmware/nnet_utils/nnet_pooling.h:165]   --->   Operation 140 'zext' 'zext_ln728' <Predicate = true> <Delay = 0.00>
ST_4 : Operation 141 [1/4] (1.97ns)   --->   "%p_0_3 = call fastcc i5 @"pool_op<ap_ufixed<8, 0, 4, 0, 0>, 10, 1>"(i8 %data_3_V_read_2, i8 %data_13_V_read_2, i8 %data_23_V_read_2, i8 %data_33_V_read_2, i8 %data_43_V_read_2, i8 %data_53_V_read_2, i8 %data_63_V_read_2, i8 %data_73_V_read_2, i8 %data_83_V_read_2, i8 %data_93_V_read_2)" [firmware/nnet_utils/nnet_pooling.h:165]   --->   Operation 141 'call' 'p_0_3' <Predicate = true> <Delay = 1.97> <CoreType = "Generic">   --->   Core 0 '' <Latency = 0> <II = 1> <Delay = 1.00> <Generic> <Opcode : >
ST_4 : Operation 142 [1/1] (0.00ns)   --->   "%res_3_V_write_assign = call i7 @_ssdm_op_BitConcatenate.i7.i5.i2(i5 %p_0_3, i2 0)" [firmware/nnet_utils/nnet_pooling.h:165]   --->   Operation 142 'bitconcatenate' 'res_3_V_write_assign' <Predicate = true> <Delay = 0.00>
ST_4 : Operation 143 [1/1] (0.00ns)   --->   "%zext_ln728_1 = zext i7 %res_3_V_write_assign to i10" [firmware/nnet_utils/nnet_pooling.h:165]   --->   Operation 143 'zext' 'zext_ln728_1' <Predicate = true> <Delay = 0.00>
ST_4 : Operation 144 [1/4] (1.97ns)   --->   "%p_0_4 = call fastcc i5 @"pool_op<ap_ufixed<8, 0, 4, 0, 0>, 10, 1>"(i8 %data_4_V_read_2, i8 %data_14_V_read_2, i8 %data_24_V_read_2, i8 %data_34_V_read_2, i8 %data_44_V_read_2, i8 %data_54_V_read_2, i8 %data_64_V_read_2, i8 %data_74_V_read_2, i8 %data_84_V_read_2, i8 %data_94_V_read_2)" [firmware/nnet_utils/nnet_pooling.h:165]   --->   Operation 144 'call' 'p_0_4' <Predicate = true> <Delay = 1.97> <CoreType = "Generic">   --->   Core 0 '' <Latency = 0> <II = 1> <Delay = 1.00> <Generic> <Opcode : >
ST_4 : Operation 145 [1/1] (0.00ns)   --->   "%res_4_V_write_assign = call i7 @_ssdm_op_BitConcatenate.i7.i5.i2(i5 %p_0_4, i2 0)" [firmware/nnet_utils/nnet_pooling.h:165]   --->   Operation 145 'bitconcatenate' 'res_4_V_write_assign' <Predicate = true> <Delay = 0.00>
ST_4 : Operation 146 [1/1] (0.00ns)   --->   "%zext_ln728_2 = zext i7 %res_4_V_write_assign to i10" [firmware/nnet_utils/nnet_pooling.h:165]   --->   Operation 146 'zext' 'zext_ln728_2' <Predicate = true> <Delay = 0.00>
ST_4 : Operation 147 [1/4] (1.97ns)   --->   "%p_0_5 = call fastcc i5 @"pool_op<ap_ufixed<8, 0, 4, 0, 0>, 10, 1>"(i8 %data_5_V_read_1, i8 %data_15_V_read_1, i8 %data_25_V_read_1, i8 %data_35_V_read_1, i8 %data_45_V_read_1, i8 %data_55_V_read_1, i8 %data_65_V_read_1, i8 %data_75_V_read_1, i8 %data_85_V_read_1, i8 %data_95_V_read_1)" [firmware/nnet_utils/nnet_pooling.h:165]   --->   Operation 147 'call' 'p_0_5' <Predicate = true> <Delay = 1.97> <CoreType = "Generic">   --->   Core 0 '' <Latency = 0> <II = 1> <Delay = 1.00> <Generic> <Opcode : >
ST_4 : Operation 148 [1/4] (1.97ns)   --->   "%p_0_6 = call fastcc i5 @"pool_op<ap_ufixed<8, 0, 4, 0, 0>, 10, 1>"(i8 %data_6_V_read_2, i8 %data_16_V_read_2, i8 %data_26_V_read_2, i8 %data_36_V_read_2, i8 %data_46_V_read_2, i8 %data_56_V_read_2, i8 %data_66_V_read_2, i8 %data_76_V_read_2, i8 %data_86_V_read_2, i8 %data_96_V_read_2)" [firmware/nnet_utils/nnet_pooling.h:165]   --->   Operation 148 'call' 'p_0_6' <Predicate = true> <Delay = 1.97> <CoreType = "Generic">   --->   Core 0 '' <Latency = 0> <II = 1> <Delay = 1.00> <Generic> <Opcode : >
ST_4 : Operation 149 [1/4] (1.97ns)   --->   "%p_0_7 = call fastcc i5 @"pool_op<ap_ufixed<8, 0, 4, 0, 0>, 10, 1>"(i8 %data_7_V_read_2, i8 %data_17_V_read_2, i8 %data_27_V_read_2, i8 %data_37_V_read_2, i8 %data_47_V_read_2, i8 %data_57_V_read_2, i8 %data_67_V_read_2, i8 %data_77_V_read_2, i8 %data_87_V_read_2, i8 %data_97_V_read_2)" [firmware/nnet_utils/nnet_pooling.h:165]   --->   Operation 149 'call' 'p_0_7' <Predicate = true> <Delay = 1.97> <CoreType = "Generic">   --->   Core 0 '' <Latency = 0> <II = 1> <Delay = 1.00> <Generic> <Opcode : >
ST_4 : Operation 150 [1/4] (1.97ns)   --->   "%p_0_8 = call fastcc i5 @"pool_op<ap_ufixed<8, 0, 4, 0, 0>, 10, 1>"(i8 %data_8_V_read_2, i8 %data_18_V_read_1, i8 %data_28_V_read_1, i8 %data_38_V_read_1, i8 %data_48_V_read_1, i8 %data_58_V_read_1, i8 %data_68_V_read_1, i8 %data_78_V_read_1, i8 %data_88_V_read_1, i8 %data_98_V_read_1)" [firmware/nnet_utils/nnet_pooling.h:165]   --->   Operation 150 'call' 'p_0_8' <Predicate = true> <Delay = 1.97> <CoreType = "Generic">   --->   Core 0 '' <Latency = 0> <II = 1> <Delay = 1.00> <Generic> <Opcode : >
ST_4 : Operation 151 [1/4] (1.97ns)   --->   "%p_0_9 = call fastcc i5 @"pool_op<ap_ufixed<8, 0, 4, 0, 0>, 10, 1>"(i8 %data_9_V_read_1, i8 %data_19_V_read_1, i8 %data_29_V_read_1, i8 %data_39_V_read_1, i8 %data_49_V_read_1, i8 %data_59_V_read_1, i8 %data_69_V_read_1, i8 %data_79_V_read_1, i8 %data_89_V_read_1, i8 %data_99_V_read_1)" [firmware/nnet_utils/nnet_pooling.h:165]   --->   Operation 151 'call' 'p_0_9' <Predicate = true> <Delay = 1.97> <CoreType = "Generic">   --->   Core 0 '' <Latency = 0> <II = 1> <Delay = 1.00> <Generic> <Opcode : >
ST_4 : Operation 152 [1/1] (0.00ns)   --->   "%mrv = insertvalue { i10, i10, i10 } undef, i10 %zext_ln728, 0" [firmware/nnet_utils/nnet_pooling.h:167]   --->   Operation 152 'insertvalue' 'mrv' <Predicate = true> <Delay = 0.00>
ST_4 : Operation 153 [1/1] (0.00ns)   --->   "%mrv_1 = insertvalue { i10, i10, i10 } %mrv, i10 %zext_ln728_1, 1" [firmware/nnet_utils/nnet_pooling.h:167]   --->   Operation 153 'insertvalue' 'mrv_1' <Predicate = true> <Delay = 0.00>
ST_4 : Operation 154 [1/1] (0.00ns)   --->   "%mrv_2 = insertvalue { i10, i10, i10 } %mrv_1, i10 %zext_ln728_2, 2" [firmware/nnet_utils/nnet_pooling.h:167]   --->   Operation 154 'insertvalue' 'mrv_2' <Predicate = true> <Delay = 0.00>
ST_4 : Operation 155 [1/1] (0.00ns)   --->   "ret { i10, i10, i10 } %mrv_2" [firmware/nnet_utils/nnet_pooling.h:167]   --->   Operation 155 'ret' <Predicate = true> <Delay = 0.00>


============================================================
+ Verbose Summary: Timing violations
============================================================
Target clock period: 5ns, clock uncertainty: 0.625ns.

 <State 1>: 3.92ns
The critical path consists of the following:
	wire read on port 'data_99_V_read' (firmware/nnet_utils/nnet_pooling.h:148) [101]  (0 ns)
	'call' operation ('p_0_9', firmware/nnet_utils/nnet_pooling.h:165) to 'pool_op<ap_ufixed<8, 0, 4, 0, 0>, 10, 1>' [217]  (3.92 ns)

 <State 2>: 3.92ns
The critical path consists of the following:
	'call' operation ('p_0_s', firmware/nnet_utils/nnet_pooling.h:165) to 'pool_op<ap_ufixed<8, 0, 4, 0, 0>, 10, 1>' [202]  (3.92 ns)

 <State 3>: 3.92ns
The critical path consists of the following:
	'call' operation ('p_0_s', firmware/nnet_utils/nnet_pooling.h:165) to 'pool_op<ap_ufixed<8, 0, 4, 0, 0>, 10, 1>' [202]  (3.92 ns)

 <State 4>: 1.98ns
The critical path consists of the following:
	'call' operation ('p_0_s', firmware/nnet_utils/nnet_pooling.h:165) to 'pool_op<ap_ufixed<8, 0, 4, 0, 0>, 10, 1>' [202]  (1.98 ns)


============================================================
+ Verbose Summary: Binding
============================================================
N/A
* FSMD analyzer results:
  - Output states:
 - Input state : 
  - Chain level:
	State 1
	State 2
	State 3
	State 4


============================================================
+ Verbose Summary: Datapath Resource usage 
============================================================
N/A
