

================================================================
== Vivado HLS Report for 'pointwise_conv_1d_cl_ap_ufixed_ap_fixed_16_6_5_3_0_config16_s'
================================================================
* Date:           Wed Nov 15 18:37:49 2023

* Version:        2019.2 (Build 2704478 on Wed Nov 06 22:10:23 MST 2019)
* Project:        myproject_prj
* Solution:       solution1
* Product family: virtexuplus
* Target device:  xcu250-figd2104-2L-e


================================================================
== Performance Estimates
================================================================
+ Timing: 
    * Summary: 
    +--------+---------+----------+------------+
    |  Clock |  Target | Estimated| Uncertainty|
    +--------+---------+----------+------------+
    |ap_clk  | 5.00 ns | 3.430 ns |   0.62 ns  |
    +--------+---------+----------+------------+

+ Latency: 
    * Summary: 
    +---------+---------+----------+----------+-----+-----+---------+
    |  Latency (cycles) |  Latency (absolute) |  Interval | Pipeline|
    |   min   |   max   |    min   |    max   | min | max |   Type  |
    +---------+---------+----------+----------+-----+-----+---------+
    |        0|        0|   0 ns   |   0 ns   |    0|    0|   none  |
    +---------+---------+----------+----------+-----+-----+---------+

    + Detail: 
        * Instance: 
        N/A

        * Loop: 
        N/A

============================================================
+ Verbose Summary: Synthesis Manager
============================================================
InlineROM: 1
ExposeGlobal: 0
============================================================
+ Verbose Summary: CDFG Model
============================================================
IsTopModel: 0
ResetActiveHigh: 1
IsCombinational: 2
IsDatapathOnly: 0
HasWiredReturn: 1
HasMFsm: 0
HasVarLatency: 0
IsPipeline: 0
IsRtlPipelined: 0
IsInstanceOverlapped: 0
IsDontTouch: 0
HasImplIP: 0
IsGatedGlobalClock: 0


============================================================
+ Verbose Summary: Schedule
============================================================
* Number of FSM states : 1
* Pipeline : 0
* Dataflow Pipeline: 0

* FSM state transitions: 
1 --> 

* FSM state operations: 

State 1 <SV = 0> <Delay = 3.42>
ST_1 : Operation 2 [1/1] (0.00ns)   --->   "%data_97_V_read_1 = call i8 @_ssdm_op_Read.ap_auto.i8(i8 %data_97_V_read)" [firmware/nnet_utils/nnet_conv1d.h:48]   --->   Operation 2 'read' 'data_97_V_read_1' <Predicate = true> <Delay = 0.00>
ST_1 : Operation 3 [1/1] (0.00ns)   --->   "%data_96_V_read_1 = call i8 @_ssdm_op_Read.ap_auto.i8(i8 %data_96_V_read)" [firmware/nnet_utils/nnet_conv1d.h:48]   --->   Operation 3 'read' 'data_96_V_read_1' <Predicate = true> <Delay = 0.00>
ST_1 : Operation 4 [1/1] (0.00ns)   --->   "%data_92_V_read_2 = call i8 @_ssdm_op_Read.ap_auto.i8(i8 %data_92_V_read)" [firmware/nnet_utils/nnet_conv1d.h:48]   --->   Operation 4 'read' 'data_92_V_read_2' <Predicate = true> <Delay = 0.00>
ST_1 : Operation 5 [1/1] (0.00ns)   --->   "%data_87_V_read_1 = call i8 @_ssdm_op_Read.ap_auto.i8(i8 %data_87_V_read)" [firmware/nnet_utils/nnet_conv1d.h:48]   --->   Operation 5 'read' 'data_87_V_read_1' <Predicate = true> <Delay = 0.00>
ST_1 : Operation 6 [1/1] (0.00ns)   --->   "%data_86_V_read_1 = call i8 @_ssdm_op_Read.ap_auto.i8(i8 %data_86_V_read)" [firmware/nnet_utils/nnet_conv1d.h:48]   --->   Operation 6 'read' 'data_86_V_read_1' <Predicate = true> <Delay = 0.00>
ST_1 : Operation 7 [1/1] (0.00ns)   --->   "%data_82_V_read_2 = call i8 @_ssdm_op_Read.ap_auto.i8(i8 %data_82_V_read)" [firmware/nnet_utils/nnet_conv1d.h:48]   --->   Operation 7 'read' 'data_82_V_read_2' <Predicate = true> <Delay = 0.00>
ST_1 : Operation 8 [1/1] (0.00ns)   --->   "%data_77_V_read_1 = call i8 @_ssdm_op_Read.ap_auto.i8(i8 %data_77_V_read)" [firmware/nnet_utils/nnet_conv1d.h:48]   --->   Operation 8 'read' 'data_77_V_read_1' <Predicate = true> <Delay = 0.00>
ST_1 : Operation 9 [1/1] (0.00ns)   --->   "%data_76_V_read_1 = call i8 @_ssdm_op_Read.ap_auto.i8(i8 %data_76_V_read)" [firmware/nnet_utils/nnet_conv1d.h:48]   --->   Operation 9 'read' 'data_76_V_read_1' <Predicate = true> <Delay = 0.00>
ST_1 : Operation 10 [1/1] (0.00ns)   --->   "%data_72_V_read_2 = call i8 @_ssdm_op_Read.ap_auto.i8(i8 %data_72_V_read)" [firmware/nnet_utils/nnet_conv1d.h:48]   --->   Operation 10 'read' 'data_72_V_read_2' <Predicate = true> <Delay = 0.00>
ST_1 : Operation 11 [1/1] (0.00ns)   --->   "%data_67_V_read_1 = call i8 @_ssdm_op_Read.ap_auto.i8(i8 %data_67_V_read)" [firmware/nnet_utils/nnet_conv1d.h:48]   --->   Operation 11 'read' 'data_67_V_read_1' <Predicate = true> <Delay = 0.00>
ST_1 : Operation 12 [1/1] (0.00ns)   --->   "%data_66_V_read_1 = call i8 @_ssdm_op_Read.ap_auto.i8(i8 %data_66_V_read)" [firmware/nnet_utils/nnet_conv1d.h:48]   --->   Operation 12 'read' 'data_66_V_read_1' <Predicate = true> <Delay = 0.00>
ST_1 : Operation 13 [1/1] (0.00ns)   --->   "%data_62_V_read_2 = call i8 @_ssdm_op_Read.ap_auto.i8(i8 %data_62_V_read)" [firmware/nnet_utils/nnet_conv1d.h:48]   --->   Operation 13 'read' 'data_62_V_read_2' <Predicate = true> <Delay = 0.00>
ST_1 : Operation 14 [1/1] (0.00ns)   --->   "%data_57_V_read_1 = call i8 @_ssdm_op_Read.ap_auto.i8(i8 %data_57_V_read)" [firmware/nnet_utils/nnet_conv1d.h:48]   --->   Operation 14 'read' 'data_57_V_read_1' <Predicate = true> <Delay = 0.00>
ST_1 : Operation 15 [1/1] (0.00ns)   --->   "%data_56_V_read_1 = call i8 @_ssdm_op_Read.ap_auto.i8(i8 %data_56_V_read)" [firmware/nnet_utils/nnet_conv1d.h:48]   --->   Operation 15 'read' 'data_56_V_read_1' <Predicate = true> <Delay = 0.00>
ST_1 : Operation 16 [1/1] (0.00ns)   --->   "%data_52_V_read_2 = call i8 @_ssdm_op_Read.ap_auto.i8(i8 %data_52_V_read)" [firmware/nnet_utils/nnet_conv1d.h:48]   --->   Operation 16 'read' 'data_52_V_read_2' <Predicate = true> <Delay = 0.00>
ST_1 : Operation 17 [1/1] (0.00ns)   --->   "%data_47_V_read_1 = call i8 @_ssdm_op_Read.ap_auto.i8(i8 %data_47_V_read)" [firmware/nnet_utils/nnet_conv1d.h:48]   --->   Operation 17 'read' 'data_47_V_read_1' <Predicate = true> <Delay = 0.00>
ST_1 : Operation 18 [1/1] (0.00ns)   --->   "%data_46_V_read_1 = call i8 @_ssdm_op_Read.ap_auto.i8(i8 %data_46_V_read)" [firmware/nnet_utils/nnet_conv1d.h:48]   --->   Operation 18 'read' 'data_46_V_read_1' <Predicate = true> <Delay = 0.00>
ST_1 : Operation 19 [1/1] (0.00ns)   --->   "%data_42_V_read71 = call i8 @_ssdm_op_Read.ap_auto.i8(i8 %data_42_V_read)" [firmware/nnet_utils/nnet_conv1d.h:48]   --->   Operation 19 'read' 'data_42_V_read71' <Predicate = true> <Delay = 0.00>
ST_1 : Operation 20 [1/1] (0.00ns)   --->   "%data_37_V_read_1 = call i8 @_ssdm_op_Read.ap_auto.i8(i8 %data_37_V_read)" [firmware/nnet_utils/nnet_conv1d.h:48]   --->   Operation 20 'read' 'data_37_V_read_1' <Predicate = true> <Delay = 0.00>
ST_1 : Operation 21 [1/1] (0.00ns)   --->   "%data_36_V_read_1 = call i8 @_ssdm_op_Read.ap_auto.i8(i8 %data_36_V_read)" [firmware/nnet_utils/nnet_conv1d.h:48]   --->   Operation 21 'read' 'data_36_V_read_1' <Predicate = true> <Delay = 0.00>
ST_1 : Operation 22 [1/1] (0.00ns)   --->   "%data_32_V_read_2 = call i8 @_ssdm_op_Read.ap_auto.i8(i8 %data_32_V_read)" [firmware/nnet_utils/nnet_conv1d.h:48]   --->   Operation 22 'read' 'data_32_V_read_2' <Predicate = true> <Delay = 0.00>
ST_1 : Operation 23 [1/1] (0.00ns)   --->   "%data_27_V_read_1 = call i8 @_ssdm_op_Read.ap_auto.i8(i8 %data_27_V_read)" [firmware/nnet_utils/nnet_conv1d.h:48]   --->   Operation 23 'read' 'data_27_V_read_1' <Predicate = true> <Delay = 0.00>
ST_1 : Operation 24 [1/1] (0.00ns)   --->   "%data_26_V_read_1 = call i8 @_ssdm_op_Read.ap_auto.i8(i8 %data_26_V_read)" [firmware/nnet_utils/nnet_conv1d.h:48]   --->   Operation 24 'read' 'data_26_V_read_1' <Predicate = true> <Delay = 0.00>
ST_1 : Operation 25 [1/1] (0.00ns)   --->   "%data_22_V_read_2 = call i8 @_ssdm_op_Read.ap_auto.i8(i8 %data_22_V_read)" [firmware/nnet_utils/nnet_conv1d.h:48]   --->   Operation 25 'read' 'data_22_V_read_2' <Predicate = true> <Delay = 0.00>
ST_1 : Operation 26 [1/1] (0.00ns)   --->   "%data_17_V_read_1 = call i8 @_ssdm_op_Read.ap_auto.i8(i8 %data_17_V_read)" [firmware/nnet_utils/nnet_conv1d.h:48]   --->   Operation 26 'read' 'data_17_V_read_1' <Predicate = true> <Delay = 0.00>
ST_1 : Operation 27 [1/1] (0.00ns)   --->   "%data_16_V_read_1 = call i8 @_ssdm_op_Read.ap_auto.i8(i8 %data_16_V_read)" [firmware/nnet_utils/nnet_conv1d.h:48]   --->   Operation 27 'read' 'data_16_V_read_1' <Predicate = true> <Delay = 0.00>
ST_1 : Operation 28 [1/1] (0.00ns)   --->   "%data_12_V_read_2 = call i8 @_ssdm_op_Read.ap_auto.i8(i8 %data_12_V_read)" [firmware/nnet_utils/nnet_conv1d.h:48]   --->   Operation 28 'read' 'data_12_V_read_2' <Predicate = true> <Delay = 0.00>
ST_1 : Operation 29 [1/1] (0.00ns)   --->   "%data_7_V_read_1 = call i8 @_ssdm_op_Read.ap_auto.i8(i8 %data_7_V_read)" [firmware/nnet_utils/nnet_conv1d.h:48]   --->   Operation 29 'read' 'data_7_V_read_1' <Predicate = true> <Delay = 0.00>
ST_1 : Operation 30 [1/1] (0.00ns)   --->   "%data_6_V_read_1 = call i8 @_ssdm_op_Read.ap_auto.i8(i8 %data_6_V_read)" [firmware/nnet_utils/nnet_conv1d.h:48]   --->   Operation 30 'read' 'data_6_V_read_1' <Predicate = true> <Delay = 0.00>
ST_1 : Operation 31 [1/1] (0.00ns)   --->   "%data_2_V_read_2 = call i8 @_ssdm_op_Read.ap_auto.i8(i8 %data_2_V_read)" [firmware/nnet_utils/nnet_conv1d.h:48]   --->   Operation 31 'read' 'data_2_V_read_2' <Predicate = true> <Delay = 0.00>
ST_1 : Operation 32 [1/1] (3.42ns)   --->   "%call_ret1 = call fastcc { i16, i16, i16, i16, i16, i16, i16, i16, i16, i16, i16, i16, i16, i16, i16 } @pointwise_conv_1d_latency_cl.0.0.0.0.0.0.0.0.0.0.0.0.0.0.0.0.0.0.0.0.0.0.0.0.0.0(i8 %data_2_V_read_2, i8 %data_6_V_read_1, i8 %data_7_V_read_1, i8 %data_12_V_read_2, i8 %data_16_V_read_1, i8 %data_17_V_read_1, i8 %data_22_V_read_2, i8 %data_26_V_read_1, i8 %data_27_V_read_1, i8 %data_32_V_read_2, i8 %data_36_V_read_1, i8 %data_37_V_read_1, i8 %data_42_V_read71, i8 %data_46_V_read_1, i8 %data_47_V_read_1)" [firmware/nnet_utils/nnet_conv1d_latency.h:188->firmware/nnet_utils/nnet_conv1d.h:60]   --->   Operation 32 'call' 'call_ret1' <Predicate = true> <Delay = 3.42> <CoreType = "Generic">   --->   Core 0 '' <Latency = 0> <II = 1> <Delay = 1.00> <Generic> <Opcode : >
ST_1 : Operation 33 [1/1] (0.00ns)   --->   "%res_tmp_0_2_V = extractvalue { i16, i16, i16, i16, i16, i16, i16, i16, i16, i16, i16, i16, i16, i16, i16 } %call_ret1, 0" [firmware/nnet_utils/nnet_conv1d_latency.h:188->firmware/nnet_utils/nnet_conv1d.h:60]   --->   Operation 33 'extractvalue' 'res_tmp_0_2_V' <Predicate = true> <Delay = 0.00>
ST_1 : Operation 34 [1/1] (0.00ns)   --->   "%res_tmp_0_3_V = extractvalue { i16, i16, i16, i16, i16, i16, i16, i16, i16, i16, i16, i16, i16, i16, i16 } %call_ret1, 1" [firmware/nnet_utils/nnet_conv1d_latency.h:188->firmware/nnet_utils/nnet_conv1d.h:60]   --->   Operation 34 'extractvalue' 'res_tmp_0_3_V' <Predicate = true> <Delay = 0.00>
ST_1 : Operation 35 [1/1] (0.00ns)   --->   "%res_tmp_0_4_V = extractvalue { i16, i16, i16, i16, i16, i16, i16, i16, i16, i16, i16, i16, i16, i16, i16 } %call_ret1, 2" [firmware/nnet_utils/nnet_conv1d_latency.h:188->firmware/nnet_utils/nnet_conv1d.h:60]   --->   Operation 35 'extractvalue' 'res_tmp_0_4_V' <Predicate = true> <Delay = 0.00>
ST_1 : Operation 36 [1/1] (0.00ns)   --->   "%res_tmp_0_12_V = extractvalue { i16, i16, i16, i16, i16, i16, i16, i16, i16, i16, i16, i16, i16, i16, i16 } %call_ret1, 3" [firmware/nnet_utils/nnet_conv1d_latency.h:188->firmware/nnet_utils/nnet_conv1d.h:60]   --->   Operation 36 'extractvalue' 'res_tmp_0_12_V' <Predicate = true> <Delay = 0.00>
ST_1 : Operation 37 [1/1] (0.00ns)   --->   "%res_tmp_0_13_V = extractvalue { i16, i16, i16, i16, i16, i16, i16, i16, i16, i16, i16, i16, i16, i16, i16 } %call_ret1, 4" [firmware/nnet_utils/nnet_conv1d_latency.h:188->firmware/nnet_utils/nnet_conv1d.h:60]   --->   Operation 37 'extractvalue' 'res_tmp_0_13_V' <Predicate = true> <Delay = 0.00>
ST_1 : Operation 38 [1/1] (0.00ns)   --->   "%res_tmp_0_14_V = extractvalue { i16, i16, i16, i16, i16, i16, i16, i16, i16, i16, i16, i16, i16, i16, i16 } %call_ret1, 5" [firmware/nnet_utils/nnet_conv1d_latency.h:188->firmware/nnet_utils/nnet_conv1d.h:60]   --->   Operation 38 'extractvalue' 'res_tmp_0_14_V' <Predicate = true> <Delay = 0.00>
ST_1 : Operation 39 [1/1] (0.00ns)   --->   "%res_tmp_0_22_V = extractvalue { i16, i16, i16, i16, i16, i16, i16, i16, i16, i16, i16, i16, i16, i16, i16 } %call_ret1, 6" [firmware/nnet_utils/nnet_conv1d_latency.h:188->firmware/nnet_utils/nnet_conv1d.h:60]   --->   Operation 39 'extractvalue' 'res_tmp_0_22_V' <Predicate = true> <Delay = 0.00>
ST_1 : Operation 40 [1/1] (0.00ns)   --->   "%res_tmp_0_23_V = extractvalue { i16, i16, i16, i16, i16, i16, i16, i16, i16, i16, i16, i16, i16, i16, i16 } %call_ret1, 7" [firmware/nnet_utils/nnet_conv1d_latency.h:188->firmware/nnet_utils/nnet_conv1d.h:60]   --->   Operation 40 'extractvalue' 'res_tmp_0_23_V' <Predicate = true> <Delay = 0.00>
ST_1 : Operation 41 [1/1] (0.00ns)   --->   "%res_tmp_0_24_V = extractvalue { i16, i16, i16, i16, i16, i16, i16, i16, i16, i16, i16, i16, i16, i16, i16 } %call_ret1, 8" [firmware/nnet_utils/nnet_conv1d_latency.h:188->firmware/nnet_utils/nnet_conv1d.h:60]   --->   Operation 41 'extractvalue' 'res_tmp_0_24_V' <Predicate = true> <Delay = 0.00>
ST_1 : Operation 42 [1/1] (0.00ns)   --->   "%res_tmp_0_32_V = extractvalue { i16, i16, i16, i16, i16, i16, i16, i16, i16, i16, i16, i16, i16, i16, i16 } %call_ret1, 9" [firmware/nnet_utils/nnet_conv1d_latency.h:188->firmware/nnet_utils/nnet_conv1d.h:60]   --->   Operation 42 'extractvalue' 'res_tmp_0_32_V' <Predicate = true> <Delay = 0.00>
ST_1 : Operation 43 [1/1] (0.00ns)   --->   "%res_tmp_0_33_V = extractvalue { i16, i16, i16, i16, i16, i16, i16, i16, i16, i16, i16, i16, i16, i16, i16 } %call_ret1, 10" [firmware/nnet_utils/nnet_conv1d_latency.h:188->firmware/nnet_utils/nnet_conv1d.h:60]   --->   Operation 43 'extractvalue' 'res_tmp_0_33_V' <Predicate = true> <Delay = 0.00>
ST_1 : Operation 44 [1/1] (0.00ns)   --->   "%res_tmp_0_34_V = extractvalue { i16, i16, i16, i16, i16, i16, i16, i16, i16, i16, i16, i16, i16, i16, i16 } %call_ret1, 11" [firmware/nnet_utils/nnet_conv1d_latency.h:188->firmware/nnet_utils/nnet_conv1d.h:60]   --->   Operation 44 'extractvalue' 'res_tmp_0_34_V' <Predicate = true> <Delay = 0.00>
ST_1 : Operation 45 [1/1] (0.00ns)   --->   "%res_tmp_0_42_V = extractvalue { i16, i16, i16, i16, i16, i16, i16, i16, i16, i16, i16, i16, i16, i16, i16 } %call_ret1, 12" [firmware/nnet_utils/nnet_conv1d_latency.h:188->firmware/nnet_utils/nnet_conv1d.h:60]   --->   Operation 45 'extractvalue' 'res_tmp_0_42_V' <Predicate = true> <Delay = 0.00>
ST_1 : Operation 46 [1/1] (0.00ns)   --->   "%res_tmp_0_43_V = extractvalue { i16, i16, i16, i16, i16, i16, i16, i16, i16, i16, i16, i16, i16, i16, i16 } %call_ret1, 13" [firmware/nnet_utils/nnet_conv1d_latency.h:188->firmware/nnet_utils/nnet_conv1d.h:60]   --->   Operation 46 'extractvalue' 'res_tmp_0_43_V' <Predicate = true> <Delay = 0.00>
ST_1 : Operation 47 [1/1] (0.00ns)   --->   "%res_tmp_0_44_V = extractvalue { i16, i16, i16, i16, i16, i16, i16, i16, i16, i16, i16, i16, i16, i16, i16 } %call_ret1, 14" [firmware/nnet_utils/nnet_conv1d_latency.h:188->firmware/nnet_utils/nnet_conv1d.h:60]   --->   Operation 47 'extractvalue' 'res_tmp_0_44_V' <Predicate = true> <Delay = 0.00>
ST_1 : Operation 48 [1/1] (3.42ns)   --->   "%call_ret = call fastcc { i16, i16, i16, i16, i16, i16, i16, i16, i16, i16, i16, i16, i16, i16, i16 } @pointwise_conv_1d_latency_cl.0.0.0.0.0.0.0.0.0.0.0.0.0.0.0.0.0.0.0.0.0.0.0.0.0.0(i8 %data_52_V_read_2, i8 %data_56_V_read_1, i8 %data_57_V_read_1, i8 %data_62_V_read_2, i8 %data_66_V_read_1, i8 %data_67_V_read_1, i8 %data_72_V_read_2, i8 %data_76_V_read_1, i8 %data_77_V_read_1, i8 %data_82_V_read_2, i8 %data_86_V_read_1, i8 %data_87_V_read_1, i8 %data_92_V_read_2, i8 %data_96_V_read_1, i8 %data_97_V_read_1)" [firmware/nnet_utils/nnet_conv1d_latency.h:189->firmware/nnet_utils/nnet_conv1d.h:60]   --->   Operation 48 'call' 'call_ret' <Predicate = true> <Delay = 3.42> <CoreType = "Generic">   --->   Core 0 '' <Latency = 0> <II = 1> <Delay = 1.00> <Generic> <Opcode : >
ST_1 : Operation 49 [1/1] (0.00ns)   --->   "%res_tmp_1_2_V = extractvalue { i16, i16, i16, i16, i16, i16, i16, i16, i16, i16, i16, i16, i16, i16, i16 } %call_ret, 0" [firmware/nnet_utils/nnet_conv1d_latency.h:189->firmware/nnet_utils/nnet_conv1d.h:60]   --->   Operation 49 'extractvalue' 'res_tmp_1_2_V' <Predicate = true> <Delay = 0.00>
ST_1 : Operation 50 [1/1] (0.00ns)   --->   "%res_tmp_1_3_V = extractvalue { i16, i16, i16, i16, i16, i16, i16, i16, i16, i16, i16, i16, i16, i16, i16 } %call_ret, 1" [firmware/nnet_utils/nnet_conv1d_latency.h:189->firmware/nnet_utils/nnet_conv1d.h:60]   --->   Operation 50 'extractvalue' 'res_tmp_1_3_V' <Predicate = true> <Delay = 0.00>
ST_1 : Operation 51 [1/1] (0.00ns)   --->   "%res_tmp_1_4_V = extractvalue { i16, i16, i16, i16, i16, i16, i16, i16, i16, i16, i16, i16, i16, i16, i16 } %call_ret, 2" [firmware/nnet_utils/nnet_conv1d_latency.h:189->firmware/nnet_utils/nnet_conv1d.h:60]   --->   Operation 51 'extractvalue' 'res_tmp_1_4_V' <Predicate = true> <Delay = 0.00>
ST_1 : Operation 52 [1/1] (0.00ns)   --->   "%res_tmp_1_12_V = extractvalue { i16, i16, i16, i16, i16, i16, i16, i16, i16, i16, i16, i16, i16, i16, i16 } %call_ret, 3" [firmware/nnet_utils/nnet_conv1d_latency.h:189->firmware/nnet_utils/nnet_conv1d.h:60]   --->   Operation 52 'extractvalue' 'res_tmp_1_12_V' <Predicate = true> <Delay = 0.00>
ST_1 : Operation 53 [1/1] (0.00ns)   --->   "%res_tmp_1_13_V = extractvalue { i16, i16, i16, i16, i16, i16, i16, i16, i16, i16, i16, i16, i16, i16, i16 } %call_ret, 4" [firmware/nnet_utils/nnet_conv1d_latency.h:189->firmware/nnet_utils/nnet_conv1d.h:60]   --->   Operation 53 'extractvalue' 'res_tmp_1_13_V' <Predicate = true> <Delay = 0.00>
ST_1 : Operation 54 [1/1] (0.00ns)   --->   "%res_tmp_1_14_V = extractvalue { i16, i16, i16, i16, i16, i16, i16, i16, i16, i16, i16, i16, i16, i16, i16 } %call_ret, 5" [firmware/nnet_utils/nnet_conv1d_latency.h:189->firmware/nnet_utils/nnet_conv1d.h:60]   --->   Operation 54 'extractvalue' 'res_tmp_1_14_V' <Predicate = true> <Delay = 0.00>
ST_1 : Operation 55 [1/1] (0.00ns)   --->   "%res_tmp_1_22_V = extractvalue { i16, i16, i16, i16, i16, i16, i16, i16, i16, i16, i16, i16, i16, i16, i16 } %call_ret, 6" [firmware/nnet_utils/nnet_conv1d_latency.h:189->firmware/nnet_utils/nnet_conv1d.h:60]   --->   Operation 55 'extractvalue' 'res_tmp_1_22_V' <Predicate = true> <Delay = 0.00>
ST_1 : Operation 56 [1/1] (0.00ns)   --->   "%res_tmp_1_23_V = extractvalue { i16, i16, i16, i16, i16, i16, i16, i16, i16, i16, i16, i16, i16, i16, i16 } %call_ret, 7" [firmware/nnet_utils/nnet_conv1d_latency.h:189->firmware/nnet_utils/nnet_conv1d.h:60]   --->   Operation 56 'extractvalue' 'res_tmp_1_23_V' <Predicate = true> <Delay = 0.00>
ST_1 : Operation 57 [1/1] (0.00ns)   --->   "%res_tmp_1_24_V = extractvalue { i16, i16, i16, i16, i16, i16, i16, i16, i16, i16, i16, i16, i16, i16, i16 } %call_ret, 8" [firmware/nnet_utils/nnet_conv1d_latency.h:189->firmware/nnet_utils/nnet_conv1d.h:60]   --->   Operation 57 'extractvalue' 'res_tmp_1_24_V' <Predicate = true> <Delay = 0.00>
ST_1 : Operation 58 [1/1] (0.00ns)   --->   "%res_tmp_1_32_V = extractvalue { i16, i16, i16, i16, i16, i16, i16, i16, i16, i16, i16, i16, i16, i16, i16 } %call_ret, 9" [firmware/nnet_utils/nnet_conv1d_latency.h:189->firmware/nnet_utils/nnet_conv1d.h:60]   --->   Operation 58 'extractvalue' 'res_tmp_1_32_V' <Predicate = true> <Delay = 0.00>
ST_1 : Operation 59 [1/1] (0.00ns)   --->   "%res_tmp_1_33_V = extractvalue { i16, i16, i16, i16, i16, i16, i16, i16, i16, i16, i16, i16, i16, i16, i16 } %call_ret, 10" [firmware/nnet_utils/nnet_conv1d_latency.h:189->firmware/nnet_utils/nnet_conv1d.h:60]   --->   Operation 59 'extractvalue' 'res_tmp_1_33_V' <Predicate = true> <Delay = 0.00>
ST_1 : Operation 60 [1/1] (0.00ns)   --->   "%res_tmp_1_34_V = extractvalue { i16, i16, i16, i16, i16, i16, i16, i16, i16, i16, i16, i16, i16, i16, i16 } %call_ret, 11" [firmware/nnet_utils/nnet_conv1d_latency.h:189->firmware/nnet_utils/nnet_conv1d.h:60]   --->   Operation 60 'extractvalue' 'res_tmp_1_34_V' <Predicate = true> <Delay = 0.00>
ST_1 : Operation 61 [1/1] (0.00ns)   --->   "%res_tmp_1_42_V = extractvalue { i16, i16, i16, i16, i16, i16, i16, i16, i16, i16, i16, i16, i16, i16, i16 } %call_ret, 12" [firmware/nnet_utils/nnet_conv1d_latency.h:189->firmware/nnet_utils/nnet_conv1d.h:60]   --->   Operation 61 'extractvalue' 'res_tmp_1_42_V' <Predicate = true> <Delay = 0.00>
ST_1 : Operation 62 [1/1] (0.00ns)   --->   "%res_tmp_1_43_V = extractvalue { i16, i16, i16, i16, i16, i16, i16, i16, i16, i16, i16, i16, i16, i16, i16 } %call_ret, 13" [firmware/nnet_utils/nnet_conv1d_latency.h:189->firmware/nnet_utils/nnet_conv1d.h:60]   --->   Operation 62 'extractvalue' 'res_tmp_1_43_V' <Predicate = true> <Delay = 0.00>
ST_1 : Operation 63 [1/1] (0.00ns)   --->   "%res_tmp_1_44_V = extractvalue { i16, i16, i16, i16, i16, i16, i16, i16, i16, i16, i16, i16, i16, i16, i16 } %call_ret, 14" [firmware/nnet_utils/nnet_conv1d_latency.h:189->firmware/nnet_utils/nnet_conv1d.h:60]   --->   Operation 63 'extractvalue' 'res_tmp_1_44_V' <Predicate = true> <Delay = 0.00>
ST_1 : Operation 64 [1/1] (0.00ns)   --->   "%newret = insertvalue { i16, i16, i16, i16, i16, i16, i16, i16, i16, i16, i16, i16, i16, i16, i16, i16, i16, i16, i16, i16, i16, i16, i16, i16, i16, i16, i16, i16, i16, i16 } undef, i16 %res_tmp_0_2_V, 0" [firmware/nnet_utils/nnet_conv1d_latency.h:188->firmware/nnet_utils/nnet_conv1d.h:60]   --->   Operation 64 'insertvalue' 'newret' <Predicate = true> <Delay = 0.00>
ST_1 : Operation 65 [1/1] (0.00ns)   --->   "%newret2 = insertvalue { i16, i16, i16, i16, i16, i16, i16, i16, i16, i16, i16, i16, i16, i16, i16, i16, i16, i16, i16, i16, i16, i16, i16, i16, i16, i16, i16, i16, i16, i16 } %newret, i16 %res_tmp_0_3_V, 1" [firmware/nnet_utils/nnet_conv1d_latency.h:188->firmware/nnet_utils/nnet_conv1d.h:60]   --->   Operation 65 'insertvalue' 'newret2' <Predicate = true> <Delay = 0.00>
ST_1 : Operation 66 [1/1] (0.00ns)   --->   "%newret4 = insertvalue { i16, i16, i16, i16, i16, i16, i16, i16, i16, i16, i16, i16, i16, i16, i16, i16, i16, i16, i16, i16, i16, i16, i16, i16, i16, i16, i16, i16, i16, i16 } %newret2, i16 %res_tmp_0_4_V, 2" [firmware/nnet_utils/nnet_conv1d_latency.h:188->firmware/nnet_utils/nnet_conv1d.h:60]   --->   Operation 66 'insertvalue' 'newret4' <Predicate = true> <Delay = 0.00>
ST_1 : Operation 67 [1/1] (0.00ns)   --->   "%newret6 = insertvalue { i16, i16, i16, i16, i16, i16, i16, i16, i16, i16, i16, i16, i16, i16, i16, i16, i16, i16, i16, i16, i16, i16, i16, i16, i16, i16, i16, i16, i16, i16 } %newret4, i16 %res_tmp_0_12_V, 3" [firmware/nnet_utils/nnet_conv1d_latency.h:188->firmware/nnet_utils/nnet_conv1d.h:60]   --->   Operation 67 'insertvalue' 'newret6' <Predicate = true> <Delay = 0.00>
ST_1 : Operation 68 [1/1] (0.00ns)   --->   "%newret8 = insertvalue { i16, i16, i16, i16, i16, i16, i16, i16, i16, i16, i16, i16, i16, i16, i16, i16, i16, i16, i16, i16, i16, i16, i16, i16, i16, i16, i16, i16, i16, i16 } %newret6, i16 %res_tmp_0_13_V, 4" [firmware/nnet_utils/nnet_conv1d_latency.h:188->firmware/nnet_utils/nnet_conv1d.h:60]   --->   Operation 68 'insertvalue' 'newret8' <Predicate = true> <Delay = 0.00>
ST_1 : Operation 69 [1/1] (0.00ns)   --->   "%newret10 = insertvalue { i16, i16, i16, i16, i16, i16, i16, i16, i16, i16, i16, i16, i16, i16, i16, i16, i16, i16, i16, i16, i16, i16, i16, i16, i16, i16, i16, i16, i16, i16 } %newret8, i16 %res_tmp_0_14_V, 5" [firmware/nnet_utils/nnet_conv1d_latency.h:188->firmware/nnet_utils/nnet_conv1d.h:60]   --->   Operation 69 'insertvalue' 'newret10' <Predicate = true> <Delay = 0.00>
ST_1 : Operation 70 [1/1] (0.00ns)   --->   "%newret12 = insertvalue { i16, i16, i16, i16, i16, i16, i16, i16, i16, i16, i16, i16, i16, i16, i16, i16, i16, i16, i16, i16, i16, i16, i16, i16, i16, i16, i16, i16, i16, i16 } %newret10, i16 %res_tmp_0_22_V, 6" [firmware/nnet_utils/nnet_conv1d_latency.h:188->firmware/nnet_utils/nnet_conv1d.h:60]   --->   Operation 70 'insertvalue' 'newret12' <Predicate = true> <Delay = 0.00>
ST_1 : Operation 71 [1/1] (0.00ns)   --->   "%newret14 = insertvalue { i16, i16, i16, i16, i16, i16, i16, i16, i16, i16, i16, i16, i16, i16, i16, i16, i16, i16, i16, i16, i16, i16, i16, i16, i16, i16, i16, i16, i16, i16 } %newret12, i16 %res_tmp_0_23_V, 7" [firmware/nnet_utils/nnet_conv1d_latency.h:188->firmware/nnet_utils/nnet_conv1d.h:60]   --->   Operation 71 'insertvalue' 'newret14' <Predicate = true> <Delay = 0.00>
ST_1 : Operation 72 [1/1] (0.00ns)   --->   "%newret15 = insertvalue { i16, i16, i16, i16, i16, i16, i16, i16, i16, i16, i16, i16, i16, i16, i16, i16, i16, i16, i16, i16, i16, i16, i16, i16, i16, i16, i16, i16, i16, i16 } %newret14, i16 %res_tmp_0_24_V, 8" [firmware/nnet_utils/nnet_conv1d_latency.h:188->firmware/nnet_utils/nnet_conv1d.h:60]   --->   Operation 72 'insertvalue' 'newret15' <Predicate = true> <Delay = 0.00>
ST_1 : Operation 73 [1/1] (0.00ns)   --->   "%newret16 = insertvalue { i16, i16, i16, i16, i16, i16, i16, i16, i16, i16, i16, i16, i16, i16, i16, i16, i16, i16, i16, i16, i16, i16, i16, i16, i16, i16, i16, i16, i16, i16 } %newret15, i16 %res_tmp_0_32_V, 9" [firmware/nnet_utils/nnet_conv1d_latency.h:188->firmware/nnet_utils/nnet_conv1d.h:60]   --->   Operation 73 'insertvalue' 'newret16' <Predicate = true> <Delay = 0.00>
ST_1 : Operation 74 [1/1] (0.00ns)   --->   "%newret17 = insertvalue { i16, i16, i16, i16, i16, i16, i16, i16, i16, i16, i16, i16, i16, i16, i16, i16, i16, i16, i16, i16, i16, i16, i16, i16, i16, i16, i16, i16, i16, i16 } %newret16, i16 %res_tmp_0_33_V, 10" [firmware/nnet_utils/nnet_conv1d_latency.h:188->firmware/nnet_utils/nnet_conv1d.h:60]   --->   Operation 74 'insertvalue' 'newret17' <Predicate = true> <Delay = 0.00>
ST_1 : Operation 75 [1/1] (0.00ns)   --->   "%newret18 = insertvalue { i16, i16, i16, i16, i16, i16, i16, i16, i16, i16, i16, i16, i16, i16, i16, i16, i16, i16, i16, i16, i16, i16, i16, i16, i16, i16, i16, i16, i16, i16 } %newret17, i16 %res_tmp_0_34_V, 11" [firmware/nnet_utils/nnet_conv1d_latency.h:188->firmware/nnet_utils/nnet_conv1d.h:60]   --->   Operation 75 'insertvalue' 'newret18' <Predicate = true> <Delay = 0.00>
ST_1 : Operation 76 [1/1] (0.00ns)   --->   "%newret19 = insertvalue { i16, i16, i16, i16, i16, i16, i16, i16, i16, i16, i16, i16, i16, i16, i16, i16, i16, i16, i16, i16, i16, i16, i16, i16, i16, i16, i16, i16, i16, i16 } %newret18, i16 %res_tmp_0_42_V, 12" [firmware/nnet_utils/nnet_conv1d_latency.h:188->firmware/nnet_utils/nnet_conv1d.h:60]   --->   Operation 76 'insertvalue' 'newret19' <Predicate = true> <Delay = 0.00>
ST_1 : Operation 77 [1/1] (0.00ns)   --->   "%newret20 = insertvalue { i16, i16, i16, i16, i16, i16, i16, i16, i16, i16, i16, i16, i16, i16, i16, i16, i16, i16, i16, i16, i16, i16, i16, i16, i16, i16, i16, i16, i16, i16 } %newret19, i16 %res_tmp_0_43_V, 13" [firmware/nnet_utils/nnet_conv1d_latency.h:188->firmware/nnet_utils/nnet_conv1d.h:60]   --->   Operation 77 'insertvalue' 'newret20' <Predicate = true> <Delay = 0.00>
ST_1 : Operation 78 [1/1] (0.00ns)   --->   "%newret21 = insertvalue { i16, i16, i16, i16, i16, i16, i16, i16, i16, i16, i16, i16, i16, i16, i16, i16, i16, i16, i16, i16, i16, i16, i16, i16, i16, i16, i16, i16, i16, i16 } %newret20, i16 %res_tmp_0_44_V, 14" [firmware/nnet_utils/nnet_conv1d_latency.h:188->firmware/nnet_utils/nnet_conv1d.h:60]   --->   Operation 78 'insertvalue' 'newret21' <Predicate = true> <Delay = 0.00>
ST_1 : Operation 79 [1/1] (0.00ns)   --->   "%newret22 = insertvalue { i16, i16, i16, i16, i16, i16, i16, i16, i16, i16, i16, i16, i16, i16, i16, i16, i16, i16, i16, i16, i16, i16, i16, i16, i16, i16, i16, i16, i16, i16 } %newret21, i16 %res_tmp_1_2_V, 15" [firmware/nnet_utils/nnet_conv1d_latency.h:188->firmware/nnet_utils/nnet_conv1d.h:60]   --->   Operation 79 'insertvalue' 'newret22' <Predicate = true> <Delay = 0.00>
ST_1 : Operation 80 [1/1] (0.00ns)   --->   "%newret23 = insertvalue { i16, i16, i16, i16, i16, i16, i16, i16, i16, i16, i16, i16, i16, i16, i16, i16, i16, i16, i16, i16, i16, i16, i16, i16, i16, i16, i16, i16, i16, i16 } %newret22, i16 %res_tmp_1_3_V, 16" [firmware/nnet_utils/nnet_conv1d_latency.h:188->firmware/nnet_utils/nnet_conv1d.h:60]   --->   Operation 80 'insertvalue' 'newret23' <Predicate = true> <Delay = 0.00>
ST_1 : Operation 81 [1/1] (0.00ns)   --->   "%newret24 = insertvalue { i16, i16, i16, i16, i16, i16, i16, i16, i16, i16, i16, i16, i16, i16, i16, i16, i16, i16, i16, i16, i16, i16, i16, i16, i16, i16, i16, i16, i16, i16 } %newret23, i16 %res_tmp_1_4_V, 17" [firmware/nnet_utils/nnet_conv1d_latency.h:188->firmware/nnet_utils/nnet_conv1d.h:60]   --->   Operation 81 'insertvalue' 'newret24' <Predicate = true> <Delay = 0.00>
ST_1 : Operation 82 [1/1] (0.00ns)   --->   "%newret25 = insertvalue { i16, i16, i16, i16, i16, i16, i16, i16, i16, i16, i16, i16, i16, i16, i16, i16, i16, i16, i16, i16, i16, i16, i16, i16, i16, i16, i16, i16, i16, i16 } %newret24, i16 %res_tmp_1_12_V, 18" [firmware/nnet_utils/nnet_conv1d_latency.h:188->firmware/nnet_utils/nnet_conv1d.h:60]   --->   Operation 82 'insertvalue' 'newret25' <Predicate = true> <Delay = 0.00>
ST_1 : Operation 83 [1/1] (0.00ns)   --->   "%newret26 = insertvalue { i16, i16, i16, i16, i16, i16, i16, i16, i16, i16, i16, i16, i16, i16, i16, i16, i16, i16, i16, i16, i16, i16, i16, i16, i16, i16, i16, i16, i16, i16 } %newret25, i16 %res_tmp_1_13_V, 19" [firmware/nnet_utils/nnet_conv1d_latency.h:188->firmware/nnet_utils/nnet_conv1d.h:60]   --->   Operation 83 'insertvalue' 'newret26' <Predicate = true> <Delay = 0.00>
ST_1 : Operation 84 [1/1] (0.00ns)   --->   "%newret27 = insertvalue { i16, i16, i16, i16, i16, i16, i16, i16, i16, i16, i16, i16, i16, i16, i16, i16, i16, i16, i16, i16, i16, i16, i16, i16, i16, i16, i16, i16, i16, i16 } %newret26, i16 %res_tmp_1_14_V, 20" [firmware/nnet_utils/nnet_conv1d_latency.h:188->firmware/nnet_utils/nnet_conv1d.h:60]   --->   Operation 84 'insertvalue' 'newret27' <Predicate = true> <Delay = 0.00>
ST_1 : Operation 85 [1/1] (0.00ns)   --->   "%newret28 = insertvalue { i16, i16, i16, i16, i16, i16, i16, i16, i16, i16, i16, i16, i16, i16, i16, i16, i16, i16, i16, i16, i16, i16, i16, i16, i16, i16, i16, i16, i16, i16 } %newret27, i16 %res_tmp_1_22_V, 21" [firmware/nnet_utils/nnet_conv1d_latency.h:188->firmware/nnet_utils/nnet_conv1d.h:60]   --->   Operation 85 'insertvalue' 'newret28' <Predicate = true> <Delay = 0.00>
ST_1 : Operation 86 [1/1] (0.00ns)   --->   "%newret29 = insertvalue { i16, i16, i16, i16, i16, i16, i16, i16, i16, i16, i16, i16, i16, i16, i16, i16, i16, i16, i16, i16, i16, i16, i16, i16, i16, i16, i16, i16, i16, i16 } %newret28, i16 %res_tmp_1_23_V, 22" [firmware/nnet_utils/nnet_conv1d_latency.h:188->firmware/nnet_utils/nnet_conv1d.h:60]   --->   Operation 86 'insertvalue' 'newret29' <Predicate = true> <Delay = 0.00>
ST_1 : Operation 87 [1/1] (0.00ns)   --->   "%newret30 = insertvalue { i16, i16, i16, i16, i16, i16, i16, i16, i16, i16, i16, i16, i16, i16, i16, i16, i16, i16, i16, i16, i16, i16, i16, i16, i16, i16, i16, i16, i16, i16 } %newret29, i16 %res_tmp_1_24_V, 23" [firmware/nnet_utils/nnet_conv1d_latency.h:188->firmware/nnet_utils/nnet_conv1d.h:60]   --->   Operation 87 'insertvalue' 'newret30' <Predicate = true> <Delay = 0.00>
ST_1 : Operation 88 [1/1] (0.00ns)   --->   "%newret31 = insertvalue { i16, i16, i16, i16, i16, i16, i16, i16, i16, i16, i16, i16, i16, i16, i16, i16, i16, i16, i16, i16, i16, i16, i16, i16, i16, i16, i16, i16, i16, i16 } %newret30, i16 %res_tmp_1_32_V, 24" [firmware/nnet_utils/nnet_conv1d_latency.h:188->firmware/nnet_utils/nnet_conv1d.h:60]   --->   Operation 88 'insertvalue' 'newret31' <Predicate = true> <Delay = 0.00>
ST_1 : Operation 89 [1/1] (0.00ns)   --->   "%newret32 = insertvalue { i16, i16, i16, i16, i16, i16, i16, i16, i16, i16, i16, i16, i16, i16, i16, i16, i16, i16, i16, i16, i16, i16, i16, i16, i16, i16, i16, i16, i16, i16 } %newret31, i16 %res_tmp_1_33_V, 25" [firmware/nnet_utils/nnet_conv1d_latency.h:188->firmware/nnet_utils/nnet_conv1d.h:60]   --->   Operation 89 'insertvalue' 'newret32' <Predicate = true> <Delay = 0.00>
ST_1 : Operation 90 [1/1] (0.00ns)   --->   "%newret33 = insertvalue { i16, i16, i16, i16, i16, i16, i16, i16, i16, i16, i16, i16, i16, i16, i16, i16, i16, i16, i16, i16, i16, i16, i16, i16, i16, i16, i16, i16, i16, i16 } %newret32, i16 %res_tmp_1_34_V, 26" [firmware/nnet_utils/nnet_conv1d_latency.h:188->firmware/nnet_utils/nnet_conv1d.h:60]   --->   Operation 90 'insertvalue' 'newret33' <Predicate = true> <Delay = 0.00>
ST_1 : Operation 91 [1/1] (0.00ns)   --->   "%newret34 = insertvalue { i16, i16, i16, i16, i16, i16, i16, i16, i16, i16, i16, i16, i16, i16, i16, i16, i16, i16, i16, i16, i16, i16, i16, i16, i16, i16, i16, i16, i16, i16 } %newret33, i16 %res_tmp_1_42_V, 27" [firmware/nnet_utils/nnet_conv1d_latency.h:188->firmware/nnet_utils/nnet_conv1d.h:60]   --->   Operation 91 'insertvalue' 'newret34' <Predicate = true> <Delay = 0.00>
ST_1 : Operation 92 [1/1] (0.00ns)   --->   "%newret35 = insertvalue { i16, i16, i16, i16, i16, i16, i16, i16, i16, i16, i16, i16, i16, i16, i16, i16, i16, i16, i16, i16, i16, i16, i16, i16, i16, i16, i16, i16, i16, i16 } %newret34, i16 %res_tmp_1_43_V, 28" [firmware/nnet_utils/nnet_conv1d_latency.h:188->firmware/nnet_utils/nnet_conv1d.h:60]   --->   Operation 92 'insertvalue' 'newret35' <Predicate = true> <Delay = 0.00>
ST_1 : Operation 93 [1/1] (0.00ns)   --->   "%newret36 = insertvalue { i16, i16, i16, i16, i16, i16, i16, i16, i16, i16, i16, i16, i16, i16, i16, i16, i16, i16, i16, i16, i16, i16, i16, i16, i16, i16, i16, i16, i16, i16 } %newret35, i16 %res_tmp_1_44_V, 29" [firmware/nnet_utils/nnet_conv1d_latency.h:188->firmware/nnet_utils/nnet_conv1d.h:60]   --->   Operation 93 'insertvalue' 'newret36' <Predicate = true> <Delay = 0.00>
ST_1 : Operation 94 [1/1] (0.00ns)   --->   "ret { i16, i16, i16, i16, i16, i16, i16, i16, i16, i16, i16, i16, i16, i16, i16, i16, i16, i16, i16, i16, i16, i16, i16, i16, i16, i16, i16, i16, i16, i16 } %newret36" [firmware/nnet_utils/nnet_conv1d_latency.h:188->firmware/nnet_utils/nnet_conv1d.h:60]   --->   Operation 94 'ret' <Predicate = true> <Delay = 0.00>


============================================================
+ Verbose Summary: Timing violations
============================================================
Target clock period: 5ns, clock uncertainty: 0.625ns.

 <State 1>: 3.43ns
The critical path consists of the following:
	wire read on port 'data_97_V_read' (firmware/nnet_utils/nnet_conv1d.h:48) [31]  (0 ns)
	'call' operation ('call_ret', firmware/nnet_utils/nnet_conv1d_latency.h:189->firmware/nnet_utils/nnet_conv1d.h:60) to 'pointwise_conv_1d_latency_cl.0.0.0.0.0.0.0.0.0.0.0.0.0.0.0.0.0.0.0.0.0.0.0.0.0.0' [77]  (3.43 ns)


============================================================
+ Verbose Summary: Binding
============================================================
N/A
* FSMD analyzer results:
  - Output states:
 - Input state : 
  - Chain level:
	State 1


============================================================
+ Verbose Summary: Datapath Resource usage 
============================================================
N/A
