

================================================================
== Vivado HLS Report for 'pointwise_conv_1d_latency_cl_0_0_0_0_0_0_0_0_0_0_0_0_0_0_0_0_0_0_0_0_0_0_0_0_0_0'
================================================================
* Date:           Wed Nov 15 18:37:48 2023

* Version:        2019.2 (Build 2704478 on Wed Nov 06 22:10:23 MST 2019)
* Project:        myproject_prj
* Solution:       solution1
* Product family: virtexuplus
* Target device:  xcu250-figd2104-2L-e


================================================================
== Performance Estimates
================================================================
+ Timing: 
    * Summary: 
    +--------+---------+----------+------------+
    |  Clock |  Target | Estimated| Uncertainty|
    +--------+---------+----------+------------+
    |ap_clk  | 5.00 ns | 2.827 ns |   0.62 ns  |
    +--------+---------+----------+------------+

+ Latency: 
    * Summary: 
    +---------+---------+----------+----------+-----+-----+----------+
    |  Latency (cycles) |  Latency (absolute) |  Interval | Pipeline |
    |   min   |   max   |    min   |    max   | min | max |   Type   |
    +---------+---------+----------+----------+-----+-----+----------+
    |        0|        0|   0 ns   |   0 ns   |    1|    1| function |
    +---------+---------+----------+----------+-----+-----+----------+

    + Detail: 
        * Instance: 
        N/A

        * Loop: 
        N/A

============================================================
+ Verbose Summary: Synthesis Manager
============================================================
InlineROM: 1
ExposeGlobal: 0
============================================================
+ Verbose Summary: CDFG Model
============================================================
IsTopModel: 0
ResetActiveHigh: 1
IsCombinational: 0
IsDatapathOnly: 0
HasWiredReturn: 1
HasMFsm: 2
HasVarLatency: 0
IsPipeline: 1
IsRtlPipelined: 0
IsInstanceOverlapped: 0
IsDontTouch: 0
HasImplIP: 0
IsGatedGlobalClock: 0

+ Individual pipeline summary: 
  * Pipeline-0: initiation interval (II) = 1, depth = 1


============================================================
+ Verbose Summary: Schedule
============================================================
* Number of FSM states : 1
* Pipeline : 1
  Pipeline-0 : II = 1, D = 1, States = { 1 }
* Dataflow Pipeline: 0

* FSM state transitions: 
1 --> 

* FSM state operations: 

State 1 <SV = 0> <Delay = 2.82>
ST_1 : Operation 2 [1/1] (0.00ns)   --->   "%p_read_55 = call i8 @_ssdm_op_Read.ap_auto.i8(i8 %p_read14)" [firmware/nnet_utils/nnet_conv1d_latency.h:88]   --->   Operation 2 'read' 'p_read_55' <Predicate = true> <Delay = 0.00>
ST_1 : Operation 3 [1/1] (0.00ns)   --->   "%p_read_56 = call i8 @_ssdm_op_Read.ap_auto.i8(i8 %p_read13)" [firmware/nnet_utils/nnet_conv1d_latency.h:88]   --->   Operation 3 'read' 'p_read_56' <Predicate = true> <Delay = 0.00>
ST_1 : Operation 4 [1/1] (0.00ns)   --->   "%p_read_57 = call i8 @_ssdm_op_Read.ap_auto.i8(i8 %p_read12)" [firmware/nnet_utils/nnet_conv1d_latency.h:88]   --->   Operation 4 'read' 'p_read_57' <Predicate = true> <Delay = 0.00>
ST_1 : Operation 5 [1/1] (0.00ns)   --->   "%p_read_58 = call i8 @_ssdm_op_Read.ap_auto.i8(i8 %p_read11)" [firmware/nnet_utils/nnet_conv1d_latency.h:88]   --->   Operation 5 'read' 'p_read_58' <Predicate = true> <Delay = 0.00>
ST_1 : Operation 6 [1/1] (0.00ns)   --->   "%p_read1025 = call i8 @_ssdm_op_Read.ap_auto.i8(i8 %p_read10)" [firmware/nnet_utils/nnet_conv1d_latency.h:88]   --->   Operation 6 'read' 'p_read1025' <Predicate = true> <Delay = 0.00>
ST_1 : Operation 7 [1/1] (0.00ns)   --->   "%p_read924 = call i8 @_ssdm_op_Read.ap_auto.i8(i8 %p_read9)" [firmware/nnet_utils/nnet_conv1d_latency.h:88]   --->   Operation 7 'read' 'p_read924' <Predicate = true> <Delay = 0.00>
ST_1 : Operation 8 [1/1] (0.00ns)   --->   "%p_read823 = call i8 @_ssdm_op_Read.ap_auto.i8(i8 %p_read8)" [firmware/nnet_utils/nnet_conv1d_latency.h:88]   --->   Operation 8 'read' 'p_read823' <Predicate = true> <Delay = 0.00>
ST_1 : Operation 9 [1/1] (0.00ns)   --->   "%p_read722 = call i8 @_ssdm_op_Read.ap_auto.i8(i8 %p_read7)" [firmware/nnet_utils/nnet_conv1d_latency.h:88]   --->   Operation 9 'read' 'p_read722' <Predicate = true> <Delay = 0.00>
ST_1 : Operation 10 [1/1] (0.00ns)   --->   "%p_read621 = call i8 @_ssdm_op_Read.ap_auto.i8(i8 %p_read6)" [firmware/nnet_utils/nnet_conv1d_latency.h:88]   --->   Operation 10 'read' 'p_read621' <Predicate = true> <Delay = 0.00>
ST_1 : Operation 11 [1/1] (0.00ns)   --->   "%p_read520 = call i8 @_ssdm_op_Read.ap_auto.i8(i8 %p_read5)" [firmware/nnet_utils/nnet_conv1d_latency.h:88]   --->   Operation 11 'read' 'p_read520' <Predicate = true> <Delay = 0.00>
ST_1 : Operation 12 [1/1] (0.00ns)   --->   "%p_read419 = call i8 @_ssdm_op_Read.ap_auto.i8(i8 %p_read4)" [firmware/nnet_utils/nnet_conv1d_latency.h:88]   --->   Operation 12 'read' 'p_read419' <Predicate = true> <Delay = 0.00>
ST_1 : Operation 13 [1/1] (0.00ns)   --->   "%p_read318 = call i8 @_ssdm_op_Read.ap_auto.i8(i8 %p_read3)" [firmware/nnet_utils/nnet_conv1d_latency.h:88]   --->   Operation 13 'read' 'p_read318' <Predicate = true> <Delay = 0.00>
ST_1 : Operation 14 [1/1] (0.00ns)   --->   "%p_read217 = call i8 @_ssdm_op_Read.ap_auto.i8(i8 %p_read2)" [firmware/nnet_utils/nnet_conv1d_latency.h:88]   --->   Operation 14 'read' 'p_read217' <Predicate = true> <Delay = 0.00>
ST_1 : Operation 15 [1/1] (0.00ns)   --->   "%p_read116 = call i8 @_ssdm_op_Read.ap_auto.i8(i8 %p_read1)" [firmware/nnet_utils/nnet_conv1d_latency.h:88]   --->   Operation 15 'read' 'p_read116' <Predicate = true> <Delay = 0.00>
ST_1 : Operation 16 [1/1] (0.00ns)   --->   "%p_read15 = call i8 @_ssdm_op_Read.ap_auto.i8(i8 %p_read)" [firmware/nnet_utils/nnet_conv1d_latency.h:88]   --->   Operation 16 'read' 'p_read15' <Predicate = true> <Delay = 0.00>
ST_1 : Operation 17 [1/1] (0.00ns)   --->   "call void (...)* @_ssdm_op_SpecPipeline(i32 2, i32 1, i32 1, i32 0, [1 x i8]* @p_str11) nounwind" [firmware/nnet_utils/nnet_conv1d_latency.h:104]   --->   Operation 17 'specpipeline' <Predicate = true> <Delay = 0.00>
ST_1 : Operation 18 [1/1] (0.00ns)   --->   "call void (...)* @_ssdm_op_SpecResourceLimit(i32 250, [4 x i8]* @p_str13, [1 x i8]* @p_str11, [1 x i8]* @p_str11, [1 x i8]* @p_str11) nounwind" [firmware/nnet_utils/nnet_conv1d_latency.h:112]   --->   Operation 18 'specresourcelimit' <Predicate = true> <Delay = 0.00>
ST_1 : Operation 19 [1/1] (0.00ns)   --->   "%zext_ln1116 = zext i8 %p_read15 to i14" [firmware/nnet_utils/nnet_conv1d_latency.h:130]   --->   Operation 19 'zext' 'zext_ln1116' <Predicate = true> <Delay = 0.00>
ST_1 : Operation 20 [1/1] (0.00ns)   --->   "%zext_ln1116_1 = zext i8 %p_read116 to i9" [firmware/nnet_utils/nnet_conv1d_latency.h:130]   --->   Operation 20 'zext' 'zext_ln1116_1' <Predicate = true> <Delay = 0.00>
ST_1 : Operation 21 [1/1] (0.00ns)   --->   "%zext_ln1116_2 = zext i8 %p_read217 to i9" [firmware/nnet_utils/nnet_conv1d_latency.h:130]   --->   Operation 21 'zext' 'zext_ln1116_2' <Predicate = true> <Delay = 0.00>
ST_1 : Operation 22 [1/1] (0.00ns)   --->   "%zext_ln1116_3 = zext i8 %p_read217 to i12" [firmware/nnet_utils/nnet_conv1d_latency.h:130]   --->   Operation 22 'zext' 'zext_ln1116_3' <Predicate = true> <Delay = 0.00>
ST_1 : Operation 23 [1/1] (0.00ns)   --->   "%zext_ln708 = zext i8 %p_read116 to i13" [firmware/nnet_utils/nnet_conv1d_latency.h:130]   --->   Operation 23 'zext' 'zext_ln708' <Predicate = true> <Delay = 0.00>
ST_1 : Operation 24 [1/1] (0.00ns)   --->   "%shl_ln = call i12 @_ssdm_op_BitConcatenate.i12.i8.i4(i8 %p_read116, i4 0)" [firmware/nnet_utils/nnet_conv1d_latency.h:130]   --->   Operation 24 'bitconcatenate' 'shl_ln' <Predicate = true> <Delay = 0.00>
ST_1 : Operation 25 [1/1] (0.00ns)   --->   "%zext_ln708_1 = zext i12 %shl_ln to i13" [firmware/nnet_utils/nnet_conv1d_latency.h:130]   --->   Operation 25 'zext' 'zext_ln708_1' <Predicate = true> <Delay = 0.00>
ST_1 : Operation 26 [1/1] (0.00ns)   --->   "%shl_ln708_1 = call i10 @_ssdm_op_BitConcatenate.i10.i8.i2(i8 %p_read116, i2 0)" [firmware/nnet_utils/nnet_conv1d_latency.h:130]   --->   Operation 26 'bitconcatenate' 'shl_ln708_1' <Predicate = true> <Delay = 0.00>
ST_1 : Operation 27 [1/1] (0.00ns)   --->   "%zext_ln708_3 = zext i10 %shl_ln708_1 to i13" [firmware/nnet_utils/nnet_conv1d_latency.h:130]   --->   Operation 27 'zext' 'zext_ln708_3' <Predicate = true> <Delay = 0.00>
ST_1 : Operation 28 [1/1] (0.52ns)   --->   "%add_ln708 = add i13 %zext_ln708_1, %zext_ln708_3" [firmware/nnet_utils/nnet_conv1d_latency.h:130]   --->   Operation 28 'add' 'add_ln708' <Predicate = true> <Delay = 0.52> <Core = "AddSub">   --->   Core 14 'AddSub' <Latency = 0> <II = 1> <Delay = 0.54> <FuncUnit> <Opcode : 'add' 'sub'> <InPorts = 2> <OutPorts = 1>
ST_1 : Operation 29 [1/1] (0.00ns)   --->   "%tmp = call i11 @_ssdm_op_PartSelect.i11.i13.i32.i32(i13 %add_ln708, i32 2, i32 12)" [firmware/nnet_utils/nnet_conv1d_latency.h:130]   --->   Operation 29 'partselect' 'tmp' <Predicate = true> <Delay = 0.00>
ST_1 : Operation 30 [1/1] (0.00ns)   --->   "%zext_ln1118_10 = zext i11 %tmp to i12" [firmware/nnet_utils/nnet_conv1d_latency.h:130]   --->   Operation 30 'zext' 'zext_ln1118_10' <Predicate = true> <Delay = 0.00>
ST_1 : Operation 31 [1/1] (0.48ns)   --->   "%sub_ln1118 = sub i9 0, %zext_ln1116_2" [firmware/nnet_utils/nnet_conv1d_latency.h:130]   --->   Operation 31 'sub' 'sub_ln1118' <Predicate = true> <Delay = 0.48> <Core = "AddSub">   --->   Core 14 'AddSub' <Latency = 0> <II = 1> <Delay = 0.54> <FuncUnit> <Opcode : 'add' 'sub'> <InPorts = 2> <OutPorts = 1>
ST_1 : Operation 32 [1/1] (0.00ns)   --->   "%trunc_ln = call i7 @_ssdm_op_PartSelect.i7.i9.i32.i32(i9 %sub_ln1118, i32 2, i32 8)" [firmware/nnet_utils/nnet_conv1d_latency.h:130]   --->   Operation 32 'partselect' 'trunc_ln' <Predicate = true> <Delay = 0.00>
ST_1 : Operation 33 [1/1] (0.00ns)   --->   "%sext_ln1118 = sext i7 %trunc_ln to i12" [firmware/nnet_utils/nnet_conv1d_latency.h:130]   --->   Operation 33 'sext' 'sext_ln1118' <Predicate = true> <Delay = 0.00>
ST_1 : Operation 34 [1/1] (1.55ns)   --->   "%mul_ln1118 = mul i14 %zext_ln1116, -19" [firmware/nnet_utils/nnet_conv1d_latency.h:130]   --->   Operation 34 'mul' 'mul_ln1118' <Predicate = true> <Delay = 1.55> <Core = "Mul">   --->   Core 16 'Mul' <Latency = 0> <II = 1> <Delay = 1.55> <FuncUnit> <Opcode : 'mul'> <InPorts = 2> <OutPorts = 1>
ST_1 : Operation 35 [1/1] (0.00ns)   --->   "%trunc_ln708_s = call i12 @_ssdm_op_PartSelect.i12.i14.i32.i32(i14 %mul_ln1118, i32 2, i32 13)" [firmware/nnet_utils/nnet_conv1d_latency.h:130]   --->   Operation 35 'partselect' 'trunc_ln708_s' <Predicate = true> <Delay = 0.00>
ST_1 : Operation 36 [1/1] (0.00ns)   --->   "%sext_ln708 = sext i12 %trunc_ln708_s to i13" [firmware/nnet_utils/nnet_conv1d_latency.h:130]   --->   Operation 36 'sext' 'sext_ln708' <Predicate = true> <Delay = 0.00>
ST_1 : Operation 37 [1/1] (1.55ns)   --->   "%mul_ln708 = mul i13 %zext_ln708, 23" [firmware/nnet_utils/nnet_conv1d_latency.h:130]   --->   Operation 37 'mul' 'mul_ln708' <Predicate = true> <Delay = 1.55> <Core = "Mul">   --->   Core 16 'Mul' <Latency = 0> <II = 1> <Delay = 1.55> <FuncUnit> <Opcode : 'mul'> <InPorts = 2> <OutPorts = 1>
ST_1 : Operation 38 [1/1] (0.00ns)   --->   "%lshr_ln708_s = call i11 @_ssdm_op_PartSelect.i11.i13.i32.i32(i13 %mul_ln708, i32 2, i32 12)" [firmware/nnet_utils/nnet_conv1d_latency.h:130]   --->   Operation 38 'partselect' 'lshr_ln708_s' <Predicate = true> <Delay = 0.00>
ST_1 : Operation 39 [1/1] (0.00ns)   --->   "%zext_ln708_5 = zext i11 %lshr_ln708_s to i13" [firmware/nnet_utils/nnet_conv1d_latency.h:130]   --->   Operation 39 'zext' 'zext_ln708_5' <Predicate = true> <Delay = 0.00>
ST_1 : Operation 40 [1/1] (0.00ns)   --->   "%shl_ln1 = call i12 @_ssdm_op_BitConcatenate.i12.i8.i4(i8 %p_read217, i4 0)" [firmware/nnet_utils/nnet_conv1d_latency.h:130]   --->   Operation 40 'bitconcatenate' 'shl_ln1' <Predicate = true> <Delay = 0.00>
ST_1 : Operation 41 [1/1] (0.00ns)   --->   "%zext_ln1118 = zext i12 %shl_ln1 to i13" [firmware/nnet_utils/nnet_conv1d_latency.h:130]   --->   Operation 41 'zext' 'zext_ln1118' <Predicate = true> <Delay = 0.00>
ST_1 : Operation 42 [1/1] (0.52ns)   --->   "%sub_ln1118_10 = sub i13 0, %zext_ln1118" [firmware/nnet_utils/nnet_conv1d_latency.h:130]   --->   Operation 42 'sub' 'sub_ln1118_10' <Predicate = true> <Delay = 0.52> <Core = "AddSub">   --->   Core 14 'AddSub' <Latency = 0> <II = 1> <Delay = 0.54> <FuncUnit> <Opcode : 'add' 'sub'> <InPorts = 2> <OutPorts = 1>
ST_1 : Operation 43 [1/1] (0.00ns)   --->   "%sext_ln1118_1 = sext i13 %sub_ln1118_10 to i14" [firmware/nnet_utils/nnet_conv1d_latency.h:130]   --->   Operation 43 'sext' 'sext_ln1118_1' <Predicate = true> <Delay = 0.00>
ST_1 : Operation 44 [1/1] (0.00ns)   --->   "%shl_ln1118_1 = call i9 @_ssdm_op_BitConcatenate.i9.i8.i1(i8 %p_read217, i1 false)" [firmware/nnet_utils/nnet_conv1d_latency.h:130]   --->   Operation 44 'bitconcatenate' 'shl_ln1118_1' <Predicate = true> <Delay = 0.00>
ST_1 : Operation 45 [1/1] (0.00ns)   --->   "%zext_ln1118_1 = zext i9 %shl_ln1118_1 to i14" [firmware/nnet_utils/nnet_conv1d_latency.h:130]   --->   Operation 45 'zext' 'zext_ln1118_1' <Predicate = true> <Delay = 0.00>
ST_1 : Operation 46 [1/1] (0.54ns)   --->   "%sub_ln1118_11 = sub i14 %sext_ln1118_1, %zext_ln1118_1" [firmware/nnet_utils/nnet_conv1d_latency.h:130]   --->   Operation 46 'sub' 'sub_ln1118_11' <Predicate = true> <Delay = 0.54> <Core = "AddSub">   --->   Core 14 'AddSub' <Latency = 0> <II = 1> <Delay = 0.54> <FuncUnit> <Opcode : 'add' 'sub'> <InPorts = 2> <OutPorts = 1>
ST_1 : Operation 47 [1/1] (0.00ns)   --->   "%trunc_ln708_118 = call i12 @_ssdm_op_PartSelect.i12.i14.i32.i32(i14 %sub_ln1118_11, i32 2, i32 13)" [firmware/nnet_utils/nnet_conv1d_latency.h:130]   --->   Operation 47 'partselect' 'trunc_ln708_118' <Predicate = true> <Delay = 0.00>
ST_1 : Operation 48 [1/1] (0.00ns)   --->   "%sext_ln203 = sext i12 %trunc_ln708_118 to i14" [firmware/nnet_utils/nnet_conv1d_latency.h:130]   --->   Operation 48 'sext' 'sext_ln203' <Predicate = true> <Delay = 0.00>
ST_1 : Operation 49 [1/1] (0.48ns)   --->   "%sub_ln1118_1 = sub i9 0, %zext_ln1116_1" [firmware/nnet_utils/nnet_conv1d_latency.h:130]   --->   Operation 49 'sub' 'sub_ln1118_1' <Predicate = true> <Delay = 0.48> <Core = "AddSub">   --->   Core 14 'AddSub' <Latency = 0> <II = 1> <Delay = 0.54> <FuncUnit> <Opcode : 'add' 'sub'> <InPorts = 2> <OutPorts = 1>
ST_1 : Operation 50 [1/1] (0.00ns)   --->   "%trunc_ln708_119 = call i7 @_ssdm_op_PartSelect.i7.i9.i32.i32(i9 %sub_ln1118_1, i32 2, i32 8)" [firmware/nnet_utils/nnet_conv1d_latency.h:130]   --->   Operation 50 'partselect' 'trunc_ln708_119' <Predicate = true> <Delay = 0.00>
ST_1 : Operation 51 [1/1] (0.00ns)   --->   "%sext_ln708_1 = sext i7 %trunc_ln708_119 to i9" [firmware/nnet_utils/nnet_conv1d_latency.h:130]   --->   Operation 51 'sext' 'sext_ln708_1' <Predicate = true> <Delay = 0.00>
ST_1 : Operation 52 [1/1] (1.55ns)   --->   "%mul_ln708_1 = mul i12 %zext_ln1116_3, 11" [firmware/nnet_utils/nnet_conv1d_latency.h:130]   --->   Operation 52 'mul' 'mul_ln708_1' <Predicate = true> <Delay = 1.55> <Core = "Mul">   --->   Core 16 'Mul' <Latency = 0> <II = 1> <Delay = 1.55> <FuncUnit> <Opcode : 'mul'> <InPorts = 2> <OutPorts = 1>
ST_1 : Operation 53 [1/1] (0.00ns)   --->   "%tmp_1 = call i10 @_ssdm_op_PartSelect.i10.i12.i32.i32(i12 %mul_ln708_1, i32 2, i32 11)" [firmware/nnet_utils/nnet_conv1d_latency.h:130]   --->   Operation 53 'partselect' 'tmp_1' <Predicate = true> <Delay = 0.00>
ST_1 : Operation 54 [1/1] (0.00ns)   --->   "%zext_ln1116_6 = zext i10 %tmp_1 to i11" [firmware/nnet_utils/nnet_conv1d_latency.h:130]   --->   Operation 54 'zext' 'zext_ln1116_6' <Predicate = true> <Delay = 0.00>
ST_1 : Operation 55 [1/1] (0.00ns)   --->   "%zext_ln1116_4 = zext i8 %p_read318 to i14" [firmware/nnet_utils/nnet_conv1d_latency.h:130]   --->   Operation 55 'zext' 'zext_ln1116_4' <Predicate = true> <Delay = 0.00>
ST_1 : Operation 56 [1/1] (0.00ns)   --->   "%zext_ln1116_5 = zext i8 %p_read419 to i9" [firmware/nnet_utils/nnet_conv1d_latency.h:130]   --->   Operation 56 'zext' 'zext_ln1116_5' <Predicate = true> <Delay = 0.00>
ST_1 : Operation 57 [1/1] (0.00ns)   --->   "%zext_ln1116_7 = zext i8 %p_read520 to i9" [firmware/nnet_utils/nnet_conv1d_latency.h:130]   --->   Operation 57 'zext' 'zext_ln1116_7' <Predicate = true> <Delay = 0.00>
ST_1 : Operation 58 [1/1] (0.00ns)   --->   "%zext_ln1116_10 = zext i8 %p_read520 to i12" [firmware/nnet_utils/nnet_conv1d_latency.h:130]   --->   Operation 58 'zext' 'zext_ln1116_10' <Predicate = true> <Delay = 0.00>
ST_1 : Operation 59 [1/1] (0.00ns)   --->   "%zext_ln708_2 = zext i8 %p_read419 to i13" [firmware/nnet_utils/nnet_conv1d_latency.h:130]   --->   Operation 59 'zext' 'zext_ln708_2' <Predicate = true> <Delay = 0.00>
ST_1 : Operation 60 [1/1] (0.00ns)   --->   "%shl_ln708_2 = call i12 @_ssdm_op_BitConcatenate.i12.i8.i4(i8 %p_read419, i4 0)" [firmware/nnet_utils/nnet_conv1d_latency.h:130]   --->   Operation 60 'bitconcatenate' 'shl_ln708_2' <Predicate = true> <Delay = 0.00>
ST_1 : Operation 61 [1/1] (0.00ns)   --->   "%zext_ln708_7 = zext i12 %shl_ln708_2 to i13" [firmware/nnet_utils/nnet_conv1d_latency.h:130]   --->   Operation 61 'zext' 'zext_ln708_7' <Predicate = true> <Delay = 0.00>
ST_1 : Operation 62 [1/1] (0.00ns)   --->   "%shl_ln708_3 = call i10 @_ssdm_op_BitConcatenate.i10.i8.i2(i8 %p_read419, i2 0)" [firmware/nnet_utils/nnet_conv1d_latency.h:130]   --->   Operation 62 'bitconcatenate' 'shl_ln708_3' <Predicate = true> <Delay = 0.00>
ST_1 : Operation 63 [1/1] (0.00ns)   --->   "%zext_ln708_9 = zext i10 %shl_ln708_3 to i13" [firmware/nnet_utils/nnet_conv1d_latency.h:130]   --->   Operation 63 'zext' 'zext_ln708_9' <Predicate = true> <Delay = 0.00>
ST_1 : Operation 64 [1/1] (0.52ns)   --->   "%add_ln708_1 = add i13 %zext_ln708_7, %zext_ln708_9" [firmware/nnet_utils/nnet_conv1d_latency.h:130]   --->   Operation 64 'add' 'add_ln708_1' <Predicate = true> <Delay = 0.52> <Core = "AddSub">   --->   Core 14 'AddSub' <Latency = 0> <II = 1> <Delay = 0.54> <FuncUnit> <Opcode : 'add' 'sub'> <InPorts = 2> <OutPorts = 1>
ST_1 : Operation 65 [1/1] (0.00ns)   --->   "%tmp_2 = call i11 @_ssdm_op_PartSelect.i11.i13.i32.i32(i13 %add_ln708_1, i32 2, i32 12)" [firmware/nnet_utils/nnet_conv1d_latency.h:130]   --->   Operation 65 'partselect' 'tmp_2' <Predicate = true> <Delay = 0.00>
ST_1 : Operation 66 [1/1] (0.00ns)   --->   "%zext_ln1118_11 = zext i11 %tmp_2 to i12" [firmware/nnet_utils/nnet_conv1d_latency.h:130]   --->   Operation 66 'zext' 'zext_ln1118_11' <Predicate = true> <Delay = 0.00>
ST_1 : Operation 67 [1/1] (0.48ns)   --->   "%sub_ln1118_2 = sub i9 0, %zext_ln1116_7" [firmware/nnet_utils/nnet_conv1d_latency.h:130]   --->   Operation 67 'sub' 'sub_ln1118_2' <Predicate = true> <Delay = 0.48> <Core = "AddSub">   --->   Core 14 'AddSub' <Latency = 0> <II = 1> <Delay = 0.54> <FuncUnit> <Opcode : 'add' 'sub'> <InPorts = 2> <OutPorts = 1>
ST_1 : Operation 68 [1/1] (0.00ns)   --->   "%trunc_ln708_120 = call i7 @_ssdm_op_PartSelect.i7.i9.i32.i32(i9 %sub_ln1118_2, i32 2, i32 8)" [firmware/nnet_utils/nnet_conv1d_latency.h:130]   --->   Operation 68 'partselect' 'trunc_ln708_120' <Predicate = true> <Delay = 0.00>
ST_1 : Operation 69 [1/1] (0.00ns)   --->   "%sext_ln1118_2 = sext i7 %trunc_ln708_120 to i12" [firmware/nnet_utils/nnet_conv1d_latency.h:130]   --->   Operation 69 'sext' 'sext_ln1118_2' <Predicate = true> <Delay = 0.00>
ST_1 : Operation 70 [1/1] (1.55ns)   --->   "%mul_ln1118_1 = mul i14 %zext_ln1116_4, -19" [firmware/nnet_utils/nnet_conv1d_latency.h:130]   --->   Operation 70 'mul' 'mul_ln1118_1' <Predicate = true> <Delay = 1.55> <Core = "Mul">   --->   Core 16 'Mul' <Latency = 0> <II = 1> <Delay = 1.55> <FuncUnit> <Opcode : 'mul'> <InPorts = 2> <OutPorts = 1>
ST_1 : Operation 71 [1/1] (0.00ns)   --->   "%trunc_ln708_121 = call i12 @_ssdm_op_PartSelect.i12.i14.i32.i32(i14 %mul_ln1118_1, i32 2, i32 13)" [firmware/nnet_utils/nnet_conv1d_latency.h:130]   --->   Operation 71 'partselect' 'trunc_ln708_121' <Predicate = true> <Delay = 0.00>
ST_1 : Operation 72 [1/1] (0.00ns)   --->   "%sext_ln708_2 = sext i12 %trunc_ln708_121 to i13" [firmware/nnet_utils/nnet_conv1d_latency.h:130]   --->   Operation 72 'sext' 'sext_ln708_2' <Predicate = true> <Delay = 0.00>
ST_1 : Operation 73 [1/1] (1.55ns)   --->   "%mul_ln708_2 = mul i13 %zext_ln708_2, 23" [firmware/nnet_utils/nnet_conv1d_latency.h:130]   --->   Operation 73 'mul' 'mul_ln708_2' <Predicate = true> <Delay = 1.55> <Core = "Mul">   --->   Core 16 'Mul' <Latency = 0> <II = 1> <Delay = 1.55> <FuncUnit> <Opcode : 'mul'> <InPorts = 2> <OutPorts = 1>
ST_1 : Operation 74 [1/1] (0.00ns)   --->   "%lshr_ln708_1 = call i11 @_ssdm_op_PartSelect.i11.i13.i32.i32(i13 %mul_ln708_2, i32 2, i32 12)" [firmware/nnet_utils/nnet_conv1d_latency.h:130]   --->   Operation 74 'partselect' 'lshr_ln708_1' <Predicate = true> <Delay = 0.00>
ST_1 : Operation 75 [1/1] (0.00ns)   --->   "%zext_ln708_10 = zext i11 %lshr_ln708_1 to i13" [firmware/nnet_utils/nnet_conv1d_latency.h:130]   --->   Operation 75 'zext' 'zext_ln708_10' <Predicate = true> <Delay = 0.00>
ST_1 : Operation 76 [1/1] (0.00ns)   --->   "%shl_ln1118_2 = call i12 @_ssdm_op_BitConcatenate.i12.i8.i4(i8 %p_read520, i4 0)" [firmware/nnet_utils/nnet_conv1d_latency.h:130]   --->   Operation 76 'bitconcatenate' 'shl_ln1118_2' <Predicate = true> <Delay = 0.00>
ST_1 : Operation 77 [1/1] (0.00ns)   --->   "%zext_ln1118_2 = zext i12 %shl_ln1118_2 to i13" [firmware/nnet_utils/nnet_conv1d_latency.h:130]   --->   Operation 77 'zext' 'zext_ln1118_2' <Predicate = true> <Delay = 0.00>
ST_1 : Operation 78 [1/1] (0.52ns)   --->   "%sub_ln1118_12 = sub i13 0, %zext_ln1118_2" [firmware/nnet_utils/nnet_conv1d_latency.h:130]   --->   Operation 78 'sub' 'sub_ln1118_12' <Predicate = true> <Delay = 0.52> <Core = "AddSub">   --->   Core 14 'AddSub' <Latency = 0> <II = 1> <Delay = 0.54> <FuncUnit> <Opcode : 'add' 'sub'> <InPorts = 2> <OutPorts = 1>
ST_1 : Operation 79 [1/1] (0.00ns)   --->   "%sext_ln1118_3 = sext i13 %sub_ln1118_12 to i14" [firmware/nnet_utils/nnet_conv1d_latency.h:130]   --->   Operation 79 'sext' 'sext_ln1118_3' <Predicate = true> <Delay = 0.00>
ST_1 : Operation 80 [1/1] (0.00ns)   --->   "%shl_ln1118_3 = call i9 @_ssdm_op_BitConcatenate.i9.i8.i1(i8 %p_read520, i1 false)" [firmware/nnet_utils/nnet_conv1d_latency.h:130]   --->   Operation 80 'bitconcatenate' 'shl_ln1118_3' <Predicate = true> <Delay = 0.00>
ST_1 : Operation 81 [1/1] (0.00ns)   --->   "%zext_ln1118_3 = zext i9 %shl_ln1118_3 to i14" [firmware/nnet_utils/nnet_conv1d_latency.h:130]   --->   Operation 81 'zext' 'zext_ln1118_3' <Predicate = true> <Delay = 0.00>
ST_1 : Operation 82 [1/1] (0.54ns)   --->   "%sub_ln1118_13 = sub i14 %sext_ln1118_3, %zext_ln1118_3" [firmware/nnet_utils/nnet_conv1d_latency.h:130]   --->   Operation 82 'sub' 'sub_ln1118_13' <Predicate = true> <Delay = 0.54> <Core = "AddSub">   --->   Core 14 'AddSub' <Latency = 0> <II = 1> <Delay = 0.54> <FuncUnit> <Opcode : 'add' 'sub'> <InPorts = 2> <OutPorts = 1>
ST_1 : Operation 83 [1/1] (0.00ns)   --->   "%trunc_ln708_122 = call i12 @_ssdm_op_PartSelect.i12.i14.i32.i32(i14 %sub_ln1118_13, i32 2, i32 13)" [firmware/nnet_utils/nnet_conv1d_latency.h:130]   --->   Operation 83 'partselect' 'trunc_ln708_122' <Predicate = true> <Delay = 0.00>
ST_1 : Operation 84 [1/1] (0.00ns)   --->   "%sext_ln203_1 = sext i12 %trunc_ln708_122 to i14" [firmware/nnet_utils/nnet_conv1d_latency.h:130]   --->   Operation 84 'sext' 'sext_ln203_1' <Predicate = true> <Delay = 0.00>
ST_1 : Operation 85 [1/1] (0.48ns)   --->   "%sub_ln1118_3 = sub i9 0, %zext_ln1116_5" [firmware/nnet_utils/nnet_conv1d_latency.h:130]   --->   Operation 85 'sub' 'sub_ln1118_3' <Predicate = true> <Delay = 0.48> <Core = "AddSub">   --->   Core 14 'AddSub' <Latency = 0> <II = 1> <Delay = 0.54> <FuncUnit> <Opcode : 'add' 'sub'> <InPorts = 2> <OutPorts = 1>
ST_1 : Operation 86 [1/1] (0.00ns)   --->   "%trunc_ln708_123 = call i7 @_ssdm_op_PartSelect.i7.i9.i32.i32(i9 %sub_ln1118_3, i32 2, i32 8)" [firmware/nnet_utils/nnet_conv1d_latency.h:130]   --->   Operation 86 'partselect' 'trunc_ln708_123' <Predicate = true> <Delay = 0.00>
ST_1 : Operation 87 [1/1] (0.00ns)   --->   "%sext_ln708_3 = sext i7 %trunc_ln708_123 to i9" [firmware/nnet_utils/nnet_conv1d_latency.h:130]   --->   Operation 87 'sext' 'sext_ln708_3' <Predicate = true> <Delay = 0.00>
ST_1 : Operation 88 [1/1] (1.55ns)   --->   "%mul_ln708_3 = mul i12 %zext_ln1116_10, 11" [firmware/nnet_utils/nnet_conv1d_latency.h:130]   --->   Operation 88 'mul' 'mul_ln708_3' <Predicate = true> <Delay = 1.55> <Core = "Mul">   --->   Core 16 'Mul' <Latency = 0> <II = 1> <Delay = 1.55> <FuncUnit> <Opcode : 'mul'> <InPorts = 2> <OutPorts = 1>
ST_1 : Operation 89 [1/1] (0.00ns)   --->   "%tmp_3 = call i10 @_ssdm_op_PartSelect.i10.i12.i32.i32(i12 %mul_ln708_3, i32 2, i32 11)" [firmware/nnet_utils/nnet_conv1d_latency.h:130]   --->   Operation 89 'partselect' 'tmp_3' <Predicate = true> <Delay = 0.00>
ST_1 : Operation 90 [1/1] (0.00ns)   --->   "%zext_ln1116_11 = zext i10 %tmp_3 to i11" [firmware/nnet_utils/nnet_conv1d_latency.h:130]   --->   Operation 90 'zext' 'zext_ln1116_11' <Predicate = true> <Delay = 0.00>
ST_1 : Operation 91 [1/1] (0.00ns)   --->   "%zext_ln1116_8 = zext i8 %p_read621 to i14" [firmware/nnet_utils/nnet_conv1d_latency.h:130]   --->   Operation 91 'zext' 'zext_ln1116_8' <Predicate = true> <Delay = 0.00>
ST_1 : Operation 92 [1/1] (0.00ns)   --->   "%zext_ln1116_9 = zext i8 %p_read722 to i9" [firmware/nnet_utils/nnet_conv1d_latency.h:130]   --->   Operation 92 'zext' 'zext_ln1116_9' <Predicate = true> <Delay = 0.00>
ST_1 : Operation 93 [1/1] (0.00ns)   --->   "%zext_ln1116_14 = zext i8 %p_read823 to i9" [firmware/nnet_utils/nnet_conv1d_latency.h:130]   --->   Operation 93 'zext' 'zext_ln1116_14' <Predicate = true> <Delay = 0.00>
ST_1 : Operation 94 [1/1] (0.00ns)   --->   "%zext_ln1116_15 = zext i8 %p_read823 to i12" [firmware/nnet_utils/nnet_conv1d_latency.h:130]   --->   Operation 94 'zext' 'zext_ln1116_15' <Predicate = true> <Delay = 0.00>
ST_1 : Operation 95 [1/1] (0.00ns)   --->   "%zext_ln708_4 = zext i8 %p_read722 to i13" [firmware/nnet_utils/nnet_conv1d_latency.h:130]   --->   Operation 95 'zext' 'zext_ln708_4' <Predicate = true> <Delay = 0.00>
ST_1 : Operation 96 [1/1] (0.00ns)   --->   "%shl_ln708_4 = call i12 @_ssdm_op_BitConcatenate.i12.i8.i4(i8 %p_read722, i4 0)" [firmware/nnet_utils/nnet_conv1d_latency.h:130]   --->   Operation 96 'bitconcatenate' 'shl_ln708_4' <Predicate = true> <Delay = 0.00>
ST_1 : Operation 97 [1/1] (0.00ns)   --->   "%zext_ln708_11 = zext i12 %shl_ln708_4 to i13" [firmware/nnet_utils/nnet_conv1d_latency.h:130]   --->   Operation 97 'zext' 'zext_ln708_11' <Predicate = true> <Delay = 0.00>
ST_1 : Operation 98 [1/1] (0.00ns)   --->   "%shl_ln708_5 = call i10 @_ssdm_op_BitConcatenate.i10.i8.i2(i8 %p_read722, i2 0)" [firmware/nnet_utils/nnet_conv1d_latency.h:130]   --->   Operation 98 'bitconcatenate' 'shl_ln708_5' <Predicate = true> <Delay = 0.00>
ST_1 : Operation 99 [1/1] (0.00ns)   --->   "%zext_ln708_12 = zext i10 %shl_ln708_5 to i13" [firmware/nnet_utils/nnet_conv1d_latency.h:130]   --->   Operation 99 'zext' 'zext_ln708_12' <Predicate = true> <Delay = 0.00>
ST_1 : Operation 100 [1/1] (0.52ns)   --->   "%add_ln708_2 = add i13 %zext_ln708_11, %zext_ln708_12" [firmware/nnet_utils/nnet_conv1d_latency.h:130]   --->   Operation 100 'add' 'add_ln708_2' <Predicate = true> <Delay = 0.52> <Core = "AddSub">   --->   Core 14 'AddSub' <Latency = 0> <II = 1> <Delay = 0.54> <FuncUnit> <Opcode : 'add' 'sub'> <InPorts = 2> <OutPorts = 1>
ST_1 : Operation 101 [1/1] (0.00ns)   --->   "%tmp_4 = call i11 @_ssdm_op_PartSelect.i11.i13.i32.i32(i13 %add_ln708_2, i32 2, i32 12)" [firmware/nnet_utils/nnet_conv1d_latency.h:130]   --->   Operation 101 'partselect' 'tmp_4' <Predicate = true> <Delay = 0.00>
ST_1 : Operation 102 [1/1] (0.00ns)   --->   "%zext_ln1118_12 = zext i11 %tmp_4 to i12" [firmware/nnet_utils/nnet_conv1d_latency.h:130]   --->   Operation 102 'zext' 'zext_ln1118_12' <Predicate = true> <Delay = 0.00>
ST_1 : Operation 103 [1/1] (0.48ns)   --->   "%sub_ln1118_4 = sub i9 0, %zext_ln1116_14" [firmware/nnet_utils/nnet_conv1d_latency.h:130]   --->   Operation 103 'sub' 'sub_ln1118_4' <Predicate = true> <Delay = 0.48> <Core = "AddSub">   --->   Core 14 'AddSub' <Latency = 0> <II = 1> <Delay = 0.54> <FuncUnit> <Opcode : 'add' 'sub'> <InPorts = 2> <OutPorts = 1>
ST_1 : Operation 104 [1/1] (0.00ns)   --->   "%trunc_ln708_124 = call i7 @_ssdm_op_PartSelect.i7.i9.i32.i32(i9 %sub_ln1118_4, i32 2, i32 8)" [firmware/nnet_utils/nnet_conv1d_latency.h:130]   --->   Operation 104 'partselect' 'trunc_ln708_124' <Predicate = true> <Delay = 0.00>
ST_1 : Operation 105 [1/1] (0.00ns)   --->   "%sext_ln1118_4 = sext i7 %trunc_ln708_124 to i12" [firmware/nnet_utils/nnet_conv1d_latency.h:130]   --->   Operation 105 'sext' 'sext_ln1118_4' <Predicate = true> <Delay = 0.00>
ST_1 : Operation 106 [1/1] (1.55ns)   --->   "%mul_ln1118_2 = mul i14 %zext_ln1116_8, -19" [firmware/nnet_utils/nnet_conv1d_latency.h:130]   --->   Operation 106 'mul' 'mul_ln1118_2' <Predicate = true> <Delay = 1.55> <Core = "Mul">   --->   Core 16 'Mul' <Latency = 0> <II = 1> <Delay = 1.55> <FuncUnit> <Opcode : 'mul'> <InPorts = 2> <OutPorts = 1>
ST_1 : Operation 107 [1/1] (0.00ns)   --->   "%trunc_ln708_125 = call i12 @_ssdm_op_PartSelect.i12.i14.i32.i32(i14 %mul_ln1118_2, i32 2, i32 13)" [firmware/nnet_utils/nnet_conv1d_latency.h:130]   --->   Operation 107 'partselect' 'trunc_ln708_125' <Predicate = true> <Delay = 0.00>
ST_1 : Operation 108 [1/1] (0.00ns)   --->   "%sext_ln708_4 = sext i12 %trunc_ln708_125 to i13" [firmware/nnet_utils/nnet_conv1d_latency.h:130]   --->   Operation 108 'sext' 'sext_ln708_4' <Predicate = true> <Delay = 0.00>
ST_1 : Operation 109 [1/1] (1.55ns)   --->   "%mul_ln708_4 = mul i13 %zext_ln708_4, 23" [firmware/nnet_utils/nnet_conv1d_latency.h:130]   --->   Operation 109 'mul' 'mul_ln708_4' <Predicate = true> <Delay = 1.55> <Core = "Mul">   --->   Core 16 'Mul' <Latency = 0> <II = 1> <Delay = 1.55> <FuncUnit> <Opcode : 'mul'> <InPorts = 2> <OutPorts = 1>
ST_1 : Operation 110 [1/1] (0.00ns)   --->   "%lshr_ln708_2 = call i11 @_ssdm_op_PartSelect.i11.i13.i32.i32(i13 %mul_ln708_4, i32 2, i32 12)" [firmware/nnet_utils/nnet_conv1d_latency.h:130]   --->   Operation 110 'partselect' 'lshr_ln708_2' <Predicate = true> <Delay = 0.00>
ST_1 : Operation 111 [1/1] (0.00ns)   --->   "%zext_ln708_13 = zext i11 %lshr_ln708_2 to i13" [firmware/nnet_utils/nnet_conv1d_latency.h:130]   --->   Operation 111 'zext' 'zext_ln708_13' <Predicate = true> <Delay = 0.00>
ST_1 : Operation 112 [1/1] (0.00ns)   --->   "%shl_ln1118_4 = call i12 @_ssdm_op_BitConcatenate.i12.i8.i4(i8 %p_read823, i4 0)" [firmware/nnet_utils/nnet_conv1d_latency.h:130]   --->   Operation 112 'bitconcatenate' 'shl_ln1118_4' <Predicate = true> <Delay = 0.00>
ST_1 : Operation 113 [1/1] (0.00ns)   --->   "%zext_ln1118_4 = zext i12 %shl_ln1118_4 to i13" [firmware/nnet_utils/nnet_conv1d_latency.h:130]   --->   Operation 113 'zext' 'zext_ln1118_4' <Predicate = true> <Delay = 0.00>
ST_1 : Operation 114 [1/1] (0.52ns)   --->   "%sub_ln1118_14 = sub i13 0, %zext_ln1118_4" [firmware/nnet_utils/nnet_conv1d_latency.h:130]   --->   Operation 114 'sub' 'sub_ln1118_14' <Predicate = true> <Delay = 0.52> <Core = "AddSub">   --->   Core 14 'AddSub' <Latency = 0> <II = 1> <Delay = 0.54> <FuncUnit> <Opcode : 'add' 'sub'> <InPorts = 2> <OutPorts = 1>
ST_1 : Operation 115 [1/1] (0.00ns)   --->   "%sext_ln1118_5 = sext i13 %sub_ln1118_14 to i14" [firmware/nnet_utils/nnet_conv1d_latency.h:130]   --->   Operation 115 'sext' 'sext_ln1118_5' <Predicate = true> <Delay = 0.00>
ST_1 : Operation 116 [1/1] (0.00ns)   --->   "%shl_ln1118_5 = call i9 @_ssdm_op_BitConcatenate.i9.i8.i1(i8 %p_read823, i1 false)" [firmware/nnet_utils/nnet_conv1d_latency.h:130]   --->   Operation 116 'bitconcatenate' 'shl_ln1118_5' <Predicate = true> <Delay = 0.00>
ST_1 : Operation 117 [1/1] (0.00ns)   --->   "%zext_ln1118_5 = zext i9 %shl_ln1118_5 to i14" [firmware/nnet_utils/nnet_conv1d_latency.h:130]   --->   Operation 117 'zext' 'zext_ln1118_5' <Predicate = true> <Delay = 0.00>
ST_1 : Operation 118 [1/1] (0.54ns)   --->   "%sub_ln1118_15 = sub i14 %sext_ln1118_5, %zext_ln1118_5" [firmware/nnet_utils/nnet_conv1d_latency.h:130]   --->   Operation 118 'sub' 'sub_ln1118_15' <Predicate = true> <Delay = 0.54> <Core = "AddSub">   --->   Core 14 'AddSub' <Latency = 0> <II = 1> <Delay = 0.54> <FuncUnit> <Opcode : 'add' 'sub'> <InPorts = 2> <OutPorts = 1>
ST_1 : Operation 119 [1/1] (0.00ns)   --->   "%trunc_ln708_126 = call i12 @_ssdm_op_PartSelect.i12.i14.i32.i32(i14 %sub_ln1118_15, i32 2, i32 13)" [firmware/nnet_utils/nnet_conv1d_latency.h:130]   --->   Operation 119 'partselect' 'trunc_ln708_126' <Predicate = true> <Delay = 0.00>
ST_1 : Operation 120 [1/1] (0.00ns)   --->   "%sext_ln203_2 = sext i12 %trunc_ln708_126 to i14" [firmware/nnet_utils/nnet_conv1d_latency.h:130]   --->   Operation 120 'sext' 'sext_ln203_2' <Predicate = true> <Delay = 0.00>
ST_1 : Operation 121 [1/1] (0.48ns)   --->   "%sub_ln1118_5 = sub i9 0, %zext_ln1116_9" [firmware/nnet_utils/nnet_conv1d_latency.h:130]   --->   Operation 121 'sub' 'sub_ln1118_5' <Predicate = true> <Delay = 0.48> <Core = "AddSub">   --->   Core 14 'AddSub' <Latency = 0> <II = 1> <Delay = 0.54> <FuncUnit> <Opcode : 'add' 'sub'> <InPorts = 2> <OutPorts = 1>
ST_1 : Operation 122 [1/1] (0.00ns)   --->   "%trunc_ln708_127 = call i7 @_ssdm_op_PartSelect.i7.i9.i32.i32(i9 %sub_ln1118_5, i32 2, i32 8)" [firmware/nnet_utils/nnet_conv1d_latency.h:130]   --->   Operation 122 'partselect' 'trunc_ln708_127' <Predicate = true> <Delay = 0.00>
ST_1 : Operation 123 [1/1] (0.00ns)   --->   "%sext_ln708_5 = sext i7 %trunc_ln708_127 to i9" [firmware/nnet_utils/nnet_conv1d_latency.h:130]   --->   Operation 123 'sext' 'sext_ln708_5' <Predicate = true> <Delay = 0.00>
ST_1 : Operation 124 [1/1] (1.55ns)   --->   "%mul_ln708_5 = mul i12 %zext_ln1116_15, 11" [firmware/nnet_utils/nnet_conv1d_latency.h:130]   --->   Operation 124 'mul' 'mul_ln708_5' <Predicate = true> <Delay = 1.55> <Core = "Mul">   --->   Core 16 'Mul' <Latency = 0> <II = 1> <Delay = 1.55> <FuncUnit> <Opcode : 'mul'> <InPorts = 2> <OutPorts = 1>
ST_1 : Operation 125 [1/1] (0.00ns)   --->   "%tmp_5 = call i10 @_ssdm_op_PartSelect.i10.i12.i32.i32(i12 %mul_ln708_5, i32 2, i32 11)" [firmware/nnet_utils/nnet_conv1d_latency.h:130]   --->   Operation 125 'partselect' 'tmp_5' <Predicate = true> <Delay = 0.00>
ST_1 : Operation 126 [1/1] (0.00ns)   --->   "%zext_ln1116_18 = zext i10 %tmp_5 to i11" [firmware/nnet_utils/nnet_conv1d_latency.h:130]   --->   Operation 126 'zext' 'zext_ln1116_18' <Predicate = true> <Delay = 0.00>
ST_1 : Operation 127 [1/1] (0.00ns)   --->   "%zext_ln1116_12 = zext i8 %p_read924 to i14" [firmware/nnet_utils/nnet_conv1d_latency.h:130]   --->   Operation 127 'zext' 'zext_ln1116_12' <Predicate = true> <Delay = 0.00>
ST_1 : Operation 128 [1/1] (0.00ns)   --->   "%zext_ln1116_13 = zext i8 %p_read1025 to i9" [firmware/nnet_utils/nnet_conv1d_latency.h:130]   --->   Operation 128 'zext' 'zext_ln1116_13' <Predicate = true> <Delay = 0.00>
ST_1 : Operation 129 [1/1] (0.00ns)   --->   "%zext_ln1116_19 = zext i8 %p_read_58 to i9" [firmware/nnet_utils/nnet_conv1d_latency.h:130]   --->   Operation 129 'zext' 'zext_ln1116_19' <Predicate = true> <Delay = 0.00>
ST_1 : Operation 130 [1/1] (0.00ns)   --->   "%zext_ln1116_20 = zext i8 %p_read_58 to i12" [firmware/nnet_utils/nnet_conv1d_latency.h:130]   --->   Operation 130 'zext' 'zext_ln1116_20' <Predicate = true> <Delay = 0.00>
ST_1 : Operation 131 [1/1] (0.00ns)   --->   "%zext_ln708_6 = zext i8 %p_read1025 to i13" [firmware/nnet_utils/nnet_conv1d_latency.h:130]   --->   Operation 131 'zext' 'zext_ln708_6' <Predicate = true> <Delay = 0.00>
ST_1 : Operation 132 [1/1] (0.00ns)   --->   "%shl_ln708_6 = call i12 @_ssdm_op_BitConcatenate.i12.i8.i4(i8 %p_read1025, i4 0)" [firmware/nnet_utils/nnet_conv1d_latency.h:130]   --->   Operation 132 'bitconcatenate' 'shl_ln708_6' <Predicate = true> <Delay = 0.00>
ST_1 : Operation 133 [1/1] (0.00ns)   --->   "%zext_ln708_14 = zext i12 %shl_ln708_6 to i13" [firmware/nnet_utils/nnet_conv1d_latency.h:130]   --->   Operation 133 'zext' 'zext_ln708_14' <Predicate = true> <Delay = 0.00>
ST_1 : Operation 134 [1/1] (0.00ns)   --->   "%shl_ln708_7 = call i10 @_ssdm_op_BitConcatenate.i10.i8.i2(i8 %p_read1025, i2 0)" [firmware/nnet_utils/nnet_conv1d_latency.h:130]   --->   Operation 134 'bitconcatenate' 'shl_ln708_7' <Predicate = true> <Delay = 0.00>
ST_1 : Operation 135 [1/1] (0.00ns)   --->   "%zext_ln708_15 = zext i10 %shl_ln708_7 to i13" [firmware/nnet_utils/nnet_conv1d_latency.h:130]   --->   Operation 135 'zext' 'zext_ln708_15' <Predicate = true> <Delay = 0.00>
ST_1 : Operation 136 [1/1] (0.52ns)   --->   "%add_ln708_3 = add i13 %zext_ln708_14, %zext_ln708_15" [firmware/nnet_utils/nnet_conv1d_latency.h:130]   --->   Operation 136 'add' 'add_ln708_3' <Predicate = true> <Delay = 0.52> <Core = "AddSub">   --->   Core 14 'AddSub' <Latency = 0> <II = 1> <Delay = 0.54> <FuncUnit> <Opcode : 'add' 'sub'> <InPorts = 2> <OutPorts = 1>
ST_1 : Operation 137 [1/1] (0.00ns)   --->   "%tmp_6 = call i11 @_ssdm_op_PartSelect.i11.i13.i32.i32(i13 %add_ln708_3, i32 2, i32 12)" [firmware/nnet_utils/nnet_conv1d_latency.h:130]   --->   Operation 137 'partselect' 'tmp_6' <Predicate = true> <Delay = 0.00>
ST_1 : Operation 138 [1/1] (0.00ns)   --->   "%zext_ln1118_13 = zext i11 %tmp_6 to i12" [firmware/nnet_utils/nnet_conv1d_latency.h:130]   --->   Operation 138 'zext' 'zext_ln1118_13' <Predicate = true> <Delay = 0.00>
ST_1 : Operation 139 [1/1] (0.48ns)   --->   "%sub_ln1118_6 = sub i9 0, %zext_ln1116_19" [firmware/nnet_utils/nnet_conv1d_latency.h:130]   --->   Operation 139 'sub' 'sub_ln1118_6' <Predicate = true> <Delay = 0.48> <Core = "AddSub">   --->   Core 14 'AddSub' <Latency = 0> <II = 1> <Delay = 0.54> <FuncUnit> <Opcode : 'add' 'sub'> <InPorts = 2> <OutPorts = 1>
ST_1 : Operation 140 [1/1] (0.00ns)   --->   "%trunc_ln708_128 = call i7 @_ssdm_op_PartSelect.i7.i9.i32.i32(i9 %sub_ln1118_6, i32 2, i32 8)" [firmware/nnet_utils/nnet_conv1d_latency.h:130]   --->   Operation 140 'partselect' 'trunc_ln708_128' <Predicate = true> <Delay = 0.00>
ST_1 : Operation 141 [1/1] (0.00ns)   --->   "%sext_ln1118_6 = sext i7 %trunc_ln708_128 to i12" [firmware/nnet_utils/nnet_conv1d_latency.h:130]   --->   Operation 141 'sext' 'sext_ln1118_6' <Predicate = true> <Delay = 0.00>
ST_1 : Operation 142 [1/1] (1.55ns)   --->   "%mul_ln1118_3 = mul i14 %zext_ln1116_12, -19" [firmware/nnet_utils/nnet_conv1d_latency.h:130]   --->   Operation 142 'mul' 'mul_ln1118_3' <Predicate = true> <Delay = 1.55> <Core = "Mul">   --->   Core 16 'Mul' <Latency = 0> <II = 1> <Delay = 1.55> <FuncUnit> <Opcode : 'mul'> <InPorts = 2> <OutPorts = 1>
ST_1 : Operation 143 [1/1] (0.00ns)   --->   "%trunc_ln708_129 = call i12 @_ssdm_op_PartSelect.i12.i14.i32.i32(i14 %mul_ln1118_3, i32 2, i32 13)" [firmware/nnet_utils/nnet_conv1d_latency.h:130]   --->   Operation 143 'partselect' 'trunc_ln708_129' <Predicate = true> <Delay = 0.00>
ST_1 : Operation 144 [1/1] (0.00ns)   --->   "%sext_ln708_6 = sext i12 %trunc_ln708_129 to i13" [firmware/nnet_utils/nnet_conv1d_latency.h:130]   --->   Operation 144 'sext' 'sext_ln708_6' <Predicate = true> <Delay = 0.00>
ST_1 : Operation 145 [1/1] (1.55ns)   --->   "%mul_ln708_6 = mul i13 %zext_ln708_6, 23" [firmware/nnet_utils/nnet_conv1d_latency.h:130]   --->   Operation 145 'mul' 'mul_ln708_6' <Predicate = true> <Delay = 1.55> <Core = "Mul">   --->   Core 16 'Mul' <Latency = 0> <II = 1> <Delay = 1.55> <FuncUnit> <Opcode : 'mul'> <InPorts = 2> <OutPorts = 1>
ST_1 : Operation 146 [1/1] (0.00ns)   --->   "%lshr_ln708_3 = call i11 @_ssdm_op_PartSelect.i11.i13.i32.i32(i13 %mul_ln708_6, i32 2, i32 12)" [firmware/nnet_utils/nnet_conv1d_latency.h:130]   --->   Operation 146 'partselect' 'lshr_ln708_3' <Predicate = true> <Delay = 0.00>
ST_1 : Operation 147 [1/1] (0.00ns)   --->   "%zext_ln708_16 = zext i11 %lshr_ln708_3 to i13" [firmware/nnet_utils/nnet_conv1d_latency.h:130]   --->   Operation 147 'zext' 'zext_ln708_16' <Predicate = true> <Delay = 0.00>
ST_1 : Operation 148 [1/1] (0.00ns)   --->   "%shl_ln1118_6 = call i12 @_ssdm_op_BitConcatenate.i12.i8.i4(i8 %p_read_58, i4 0)" [firmware/nnet_utils/nnet_conv1d_latency.h:130]   --->   Operation 148 'bitconcatenate' 'shl_ln1118_6' <Predicate = true> <Delay = 0.00>
ST_1 : Operation 149 [1/1] (0.00ns)   --->   "%zext_ln1118_6 = zext i12 %shl_ln1118_6 to i13" [firmware/nnet_utils/nnet_conv1d_latency.h:130]   --->   Operation 149 'zext' 'zext_ln1118_6' <Predicate = true> <Delay = 0.00>
ST_1 : Operation 150 [1/1] (0.52ns)   --->   "%sub_ln1118_16 = sub i13 0, %zext_ln1118_6" [firmware/nnet_utils/nnet_conv1d_latency.h:130]   --->   Operation 150 'sub' 'sub_ln1118_16' <Predicate = true> <Delay = 0.52> <Core = "AddSub">   --->   Core 14 'AddSub' <Latency = 0> <II = 1> <Delay = 0.54> <FuncUnit> <Opcode : 'add' 'sub'> <InPorts = 2> <OutPorts = 1>
ST_1 : Operation 151 [1/1] (0.00ns)   --->   "%sext_ln1118_7 = sext i13 %sub_ln1118_16 to i14" [firmware/nnet_utils/nnet_conv1d_latency.h:130]   --->   Operation 151 'sext' 'sext_ln1118_7' <Predicate = true> <Delay = 0.00>
ST_1 : Operation 152 [1/1] (0.00ns)   --->   "%shl_ln1118_7 = call i9 @_ssdm_op_BitConcatenate.i9.i8.i1(i8 %p_read_58, i1 false)" [firmware/nnet_utils/nnet_conv1d_latency.h:130]   --->   Operation 152 'bitconcatenate' 'shl_ln1118_7' <Predicate = true> <Delay = 0.00>
ST_1 : Operation 153 [1/1] (0.00ns)   --->   "%zext_ln1118_7 = zext i9 %shl_ln1118_7 to i14" [firmware/nnet_utils/nnet_conv1d_latency.h:130]   --->   Operation 153 'zext' 'zext_ln1118_7' <Predicate = true> <Delay = 0.00>
ST_1 : Operation 154 [1/1] (0.54ns)   --->   "%sub_ln1118_17 = sub i14 %sext_ln1118_7, %zext_ln1118_7" [firmware/nnet_utils/nnet_conv1d_latency.h:130]   --->   Operation 154 'sub' 'sub_ln1118_17' <Predicate = true> <Delay = 0.54> <Core = "AddSub">   --->   Core 14 'AddSub' <Latency = 0> <II = 1> <Delay = 0.54> <FuncUnit> <Opcode : 'add' 'sub'> <InPorts = 2> <OutPorts = 1>
ST_1 : Operation 155 [1/1] (0.00ns)   --->   "%trunc_ln708_130 = call i12 @_ssdm_op_PartSelect.i12.i14.i32.i32(i14 %sub_ln1118_17, i32 2, i32 13)" [firmware/nnet_utils/nnet_conv1d_latency.h:130]   --->   Operation 155 'partselect' 'trunc_ln708_130' <Predicate = true> <Delay = 0.00>
ST_1 : Operation 156 [1/1] (0.00ns)   --->   "%sext_ln203_3 = sext i12 %trunc_ln708_130 to i14" [firmware/nnet_utils/nnet_conv1d_latency.h:130]   --->   Operation 156 'sext' 'sext_ln203_3' <Predicate = true> <Delay = 0.00>
ST_1 : Operation 157 [1/1] (0.48ns)   --->   "%sub_ln1118_7 = sub i9 0, %zext_ln1116_13" [firmware/nnet_utils/nnet_conv1d_latency.h:130]   --->   Operation 157 'sub' 'sub_ln1118_7' <Predicate = true> <Delay = 0.48> <Core = "AddSub">   --->   Core 14 'AddSub' <Latency = 0> <II = 1> <Delay = 0.54> <FuncUnit> <Opcode : 'add' 'sub'> <InPorts = 2> <OutPorts = 1>
ST_1 : Operation 158 [1/1] (0.00ns)   --->   "%trunc_ln708_131 = call i7 @_ssdm_op_PartSelect.i7.i9.i32.i32(i9 %sub_ln1118_7, i32 2, i32 8)" [firmware/nnet_utils/nnet_conv1d_latency.h:130]   --->   Operation 158 'partselect' 'trunc_ln708_131' <Predicate = true> <Delay = 0.00>
ST_1 : Operation 159 [1/1] (0.00ns)   --->   "%sext_ln708_7 = sext i7 %trunc_ln708_131 to i9" [firmware/nnet_utils/nnet_conv1d_latency.h:130]   --->   Operation 159 'sext' 'sext_ln708_7' <Predicate = true> <Delay = 0.00>
ST_1 : Operation 160 [1/1] (1.55ns)   --->   "%mul_ln708_7 = mul i12 %zext_ln1116_20, 11" [firmware/nnet_utils/nnet_conv1d_latency.h:130]   --->   Operation 160 'mul' 'mul_ln708_7' <Predicate = true> <Delay = 1.55> <Core = "Mul">   --->   Core 16 'Mul' <Latency = 0> <II = 1> <Delay = 1.55> <FuncUnit> <Opcode : 'mul'> <InPorts = 2> <OutPorts = 1>
ST_1 : Operation 161 [1/1] (0.00ns)   --->   "%tmp_7 = call i10 @_ssdm_op_PartSelect.i10.i12.i32.i32(i12 %mul_ln708_7, i32 2, i32 11)" [firmware/nnet_utils/nnet_conv1d_latency.h:130]   --->   Operation 161 'partselect' 'tmp_7' <Predicate = true> <Delay = 0.00>
ST_1 : Operation 162 [1/1] (0.00ns)   --->   "%zext_ln1116_21 = zext i10 %tmp_7 to i11" [firmware/nnet_utils/nnet_conv1d_latency.h:130]   --->   Operation 162 'zext' 'zext_ln1116_21' <Predicate = true> <Delay = 0.00>
ST_1 : Operation 163 [1/1] (0.00ns)   --->   "%zext_ln1116_16 = zext i8 %p_read_57 to i14" [firmware/nnet_utils/nnet_conv1d_latency.h:130]   --->   Operation 163 'zext' 'zext_ln1116_16' <Predicate = true> <Delay = 0.00>
ST_1 : Operation 164 [1/1] (0.00ns)   --->   "%zext_ln1116_17 = zext i8 %p_read_56 to i9" [firmware/nnet_utils/nnet_conv1d_latency.h:130]   --->   Operation 164 'zext' 'zext_ln1116_17' <Predicate = true> <Delay = 0.00>
ST_1 : Operation 165 [1/1] (0.00ns)   --->   "%zext_ln1116_22 = zext i8 %p_read_55 to i9" [firmware/nnet_utils/nnet_conv1d_latency.h:130]   --->   Operation 165 'zext' 'zext_ln1116_22' <Predicate = true> <Delay = 0.00>
ST_1 : Operation 166 [1/1] (0.00ns)   --->   "%zext_ln1116_23 = zext i8 %p_read_55 to i12" [firmware/nnet_utils/nnet_conv1d_latency.h:130]   --->   Operation 166 'zext' 'zext_ln1116_23' <Predicate = true> <Delay = 0.00>
ST_1 : Operation 167 [1/1] (0.00ns)   --->   "%zext_ln708_8 = zext i8 %p_read_56 to i13" [firmware/nnet_utils/nnet_conv1d_latency.h:130]   --->   Operation 167 'zext' 'zext_ln708_8' <Predicate = true> <Delay = 0.00>
ST_1 : Operation 168 [1/1] (0.00ns)   --->   "%shl_ln708_8 = call i12 @_ssdm_op_BitConcatenate.i12.i8.i4(i8 %p_read_56, i4 0)" [firmware/nnet_utils/nnet_conv1d_latency.h:130]   --->   Operation 168 'bitconcatenate' 'shl_ln708_8' <Predicate = true> <Delay = 0.00>
ST_1 : Operation 169 [1/1] (0.00ns)   --->   "%zext_ln708_17 = zext i12 %shl_ln708_8 to i13" [firmware/nnet_utils/nnet_conv1d_latency.h:130]   --->   Operation 169 'zext' 'zext_ln708_17' <Predicate = true> <Delay = 0.00>
ST_1 : Operation 170 [1/1] (0.00ns)   --->   "%shl_ln708_9 = call i10 @_ssdm_op_BitConcatenate.i10.i8.i2(i8 %p_read_56, i2 0)" [firmware/nnet_utils/nnet_conv1d_latency.h:130]   --->   Operation 170 'bitconcatenate' 'shl_ln708_9' <Predicate = true> <Delay = 0.00>
ST_1 : Operation 171 [1/1] (0.00ns)   --->   "%zext_ln708_18 = zext i10 %shl_ln708_9 to i13" [firmware/nnet_utils/nnet_conv1d_latency.h:130]   --->   Operation 171 'zext' 'zext_ln708_18' <Predicate = true> <Delay = 0.00>
ST_1 : Operation 172 [1/1] (0.52ns)   --->   "%add_ln708_4 = add i13 %zext_ln708_17, %zext_ln708_18" [firmware/nnet_utils/nnet_conv1d_latency.h:130]   --->   Operation 172 'add' 'add_ln708_4' <Predicate = true> <Delay = 0.52> <Core = "AddSub">   --->   Core 14 'AddSub' <Latency = 0> <II = 1> <Delay = 0.54> <FuncUnit> <Opcode : 'add' 'sub'> <InPorts = 2> <OutPorts = 1>
ST_1 : Operation 173 [1/1] (0.00ns)   --->   "%tmp_8 = call i11 @_ssdm_op_PartSelect.i11.i13.i32.i32(i13 %add_ln708_4, i32 2, i32 12)" [firmware/nnet_utils/nnet_conv1d_latency.h:130]   --->   Operation 173 'partselect' 'tmp_8' <Predicate = true> <Delay = 0.00>
ST_1 : Operation 174 [1/1] (0.00ns)   --->   "%zext_ln1118_14 = zext i11 %tmp_8 to i12" [firmware/nnet_utils/nnet_conv1d_latency.h:130]   --->   Operation 174 'zext' 'zext_ln1118_14' <Predicate = true> <Delay = 0.00>
ST_1 : Operation 175 [1/1] (0.48ns)   --->   "%sub_ln1118_8 = sub i9 0, %zext_ln1116_22" [firmware/nnet_utils/nnet_conv1d_latency.h:130]   --->   Operation 175 'sub' 'sub_ln1118_8' <Predicate = true> <Delay = 0.48> <Core = "AddSub">   --->   Core 14 'AddSub' <Latency = 0> <II = 1> <Delay = 0.54> <FuncUnit> <Opcode : 'add' 'sub'> <InPorts = 2> <OutPorts = 1>
ST_1 : Operation 176 [1/1] (0.00ns)   --->   "%trunc_ln708_132 = call i7 @_ssdm_op_PartSelect.i7.i9.i32.i32(i9 %sub_ln1118_8, i32 2, i32 8)" [firmware/nnet_utils/nnet_conv1d_latency.h:130]   --->   Operation 176 'partselect' 'trunc_ln708_132' <Predicate = true> <Delay = 0.00>
ST_1 : Operation 177 [1/1] (0.00ns)   --->   "%sext_ln1118_8 = sext i7 %trunc_ln708_132 to i12" [firmware/nnet_utils/nnet_conv1d_latency.h:130]   --->   Operation 177 'sext' 'sext_ln1118_8' <Predicate = true> <Delay = 0.00>
ST_1 : Operation 178 [1/1] (1.55ns)   --->   "%mul_ln1118_4 = mul i14 %zext_ln1116_16, -19" [firmware/nnet_utils/nnet_conv1d_latency.h:130]   --->   Operation 178 'mul' 'mul_ln1118_4' <Predicate = true> <Delay = 1.55> <Core = "Mul">   --->   Core 16 'Mul' <Latency = 0> <II = 1> <Delay = 1.55> <FuncUnit> <Opcode : 'mul'> <InPorts = 2> <OutPorts = 1>
ST_1 : Operation 179 [1/1] (0.00ns)   --->   "%trunc_ln708_133 = call i12 @_ssdm_op_PartSelect.i12.i14.i32.i32(i14 %mul_ln1118_4, i32 2, i32 13)" [firmware/nnet_utils/nnet_conv1d_latency.h:130]   --->   Operation 179 'partselect' 'trunc_ln708_133' <Predicate = true> <Delay = 0.00>
ST_1 : Operation 180 [1/1] (0.00ns)   --->   "%sext_ln708_8 = sext i12 %trunc_ln708_133 to i13" [firmware/nnet_utils/nnet_conv1d_latency.h:130]   --->   Operation 180 'sext' 'sext_ln708_8' <Predicate = true> <Delay = 0.00>
ST_1 : Operation 181 [1/1] (1.55ns)   --->   "%mul_ln708_8 = mul i13 %zext_ln708_8, 23" [firmware/nnet_utils/nnet_conv1d_latency.h:130]   --->   Operation 181 'mul' 'mul_ln708_8' <Predicate = true> <Delay = 1.55> <Core = "Mul">   --->   Core 16 'Mul' <Latency = 0> <II = 1> <Delay = 1.55> <FuncUnit> <Opcode : 'mul'> <InPorts = 2> <OutPorts = 1>
ST_1 : Operation 182 [1/1] (0.00ns)   --->   "%lshr_ln708_4 = call i11 @_ssdm_op_PartSelect.i11.i13.i32.i32(i13 %mul_ln708_8, i32 2, i32 12)" [firmware/nnet_utils/nnet_conv1d_latency.h:130]   --->   Operation 182 'partselect' 'lshr_ln708_4' <Predicate = true> <Delay = 0.00>
ST_1 : Operation 183 [1/1] (0.00ns)   --->   "%zext_ln708_19 = zext i11 %lshr_ln708_4 to i13" [firmware/nnet_utils/nnet_conv1d_latency.h:130]   --->   Operation 183 'zext' 'zext_ln708_19' <Predicate = true> <Delay = 0.00>
ST_1 : Operation 184 [1/1] (0.00ns)   --->   "%shl_ln1118_8 = call i12 @_ssdm_op_BitConcatenate.i12.i8.i4(i8 %p_read_55, i4 0)" [firmware/nnet_utils/nnet_conv1d_latency.h:130]   --->   Operation 184 'bitconcatenate' 'shl_ln1118_8' <Predicate = true> <Delay = 0.00>
ST_1 : Operation 185 [1/1] (0.00ns)   --->   "%zext_ln1118_8 = zext i12 %shl_ln1118_8 to i13" [firmware/nnet_utils/nnet_conv1d_latency.h:130]   --->   Operation 185 'zext' 'zext_ln1118_8' <Predicate = true> <Delay = 0.00>
ST_1 : Operation 186 [1/1] (0.52ns)   --->   "%sub_ln1118_18 = sub i13 0, %zext_ln1118_8" [firmware/nnet_utils/nnet_conv1d_latency.h:130]   --->   Operation 186 'sub' 'sub_ln1118_18' <Predicate = true> <Delay = 0.52> <Core = "AddSub">   --->   Core 14 'AddSub' <Latency = 0> <II = 1> <Delay = 0.54> <FuncUnit> <Opcode : 'add' 'sub'> <InPorts = 2> <OutPorts = 1>
ST_1 : Operation 187 [1/1] (0.00ns)   --->   "%sext_ln1118_9 = sext i13 %sub_ln1118_18 to i14" [firmware/nnet_utils/nnet_conv1d_latency.h:130]   --->   Operation 187 'sext' 'sext_ln1118_9' <Predicate = true> <Delay = 0.00>
ST_1 : Operation 188 [1/1] (0.00ns)   --->   "%shl_ln1118_9 = call i9 @_ssdm_op_BitConcatenate.i9.i8.i1(i8 %p_read_55, i1 false)" [firmware/nnet_utils/nnet_conv1d_latency.h:130]   --->   Operation 188 'bitconcatenate' 'shl_ln1118_9' <Predicate = true> <Delay = 0.00>
ST_1 : Operation 189 [1/1] (0.00ns)   --->   "%zext_ln1118_9 = zext i9 %shl_ln1118_9 to i14" [firmware/nnet_utils/nnet_conv1d_latency.h:130]   --->   Operation 189 'zext' 'zext_ln1118_9' <Predicate = true> <Delay = 0.00>
ST_1 : Operation 190 [1/1] (0.54ns)   --->   "%sub_ln1118_19 = sub i14 %sext_ln1118_9, %zext_ln1118_9" [firmware/nnet_utils/nnet_conv1d_latency.h:130]   --->   Operation 190 'sub' 'sub_ln1118_19' <Predicate = true> <Delay = 0.54> <Core = "AddSub">   --->   Core 14 'AddSub' <Latency = 0> <II = 1> <Delay = 0.54> <FuncUnit> <Opcode : 'add' 'sub'> <InPorts = 2> <OutPorts = 1>
ST_1 : Operation 191 [1/1] (0.00ns)   --->   "%trunc_ln708_134 = call i12 @_ssdm_op_PartSelect.i12.i14.i32.i32(i14 %sub_ln1118_19, i32 2, i32 13)" [firmware/nnet_utils/nnet_conv1d_latency.h:130]   --->   Operation 191 'partselect' 'trunc_ln708_134' <Predicate = true> <Delay = 0.00>
ST_1 : Operation 192 [1/1] (0.00ns)   --->   "%sext_ln203_4 = sext i12 %trunc_ln708_134 to i14" [firmware/nnet_utils/nnet_conv1d_latency.h:130]   --->   Operation 192 'sext' 'sext_ln203_4' <Predicate = true> <Delay = 0.00>
ST_1 : Operation 193 [1/1] (0.48ns)   --->   "%sub_ln1118_9 = sub i9 0, %zext_ln1116_17" [firmware/nnet_utils/nnet_conv1d_latency.h:130]   --->   Operation 193 'sub' 'sub_ln1118_9' <Predicate = true> <Delay = 0.48> <Core = "AddSub">   --->   Core 14 'AddSub' <Latency = 0> <II = 1> <Delay = 0.54> <FuncUnit> <Opcode : 'add' 'sub'> <InPorts = 2> <OutPorts = 1>
ST_1 : Operation 194 [1/1] (0.00ns)   --->   "%trunc_ln708_135 = call i7 @_ssdm_op_PartSelect.i7.i9.i32.i32(i9 %sub_ln1118_9, i32 2, i32 8)" [firmware/nnet_utils/nnet_conv1d_latency.h:130]   --->   Operation 194 'partselect' 'trunc_ln708_135' <Predicate = true> <Delay = 0.00>
ST_1 : Operation 195 [1/1] (0.00ns)   --->   "%sext_ln708_9 = sext i7 %trunc_ln708_135 to i9" [firmware/nnet_utils/nnet_conv1d_latency.h:130]   --->   Operation 195 'sext' 'sext_ln708_9' <Predicate = true> <Delay = 0.00>
ST_1 : Operation 196 [1/1] (1.55ns)   --->   "%mul_ln708_9 = mul i12 %zext_ln1116_23, 11" [firmware/nnet_utils/nnet_conv1d_latency.h:130]   --->   Operation 196 'mul' 'mul_ln708_9' <Predicate = true> <Delay = 1.55> <Core = "Mul">   --->   Core 16 'Mul' <Latency = 0> <II = 1> <Delay = 1.55> <FuncUnit> <Opcode : 'mul'> <InPorts = 2> <OutPorts = 1>
ST_1 : Operation 197 [1/1] (0.00ns)   --->   "%tmp_9 = call i10 @_ssdm_op_PartSelect.i10.i12.i32.i32(i12 %mul_ln708_9, i32 2, i32 11)" [firmware/nnet_utils/nnet_conv1d_latency.h:153]   --->   Operation 197 'partselect' 'tmp_9' <Predicate = true> <Delay = 0.00>
ST_1 : Operation 198 [1/1] (0.00ns)   --->   "%zext_ln703_27 = zext i10 %tmp_9 to i11" [firmware/nnet_utils/nnet_conv1d_latency.h:153]   --->   Operation 198 'zext' 'zext_ln703_27' <Predicate = true> <Delay = 0.00>
ST_1 : Operation 199 [1/1] (0.53ns)   --->   "%acc_0_2_V = add i12 %zext_ln1118_10, %sext_ln1118" [firmware/nnet_utils/nnet_conv1d_latency.h:153]   --->   Operation 199 'add' 'acc_0_2_V' <Predicate = true> <Delay = 0.53> <Core = "AddSub">   --->   Core 14 'AddSub' <Latency = 0> <II = 1> <Delay = 0.54> <FuncUnit> <Opcode : 'add' 'sub'> <InPorts = 2> <OutPorts = 1>
ST_1 : Operation 200 [1/1] (0.00ns)   --->   "%sext_ln703 = sext i12 %acc_0_2_V to i16" [firmware/nnet_utils/nnet_conv1d_latency.h:153]   --->   Operation 200 'sext' 'sext_ln703' <Predicate = true> <Delay = 0.00>
ST_1 : Operation 201 [1/1] (0.00ns) (grouped into TernaryAdder)   --->   "%add_ln703 = add i13 %sext_ln708, -384" [firmware/nnet_utils/nnet_conv1d_latency.h:153]   --->   Operation 201 'add' 'add_ln703' <Predicate = true> <Delay = 0.00> <Core = "TAddSub">   --->   Core 83 'TAddSub' <Latency = 0> <II = 1> <Delay = 0.36> <IPBlock> <Opcode : 'add' 'sub'> <InPorts = 3> <OutPorts = 1> <Sync> <CReg>
ST_1 : Operation 202 [1/1] (0.73ns) (root node of TernaryAdder)   --->   "%add_ln703_9 = add i13 %add_ln703, %zext_ln708_5" [firmware/nnet_utils/nnet_conv1d_latency.h:153]   --->   Operation 202 'add' 'add_ln703_9' <Predicate = true> <Delay = 0.73> <Core = "TAddSub">   --->   Core 83 'TAddSub' <Latency = 0> <II = 1> <Delay = 0.36> <IPBlock> <Opcode : 'add' 'sub'> <InPorts = 3> <OutPorts = 1> <Sync> <CReg>
ST_1 : Operation 203 [1/1] (0.00ns)   --->   "%sext_ln703_1 = sext i13 %add_ln703_9 to i14" [firmware/nnet_utils/nnet_conv1d_latency.h:153]   --->   Operation 203 'sext' 'sext_ln703_1' <Predicate = true> <Delay = 0.00>
ST_1 : Operation 204 [1/1] (0.54ns)   --->   "%acc_0_3_V = add i14 %sext_ln703_1, %sext_ln203" [firmware/nnet_utils/nnet_conv1d_latency.h:153]   --->   Operation 204 'add' 'acc_0_3_V' <Predicate = true> <Delay = 0.54> <Core = "AddSub">   --->   Core 14 'AddSub' <Latency = 0> <II = 1> <Delay = 0.54> <FuncUnit> <Opcode : 'add' 'sub'> <InPorts = 2> <OutPorts = 1>
ST_1 : Operation 205 [1/1] (0.00ns)   --->   "%sext_ln703_4 = sext i14 %acc_0_3_V to i16" [firmware/nnet_utils/nnet_conv1d_latency.h:153]   --->   Operation 205 'sext' 'sext_ln703_4' <Predicate = true> <Delay = 0.00>
ST_1 : Operation 206 [1/1] (0.48ns)   --->   "%add_ln703_11 = add i9 %sext_ln708_1, -128" [firmware/nnet_utils/nnet_conv1d_latency.h:153]   --->   Operation 206 'add' 'add_ln703_11' <Predicate = true> <Delay = 0.48> <Core = "AddSub">   --->   Core 14 'AddSub' <Latency = 0> <II = 1> <Delay = 0.54> <FuncUnit> <Opcode : 'add' 'sub'> <InPorts = 2> <OutPorts = 1>
ST_1 : Operation 207 [1/1] (0.00ns)   --->   "%zext_ln703 = zext i9 %add_ln703_11 to i11" [firmware/nnet_utils/nnet_conv1d_latency.h:153]   --->   Operation 207 'zext' 'zext_ln703' <Predicate = true> <Delay = 0.00>
ST_1 : Operation 208 [1/1] (0.54ns)   --->   "%acc_0_4_V = add i11 %zext_ln703, %zext_ln1116_6" [firmware/nnet_utils/nnet_conv1d_latency.h:153]   --->   Operation 208 'add' 'acc_0_4_V' <Predicate = true> <Delay = 0.54> <Core = "AddSub">   --->   Core 14 'AddSub' <Latency = 0> <II = 1> <Delay = 0.54> <FuncUnit> <Opcode : 'add' 'sub'> <InPorts = 2> <OutPorts = 1>
ST_1 : Operation 209 [1/1] (0.00ns)   --->   "%zext_ln703_18 = zext i11 %acc_0_4_V to i16" [firmware/nnet_utils/nnet_conv1d_latency.h:153]   --->   Operation 209 'zext' 'zext_ln703_18' <Predicate = true> <Delay = 0.00>
ST_1 : Operation 210 [1/1] (0.53ns)   --->   "%acc_1_2_V = add i12 %zext_ln1118_11, %sext_ln1118_2" [firmware/nnet_utils/nnet_conv1d_latency.h:153]   --->   Operation 210 'add' 'acc_1_2_V' <Predicate = true> <Delay = 0.53> <Core = "AddSub">   --->   Core 14 'AddSub' <Latency = 0> <II = 1> <Delay = 0.54> <FuncUnit> <Opcode : 'add' 'sub'> <InPorts = 2> <OutPorts = 1>
ST_1 : Operation 211 [1/1] (0.00ns)   --->   "%sext_ln703_3 = sext i12 %acc_1_2_V to i16" [firmware/nnet_utils/nnet_conv1d_latency.h:153]   --->   Operation 211 'sext' 'sext_ln703_3' <Predicate = true> <Delay = 0.00>
ST_1 : Operation 212 [1/1] (0.00ns) (grouped into TernaryAdder)   --->   "%add_ln703_14 = add i13 %sext_ln708_2, -384" [firmware/nnet_utils/nnet_conv1d_latency.h:153]   --->   Operation 212 'add' 'add_ln703_14' <Predicate = true> <Delay = 0.00> <Core = "TAddSub">   --->   Core 83 'TAddSub' <Latency = 0> <II = 1> <Delay = 0.36> <IPBlock> <Opcode : 'add' 'sub'> <InPorts = 3> <OutPorts = 1> <Sync> <CReg>
ST_1 : Operation 213 [1/1] (0.73ns) (root node of TernaryAdder)   --->   "%add_ln703_15 = add i13 %add_ln703_14, %zext_ln708_10" [firmware/nnet_utils/nnet_conv1d_latency.h:153]   --->   Operation 213 'add' 'add_ln703_15' <Predicate = true> <Delay = 0.73> <Core = "TAddSub">   --->   Core 83 'TAddSub' <Latency = 0> <II = 1> <Delay = 0.36> <IPBlock> <Opcode : 'add' 'sub'> <InPorts = 3> <OutPorts = 1> <Sync> <CReg>
ST_1 : Operation 214 [1/1] (0.00ns)   --->   "%sext_ln703_7 = sext i13 %add_ln703_15 to i14" [firmware/nnet_utils/nnet_conv1d_latency.h:153]   --->   Operation 214 'sext' 'sext_ln703_7' <Predicate = true> <Delay = 0.00>
ST_1 : Operation 215 [1/1] (0.54ns)   --->   "%acc_1_3_V = add i14 %sext_ln703_7, %sext_ln203_1" [firmware/nnet_utils/nnet_conv1d_latency.h:153]   --->   Operation 215 'add' 'acc_1_3_V' <Predicate = true> <Delay = 0.54> <Core = "AddSub">   --->   Core 14 'AddSub' <Latency = 0> <II = 1> <Delay = 0.54> <FuncUnit> <Opcode : 'add' 'sub'> <InPorts = 2> <OutPorts = 1>
ST_1 : Operation 216 [1/1] (0.00ns)   --->   "%sext_ln703_10 = sext i14 %acc_1_3_V to i16" [firmware/nnet_utils/nnet_conv1d_latency.h:153]   --->   Operation 216 'sext' 'sext_ln703_10' <Predicate = true> <Delay = 0.00>
ST_1 : Operation 217 [1/1] (0.48ns)   --->   "%add_ln703_17 = add i9 %sext_ln708_3, -128" [firmware/nnet_utils/nnet_conv1d_latency.h:153]   --->   Operation 217 'add' 'add_ln703_17' <Predicate = true> <Delay = 0.48> <Core = "AddSub">   --->   Core 14 'AddSub' <Latency = 0> <II = 1> <Delay = 0.54> <FuncUnit> <Opcode : 'add' 'sub'> <InPorts = 2> <OutPorts = 1>
ST_1 : Operation 218 [1/1] (0.00ns)   --->   "%zext_ln703_19 = zext i9 %add_ln703_17 to i11" [firmware/nnet_utils/nnet_conv1d_latency.h:153]   --->   Operation 218 'zext' 'zext_ln703_19' <Predicate = true> <Delay = 0.00>
ST_1 : Operation 219 [1/1] (0.54ns)   --->   "%acc_1_4_V = add i11 %zext_ln703_19, %zext_ln1116_11" [firmware/nnet_utils/nnet_conv1d_latency.h:153]   --->   Operation 219 'add' 'acc_1_4_V' <Predicate = true> <Delay = 0.54> <Core = "AddSub">   --->   Core 14 'AddSub' <Latency = 0> <II = 1> <Delay = 0.54> <FuncUnit> <Opcode : 'add' 'sub'> <InPorts = 2> <OutPorts = 1>
ST_1 : Operation 220 [1/1] (0.00ns)   --->   "%zext_ln703_20 = zext i11 %acc_1_4_V to i16" [firmware/nnet_utils/nnet_conv1d_latency.h:153]   --->   Operation 220 'zext' 'zext_ln703_20' <Predicate = true> <Delay = 0.00>
ST_1 : Operation 221 [1/1] (0.53ns)   --->   "%add_ln703_114 = add i12 %zext_ln1118_12, %sext_ln1118_4" [firmware/nnet_utils/nnet_conv1d_latency.h:153]   --->   Operation 221 'add' 'add_ln703_114' <Predicate = true> <Delay = 0.53> <Core = "AddSub">   --->   Core 14 'AddSub' <Latency = 0> <II = 1> <Delay = 0.54> <FuncUnit> <Opcode : 'add' 'sub'> <InPorts = 2> <OutPorts = 1>
ST_1 : Operation 222 [1/1] (0.00ns)   --->   "%sext_ln703_6 = sext i12 %add_ln703_114 to i16" [firmware/nnet_utils/nnet_conv1d_latency.h:153]   --->   Operation 222 'sext' 'sext_ln703_6' <Predicate = true> <Delay = 0.00>
ST_1 : Operation 223 [1/1] (0.00ns) (grouped into TernaryAdder)   --->   "%add_ln703_20 = add i13 %sext_ln708_4, -384" [firmware/nnet_utils/nnet_conv1d_latency.h:153]   --->   Operation 223 'add' 'add_ln703_20' <Predicate = true> <Delay = 0.00> <Core = "TAddSub">   --->   Core 83 'TAddSub' <Latency = 0> <II = 1> <Delay = 0.36> <IPBlock> <Opcode : 'add' 'sub'> <InPorts = 3> <OutPorts = 1> <Sync> <CReg>
ST_1 : Operation 224 [1/1] (0.73ns) (root node of TernaryAdder)   --->   "%add_ln703_21 = add i13 %add_ln703_20, %zext_ln708_13" [firmware/nnet_utils/nnet_conv1d_latency.h:153]   --->   Operation 224 'add' 'add_ln703_21' <Predicate = true> <Delay = 0.73> <Core = "TAddSub">   --->   Core 83 'TAddSub' <Latency = 0> <II = 1> <Delay = 0.36> <IPBlock> <Opcode : 'add' 'sub'> <InPorts = 3> <OutPorts = 1> <Sync> <CReg>
ST_1 : Operation 225 [1/1] (0.00ns)   --->   "%sext_ln703_13 = sext i13 %add_ln703_21 to i14" [firmware/nnet_utils/nnet_conv1d_latency.h:153]   --->   Operation 225 'sext' 'sext_ln703_13' <Predicate = true> <Delay = 0.00>
ST_1 : Operation 226 [1/1] (0.54ns)   --->   "%add_ln703_115 = add i14 %sext_ln703_13, %sext_ln203_2" [firmware/nnet_utils/nnet_conv1d_latency.h:153]   --->   Operation 226 'add' 'add_ln703_115' <Predicate = true> <Delay = 0.54> <Core = "AddSub">   --->   Core 14 'AddSub' <Latency = 0> <II = 1> <Delay = 0.54> <FuncUnit> <Opcode : 'add' 'sub'> <InPorts = 2> <OutPorts = 1>
ST_1 : Operation 227 [1/1] (0.00ns)   --->   "%sext_ln703_15 = sext i14 %add_ln703_115 to i16" [firmware/nnet_utils/nnet_conv1d_latency.h:153]   --->   Operation 227 'sext' 'sext_ln703_15' <Predicate = true> <Delay = 0.00>
ST_1 : Operation 228 [1/1] (0.48ns)   --->   "%add_ln703_23 = add i9 %sext_ln708_5, -128" [firmware/nnet_utils/nnet_conv1d_latency.h:153]   --->   Operation 228 'add' 'add_ln703_23' <Predicate = true> <Delay = 0.48> <Core = "AddSub">   --->   Core 14 'AddSub' <Latency = 0> <II = 1> <Delay = 0.54> <FuncUnit> <Opcode : 'add' 'sub'> <InPorts = 2> <OutPorts = 1>
ST_1 : Operation 229 [1/1] (0.00ns)   --->   "%zext_ln703_21 = zext i9 %add_ln703_23 to i11" [firmware/nnet_utils/nnet_conv1d_latency.h:153]   --->   Operation 229 'zext' 'zext_ln703_21' <Predicate = true> <Delay = 0.00>
ST_1 : Operation 230 [1/1] (0.54ns)   --->   "%add_ln703_116 = add i11 %zext_ln703_21, %zext_ln1116_18" [firmware/nnet_utils/nnet_conv1d_latency.h:153]   --->   Operation 230 'add' 'add_ln703_116' <Predicate = true> <Delay = 0.54> <Core = "AddSub">   --->   Core 14 'AddSub' <Latency = 0> <II = 1> <Delay = 0.54> <FuncUnit> <Opcode : 'add' 'sub'> <InPorts = 2> <OutPorts = 1>
ST_1 : Operation 231 [1/1] (0.00ns)   --->   "%zext_ln703_22 = zext i11 %add_ln703_116 to i16" [firmware/nnet_utils/nnet_conv1d_latency.h:153]   --->   Operation 231 'zext' 'zext_ln703_22' <Predicate = true> <Delay = 0.00>
ST_1 : Operation 232 [1/1] (0.53ns)   --->   "%add_ln703_117 = add i12 %zext_ln1118_13, %sext_ln1118_6" [firmware/nnet_utils/nnet_conv1d_latency.h:153]   --->   Operation 232 'add' 'add_ln703_117' <Predicate = true> <Delay = 0.53> <Core = "AddSub">   --->   Core 14 'AddSub' <Latency = 0> <II = 1> <Delay = 0.54> <FuncUnit> <Opcode : 'add' 'sub'> <InPorts = 2> <OutPorts = 1>
ST_1 : Operation 233 [1/1] (0.00ns)   --->   "%sext_ln703_9 = sext i12 %add_ln703_117 to i16" [firmware/nnet_utils/nnet_conv1d_latency.h:153]   --->   Operation 233 'sext' 'sext_ln703_9' <Predicate = true> <Delay = 0.00>
ST_1 : Operation 234 [1/1] (0.00ns) (grouped into TernaryAdder)   --->   "%add_ln703_26 = add i13 %sext_ln708_6, -384" [firmware/nnet_utils/nnet_conv1d_latency.h:153]   --->   Operation 234 'add' 'add_ln703_26' <Predicate = true> <Delay = 0.00> <Core = "TAddSub">   --->   Core 83 'TAddSub' <Latency = 0> <II = 1> <Delay = 0.36> <IPBlock> <Opcode : 'add' 'sub'> <InPorts = 3> <OutPorts = 1> <Sync> <CReg>
ST_1 : Operation 235 [1/1] (0.73ns) (root node of TernaryAdder)   --->   "%add_ln703_27 = add i13 %add_ln703_26, %zext_ln708_16" [firmware/nnet_utils/nnet_conv1d_latency.h:153]   --->   Operation 235 'add' 'add_ln703_27' <Predicate = true> <Delay = 0.73> <Core = "TAddSub">   --->   Core 83 'TAddSub' <Latency = 0> <II = 1> <Delay = 0.36> <IPBlock> <Opcode : 'add' 'sub'> <InPorts = 3> <OutPorts = 1> <Sync> <CReg>
ST_1 : Operation 236 [1/1] (0.00ns)   --->   "%sext_ln703_16 = sext i13 %add_ln703_27 to i14" [firmware/nnet_utils/nnet_conv1d_latency.h:153]   --->   Operation 236 'sext' 'sext_ln703_16' <Predicate = true> <Delay = 0.00>
ST_1 : Operation 237 [1/1] (0.54ns)   --->   "%acc_3_3_V = add i14 %sext_ln703_16, %sext_ln203_3" [firmware/nnet_utils/nnet_conv1d_latency.h:153]   --->   Operation 237 'add' 'acc_3_3_V' <Predicate = true> <Delay = 0.54> <Core = "AddSub">   --->   Core 14 'AddSub' <Latency = 0> <II = 1> <Delay = 0.54> <FuncUnit> <Opcode : 'add' 'sub'> <InPorts = 2> <OutPorts = 1>
ST_1 : Operation 238 [1/1] (0.00ns)   --->   "%sext_ln703_17 = sext i14 %acc_3_3_V to i16" [firmware/nnet_utils/nnet_conv1d_latency.h:153]   --->   Operation 238 'sext' 'sext_ln703_17' <Predicate = true> <Delay = 0.00>
ST_1 : Operation 239 [1/1] (0.48ns)   --->   "%add_ln703_29 = add i9 %sext_ln708_7, -128" [firmware/nnet_utils/nnet_conv1d_latency.h:153]   --->   Operation 239 'add' 'add_ln703_29' <Predicate = true> <Delay = 0.48> <Core = "AddSub">   --->   Core 14 'AddSub' <Latency = 0> <II = 1> <Delay = 0.54> <FuncUnit> <Opcode : 'add' 'sub'> <InPorts = 2> <OutPorts = 1>
ST_1 : Operation 240 [1/1] (0.00ns)   --->   "%zext_ln703_23 = zext i9 %add_ln703_29 to i11" [firmware/nnet_utils/nnet_conv1d_latency.h:153]   --->   Operation 240 'zext' 'zext_ln703_23' <Predicate = true> <Delay = 0.00>
ST_1 : Operation 241 [1/1] (0.54ns)   --->   "%acc_3_4_V = add i11 %zext_ln703_23, %zext_ln1116_21" [firmware/nnet_utils/nnet_conv1d_latency.h:153]   --->   Operation 241 'add' 'acc_3_4_V' <Predicate = true> <Delay = 0.54> <Core = "AddSub">   --->   Core 14 'AddSub' <Latency = 0> <II = 1> <Delay = 0.54> <FuncUnit> <Opcode : 'add' 'sub'> <InPorts = 2> <OutPorts = 1>
ST_1 : Operation 242 [1/1] (0.00ns)   --->   "%zext_ln703_24 = zext i11 %acc_3_4_V to i16" [firmware/nnet_utils/nnet_conv1d_latency.h:153]   --->   Operation 242 'zext' 'zext_ln703_24' <Predicate = true> <Delay = 0.00>
ST_1 : Operation 243 [1/1] (0.53ns)   --->   "%acc_4_2_V = add i12 %zext_ln1118_14, %sext_ln1118_8" [firmware/nnet_utils/nnet_conv1d_latency.h:153]   --->   Operation 243 'add' 'acc_4_2_V' <Predicate = true> <Delay = 0.53> <Core = "AddSub">   --->   Core 14 'AddSub' <Latency = 0> <II = 1> <Delay = 0.54> <FuncUnit> <Opcode : 'add' 'sub'> <InPorts = 2> <OutPorts = 1>
ST_1 : Operation 244 [1/1] (0.00ns)   --->   "%sext_ln703_12 = sext i12 %acc_4_2_V to i16" [firmware/nnet_utils/nnet_conv1d_latency.h:153]   --->   Operation 244 'sext' 'sext_ln703_12' <Predicate = true> <Delay = 0.00>
ST_1 : Operation 245 [1/1] (0.00ns) (grouped into TernaryAdder)   --->   "%add_ln703_32 = add i13 %sext_ln708_8, -384" [firmware/nnet_utils/nnet_conv1d_latency.h:153]   --->   Operation 245 'add' 'add_ln703_32' <Predicate = true> <Delay = 0.00> <Core = "TAddSub">   --->   Core 83 'TAddSub' <Latency = 0> <II = 1> <Delay = 0.36> <IPBlock> <Opcode : 'add' 'sub'> <InPorts = 3> <OutPorts = 1> <Sync> <CReg>
ST_1 : Operation 246 [1/1] (0.73ns) (root node of TernaryAdder)   --->   "%add_ln703_33 = add i13 %add_ln703_32, %zext_ln708_19" [firmware/nnet_utils/nnet_conv1d_latency.h:153]   --->   Operation 246 'add' 'add_ln703_33' <Predicate = true> <Delay = 0.73> <Core = "TAddSub">   --->   Core 83 'TAddSub' <Latency = 0> <II = 1> <Delay = 0.36> <IPBlock> <Opcode : 'add' 'sub'> <InPorts = 3> <OutPorts = 1> <Sync> <CReg>
ST_1 : Operation 247 [1/1] (0.00ns)   --->   "%sext_ln703_18 = sext i13 %add_ln703_33 to i14" [firmware/nnet_utils/nnet_conv1d_latency.h:153]   --->   Operation 247 'sext' 'sext_ln703_18' <Predicate = true> <Delay = 0.00>
ST_1 : Operation 248 [1/1] (0.54ns)   --->   "%acc_4_3_V = add i14 %sext_ln703_18, %sext_ln203_4" [firmware/nnet_utils/nnet_conv1d_latency.h:153]   --->   Operation 248 'add' 'acc_4_3_V' <Predicate = true> <Delay = 0.54> <Core = "AddSub">   --->   Core 14 'AddSub' <Latency = 0> <II = 1> <Delay = 0.54> <FuncUnit> <Opcode : 'add' 'sub'> <InPorts = 2> <OutPorts = 1>
ST_1 : Operation 249 [1/1] (0.00ns)   --->   "%sext_ln703_19 = sext i14 %acc_4_3_V to i16" [firmware/nnet_utils/nnet_conv1d_latency.h:153]   --->   Operation 249 'sext' 'sext_ln703_19' <Predicate = true> <Delay = 0.00>
ST_1 : Operation 250 [1/1] (0.48ns)   --->   "%add_ln703_35 = add i9 %sext_ln708_9, -128" [firmware/nnet_utils/nnet_conv1d_latency.h:153]   --->   Operation 250 'add' 'add_ln703_35' <Predicate = true> <Delay = 0.48> <Core = "AddSub">   --->   Core 14 'AddSub' <Latency = 0> <II = 1> <Delay = 0.54> <FuncUnit> <Opcode : 'add' 'sub'> <InPorts = 2> <OutPorts = 1>
ST_1 : Operation 251 [1/1] (0.00ns)   --->   "%zext_ln703_25 = zext i9 %add_ln703_35 to i11" [firmware/nnet_utils/nnet_conv1d_latency.h:153]   --->   Operation 251 'zext' 'zext_ln703_25' <Predicate = true> <Delay = 0.00>
ST_1 : Operation 252 [1/1] (0.54ns)   --->   "%acc_4_4_V = add i11 %zext_ln703_25, %zext_ln703_27" [firmware/nnet_utils/nnet_conv1d_latency.h:153]   --->   Operation 252 'add' 'acc_4_4_V' <Predicate = true> <Delay = 0.54> <Core = "AddSub">   --->   Core 14 'AddSub' <Latency = 0> <II = 1> <Delay = 0.54> <FuncUnit> <Opcode : 'add' 'sub'> <InPorts = 2> <OutPorts = 1>
ST_1 : Operation 253 [1/1] (0.00ns)   --->   "%zext_ln703_26 = zext i11 %acc_4_4_V to i16" [firmware/nnet_utils/nnet_conv1d_latency.h:153]   --->   Operation 253 'zext' 'zext_ln703_26' <Predicate = true> <Delay = 0.00>
ST_1 : Operation 254 [1/1] (0.00ns)   --->   "%newret = insertvalue { i16, i16, i16, i16, i16, i16, i16, i16, i16, i16, i16, i16, i16, i16, i16 } undef, i16 %sext_ln703, 0" [firmware/nnet_utils/nnet_conv1d_latency.h:153]   --->   Operation 254 'insertvalue' 'newret' <Predicate = true> <Delay = 0.00>
ST_1 : Operation 255 [1/1] (0.00ns)   --->   "%newret2 = insertvalue { i16, i16, i16, i16, i16, i16, i16, i16, i16, i16, i16, i16, i16, i16, i16 } %newret, i16 %sext_ln703_4, 1" [firmware/nnet_utils/nnet_conv1d_latency.h:153]   --->   Operation 255 'insertvalue' 'newret2' <Predicate = true> <Delay = 0.00>
ST_1 : Operation 256 [1/1] (0.00ns)   --->   "%newret4 = insertvalue { i16, i16, i16, i16, i16, i16, i16, i16, i16, i16, i16, i16, i16, i16, i16 } %newret2, i16 %zext_ln703_18, 2" [firmware/nnet_utils/nnet_conv1d_latency.h:153]   --->   Operation 256 'insertvalue' 'newret4' <Predicate = true> <Delay = 0.00>
ST_1 : Operation 257 [1/1] (0.00ns)   --->   "%newret6 = insertvalue { i16, i16, i16, i16, i16, i16, i16, i16, i16, i16, i16, i16, i16, i16, i16 } %newret4, i16 %sext_ln703_3, 3" [firmware/nnet_utils/nnet_conv1d_latency.h:153]   --->   Operation 257 'insertvalue' 'newret6' <Predicate = true> <Delay = 0.00>
ST_1 : Operation 258 [1/1] (0.00ns)   --->   "%newret8 = insertvalue { i16, i16, i16, i16, i16, i16, i16, i16, i16, i16, i16, i16, i16, i16, i16 } %newret6, i16 %sext_ln703_10, 4" [firmware/nnet_utils/nnet_conv1d_latency.h:153]   --->   Operation 258 'insertvalue' 'newret8' <Predicate = true> <Delay = 0.00>
ST_1 : Operation 259 [1/1] (0.00ns)   --->   "%newret1 = insertvalue { i16, i16, i16, i16, i16, i16, i16, i16, i16, i16, i16, i16, i16, i16, i16 } %newret8, i16 %zext_ln703_20, 5" [firmware/nnet_utils/nnet_conv1d_latency.h:153]   --->   Operation 259 'insertvalue' 'newret1' <Predicate = true> <Delay = 0.00>
ST_1 : Operation 260 [1/1] (0.00ns)   --->   "%newret3 = insertvalue { i16, i16, i16, i16, i16, i16, i16, i16, i16, i16, i16, i16, i16, i16, i16 } %newret1, i16 %sext_ln703_6, 6" [firmware/nnet_utils/nnet_conv1d_latency.h:153]   --->   Operation 260 'insertvalue' 'newret3' <Predicate = true> <Delay = 0.00>
ST_1 : Operation 261 [1/1] (0.00ns)   --->   "%newret5 = insertvalue { i16, i16, i16, i16, i16, i16, i16, i16, i16, i16, i16, i16, i16, i16, i16 } %newret3, i16 %sext_ln703_15, 7" [firmware/nnet_utils/nnet_conv1d_latency.h:153]   --->   Operation 261 'insertvalue' 'newret5' <Predicate = true> <Delay = 0.00>
ST_1 : Operation 262 [1/1] (0.00ns)   --->   "%newret7 = insertvalue { i16, i16, i16, i16, i16, i16, i16, i16, i16, i16, i16, i16, i16, i16, i16 } %newret5, i16 %zext_ln703_22, 8" [firmware/nnet_utils/nnet_conv1d_latency.h:153]   --->   Operation 262 'insertvalue' 'newret7' <Predicate = true> <Delay = 0.00>
ST_1 : Operation 263 [1/1] (0.00ns)   --->   "%newret9 = insertvalue { i16, i16, i16, i16, i16, i16, i16, i16, i16, i16, i16, i16, i16, i16, i16 } %newret7, i16 %sext_ln703_9, 9" [firmware/nnet_utils/nnet_conv1d_latency.h:153]   --->   Operation 263 'insertvalue' 'newret9' <Predicate = true> <Delay = 0.00>
ST_1 : Operation 264 [1/1] (0.00ns)   --->   "%newret10 = insertvalue { i16, i16, i16, i16, i16, i16, i16, i16, i16, i16, i16, i16, i16, i16, i16 } %newret9, i16 %sext_ln703_17, 10" [firmware/nnet_utils/nnet_conv1d_latency.h:153]   --->   Operation 264 'insertvalue' 'newret10' <Predicate = true> <Delay = 0.00>
ST_1 : Operation 265 [1/1] (0.00ns)   --->   "%newret11 = insertvalue { i16, i16, i16, i16, i16, i16, i16, i16, i16, i16, i16, i16, i16, i16, i16 } %newret10, i16 %zext_ln703_24, 11" [firmware/nnet_utils/nnet_conv1d_latency.h:153]   --->   Operation 265 'insertvalue' 'newret11' <Predicate = true> <Delay = 0.00>
ST_1 : Operation 266 [1/1] (0.00ns)   --->   "%newret12 = insertvalue { i16, i16, i16, i16, i16, i16, i16, i16, i16, i16, i16, i16, i16, i16, i16 } %newret11, i16 %sext_ln703_12, 12" [firmware/nnet_utils/nnet_conv1d_latency.h:153]   --->   Operation 266 'insertvalue' 'newret12' <Predicate = true> <Delay = 0.00>
ST_1 : Operation 267 [1/1] (0.00ns)   --->   "%newret13 = insertvalue { i16, i16, i16, i16, i16, i16, i16, i16, i16, i16, i16, i16, i16, i16, i16 } %newret12, i16 %sext_ln703_19, 13" [firmware/nnet_utils/nnet_conv1d_latency.h:153]   --->   Operation 267 'insertvalue' 'newret13' <Predicate = true> <Delay = 0.00>
ST_1 : Operation 268 [1/1] (0.00ns)   --->   "%newret14 = insertvalue { i16, i16, i16, i16, i16, i16, i16, i16, i16, i16, i16, i16, i16, i16, i16 } %newret13, i16 %zext_ln703_26, 14" [firmware/nnet_utils/nnet_conv1d_latency.h:153]   --->   Operation 268 'insertvalue' 'newret14' <Predicate = true> <Delay = 0.00>
ST_1 : Operation 269 [1/1] (0.00ns)   --->   "ret { i16, i16, i16, i16, i16, i16, i16, i16, i16, i16, i16, i16, i16, i16, i16 } %newret14" [firmware/nnet_utils/nnet_conv1d_latency.h:153]   --->   Operation 269 'ret' <Predicate = true> <Delay = 0.00>


============================================================
+ Verbose Summary: Timing violations
============================================================
Target clock period: 5ns, clock uncertainty: 0.625ns.

 <State 1>: 2.83ns
The critical path consists of the following:
	wire read on port 'p_read13' (firmware/nnet_utils/nnet_conv1d_latency.h:88) [17]  (0 ns)
	'mul' operation ('mul_ln708_8', firmware/nnet_utils/nnet_conv1d_latency.h:130) [195]  (1.55 ns)
	'add' operation ('add_ln703_33', firmware/nnet_utils/nnet_conv1d_latency.h:153) [260]  (0.736 ns)
	'add' operation ('acc[4][3].V', firmware/nnet_utils/nnet_conv1d_latency.h:153) [262]  (0.54 ns)


============================================================
+ Verbose Summary: Binding
============================================================
N/A
* FSMD analyzer results:
  - Output states:
 - Input state : 
  - Chain level:
	State 1


============================================================
+ Verbose Summary: Datapath Resource usage 
============================================================
N/A
