

================================================================
== Vivado HLS Report for 'pointwise_conv_1d_cl_ap_fixed_ap_fixed_16_6_5_3_0_config15_s'
================================================================
* Date:           Wed Nov 15 18:37:45 2023

* Version:        2019.2 (Build 2704478 on Wed Nov 06 22:10:23 MST 2019)
* Project:        myproject_prj
* Solution:       solution1
* Product family: virtexuplus
* Target device:  xcu250-figd2104-2L-e


================================================================
== Performance Estimates
================================================================
+ Timing: 
    * Summary: 
    +--------+---------+----------+------------+
    |  Clock |  Target | Estimated| Uncertainty|
    +--------+---------+----------+------------+
    |ap_clk  | 5.00 ns | 4.114 ns |   0.62 ns  |
    +--------+---------+----------+------------+

+ Latency: 
    * Summary: 
    +---------+---------+----------+----------+-----+-----+---------+
    |  Latency (cycles) |  Latency (absolute) |  Interval | Pipeline|
    |   min   |   max   |    min   |    max   | min | max |   Type  |
    +---------+---------+----------+----------+-----+-----+---------+
    |        1|        1| 5.000 ns | 5.000 ns |    1|    1|   none  |
    +---------+---------+----------+----------+-----+-----+---------+

    + Detail: 
        * Instance: 
        N/A

        * Loop: 
        N/A

============================================================
+ Verbose Summary: Synthesis Manager
============================================================
InlineROM: 1
ExposeGlobal: 0
============================================================
+ Verbose Summary: CDFG Model
============================================================
IsTopModel: 0
ResetActiveHigh: 1
IsCombinational: 2
IsDatapathOnly: 0
HasWiredReturn: 1
HasMFsm: 0
HasVarLatency: 1
IsPipeline: 0
IsRtlPipelined: 0
IsInstanceOverlapped: 0
IsDontTouch: 0
HasImplIP: 0
IsGatedGlobalClock: 0


============================================================
+ Verbose Summary: Schedule
============================================================
* Number of FSM states : 2
* Pipeline : 0
* Dataflow Pipeline: 0

* FSM state transitions: 
1 --> 2 
2 --> 

* FSM state operations: 

State 1 <SV = 0> <Delay = 1.45>
ST_1 : Operation 3 [1/1] (1.45ns)   --->   "%data_V_read = call i1400 @_ssdm_op_Read.ap_fifo.i1400P(i1400* %data_V)" [firmware/nnet_utils/nnet_conv1d_latency.h:184->firmware/nnet_utils/nnet_conv1d.h:60->firmware/myproject.cpp:7]   --->   Operation 3 'read' 'data_V_read' <Predicate = true> <Delay = 1.45> <Core = "FIFO_SRL">   --->   Core 36 'FIFO_SRL' <Latency = 0> <II = 1> <Delay = 1.45> <Storage> <Opcode : 'read' 'write' 'nbread' 'nbwrite'> <Ports = 0> <Width = 1400> <Depth = 2> <FIFO>
ST_1 : Operation 4 [1/1] (0.00ns)   --->   "%data_tmp_0_0_V = trunc i1400 %data_V_read to i10" [firmware/nnet_utils/nnet_conv1d_latency.h:184->firmware/nnet_utils/nnet_conv1d.h:60->firmware/myproject.cpp:7]   --->   Operation 4 'trunc' 'data_tmp_0_0_V' <Predicate = true> <Delay = 0.00>
ST_1 : Operation 5 [1/1] (0.00ns)   --->   "%data_tmp_0_1_V = call i10 @_ssdm_op_PartSelect.i10.i1400.i32.i32(i1400 %data_V_read, i32 10, i32 19)" [firmware/nnet_utils/nnet_conv1d_latency.h:184->firmware/nnet_utils/nnet_conv1d.h:60->firmware/myproject.cpp:7]   --->   Operation 5 'partselect' 'data_tmp_0_1_V' <Predicate = true> <Delay = 0.00>
ST_1 : Operation 6 [1/1] (0.00ns)   --->   "%data_tmp_0_2_V = call i10 @_ssdm_op_PartSelect.i10.i1400.i32.i32(i1400 %data_V_read, i32 20, i32 29)" [firmware/nnet_utils/nnet_conv1d_latency.h:184->firmware/nnet_utils/nnet_conv1d.h:60->firmware/myproject.cpp:7]   --->   Operation 6 'partselect' 'data_tmp_0_2_V' <Predicate = true> <Delay = 0.00>
ST_1 : Operation 7 [1/1] (0.00ns)   --->   "%data_tmp_0_4_V = call i10 @_ssdm_op_PartSelect.i10.i1400.i32.i32(i1400 %data_V_read, i32 40, i32 49)" [firmware/nnet_utils/nnet_conv1d_latency.h:184->firmware/nnet_utils/nnet_conv1d.h:60->firmware/myproject.cpp:7]   --->   Operation 7 'partselect' 'data_tmp_0_4_V' <Predicate = true> <Delay = 0.00>
ST_1 : Operation 8 [1/1] (0.00ns)   --->   "%data_tmp_0_5_V = call i10 @_ssdm_op_PartSelect.i10.i1400.i32.i32(i1400 %data_V_read, i32 50, i32 59)" [firmware/nnet_utils/nnet_conv1d_latency.h:184->firmware/nnet_utils/nnet_conv1d.h:60->firmware/myproject.cpp:7]   --->   Operation 8 'partselect' 'data_tmp_0_5_V' <Predicate = true> <Delay = 0.00>
ST_1 : Operation 9 [1/1] (0.00ns)   --->   "%data_tmp_0_6_V = call i10 @_ssdm_op_PartSelect.i10.i1400.i32.i32(i1400 %data_V_read, i32 60, i32 69)" [firmware/nnet_utils/nnet_conv1d_latency.h:184->firmware/nnet_utils/nnet_conv1d.h:60->firmware/myproject.cpp:7]   --->   Operation 9 'partselect' 'data_tmp_0_6_V' <Predicate = true> <Delay = 0.00>
ST_1 : Operation 10 [1/1] (0.00ns)   --->   "%data_tmp_0_7_V = call i10 @_ssdm_op_PartSelect.i10.i1400.i32.i32(i1400 %data_V_read, i32 70, i32 79)" [firmware/nnet_utils/nnet_conv1d_latency.h:184->firmware/nnet_utils/nnet_conv1d.h:60->firmware/myproject.cpp:7]   --->   Operation 10 'partselect' 'data_tmp_0_7_V' <Predicate = true> <Delay = 0.00>
ST_1 : Operation 11 [1/1] (0.00ns)   --->   "%data_tmp_0_8_V = call i10 @_ssdm_op_PartSelect.i10.i1400.i32.i32(i1400 %data_V_read, i32 80, i32 89)" [firmware/nnet_utils/nnet_conv1d_latency.h:184->firmware/nnet_utils/nnet_conv1d.h:60->firmware/myproject.cpp:7]   --->   Operation 11 'partselect' 'data_tmp_0_8_V' <Predicate = true> <Delay = 0.00>
ST_1 : Operation 12 [1/1] (0.00ns)   --->   "%data_tmp_0_9_V = call i10 @_ssdm_op_PartSelect.i10.i1400.i32.i32(i1400 %data_V_read, i32 90, i32 99)" [firmware/nnet_utils/nnet_conv1d_latency.h:184->firmware/nnet_utils/nnet_conv1d.h:60->firmware/myproject.cpp:7]   --->   Operation 12 'partselect' 'data_tmp_0_9_V' <Predicate = true> <Delay = 0.00>
ST_1 : Operation 13 [1/1] (0.00ns)   --->   "%data_tmp_0_10_V = call i10 @_ssdm_op_PartSelect.i10.i1400.i32.i32(i1400 %data_V_read, i32 100, i32 109)" [firmware/nnet_utils/nnet_conv1d_latency.h:184->firmware/nnet_utils/nnet_conv1d.h:60->firmware/myproject.cpp:7]   --->   Operation 13 'partselect' 'data_tmp_0_10_V' <Predicate = true> <Delay = 0.00>
ST_1 : Operation 14 [1/1] (0.00ns)   --->   "%data_tmp_0_11_V = call i10 @_ssdm_op_PartSelect.i10.i1400.i32.i32(i1400 %data_V_read, i32 110, i32 119)" [firmware/nnet_utils/nnet_conv1d_latency.h:184->firmware/nnet_utils/nnet_conv1d.h:60->firmware/myproject.cpp:7]   --->   Operation 14 'partselect' 'data_tmp_0_11_V' <Predicate = true> <Delay = 0.00>
ST_1 : Operation 15 [1/1] (0.00ns)   --->   "%data_tmp_0_14_V = call i10 @_ssdm_op_PartSelect.i10.i1400.i32.i32(i1400 %data_V_read, i32 140, i32 149)" [firmware/nnet_utils/nnet_conv1d_latency.h:184->firmware/nnet_utils/nnet_conv1d.h:60->firmware/myproject.cpp:7]   --->   Operation 15 'partselect' 'data_tmp_0_14_V' <Predicate = true> <Delay = 0.00>
ST_1 : Operation 16 [1/1] (0.00ns)   --->   "%data_tmp_0_15_V = call i10 @_ssdm_op_PartSelect.i10.i1400.i32.i32(i1400 %data_V_read, i32 150, i32 159)" [firmware/nnet_utils/nnet_conv1d_latency.h:184->firmware/nnet_utils/nnet_conv1d.h:60->firmware/myproject.cpp:7]   --->   Operation 16 'partselect' 'data_tmp_0_15_V' <Predicate = true> <Delay = 0.00>
ST_1 : Operation 17 [1/1] (0.00ns)   --->   "%data_tmp_0_16_V = call i10 @_ssdm_op_PartSelect.i10.i1400.i32.i32(i1400 %data_V_read, i32 160, i32 169)" [firmware/nnet_utils/nnet_conv1d_latency.h:184->firmware/nnet_utils/nnet_conv1d.h:60->firmware/myproject.cpp:7]   --->   Operation 17 'partselect' 'data_tmp_0_16_V' <Predicate = true> <Delay = 0.00>
ST_1 : Operation 18 [1/1] (0.00ns)   --->   "%data_tmp_0_18_V = call i10 @_ssdm_op_PartSelect.i10.i1400.i32.i32(i1400 %data_V_read, i32 180, i32 189)" [firmware/nnet_utils/nnet_conv1d_latency.h:184->firmware/nnet_utils/nnet_conv1d.h:60->firmware/myproject.cpp:7]   --->   Operation 18 'partselect' 'data_tmp_0_18_V' <Predicate = true> <Delay = 0.00>
ST_1 : Operation 19 [1/1] (0.00ns)   --->   "%data_tmp_0_19_V = call i10 @_ssdm_op_PartSelect.i10.i1400.i32.i32(i1400 %data_V_read, i32 190, i32 199)" [firmware/nnet_utils/nnet_conv1d_latency.h:184->firmware/nnet_utils/nnet_conv1d.h:60->firmware/myproject.cpp:7]   --->   Operation 19 'partselect' 'data_tmp_0_19_V' <Predicate = true> <Delay = 0.00>
ST_1 : Operation 20 [1/1] (0.00ns)   --->   "%data_tmp_0_20_V = call i10 @_ssdm_op_PartSelect.i10.i1400.i32.i32(i1400 %data_V_read, i32 200, i32 209)" [firmware/nnet_utils/nnet_conv1d_latency.h:184->firmware/nnet_utils/nnet_conv1d.h:60->firmware/myproject.cpp:7]   --->   Operation 20 'partselect' 'data_tmp_0_20_V' <Predicate = true> <Delay = 0.00>
ST_1 : Operation 21 [1/1] (0.00ns)   --->   "%data_tmp_0_21_V = call i10 @_ssdm_op_PartSelect.i10.i1400.i32.i32(i1400 %data_V_read, i32 210, i32 219)" [firmware/nnet_utils/nnet_conv1d_latency.h:184->firmware/nnet_utils/nnet_conv1d.h:60->firmware/myproject.cpp:7]   --->   Operation 21 'partselect' 'data_tmp_0_21_V' <Predicate = true> <Delay = 0.00>
ST_1 : Operation 22 [1/1] (0.00ns)   --->   "%data_tmp_0_22_V = call i10 @_ssdm_op_PartSelect.i10.i1400.i32.i32(i1400 %data_V_read, i32 220, i32 229)" [firmware/nnet_utils/nnet_conv1d_latency.h:184->firmware/nnet_utils/nnet_conv1d.h:60->firmware/myproject.cpp:7]   --->   Operation 22 'partselect' 'data_tmp_0_22_V' <Predicate = true> <Delay = 0.00>
ST_1 : Operation 23 [1/1] (0.00ns)   --->   "%data_tmp_0_23_V = call i10 @_ssdm_op_PartSelect.i10.i1400.i32.i32(i1400 %data_V_read, i32 230, i32 239)" [firmware/nnet_utils/nnet_conv1d_latency.h:184->firmware/nnet_utils/nnet_conv1d.h:60->firmware/myproject.cpp:7]   --->   Operation 23 'partselect' 'data_tmp_0_23_V' <Predicate = true> <Delay = 0.00>
ST_1 : Operation 24 [1/1] (0.00ns)   --->   "%data_tmp_0_24_V = call i10 @_ssdm_op_PartSelect.i10.i1400.i32.i32(i1400 %data_V_read, i32 240, i32 249)" [firmware/nnet_utils/nnet_conv1d_latency.h:184->firmware/nnet_utils/nnet_conv1d.h:60->firmware/myproject.cpp:7]   --->   Operation 24 'partselect' 'data_tmp_0_24_V' <Predicate = true> <Delay = 0.00>
ST_1 : Operation 25 [1/1] (0.00ns)   --->   "%data_tmp_0_25_V = call i10 @_ssdm_op_PartSelect.i10.i1400.i32.i32(i1400 %data_V_read, i32 250, i32 259)" [firmware/nnet_utils/nnet_conv1d_latency.h:184->firmware/nnet_utils/nnet_conv1d.h:60->firmware/myproject.cpp:7]   --->   Operation 25 'partselect' 'data_tmp_0_25_V' <Predicate = true> <Delay = 0.00>
ST_1 : Operation 26 [1/1] (0.00ns)   --->   "%data_tmp_0_28_V = call i10 @_ssdm_op_PartSelect.i10.i1400.i32.i32(i1400 %data_V_read, i32 280, i32 289)" [firmware/nnet_utils/nnet_conv1d_latency.h:184->firmware/nnet_utils/nnet_conv1d.h:60->firmware/myproject.cpp:7]   --->   Operation 26 'partselect' 'data_tmp_0_28_V' <Predicate = true> <Delay = 0.00>
ST_1 : Operation 27 [1/1] (0.00ns)   --->   "%data_tmp_0_29_V = call i10 @_ssdm_op_PartSelect.i10.i1400.i32.i32(i1400 %data_V_read, i32 290, i32 299)" [firmware/nnet_utils/nnet_conv1d_latency.h:184->firmware/nnet_utils/nnet_conv1d.h:60->firmware/myproject.cpp:7]   --->   Operation 27 'partselect' 'data_tmp_0_29_V' <Predicate = true> <Delay = 0.00>
ST_1 : Operation 28 [1/1] (0.00ns)   --->   "%data_tmp_0_30_V = call i10 @_ssdm_op_PartSelect.i10.i1400.i32.i32(i1400 %data_V_read, i32 300, i32 309)" [firmware/nnet_utils/nnet_conv1d_latency.h:184->firmware/nnet_utils/nnet_conv1d.h:60->firmware/myproject.cpp:7]   --->   Operation 28 'partselect' 'data_tmp_0_30_V' <Predicate = true> <Delay = 0.00>
ST_1 : Operation 29 [1/1] (0.00ns)   --->   "%data_tmp_0_32_V = call i10 @_ssdm_op_PartSelect.i10.i1400.i32.i32(i1400 %data_V_read, i32 320, i32 329)" [firmware/nnet_utils/nnet_conv1d_latency.h:184->firmware/nnet_utils/nnet_conv1d.h:60->firmware/myproject.cpp:7]   --->   Operation 29 'partselect' 'data_tmp_0_32_V' <Predicate = true> <Delay = 0.00>
ST_1 : Operation 30 [1/1] (0.00ns)   --->   "%data_tmp_0_33_V = call i10 @_ssdm_op_PartSelect.i10.i1400.i32.i32(i1400 %data_V_read, i32 330, i32 339)" [firmware/nnet_utils/nnet_conv1d_latency.h:184->firmware/nnet_utils/nnet_conv1d.h:60->firmware/myproject.cpp:7]   --->   Operation 30 'partselect' 'data_tmp_0_33_V' <Predicate = true> <Delay = 0.00>
ST_1 : Operation 31 [1/1] (0.00ns)   --->   "%data_tmp_0_34_V = call i10 @_ssdm_op_PartSelect.i10.i1400.i32.i32(i1400 %data_V_read, i32 340, i32 349)" [firmware/nnet_utils/nnet_conv1d_latency.h:184->firmware/nnet_utils/nnet_conv1d.h:60->firmware/myproject.cpp:7]   --->   Operation 31 'partselect' 'data_tmp_0_34_V' <Predicate = true> <Delay = 0.00>
ST_1 : Operation 32 [1/1] (0.00ns)   --->   "%data_tmp_0_35_V = call i10 @_ssdm_op_PartSelect.i10.i1400.i32.i32(i1400 %data_V_read, i32 350, i32 359)" [firmware/nnet_utils/nnet_conv1d_latency.h:184->firmware/nnet_utils/nnet_conv1d.h:60->firmware/myproject.cpp:7]   --->   Operation 32 'partselect' 'data_tmp_0_35_V' <Predicate = true> <Delay = 0.00>
ST_1 : Operation 33 [1/1] (0.00ns)   --->   "%data_tmp_0_36_V = call i10 @_ssdm_op_PartSelect.i10.i1400.i32.i32(i1400 %data_V_read, i32 360, i32 369)" [firmware/nnet_utils/nnet_conv1d_latency.h:184->firmware/nnet_utils/nnet_conv1d.h:60->firmware/myproject.cpp:7]   --->   Operation 33 'partselect' 'data_tmp_0_36_V' <Predicate = true> <Delay = 0.00>
ST_1 : Operation 34 [1/1] (0.00ns)   --->   "%data_tmp_0_37_V = call i10 @_ssdm_op_PartSelect.i10.i1400.i32.i32(i1400 %data_V_read, i32 370, i32 379)" [firmware/nnet_utils/nnet_conv1d_latency.h:184->firmware/nnet_utils/nnet_conv1d.h:60->firmware/myproject.cpp:7]   --->   Operation 34 'partselect' 'data_tmp_0_37_V' <Predicate = true> <Delay = 0.00>
ST_1 : Operation 35 [1/1] (0.00ns)   --->   "%data_tmp_0_38_V = call i10 @_ssdm_op_PartSelect.i10.i1400.i32.i32(i1400 %data_V_read, i32 380, i32 389)" [firmware/nnet_utils/nnet_conv1d_latency.h:184->firmware/nnet_utils/nnet_conv1d.h:60->firmware/myproject.cpp:7]   --->   Operation 35 'partselect' 'data_tmp_0_38_V' <Predicate = true> <Delay = 0.00>
ST_1 : Operation 36 [1/1] (0.00ns)   --->   "%data_tmp_0_39_V = call i10 @_ssdm_op_PartSelect.i10.i1400.i32.i32(i1400 %data_V_read, i32 390, i32 399)" [firmware/nnet_utils/nnet_conv1d_latency.h:184->firmware/nnet_utils/nnet_conv1d.h:60->firmware/myproject.cpp:7]   --->   Operation 36 'partselect' 'data_tmp_0_39_V' <Predicate = true> <Delay = 0.00>
ST_1 : Operation 37 [1/1] (0.00ns)   --->   "%data_tmp_0_42_V = call i10 @_ssdm_op_PartSelect.i10.i1400.i32.i32(i1400 %data_V_read, i32 420, i32 429)" [firmware/nnet_utils/nnet_conv1d_latency.h:184->firmware/nnet_utils/nnet_conv1d.h:60->firmware/myproject.cpp:7]   --->   Operation 37 'partselect' 'data_tmp_0_42_V' <Predicate = true> <Delay = 0.00>
ST_1 : Operation 38 [1/1] (0.00ns)   --->   "%data_tmp_0_43_V = call i10 @_ssdm_op_PartSelect.i10.i1400.i32.i32(i1400 %data_V_read, i32 430, i32 439)" [firmware/nnet_utils/nnet_conv1d_latency.h:184->firmware/nnet_utils/nnet_conv1d.h:60->firmware/myproject.cpp:7]   --->   Operation 38 'partselect' 'data_tmp_0_43_V' <Predicate = true> <Delay = 0.00>
ST_1 : Operation 39 [1/1] (0.00ns)   --->   "%data_tmp_0_44_V = call i10 @_ssdm_op_PartSelect.i10.i1400.i32.i32(i1400 %data_V_read, i32 440, i32 449)" [firmware/nnet_utils/nnet_conv1d_latency.h:184->firmware/nnet_utils/nnet_conv1d.h:60->firmware/myproject.cpp:7]   --->   Operation 39 'partselect' 'data_tmp_0_44_V' <Predicate = true> <Delay = 0.00>
ST_1 : Operation 40 [1/1] (0.00ns)   --->   "%data_tmp_0_46_V = call i10 @_ssdm_op_PartSelect.i10.i1400.i32.i32(i1400 %data_V_read, i32 460, i32 469)" [firmware/nnet_utils/nnet_conv1d_latency.h:184->firmware/nnet_utils/nnet_conv1d.h:60->firmware/myproject.cpp:7]   --->   Operation 40 'partselect' 'data_tmp_0_46_V' <Predicate = true> <Delay = 0.00>
ST_1 : Operation 41 [1/1] (0.00ns)   --->   "%data_tmp_0_47_V = call i10 @_ssdm_op_PartSelect.i10.i1400.i32.i32(i1400 %data_V_read, i32 470, i32 479)" [firmware/nnet_utils/nnet_conv1d_latency.h:184->firmware/nnet_utils/nnet_conv1d.h:60->firmware/myproject.cpp:7]   --->   Operation 41 'partselect' 'data_tmp_0_47_V' <Predicate = true> <Delay = 0.00>
ST_1 : Operation 42 [1/1] (0.00ns)   --->   "%data_tmp_0_48_V = call i10 @_ssdm_op_PartSelect.i10.i1400.i32.i32(i1400 %data_V_read, i32 480, i32 489)" [firmware/nnet_utils/nnet_conv1d_latency.h:184->firmware/nnet_utils/nnet_conv1d.h:60->firmware/myproject.cpp:7]   --->   Operation 42 'partselect' 'data_tmp_0_48_V' <Predicate = true> <Delay = 0.00>
ST_1 : Operation 43 [1/1] (0.00ns)   --->   "%data_tmp_0_49_V = call i10 @_ssdm_op_PartSelect.i10.i1400.i32.i32(i1400 %data_V_read, i32 490, i32 499)" [firmware/nnet_utils/nnet_conv1d_latency.h:184->firmware/nnet_utils/nnet_conv1d.h:60->firmware/myproject.cpp:7]   --->   Operation 43 'partselect' 'data_tmp_0_49_V' <Predicate = true> <Delay = 0.00>
ST_1 : Operation 44 [1/1] (0.00ns)   --->   "%data_tmp_0_50_V = call i10 @_ssdm_op_PartSelect.i10.i1400.i32.i32(i1400 %data_V_read, i32 500, i32 509)" [firmware/nnet_utils/nnet_conv1d_latency.h:184->firmware/nnet_utils/nnet_conv1d.h:60->firmware/myproject.cpp:7]   --->   Operation 44 'partselect' 'data_tmp_0_50_V' <Predicate = true> <Delay = 0.00>
ST_1 : Operation 45 [1/1] (0.00ns)   --->   "%data_tmp_0_51_V = call i10 @_ssdm_op_PartSelect.i10.i1400.i32.i32(i1400 %data_V_read, i32 510, i32 519)" [firmware/nnet_utils/nnet_conv1d_latency.h:184->firmware/nnet_utils/nnet_conv1d.h:60->firmware/myproject.cpp:7]   --->   Operation 45 'partselect' 'data_tmp_0_51_V' <Predicate = true> <Delay = 0.00>
ST_1 : Operation 46 [1/1] (0.00ns)   --->   "%data_tmp_0_52_V = call i10 @_ssdm_op_PartSelect.i10.i1400.i32.i32(i1400 %data_V_read, i32 520, i32 529)" [firmware/nnet_utils/nnet_conv1d_latency.h:184->firmware/nnet_utils/nnet_conv1d.h:60->firmware/myproject.cpp:7]   --->   Operation 46 'partselect' 'data_tmp_0_52_V' <Predicate = true> <Delay = 0.00>
ST_1 : Operation 47 [1/1] (0.00ns)   --->   "%data_tmp_0_53_V = call i10 @_ssdm_op_PartSelect.i10.i1400.i32.i32(i1400 %data_V_read, i32 530, i32 539)" [firmware/nnet_utils/nnet_conv1d_latency.h:184->firmware/nnet_utils/nnet_conv1d.h:60->firmware/myproject.cpp:7]   --->   Operation 47 'partselect' 'data_tmp_0_53_V' <Predicate = true> <Delay = 0.00>
ST_1 : Operation 48 [1/1] (0.00ns)   --->   "%data_tmp_0_56_V = call i10 @_ssdm_op_PartSelect.i10.i1400.i32.i32(i1400 %data_V_read, i32 560, i32 569)" [firmware/nnet_utils/nnet_conv1d_latency.h:184->firmware/nnet_utils/nnet_conv1d.h:60->firmware/myproject.cpp:7]   --->   Operation 48 'partselect' 'data_tmp_0_56_V' <Predicate = true> <Delay = 0.00>
ST_1 : Operation 49 [1/1] (0.00ns)   --->   "%data_tmp_0_57_V = call i10 @_ssdm_op_PartSelect.i10.i1400.i32.i32(i1400 %data_V_read, i32 570, i32 579)" [firmware/nnet_utils/nnet_conv1d_latency.h:184->firmware/nnet_utils/nnet_conv1d.h:60->firmware/myproject.cpp:7]   --->   Operation 49 'partselect' 'data_tmp_0_57_V' <Predicate = true> <Delay = 0.00>
ST_1 : Operation 50 [1/1] (0.00ns)   --->   "%data_tmp_0_58_V = call i10 @_ssdm_op_PartSelect.i10.i1400.i32.i32(i1400 %data_V_read, i32 580, i32 589)" [firmware/nnet_utils/nnet_conv1d_latency.h:184->firmware/nnet_utils/nnet_conv1d.h:60->firmware/myproject.cpp:7]   --->   Operation 50 'partselect' 'data_tmp_0_58_V' <Predicate = true> <Delay = 0.00>
ST_1 : Operation 51 [1/1] (0.00ns)   --->   "%data_tmp_0_60_V = call i10 @_ssdm_op_PartSelect.i10.i1400.i32.i32(i1400 %data_V_read, i32 600, i32 609)" [firmware/nnet_utils/nnet_conv1d_latency.h:184->firmware/nnet_utils/nnet_conv1d.h:60->firmware/myproject.cpp:7]   --->   Operation 51 'partselect' 'data_tmp_0_60_V' <Predicate = true> <Delay = 0.00>
ST_1 : Operation 52 [1/1] (0.00ns)   --->   "%data_tmp_0_61_V = call i10 @_ssdm_op_PartSelect.i10.i1400.i32.i32(i1400 %data_V_read, i32 610, i32 619)" [firmware/nnet_utils/nnet_conv1d_latency.h:184->firmware/nnet_utils/nnet_conv1d.h:60->firmware/myproject.cpp:7]   --->   Operation 52 'partselect' 'data_tmp_0_61_V' <Predicate = true> <Delay = 0.00>
ST_1 : Operation 53 [1/1] (0.00ns)   --->   "%data_tmp_0_62_V = call i10 @_ssdm_op_PartSelect.i10.i1400.i32.i32(i1400 %data_V_read, i32 620, i32 629)" [firmware/nnet_utils/nnet_conv1d_latency.h:184->firmware/nnet_utils/nnet_conv1d.h:60->firmware/myproject.cpp:7]   --->   Operation 53 'partselect' 'data_tmp_0_62_V' <Predicate = true> <Delay = 0.00>
ST_1 : Operation 54 [1/1] (0.00ns)   --->   "%data_tmp_0_63_V = call i10 @_ssdm_op_PartSelect.i10.i1400.i32.i32(i1400 %data_V_read, i32 630, i32 639)" [firmware/nnet_utils/nnet_conv1d_latency.h:184->firmware/nnet_utils/nnet_conv1d.h:60->firmware/myproject.cpp:7]   --->   Operation 54 'partselect' 'data_tmp_0_63_V' <Predicate = true> <Delay = 0.00>
ST_1 : Operation 55 [1/1] (0.00ns)   --->   "%data_tmp_0_64_V = call i10 @_ssdm_op_PartSelect.i10.i1400.i32.i32(i1400 %data_V_read, i32 640, i32 649)" [firmware/nnet_utils/nnet_conv1d_latency.h:184->firmware/nnet_utils/nnet_conv1d.h:60->firmware/myproject.cpp:7]   --->   Operation 55 'partselect' 'data_tmp_0_64_V' <Predicate = true> <Delay = 0.00>
ST_1 : Operation 56 [1/1] (0.00ns)   --->   "%data_tmp_0_65_V = call i10 @_ssdm_op_PartSelect.i10.i1400.i32.i32(i1400 %data_V_read, i32 650, i32 659)" [firmware/nnet_utils/nnet_conv1d_latency.h:184->firmware/nnet_utils/nnet_conv1d.h:60->firmware/myproject.cpp:7]   --->   Operation 56 'partselect' 'data_tmp_0_65_V' <Predicate = true> <Delay = 0.00>
ST_1 : Operation 57 [1/1] (0.00ns)   --->   "%data_tmp_0_66_V = call i10 @_ssdm_op_PartSelect.i10.i1400.i32.i32(i1400 %data_V_read, i32 660, i32 669)" [firmware/nnet_utils/nnet_conv1d_latency.h:184->firmware/nnet_utils/nnet_conv1d.h:60->firmware/myproject.cpp:7]   --->   Operation 57 'partselect' 'data_tmp_0_66_V' <Predicate = true> <Delay = 0.00>
ST_1 : Operation 58 [1/1] (0.00ns)   --->   "%data_tmp_0_67_V = call i10 @_ssdm_op_PartSelect.i10.i1400.i32.i32(i1400 %data_V_read, i32 670, i32 679)" [firmware/nnet_utils/nnet_conv1d_latency.h:184->firmware/nnet_utils/nnet_conv1d.h:60->firmware/myproject.cpp:7]   --->   Operation 58 'partselect' 'data_tmp_0_67_V' <Predicate = true> <Delay = 0.00>
ST_1 : Operation 59 [1/1] (0.00ns)   --->   "%data_tmp_1_0_V = call i10 @_ssdm_op_PartSelect.i10.i1400.i32.i32(i1400 %data_V_read, i32 700, i32 709)" [firmware/nnet_utils/nnet_conv1d_latency.h:184->firmware/nnet_utils/nnet_conv1d.h:60->firmware/myproject.cpp:7]   --->   Operation 59 'partselect' 'data_tmp_1_0_V' <Predicate = true> <Delay = 0.00>
ST_1 : Operation 60 [1/1] (0.00ns)   --->   "%data_tmp_1_1_V = call i10 @_ssdm_op_PartSelect.i10.i1400.i32.i32(i1400 %data_V_read, i32 710, i32 719)" [firmware/nnet_utils/nnet_conv1d_latency.h:184->firmware/nnet_utils/nnet_conv1d.h:60->firmware/myproject.cpp:7]   --->   Operation 60 'partselect' 'data_tmp_1_1_V' <Predicate = true> <Delay = 0.00>
ST_1 : Operation 61 [1/1] (0.00ns)   --->   "%data_tmp_1_2_V = call i10 @_ssdm_op_PartSelect.i10.i1400.i32.i32(i1400 %data_V_read, i32 720, i32 729)" [firmware/nnet_utils/nnet_conv1d_latency.h:184->firmware/nnet_utils/nnet_conv1d.h:60->firmware/myproject.cpp:7]   --->   Operation 61 'partselect' 'data_tmp_1_2_V' <Predicate = true> <Delay = 0.00>
ST_1 : Operation 62 [1/1] (0.00ns)   --->   "%data_tmp_1_4_V = call i10 @_ssdm_op_PartSelect.i10.i1400.i32.i32(i1400 %data_V_read, i32 740, i32 749)" [firmware/nnet_utils/nnet_conv1d_latency.h:184->firmware/nnet_utils/nnet_conv1d.h:60->firmware/myproject.cpp:7]   --->   Operation 62 'partselect' 'data_tmp_1_4_V' <Predicate = true> <Delay = 0.00>
ST_1 : Operation 63 [1/1] (0.00ns)   --->   "%data_tmp_1_5_V = call i10 @_ssdm_op_PartSelect.i10.i1400.i32.i32(i1400 %data_V_read, i32 750, i32 759)" [firmware/nnet_utils/nnet_conv1d_latency.h:184->firmware/nnet_utils/nnet_conv1d.h:60->firmware/myproject.cpp:7]   --->   Operation 63 'partselect' 'data_tmp_1_5_V' <Predicate = true> <Delay = 0.00>
ST_1 : Operation 64 [1/1] (0.00ns)   --->   "%data_tmp_1_6_V = call i10 @_ssdm_op_PartSelect.i10.i1400.i32.i32(i1400 %data_V_read, i32 760, i32 769)" [firmware/nnet_utils/nnet_conv1d_latency.h:184->firmware/nnet_utils/nnet_conv1d.h:60->firmware/myproject.cpp:7]   --->   Operation 64 'partselect' 'data_tmp_1_6_V' <Predicate = true> <Delay = 0.00>
ST_1 : Operation 65 [1/1] (0.00ns)   --->   "%data_tmp_1_7_V = call i10 @_ssdm_op_PartSelect.i10.i1400.i32.i32(i1400 %data_V_read, i32 770, i32 779)" [firmware/nnet_utils/nnet_conv1d_latency.h:184->firmware/nnet_utils/nnet_conv1d.h:60->firmware/myproject.cpp:7]   --->   Operation 65 'partselect' 'data_tmp_1_7_V' <Predicate = true> <Delay = 0.00>
ST_1 : Operation 66 [1/1] (0.00ns)   --->   "%data_tmp_1_8_V = call i10 @_ssdm_op_PartSelect.i10.i1400.i32.i32(i1400 %data_V_read, i32 780, i32 789)" [firmware/nnet_utils/nnet_conv1d_latency.h:184->firmware/nnet_utils/nnet_conv1d.h:60->firmware/myproject.cpp:7]   --->   Operation 66 'partselect' 'data_tmp_1_8_V' <Predicate = true> <Delay = 0.00>
ST_1 : Operation 67 [1/1] (0.00ns)   --->   "%data_tmp_1_9_V = call i10 @_ssdm_op_PartSelect.i10.i1400.i32.i32(i1400 %data_V_read, i32 790, i32 799)" [firmware/nnet_utils/nnet_conv1d_latency.h:184->firmware/nnet_utils/nnet_conv1d.h:60->firmware/myproject.cpp:7]   --->   Operation 67 'partselect' 'data_tmp_1_9_V' <Predicate = true> <Delay = 0.00>
ST_1 : Operation 68 [1/1] (0.00ns)   --->   "%data_tmp_1_10_V = call i10 @_ssdm_op_PartSelect.i10.i1400.i32.i32(i1400 %data_V_read, i32 800, i32 809)" [firmware/nnet_utils/nnet_conv1d_latency.h:184->firmware/nnet_utils/nnet_conv1d.h:60->firmware/myproject.cpp:7]   --->   Operation 68 'partselect' 'data_tmp_1_10_V' <Predicate = true> <Delay = 0.00>
ST_1 : Operation 69 [1/1] (0.00ns)   --->   "%data_tmp_1_11_V = call i10 @_ssdm_op_PartSelect.i10.i1400.i32.i32(i1400 %data_V_read, i32 810, i32 819)" [firmware/nnet_utils/nnet_conv1d_latency.h:184->firmware/nnet_utils/nnet_conv1d.h:60->firmware/myproject.cpp:7]   --->   Operation 69 'partselect' 'data_tmp_1_11_V' <Predicate = true> <Delay = 0.00>
ST_1 : Operation 70 [1/1] (0.00ns)   --->   "%data_tmp_1_14_V = call i10 @_ssdm_op_PartSelect.i10.i1400.i32.i32(i1400 %data_V_read, i32 840, i32 849)" [firmware/nnet_utils/nnet_conv1d_latency.h:184->firmware/nnet_utils/nnet_conv1d.h:60->firmware/myproject.cpp:7]   --->   Operation 70 'partselect' 'data_tmp_1_14_V' <Predicate = true> <Delay = 0.00>
ST_1 : Operation 71 [1/1] (0.00ns)   --->   "%data_tmp_1_15_V = call i10 @_ssdm_op_PartSelect.i10.i1400.i32.i32(i1400 %data_V_read, i32 850, i32 859)" [firmware/nnet_utils/nnet_conv1d_latency.h:184->firmware/nnet_utils/nnet_conv1d.h:60->firmware/myproject.cpp:7]   --->   Operation 71 'partselect' 'data_tmp_1_15_V' <Predicate = true> <Delay = 0.00>
ST_1 : Operation 72 [1/1] (0.00ns)   --->   "%data_tmp_1_16_V = call i10 @_ssdm_op_PartSelect.i10.i1400.i32.i32(i1400 %data_V_read, i32 860, i32 869)" [firmware/nnet_utils/nnet_conv1d_latency.h:184->firmware/nnet_utils/nnet_conv1d.h:60->firmware/myproject.cpp:7]   --->   Operation 72 'partselect' 'data_tmp_1_16_V' <Predicate = true> <Delay = 0.00>
ST_1 : Operation 73 [1/1] (0.00ns)   --->   "%data_tmp_1_18_V = call i10 @_ssdm_op_PartSelect.i10.i1400.i32.i32(i1400 %data_V_read, i32 880, i32 889)" [firmware/nnet_utils/nnet_conv1d_latency.h:184->firmware/nnet_utils/nnet_conv1d.h:60->firmware/myproject.cpp:7]   --->   Operation 73 'partselect' 'data_tmp_1_18_V' <Predicate = true> <Delay = 0.00>
ST_1 : Operation 74 [1/1] (0.00ns)   --->   "%data_tmp_1_19_V = call i10 @_ssdm_op_PartSelect.i10.i1400.i32.i32(i1400 %data_V_read, i32 890, i32 899)" [firmware/nnet_utils/nnet_conv1d_latency.h:184->firmware/nnet_utils/nnet_conv1d.h:60->firmware/myproject.cpp:7]   --->   Operation 74 'partselect' 'data_tmp_1_19_V' <Predicate = true> <Delay = 0.00>
ST_1 : Operation 75 [1/1] (0.00ns)   --->   "%data_tmp_1_20_V = call i10 @_ssdm_op_PartSelect.i10.i1400.i32.i32(i1400 %data_V_read, i32 900, i32 909)" [firmware/nnet_utils/nnet_conv1d_latency.h:184->firmware/nnet_utils/nnet_conv1d.h:60->firmware/myproject.cpp:7]   --->   Operation 75 'partselect' 'data_tmp_1_20_V' <Predicate = true> <Delay = 0.00>
ST_1 : Operation 76 [1/1] (0.00ns)   --->   "%data_tmp_1_21_V = call i10 @_ssdm_op_PartSelect.i10.i1400.i32.i32(i1400 %data_V_read, i32 910, i32 919)" [firmware/nnet_utils/nnet_conv1d_latency.h:184->firmware/nnet_utils/nnet_conv1d.h:60->firmware/myproject.cpp:7]   --->   Operation 76 'partselect' 'data_tmp_1_21_V' <Predicate = true> <Delay = 0.00>
ST_1 : Operation 77 [1/1] (0.00ns)   --->   "%data_tmp_1_22_V = call i10 @_ssdm_op_PartSelect.i10.i1400.i32.i32(i1400 %data_V_read, i32 920, i32 929)" [firmware/nnet_utils/nnet_conv1d_latency.h:184->firmware/nnet_utils/nnet_conv1d.h:60->firmware/myproject.cpp:7]   --->   Operation 77 'partselect' 'data_tmp_1_22_V' <Predicate = true> <Delay = 0.00>
ST_1 : Operation 78 [1/1] (0.00ns)   --->   "%data_tmp_1_23_V = call i10 @_ssdm_op_PartSelect.i10.i1400.i32.i32(i1400 %data_V_read, i32 930, i32 939)" [firmware/nnet_utils/nnet_conv1d_latency.h:184->firmware/nnet_utils/nnet_conv1d.h:60->firmware/myproject.cpp:7]   --->   Operation 78 'partselect' 'data_tmp_1_23_V' <Predicate = true> <Delay = 0.00>
ST_1 : Operation 79 [1/1] (0.00ns)   --->   "%data_tmp_1_24_V = call i10 @_ssdm_op_PartSelect.i10.i1400.i32.i32(i1400 %data_V_read, i32 940, i32 949)" [firmware/nnet_utils/nnet_conv1d_latency.h:184->firmware/nnet_utils/nnet_conv1d.h:60->firmware/myproject.cpp:7]   --->   Operation 79 'partselect' 'data_tmp_1_24_V' <Predicate = true> <Delay = 0.00>
ST_1 : Operation 80 [1/1] (0.00ns)   --->   "%data_tmp_1_25_V = call i10 @_ssdm_op_PartSelect.i10.i1400.i32.i32(i1400 %data_V_read, i32 950, i32 959)" [firmware/nnet_utils/nnet_conv1d_latency.h:184->firmware/nnet_utils/nnet_conv1d.h:60->firmware/myproject.cpp:7]   --->   Operation 80 'partselect' 'data_tmp_1_25_V' <Predicate = true> <Delay = 0.00>
ST_1 : Operation 81 [1/1] (0.00ns)   --->   "%data_tmp_1_28_V = call i10 @_ssdm_op_PartSelect.i10.i1400.i32.i32(i1400 %data_V_read, i32 980, i32 989)" [firmware/nnet_utils/nnet_conv1d_latency.h:184->firmware/nnet_utils/nnet_conv1d.h:60->firmware/myproject.cpp:7]   --->   Operation 81 'partselect' 'data_tmp_1_28_V' <Predicate = true> <Delay = 0.00>
ST_1 : Operation 82 [1/1] (0.00ns)   --->   "%data_tmp_1_29_V = call i10 @_ssdm_op_PartSelect.i10.i1400.i32.i32(i1400 %data_V_read, i32 990, i32 999)" [firmware/nnet_utils/nnet_conv1d_latency.h:184->firmware/nnet_utils/nnet_conv1d.h:60->firmware/myproject.cpp:7]   --->   Operation 82 'partselect' 'data_tmp_1_29_V' <Predicate = true> <Delay = 0.00>
ST_1 : Operation 83 [1/1] (0.00ns)   --->   "%data_tmp_1_30_V = call i10 @_ssdm_op_PartSelect.i10.i1400.i32.i32(i1400 %data_V_read, i32 1000, i32 1009)" [firmware/nnet_utils/nnet_conv1d_latency.h:184->firmware/nnet_utils/nnet_conv1d.h:60->firmware/myproject.cpp:7]   --->   Operation 83 'partselect' 'data_tmp_1_30_V' <Predicate = true> <Delay = 0.00>
ST_1 : Operation 84 [1/1] (0.00ns)   --->   "%data_tmp_1_32_V = call i10 @_ssdm_op_PartSelect.i10.i1400.i32.i32(i1400 %data_V_read, i32 1020, i32 1029)" [firmware/nnet_utils/nnet_conv1d_latency.h:184->firmware/nnet_utils/nnet_conv1d.h:60->firmware/myproject.cpp:7]   --->   Operation 84 'partselect' 'data_tmp_1_32_V' <Predicate = true> <Delay = 0.00>
ST_1 : Operation 85 [1/1] (0.00ns)   --->   "%data_tmp_1_33_V = call i10 @_ssdm_op_PartSelect.i10.i1400.i32.i32(i1400 %data_V_read, i32 1030, i32 1039)" [firmware/nnet_utils/nnet_conv1d_latency.h:184->firmware/nnet_utils/nnet_conv1d.h:60->firmware/myproject.cpp:7]   --->   Operation 85 'partselect' 'data_tmp_1_33_V' <Predicate = true> <Delay = 0.00>
ST_1 : Operation 86 [1/1] (0.00ns)   --->   "%data_tmp_1_34_V = call i10 @_ssdm_op_PartSelect.i10.i1400.i32.i32(i1400 %data_V_read, i32 1040, i32 1049)" [firmware/nnet_utils/nnet_conv1d_latency.h:184->firmware/nnet_utils/nnet_conv1d.h:60->firmware/myproject.cpp:7]   --->   Operation 86 'partselect' 'data_tmp_1_34_V' <Predicate = true> <Delay = 0.00>
ST_1 : Operation 87 [1/1] (0.00ns)   --->   "%data_tmp_1_35_V = call i10 @_ssdm_op_PartSelect.i10.i1400.i32.i32(i1400 %data_V_read, i32 1050, i32 1059)" [firmware/nnet_utils/nnet_conv1d_latency.h:184->firmware/nnet_utils/nnet_conv1d.h:60->firmware/myproject.cpp:7]   --->   Operation 87 'partselect' 'data_tmp_1_35_V' <Predicate = true> <Delay = 0.00>
ST_1 : Operation 88 [1/1] (0.00ns)   --->   "%data_tmp_1_36_V = call i10 @_ssdm_op_PartSelect.i10.i1400.i32.i32(i1400 %data_V_read, i32 1060, i32 1069)" [firmware/nnet_utils/nnet_conv1d_latency.h:184->firmware/nnet_utils/nnet_conv1d.h:60->firmware/myproject.cpp:7]   --->   Operation 88 'partselect' 'data_tmp_1_36_V' <Predicate = true> <Delay = 0.00>
ST_1 : Operation 89 [1/1] (0.00ns)   --->   "%data_tmp_1_37_V = call i10 @_ssdm_op_PartSelect.i10.i1400.i32.i32(i1400 %data_V_read, i32 1070, i32 1079)" [firmware/nnet_utils/nnet_conv1d_latency.h:184->firmware/nnet_utils/nnet_conv1d.h:60->firmware/myproject.cpp:7]   --->   Operation 89 'partselect' 'data_tmp_1_37_V' <Predicate = true> <Delay = 0.00>
ST_1 : Operation 90 [1/1] (0.00ns)   --->   "%data_tmp_1_38_V = call i10 @_ssdm_op_PartSelect.i10.i1400.i32.i32(i1400 %data_V_read, i32 1080, i32 1089)" [firmware/nnet_utils/nnet_conv1d_latency.h:184->firmware/nnet_utils/nnet_conv1d.h:60->firmware/myproject.cpp:7]   --->   Operation 90 'partselect' 'data_tmp_1_38_V' <Predicate = true> <Delay = 0.00>
ST_1 : Operation 91 [1/1] (0.00ns)   --->   "%data_tmp_1_39_V = call i10 @_ssdm_op_PartSelect.i10.i1400.i32.i32(i1400 %data_V_read, i32 1090, i32 1099)" [firmware/nnet_utils/nnet_conv1d_latency.h:184->firmware/nnet_utils/nnet_conv1d.h:60->firmware/myproject.cpp:7]   --->   Operation 91 'partselect' 'data_tmp_1_39_V' <Predicate = true> <Delay = 0.00>
ST_1 : Operation 92 [1/1] (0.00ns)   --->   "%data_tmp_1_42_V = call i10 @_ssdm_op_PartSelect.i10.i1400.i32.i32(i1400 %data_V_read, i32 1120, i32 1129)" [firmware/nnet_utils/nnet_conv1d_latency.h:184->firmware/nnet_utils/nnet_conv1d.h:60->firmware/myproject.cpp:7]   --->   Operation 92 'partselect' 'data_tmp_1_42_V' <Predicate = true> <Delay = 0.00>
ST_1 : Operation 93 [1/1] (0.00ns)   --->   "%data_tmp_1_43_V = call i10 @_ssdm_op_PartSelect.i10.i1400.i32.i32(i1400 %data_V_read, i32 1130, i32 1139)" [firmware/nnet_utils/nnet_conv1d_latency.h:184->firmware/nnet_utils/nnet_conv1d.h:60->firmware/myproject.cpp:7]   --->   Operation 93 'partselect' 'data_tmp_1_43_V' <Predicate = true> <Delay = 0.00>
ST_1 : Operation 94 [1/1] (0.00ns)   --->   "%data_tmp_1_44_V = call i10 @_ssdm_op_PartSelect.i10.i1400.i32.i32(i1400 %data_V_read, i32 1140, i32 1149)" [firmware/nnet_utils/nnet_conv1d_latency.h:184->firmware/nnet_utils/nnet_conv1d.h:60->firmware/myproject.cpp:7]   --->   Operation 94 'partselect' 'data_tmp_1_44_V' <Predicate = true> <Delay = 0.00>
ST_1 : Operation 95 [1/1] (0.00ns)   --->   "%data_tmp_1_46_V = call i10 @_ssdm_op_PartSelect.i10.i1400.i32.i32(i1400 %data_V_read, i32 1160, i32 1169)" [firmware/nnet_utils/nnet_conv1d_latency.h:184->firmware/nnet_utils/nnet_conv1d.h:60->firmware/myproject.cpp:7]   --->   Operation 95 'partselect' 'data_tmp_1_46_V' <Predicate = true> <Delay = 0.00>
ST_1 : Operation 96 [1/1] (0.00ns)   --->   "%data_tmp_1_47_V = call i10 @_ssdm_op_PartSelect.i10.i1400.i32.i32(i1400 %data_V_read, i32 1170, i32 1179)" [firmware/nnet_utils/nnet_conv1d_latency.h:184->firmware/nnet_utils/nnet_conv1d.h:60->firmware/myproject.cpp:7]   --->   Operation 96 'partselect' 'data_tmp_1_47_V' <Predicate = true> <Delay = 0.00>
ST_1 : Operation 97 [1/1] (0.00ns)   --->   "%data_tmp_1_48_V = call i10 @_ssdm_op_PartSelect.i10.i1400.i32.i32(i1400 %data_V_read, i32 1180, i32 1189)" [firmware/nnet_utils/nnet_conv1d_latency.h:184->firmware/nnet_utils/nnet_conv1d.h:60->firmware/myproject.cpp:7]   --->   Operation 97 'partselect' 'data_tmp_1_48_V' <Predicate = true> <Delay = 0.00>
ST_1 : Operation 98 [1/1] (0.00ns)   --->   "%data_tmp_1_49_V = call i10 @_ssdm_op_PartSelect.i10.i1400.i32.i32(i1400 %data_V_read, i32 1190, i32 1199)" [firmware/nnet_utils/nnet_conv1d_latency.h:184->firmware/nnet_utils/nnet_conv1d.h:60->firmware/myproject.cpp:7]   --->   Operation 98 'partselect' 'data_tmp_1_49_V' <Predicate = true> <Delay = 0.00>
ST_1 : Operation 99 [1/1] (0.00ns)   --->   "%data_tmp_1_50_V = call i10 @_ssdm_op_PartSelect.i10.i1400.i32.i32(i1400 %data_V_read, i32 1200, i32 1209)" [firmware/nnet_utils/nnet_conv1d_latency.h:184->firmware/nnet_utils/nnet_conv1d.h:60->firmware/myproject.cpp:7]   --->   Operation 99 'partselect' 'data_tmp_1_50_V' <Predicate = true> <Delay = 0.00>
ST_1 : Operation 100 [1/1] (0.00ns)   --->   "%data_tmp_1_51_V = call i10 @_ssdm_op_PartSelect.i10.i1400.i32.i32(i1400 %data_V_read, i32 1210, i32 1219)" [firmware/nnet_utils/nnet_conv1d_latency.h:184->firmware/nnet_utils/nnet_conv1d.h:60->firmware/myproject.cpp:7]   --->   Operation 100 'partselect' 'data_tmp_1_51_V' <Predicate = true> <Delay = 0.00>
ST_1 : Operation 101 [1/1] (0.00ns)   --->   "%data_tmp_1_52_V = call i10 @_ssdm_op_PartSelect.i10.i1400.i32.i32(i1400 %data_V_read, i32 1220, i32 1229)" [firmware/nnet_utils/nnet_conv1d_latency.h:184->firmware/nnet_utils/nnet_conv1d.h:60->firmware/myproject.cpp:7]   --->   Operation 101 'partselect' 'data_tmp_1_52_V' <Predicate = true> <Delay = 0.00>
ST_1 : Operation 102 [1/1] (0.00ns)   --->   "%data_tmp_1_53_V = call i10 @_ssdm_op_PartSelect.i10.i1400.i32.i32(i1400 %data_V_read, i32 1230, i32 1239)" [firmware/nnet_utils/nnet_conv1d_latency.h:184->firmware/nnet_utils/nnet_conv1d.h:60->firmware/myproject.cpp:7]   --->   Operation 102 'partselect' 'data_tmp_1_53_V' <Predicate = true> <Delay = 0.00>
ST_1 : Operation 103 [1/1] (0.00ns)   --->   "%data_tmp_1_56_V = call i10 @_ssdm_op_PartSelect.i10.i1400.i32.i32(i1400 %data_V_read, i32 1260, i32 1269)" [firmware/nnet_utils/nnet_conv1d_latency.h:184->firmware/nnet_utils/nnet_conv1d.h:60->firmware/myproject.cpp:7]   --->   Operation 103 'partselect' 'data_tmp_1_56_V' <Predicate = true> <Delay = 0.00>
ST_1 : Operation 104 [1/1] (0.00ns)   --->   "%data_tmp_1_57_V = call i10 @_ssdm_op_PartSelect.i10.i1400.i32.i32(i1400 %data_V_read, i32 1270, i32 1279)" [firmware/nnet_utils/nnet_conv1d_latency.h:184->firmware/nnet_utils/nnet_conv1d.h:60->firmware/myproject.cpp:7]   --->   Operation 104 'partselect' 'data_tmp_1_57_V' <Predicate = true> <Delay = 0.00>
ST_1 : Operation 105 [1/1] (0.00ns)   --->   "%data_tmp_1_58_V = call i10 @_ssdm_op_PartSelect.i10.i1400.i32.i32(i1400 %data_V_read, i32 1280, i32 1289)" [firmware/nnet_utils/nnet_conv1d_latency.h:184->firmware/nnet_utils/nnet_conv1d.h:60->firmware/myproject.cpp:7]   --->   Operation 105 'partselect' 'data_tmp_1_58_V' <Predicate = true> <Delay = 0.00>
ST_1 : Operation 106 [1/1] (0.00ns)   --->   "%data_tmp_1_60_V = call i10 @_ssdm_op_PartSelect.i10.i1400.i32.i32(i1400 %data_V_read, i32 1300, i32 1309)" [firmware/nnet_utils/nnet_conv1d_latency.h:184->firmware/nnet_utils/nnet_conv1d.h:60->firmware/myproject.cpp:7]   --->   Operation 106 'partselect' 'data_tmp_1_60_V' <Predicate = true> <Delay = 0.00>
ST_1 : Operation 107 [1/1] (0.00ns)   --->   "%data_tmp_1_61_V = call i10 @_ssdm_op_PartSelect.i10.i1400.i32.i32(i1400 %data_V_read, i32 1310, i32 1319)" [firmware/nnet_utils/nnet_conv1d_latency.h:184->firmware/nnet_utils/nnet_conv1d.h:60->firmware/myproject.cpp:7]   --->   Operation 107 'partselect' 'data_tmp_1_61_V' <Predicate = true> <Delay = 0.00>
ST_1 : Operation 108 [1/1] (0.00ns)   --->   "%data_tmp_1_62_V = call i10 @_ssdm_op_PartSelect.i10.i1400.i32.i32(i1400 %data_V_read, i32 1320, i32 1329)" [firmware/nnet_utils/nnet_conv1d_latency.h:184->firmware/nnet_utils/nnet_conv1d.h:60->firmware/myproject.cpp:7]   --->   Operation 108 'partselect' 'data_tmp_1_62_V' <Predicate = true> <Delay = 0.00>
ST_1 : Operation 109 [1/1] (0.00ns)   --->   "%data_tmp_1_63_V = call i10 @_ssdm_op_PartSelect.i10.i1400.i32.i32(i1400 %data_V_read, i32 1330, i32 1339)" [firmware/nnet_utils/nnet_conv1d_latency.h:184->firmware/nnet_utils/nnet_conv1d.h:60->firmware/myproject.cpp:7]   --->   Operation 109 'partselect' 'data_tmp_1_63_V' <Predicate = true> <Delay = 0.00>
ST_1 : Operation 110 [1/1] (0.00ns)   --->   "%data_tmp_1_64_V = call i10 @_ssdm_op_PartSelect.i10.i1400.i32.i32(i1400 %data_V_read, i32 1340, i32 1349)" [firmware/nnet_utils/nnet_conv1d_latency.h:184->firmware/nnet_utils/nnet_conv1d.h:60->firmware/myproject.cpp:7]   --->   Operation 110 'partselect' 'data_tmp_1_64_V' <Predicate = true> <Delay = 0.00>
ST_1 : Operation 111 [1/1] (0.00ns)   --->   "%data_tmp_1_65_V = call i10 @_ssdm_op_PartSelect.i10.i1400.i32.i32(i1400 %data_V_read, i32 1350, i32 1359)" [firmware/nnet_utils/nnet_conv1d_latency.h:184->firmware/nnet_utils/nnet_conv1d.h:60->firmware/myproject.cpp:7]   --->   Operation 111 'partselect' 'data_tmp_1_65_V' <Predicate = true> <Delay = 0.00>
ST_1 : Operation 112 [1/1] (0.00ns)   --->   "%data_tmp_1_66_V = call i10 @_ssdm_op_PartSelect.i10.i1400.i32.i32(i1400 %data_V_read, i32 1360, i32 1369)" [firmware/nnet_utils/nnet_conv1d_latency.h:184->firmware/nnet_utils/nnet_conv1d.h:60->firmware/myproject.cpp:7]   --->   Operation 112 'partselect' 'data_tmp_1_66_V' <Predicate = true> <Delay = 0.00>
ST_1 : Operation 113 [1/1] (0.00ns)   --->   "%data_tmp_1_67_V = call i10 @_ssdm_op_PartSelect.i10.i1400.i32.i32(i1400 %data_V_read, i32 1370, i32 1379)" [firmware/nnet_utils/nnet_conv1d_latency.h:184->firmware/nnet_utils/nnet_conv1d.h:60->firmware/myproject.cpp:7]   --->   Operation 113 'partselect' 'data_tmp_1_67_V' <Predicate = true> <Delay = 0.00>

State 2 <SV = 1> <Delay = 4.11>
ST_2 : Operation 114 [1/1] (0.00ns)   --->   "call void (...)* @_ssdm_op_SpecInterface(i1400* %data_V, [8 x i8]* @ap_fifo_str, i32 0, i32 0, [1 x i8]* @p_str, i32 0, i32 0, [1 x i8]* @p_str, [1 x i8]* @p_str, [1 x i8]* @p_str, i32 2, i32 2, i32 16, i32 16, [1 x i8]* @p_str, [11 x i8]* @ScalarProp_str)"   --->   Operation 114 'specinterface' <Predicate = true> <Delay = 0.00>
ST_2 : Operation 115 [1/1] (4.11ns)   --->   "%call_ret2_i = call fastcc { i16, i16, i16, i16, i16, i16, i16, i16, i16, i16, i16, i16, i16, i16, i16 } @pointwise_conv_1d_latency_cl.0.0.0.0.0.0.0.0.0.0.0.0.0.0.0.0.0.0.0.0.0.0.0.0.0.0.1(i10 %data_tmp_0_0_V, i10 %data_tmp_0_1_V, i10 %data_tmp_0_2_V, i10 %data_tmp_0_4_V, i10 %data_tmp_0_5_V, i10 %data_tmp_0_6_V, i10 %data_tmp_0_7_V, i10 %data_tmp_0_8_V, i10 %data_tmp_0_9_V, i10 %data_tmp_0_10_V, i10 %data_tmp_0_11_V, i10 %data_tmp_0_14_V, i10 %data_tmp_0_15_V, i10 %data_tmp_0_16_V, i10 %data_tmp_0_18_V, i10 %data_tmp_0_19_V, i10 %data_tmp_0_20_V, i10 %data_tmp_0_21_V, i10 %data_tmp_0_22_V, i10 %data_tmp_0_23_V, i10 %data_tmp_0_24_V, i10 %data_tmp_0_25_V, i10 %data_tmp_0_28_V, i10 %data_tmp_0_29_V, i10 %data_tmp_0_30_V, i10 %data_tmp_0_32_V, i10 %data_tmp_0_33_V, i10 %data_tmp_0_34_V, i10 %data_tmp_0_35_V, i10 %data_tmp_0_36_V, i10 %data_tmp_0_37_V, i10 %data_tmp_0_38_V, i10 %data_tmp_0_39_V, i10 %data_tmp_0_42_V, i10 %data_tmp_0_43_V, i10 %data_tmp_0_44_V, i10 %data_tmp_0_46_V, i10 %data_tmp_0_47_V, i10 %data_tmp_0_48_V, i10 %data_tmp_0_49_V, i10 %data_tmp_0_50_V, i10 %data_tmp_0_51_V, i10 %data_tmp_0_52_V, i10 %data_tmp_0_53_V, i10 %data_tmp_0_56_V, i10 %data_tmp_0_57_V, i10 %data_tmp_0_58_V, i10 %data_tmp_0_60_V, i10 %data_tmp_0_61_V, i10 %data_tmp_0_62_V, i10 %data_tmp_0_63_V, i10 %data_tmp_0_64_V, i10 %data_tmp_0_65_V, i10 %data_tmp_0_66_V, i10 %data_tmp_0_67_V)" [firmware/nnet_utils/nnet_conv1d_latency.h:188->firmware/nnet_utils/nnet_conv1d.h:60->firmware/myproject.cpp:7]   --->   Operation 115 'call' 'call_ret2_i' <Predicate = true> <Delay = 4.11> <CoreType = "Generic">   --->   Core 0 '' <Latency = 0> <II = 1> <Delay = 1.00> <Generic> <Opcode : >
ST_2 : Operation 116 [1/1] (0.00ns)   --->   "%res_tmp_0_2_V = extractvalue { i16, i16, i16, i16, i16, i16, i16, i16, i16, i16, i16, i16, i16, i16, i16 } %call_ret2_i, 0" [firmware/nnet_utils/nnet_conv1d_latency.h:188->firmware/nnet_utils/nnet_conv1d.h:60->firmware/myproject.cpp:7]   --->   Operation 116 'extractvalue' 'res_tmp_0_2_V' <Predicate = true> <Delay = 0.00>
ST_2 : Operation 117 [1/1] (0.00ns)   --->   "%res_tmp_0_6_V = extractvalue { i16, i16, i16, i16, i16, i16, i16, i16, i16, i16, i16, i16, i16, i16, i16 } %call_ret2_i, 1" [firmware/nnet_utils/nnet_conv1d_latency.h:188->firmware/nnet_utils/nnet_conv1d.h:60->firmware/myproject.cpp:7]   --->   Operation 117 'extractvalue' 'res_tmp_0_6_V' <Predicate = true> <Delay = 0.00>
ST_2 : Operation 118 [1/1] (0.00ns)   --->   "%res_tmp_0_7_V = extractvalue { i16, i16, i16, i16, i16, i16, i16, i16, i16, i16, i16, i16, i16, i16, i16 } %call_ret2_i, 2" [firmware/nnet_utils/nnet_conv1d_latency.h:188->firmware/nnet_utils/nnet_conv1d.h:60->firmware/myproject.cpp:7]   --->   Operation 118 'extractvalue' 'res_tmp_0_7_V' <Predicate = true> <Delay = 0.00>
ST_2 : Operation 119 [1/1] (0.00ns)   --->   "%res_tmp_0_12_V = extractvalue { i16, i16, i16, i16, i16, i16, i16, i16, i16, i16, i16, i16, i16, i16, i16 } %call_ret2_i, 3" [firmware/nnet_utils/nnet_conv1d_latency.h:188->firmware/nnet_utils/nnet_conv1d.h:60->firmware/myproject.cpp:7]   --->   Operation 119 'extractvalue' 'res_tmp_0_12_V' <Predicate = true> <Delay = 0.00>
ST_2 : Operation 120 [1/1] (0.00ns)   --->   "%res_tmp_0_16_V = extractvalue { i16, i16, i16, i16, i16, i16, i16, i16, i16, i16, i16, i16, i16, i16, i16 } %call_ret2_i, 4" [firmware/nnet_utils/nnet_conv1d_latency.h:188->firmware/nnet_utils/nnet_conv1d.h:60->firmware/myproject.cpp:7]   --->   Operation 120 'extractvalue' 'res_tmp_0_16_V' <Predicate = true> <Delay = 0.00>
ST_2 : Operation 121 [1/1] (0.00ns)   --->   "%res_tmp_0_17_V = extractvalue { i16, i16, i16, i16, i16, i16, i16, i16, i16, i16, i16, i16, i16, i16, i16 } %call_ret2_i, 5" [firmware/nnet_utils/nnet_conv1d_latency.h:188->firmware/nnet_utils/nnet_conv1d.h:60->firmware/myproject.cpp:7]   --->   Operation 121 'extractvalue' 'res_tmp_0_17_V' <Predicate = true> <Delay = 0.00>
ST_2 : Operation 122 [1/1] (0.00ns)   --->   "%res_tmp_0_22_V = extractvalue { i16, i16, i16, i16, i16, i16, i16, i16, i16, i16, i16, i16, i16, i16, i16 } %call_ret2_i, 6" [firmware/nnet_utils/nnet_conv1d_latency.h:188->firmware/nnet_utils/nnet_conv1d.h:60->firmware/myproject.cpp:7]   --->   Operation 122 'extractvalue' 'res_tmp_0_22_V' <Predicate = true> <Delay = 0.00>
ST_2 : Operation 123 [1/1] (0.00ns)   --->   "%res_tmp_0_26_V = extractvalue { i16, i16, i16, i16, i16, i16, i16, i16, i16, i16, i16, i16, i16, i16, i16 } %call_ret2_i, 7" [firmware/nnet_utils/nnet_conv1d_latency.h:188->firmware/nnet_utils/nnet_conv1d.h:60->firmware/myproject.cpp:7]   --->   Operation 123 'extractvalue' 'res_tmp_0_26_V' <Predicate = true> <Delay = 0.00>
ST_2 : Operation 124 [1/1] (0.00ns)   --->   "%res_tmp_0_27_V = extractvalue { i16, i16, i16, i16, i16, i16, i16, i16, i16, i16, i16, i16, i16, i16, i16 } %call_ret2_i, 8" [firmware/nnet_utils/nnet_conv1d_latency.h:188->firmware/nnet_utils/nnet_conv1d.h:60->firmware/myproject.cpp:7]   --->   Operation 124 'extractvalue' 'res_tmp_0_27_V' <Predicate = true> <Delay = 0.00>
ST_2 : Operation 125 [1/1] (0.00ns)   --->   "%res_tmp_0_32_V = extractvalue { i16, i16, i16, i16, i16, i16, i16, i16, i16, i16, i16, i16, i16, i16, i16 } %call_ret2_i, 9" [firmware/nnet_utils/nnet_conv1d_latency.h:188->firmware/nnet_utils/nnet_conv1d.h:60->firmware/myproject.cpp:7]   --->   Operation 125 'extractvalue' 'res_tmp_0_32_V' <Predicate = true> <Delay = 0.00>
ST_2 : Operation 126 [1/1] (0.00ns)   --->   "%res_tmp_0_36_V = extractvalue { i16, i16, i16, i16, i16, i16, i16, i16, i16, i16, i16, i16, i16, i16, i16 } %call_ret2_i, 10" [firmware/nnet_utils/nnet_conv1d_latency.h:188->firmware/nnet_utils/nnet_conv1d.h:60->firmware/myproject.cpp:7]   --->   Operation 126 'extractvalue' 'res_tmp_0_36_V' <Predicate = true> <Delay = 0.00>
ST_2 : Operation 127 [1/1] (0.00ns)   --->   "%res_tmp_0_37_V = extractvalue { i16, i16, i16, i16, i16, i16, i16, i16, i16, i16, i16, i16, i16, i16, i16 } %call_ret2_i, 11" [firmware/nnet_utils/nnet_conv1d_latency.h:188->firmware/nnet_utils/nnet_conv1d.h:60->firmware/myproject.cpp:7]   --->   Operation 127 'extractvalue' 'res_tmp_0_37_V' <Predicate = true> <Delay = 0.00>
ST_2 : Operation 128 [1/1] (0.00ns)   --->   "%res_tmp_0_42_V = extractvalue { i16, i16, i16, i16, i16, i16, i16, i16, i16, i16, i16, i16, i16, i16, i16 } %call_ret2_i, 12" [firmware/nnet_utils/nnet_conv1d_latency.h:188->firmware/nnet_utils/nnet_conv1d.h:60->firmware/myproject.cpp:7]   --->   Operation 128 'extractvalue' 'res_tmp_0_42_V' <Predicate = true> <Delay = 0.00>
ST_2 : Operation 129 [1/1] (0.00ns)   --->   "%res_tmp_0_46_V = extractvalue { i16, i16, i16, i16, i16, i16, i16, i16, i16, i16, i16, i16, i16, i16, i16 } %call_ret2_i, 13" [firmware/nnet_utils/nnet_conv1d_latency.h:188->firmware/nnet_utils/nnet_conv1d.h:60->firmware/myproject.cpp:7]   --->   Operation 129 'extractvalue' 'res_tmp_0_46_V' <Predicate = true> <Delay = 0.00>
ST_2 : Operation 130 [1/1] (0.00ns)   --->   "%res_tmp_0_47_V = extractvalue { i16, i16, i16, i16, i16, i16, i16, i16, i16, i16, i16, i16, i16, i16, i16 } %call_ret2_i, 14" [firmware/nnet_utils/nnet_conv1d_latency.h:188->firmware/nnet_utils/nnet_conv1d.h:60->firmware/myproject.cpp:7]   --->   Operation 130 'extractvalue' 'res_tmp_0_47_V' <Predicate = true> <Delay = 0.00>
ST_2 : Operation 131 [1/1] (4.11ns)   --->   "%call_ret_i = call fastcc { i16, i16, i16, i16, i16, i16, i16, i16, i16, i16, i16, i16, i16, i16, i16 } @pointwise_conv_1d_latency_cl.0.0.0.0.0.0.0.0.0.0.0.0.0.0.0.0.0.0.0.0.0.0.0.0.0.0.1(i10 %data_tmp_1_0_V, i10 %data_tmp_1_1_V, i10 %data_tmp_1_2_V, i10 %data_tmp_1_4_V, i10 %data_tmp_1_5_V, i10 %data_tmp_1_6_V, i10 %data_tmp_1_7_V, i10 %data_tmp_1_8_V, i10 %data_tmp_1_9_V, i10 %data_tmp_1_10_V, i10 %data_tmp_1_11_V, i10 %data_tmp_1_14_V, i10 %data_tmp_1_15_V, i10 %data_tmp_1_16_V, i10 %data_tmp_1_18_V, i10 %data_tmp_1_19_V, i10 %data_tmp_1_20_V, i10 %data_tmp_1_21_V, i10 %data_tmp_1_22_V, i10 %data_tmp_1_23_V, i10 %data_tmp_1_24_V, i10 %data_tmp_1_25_V, i10 %data_tmp_1_28_V, i10 %data_tmp_1_29_V, i10 %data_tmp_1_30_V, i10 %data_tmp_1_32_V, i10 %data_tmp_1_33_V, i10 %data_tmp_1_34_V, i10 %data_tmp_1_35_V, i10 %data_tmp_1_36_V, i10 %data_tmp_1_37_V, i10 %data_tmp_1_38_V, i10 %data_tmp_1_39_V, i10 %data_tmp_1_42_V, i10 %data_tmp_1_43_V, i10 %data_tmp_1_44_V, i10 %data_tmp_1_46_V, i10 %data_tmp_1_47_V, i10 %data_tmp_1_48_V, i10 %data_tmp_1_49_V, i10 %data_tmp_1_50_V, i10 %data_tmp_1_51_V, i10 %data_tmp_1_52_V, i10 %data_tmp_1_53_V, i10 %data_tmp_1_56_V, i10 %data_tmp_1_57_V, i10 %data_tmp_1_58_V, i10 %data_tmp_1_60_V, i10 %data_tmp_1_61_V, i10 %data_tmp_1_62_V, i10 %data_tmp_1_63_V, i10 %data_tmp_1_64_V, i10 %data_tmp_1_65_V, i10 %data_tmp_1_66_V, i10 %data_tmp_1_67_V)" [firmware/nnet_utils/nnet_conv1d_latency.h:189->firmware/nnet_utils/nnet_conv1d.h:60->firmware/myproject.cpp:7]   --->   Operation 131 'call' 'call_ret_i' <Predicate = true> <Delay = 4.11> <CoreType = "Generic">   --->   Core 0 '' <Latency = 0> <II = 1> <Delay = 1.00> <Generic> <Opcode : >
ST_2 : Operation 132 [1/1] (0.00ns)   --->   "%res_tmp_1_2_V = extractvalue { i16, i16, i16, i16, i16, i16, i16, i16, i16, i16, i16, i16, i16, i16, i16 } %call_ret_i, 0" [firmware/nnet_utils/nnet_conv1d_latency.h:189->firmware/nnet_utils/nnet_conv1d.h:60->firmware/myproject.cpp:7]   --->   Operation 132 'extractvalue' 'res_tmp_1_2_V' <Predicate = true> <Delay = 0.00>
ST_2 : Operation 133 [1/1] (0.00ns)   --->   "%res_tmp_1_6_V = extractvalue { i16, i16, i16, i16, i16, i16, i16, i16, i16, i16, i16, i16, i16, i16, i16 } %call_ret_i, 1" [firmware/nnet_utils/nnet_conv1d_latency.h:189->firmware/nnet_utils/nnet_conv1d.h:60->firmware/myproject.cpp:7]   --->   Operation 133 'extractvalue' 'res_tmp_1_6_V' <Predicate = true> <Delay = 0.00>
ST_2 : Operation 134 [1/1] (0.00ns)   --->   "%res_tmp_1_7_V = extractvalue { i16, i16, i16, i16, i16, i16, i16, i16, i16, i16, i16, i16, i16, i16, i16 } %call_ret_i, 2" [firmware/nnet_utils/nnet_conv1d_latency.h:189->firmware/nnet_utils/nnet_conv1d.h:60->firmware/myproject.cpp:7]   --->   Operation 134 'extractvalue' 'res_tmp_1_7_V' <Predicate = true> <Delay = 0.00>
ST_2 : Operation 135 [1/1] (0.00ns)   --->   "%res_tmp_1_12_V = extractvalue { i16, i16, i16, i16, i16, i16, i16, i16, i16, i16, i16, i16, i16, i16, i16 } %call_ret_i, 3" [firmware/nnet_utils/nnet_conv1d_latency.h:189->firmware/nnet_utils/nnet_conv1d.h:60->firmware/myproject.cpp:7]   --->   Operation 135 'extractvalue' 'res_tmp_1_12_V' <Predicate = true> <Delay = 0.00>
ST_2 : Operation 136 [1/1] (0.00ns)   --->   "%res_tmp_1_16_V = extractvalue { i16, i16, i16, i16, i16, i16, i16, i16, i16, i16, i16, i16, i16, i16, i16 } %call_ret_i, 4" [firmware/nnet_utils/nnet_conv1d_latency.h:189->firmware/nnet_utils/nnet_conv1d.h:60->firmware/myproject.cpp:7]   --->   Operation 136 'extractvalue' 'res_tmp_1_16_V' <Predicate = true> <Delay = 0.00>
ST_2 : Operation 137 [1/1] (0.00ns)   --->   "%res_tmp_1_17_V = extractvalue { i16, i16, i16, i16, i16, i16, i16, i16, i16, i16, i16, i16, i16, i16, i16 } %call_ret_i, 5" [firmware/nnet_utils/nnet_conv1d_latency.h:189->firmware/nnet_utils/nnet_conv1d.h:60->firmware/myproject.cpp:7]   --->   Operation 137 'extractvalue' 'res_tmp_1_17_V' <Predicate = true> <Delay = 0.00>
ST_2 : Operation 138 [1/1] (0.00ns)   --->   "%res_tmp_1_22_V = extractvalue { i16, i16, i16, i16, i16, i16, i16, i16, i16, i16, i16, i16, i16, i16, i16 } %call_ret_i, 6" [firmware/nnet_utils/nnet_conv1d_latency.h:189->firmware/nnet_utils/nnet_conv1d.h:60->firmware/myproject.cpp:7]   --->   Operation 138 'extractvalue' 'res_tmp_1_22_V' <Predicate = true> <Delay = 0.00>
ST_2 : Operation 139 [1/1] (0.00ns)   --->   "%res_tmp_1_26_V = extractvalue { i16, i16, i16, i16, i16, i16, i16, i16, i16, i16, i16, i16, i16, i16, i16 } %call_ret_i, 7" [firmware/nnet_utils/nnet_conv1d_latency.h:189->firmware/nnet_utils/nnet_conv1d.h:60->firmware/myproject.cpp:7]   --->   Operation 139 'extractvalue' 'res_tmp_1_26_V' <Predicate = true> <Delay = 0.00>
ST_2 : Operation 140 [1/1] (0.00ns)   --->   "%res_tmp_1_27_V = extractvalue { i16, i16, i16, i16, i16, i16, i16, i16, i16, i16, i16, i16, i16, i16, i16 } %call_ret_i, 8" [firmware/nnet_utils/nnet_conv1d_latency.h:189->firmware/nnet_utils/nnet_conv1d.h:60->firmware/myproject.cpp:7]   --->   Operation 140 'extractvalue' 'res_tmp_1_27_V' <Predicate = true> <Delay = 0.00>
ST_2 : Operation 141 [1/1] (0.00ns)   --->   "%res_tmp_1_32_V = extractvalue { i16, i16, i16, i16, i16, i16, i16, i16, i16, i16, i16, i16, i16, i16, i16 } %call_ret_i, 9" [firmware/nnet_utils/nnet_conv1d_latency.h:189->firmware/nnet_utils/nnet_conv1d.h:60->firmware/myproject.cpp:7]   --->   Operation 141 'extractvalue' 'res_tmp_1_32_V' <Predicate = true> <Delay = 0.00>
ST_2 : Operation 142 [1/1] (0.00ns)   --->   "%res_tmp_1_36_V = extractvalue { i16, i16, i16, i16, i16, i16, i16, i16, i16, i16, i16, i16, i16, i16, i16 } %call_ret_i, 10" [firmware/nnet_utils/nnet_conv1d_latency.h:189->firmware/nnet_utils/nnet_conv1d.h:60->firmware/myproject.cpp:7]   --->   Operation 142 'extractvalue' 'res_tmp_1_36_V' <Predicate = true> <Delay = 0.00>
ST_2 : Operation 143 [1/1] (0.00ns)   --->   "%res_tmp_1_37_V = extractvalue { i16, i16, i16, i16, i16, i16, i16, i16, i16, i16, i16, i16, i16, i16, i16 } %call_ret_i, 11" [firmware/nnet_utils/nnet_conv1d_latency.h:189->firmware/nnet_utils/nnet_conv1d.h:60->firmware/myproject.cpp:7]   --->   Operation 143 'extractvalue' 'res_tmp_1_37_V' <Predicate = true> <Delay = 0.00>
ST_2 : Operation 144 [1/1] (0.00ns)   --->   "%res_tmp_1_42_V = extractvalue { i16, i16, i16, i16, i16, i16, i16, i16, i16, i16, i16, i16, i16, i16, i16 } %call_ret_i, 12" [firmware/nnet_utils/nnet_conv1d_latency.h:189->firmware/nnet_utils/nnet_conv1d.h:60->firmware/myproject.cpp:7]   --->   Operation 144 'extractvalue' 'res_tmp_1_42_V' <Predicate = true> <Delay = 0.00>
ST_2 : Operation 145 [1/1] (0.00ns)   --->   "%res_tmp_1_46_V = extractvalue { i16, i16, i16, i16, i16, i16, i16, i16, i16, i16, i16, i16, i16, i16, i16 } %call_ret_i, 13" [firmware/nnet_utils/nnet_conv1d_latency.h:189->firmware/nnet_utils/nnet_conv1d.h:60->firmware/myproject.cpp:7]   --->   Operation 145 'extractvalue' 'res_tmp_1_46_V' <Predicate = true> <Delay = 0.00>
ST_2 : Operation 146 [1/1] (0.00ns)   --->   "%res_tmp_1_47_V = extractvalue { i16, i16, i16, i16, i16, i16, i16, i16, i16, i16, i16, i16, i16, i16, i16 } %call_ret_i, 14" [firmware/nnet_utils/nnet_conv1d_latency.h:189->firmware/nnet_utils/nnet_conv1d.h:60->firmware/myproject.cpp:7]   --->   Operation 146 'extractvalue' 'res_tmp_1_47_V' <Predicate = true> <Delay = 0.00>
ST_2 : Operation 147 [1/1] (0.00ns)   --->   "%newret_i = insertvalue { i16, i16, i16, i16, i16, i16, i16, i16, i16, i16, i16, i16, i16, i16, i16, i16, i16, i16, i16, i16, i16, i16, i16, i16, i16, i16, i16, i16, i16, i16 } undef, i16 %res_tmp_0_2_V, 0" [firmware/nnet_utils/nnet_conv1d_latency.h:188->firmware/nnet_utils/nnet_conv1d.h:60->firmware/myproject.cpp:7]   --->   Operation 147 'insertvalue' 'newret_i' <Predicate = true> <Delay = 0.00>
ST_2 : Operation 148 [1/1] (0.00ns)   --->   "%newret2_i = insertvalue { i16, i16, i16, i16, i16, i16, i16, i16, i16, i16, i16, i16, i16, i16, i16, i16, i16, i16, i16, i16, i16, i16, i16, i16, i16, i16, i16, i16, i16, i16 } %newret_i, i16 %res_tmp_0_6_V, 1" [firmware/nnet_utils/nnet_conv1d_latency.h:188->firmware/nnet_utils/nnet_conv1d.h:60->firmware/myproject.cpp:7]   --->   Operation 148 'insertvalue' 'newret2_i' <Predicate = true> <Delay = 0.00>
ST_2 : Operation 149 [1/1] (0.00ns)   --->   "%newret4_i = insertvalue { i16, i16, i16, i16, i16, i16, i16, i16, i16, i16, i16, i16, i16, i16, i16, i16, i16, i16, i16, i16, i16, i16, i16, i16, i16, i16, i16, i16, i16, i16 } %newret2_i, i16 %res_tmp_0_7_V, 2" [firmware/nnet_utils/nnet_conv1d_latency.h:188->firmware/nnet_utils/nnet_conv1d.h:60->firmware/myproject.cpp:7]   --->   Operation 149 'insertvalue' 'newret4_i' <Predicate = true> <Delay = 0.00>
ST_2 : Operation 150 [1/1] (0.00ns)   --->   "%newret6_i = insertvalue { i16, i16, i16, i16, i16, i16, i16, i16, i16, i16, i16, i16, i16, i16, i16, i16, i16, i16, i16, i16, i16, i16, i16, i16, i16, i16, i16, i16, i16, i16 } %newret4_i, i16 %res_tmp_0_12_V, 3" [firmware/nnet_utils/nnet_conv1d_latency.h:188->firmware/nnet_utils/nnet_conv1d.h:60->firmware/myproject.cpp:7]   --->   Operation 150 'insertvalue' 'newret6_i' <Predicate = true> <Delay = 0.00>
ST_2 : Operation 151 [1/1] (0.00ns)   --->   "%newret8_i = insertvalue { i16, i16, i16, i16, i16, i16, i16, i16, i16, i16, i16, i16, i16, i16, i16, i16, i16, i16, i16, i16, i16, i16, i16, i16, i16, i16, i16, i16, i16, i16 } %newret6_i, i16 %res_tmp_0_16_V, 4" [firmware/nnet_utils/nnet_conv1d_latency.h:188->firmware/nnet_utils/nnet_conv1d.h:60->firmware/myproject.cpp:7]   --->   Operation 151 'insertvalue' 'newret8_i' <Predicate = true> <Delay = 0.00>
ST_2 : Operation 152 [1/1] (0.00ns)   --->   "%newret10_i = insertvalue { i16, i16, i16, i16, i16, i16, i16, i16, i16, i16, i16, i16, i16, i16, i16, i16, i16, i16, i16, i16, i16, i16, i16, i16, i16, i16, i16, i16, i16, i16 } %newret8_i, i16 %res_tmp_0_17_V, 5" [firmware/nnet_utils/nnet_conv1d_latency.h:188->firmware/nnet_utils/nnet_conv1d.h:60->firmware/myproject.cpp:7]   --->   Operation 152 'insertvalue' 'newret10_i' <Predicate = true> <Delay = 0.00>
ST_2 : Operation 153 [1/1] (0.00ns)   --->   "%newret12_i = insertvalue { i16, i16, i16, i16, i16, i16, i16, i16, i16, i16, i16, i16, i16, i16, i16, i16, i16, i16, i16, i16, i16, i16, i16, i16, i16, i16, i16, i16, i16, i16 } %newret10_i, i16 %res_tmp_0_22_V, 6" [firmware/nnet_utils/nnet_conv1d_latency.h:188->firmware/nnet_utils/nnet_conv1d.h:60->firmware/myproject.cpp:7]   --->   Operation 153 'insertvalue' 'newret12_i' <Predicate = true> <Delay = 0.00>
ST_2 : Operation 154 [1/1] (0.00ns)   --->   "%newret14_i = insertvalue { i16, i16, i16, i16, i16, i16, i16, i16, i16, i16, i16, i16, i16, i16, i16, i16, i16, i16, i16, i16, i16, i16, i16, i16, i16, i16, i16, i16, i16, i16 } %newret12_i, i16 %res_tmp_0_26_V, 7" [firmware/nnet_utils/nnet_conv1d_latency.h:188->firmware/nnet_utils/nnet_conv1d.h:60->firmware/myproject.cpp:7]   --->   Operation 154 'insertvalue' 'newret14_i' <Predicate = true> <Delay = 0.00>
ST_2 : Operation 155 [1/1] (0.00ns)   --->   "%newret16_i = insertvalue { i16, i16, i16, i16, i16, i16, i16, i16, i16, i16, i16, i16, i16, i16, i16, i16, i16, i16, i16, i16, i16, i16, i16, i16, i16, i16, i16, i16, i16, i16 } %newret14_i, i16 %res_tmp_0_27_V, 8" [firmware/nnet_utils/nnet_conv1d_latency.h:188->firmware/nnet_utils/nnet_conv1d.h:60->firmware/myproject.cpp:7]   --->   Operation 155 'insertvalue' 'newret16_i' <Predicate = true> <Delay = 0.00>
ST_2 : Operation 156 [1/1] (0.00ns)   --->   "%newret18_i = insertvalue { i16, i16, i16, i16, i16, i16, i16, i16, i16, i16, i16, i16, i16, i16, i16, i16, i16, i16, i16, i16, i16, i16, i16, i16, i16, i16, i16, i16, i16, i16 } %newret16_i, i16 %res_tmp_0_32_V, 9" [firmware/nnet_utils/nnet_conv1d_latency.h:188->firmware/nnet_utils/nnet_conv1d.h:60->firmware/myproject.cpp:7]   --->   Operation 156 'insertvalue' 'newret18_i' <Predicate = true> <Delay = 0.00>
ST_2 : Operation 157 [1/1] (0.00ns)   --->   "%newret20_i = insertvalue { i16, i16, i16, i16, i16, i16, i16, i16, i16, i16, i16, i16, i16, i16, i16, i16, i16, i16, i16, i16, i16, i16, i16, i16, i16, i16, i16, i16, i16, i16 } %newret18_i, i16 %res_tmp_0_36_V, 10" [firmware/nnet_utils/nnet_conv1d_latency.h:188->firmware/nnet_utils/nnet_conv1d.h:60->firmware/myproject.cpp:7]   --->   Operation 157 'insertvalue' 'newret20_i' <Predicate = true> <Delay = 0.00>
ST_2 : Operation 158 [1/1] (0.00ns)   --->   "%newret22_i = insertvalue { i16, i16, i16, i16, i16, i16, i16, i16, i16, i16, i16, i16, i16, i16, i16, i16, i16, i16, i16, i16, i16, i16, i16, i16, i16, i16, i16, i16, i16, i16 } %newret20_i, i16 %res_tmp_0_37_V, 11" [firmware/nnet_utils/nnet_conv1d_latency.h:188->firmware/nnet_utils/nnet_conv1d.h:60->firmware/myproject.cpp:7]   --->   Operation 158 'insertvalue' 'newret22_i' <Predicate = true> <Delay = 0.00>
ST_2 : Operation 159 [1/1] (0.00ns)   --->   "%newret24_i = insertvalue { i16, i16, i16, i16, i16, i16, i16, i16, i16, i16, i16, i16, i16, i16, i16, i16, i16, i16, i16, i16, i16, i16, i16, i16, i16, i16, i16, i16, i16, i16 } %newret22_i, i16 %res_tmp_0_42_V, 12" [firmware/nnet_utils/nnet_conv1d_latency.h:188->firmware/nnet_utils/nnet_conv1d.h:60->firmware/myproject.cpp:7]   --->   Operation 159 'insertvalue' 'newret24_i' <Predicate = true> <Delay = 0.00>
ST_2 : Operation 160 [1/1] (0.00ns)   --->   "%newret26_i = insertvalue { i16, i16, i16, i16, i16, i16, i16, i16, i16, i16, i16, i16, i16, i16, i16, i16, i16, i16, i16, i16, i16, i16, i16, i16, i16, i16, i16, i16, i16, i16 } %newret24_i, i16 %res_tmp_0_46_V, 13" [firmware/nnet_utils/nnet_conv1d_latency.h:188->firmware/nnet_utils/nnet_conv1d.h:60->firmware/myproject.cpp:7]   --->   Operation 160 'insertvalue' 'newret26_i' <Predicate = true> <Delay = 0.00>
ST_2 : Operation 161 [1/1] (0.00ns)   --->   "%newret28_i = insertvalue { i16, i16, i16, i16, i16, i16, i16, i16, i16, i16, i16, i16, i16, i16, i16, i16, i16, i16, i16, i16, i16, i16, i16, i16, i16, i16, i16, i16, i16, i16 } %newret26_i, i16 %res_tmp_0_47_V, 14" [firmware/nnet_utils/nnet_conv1d_latency.h:188->firmware/nnet_utils/nnet_conv1d.h:60->firmware/myproject.cpp:7]   --->   Operation 161 'insertvalue' 'newret28_i' <Predicate = true> <Delay = 0.00>
ST_2 : Operation 162 [1/1] (0.00ns)   --->   "%newret30_i = insertvalue { i16, i16, i16, i16, i16, i16, i16, i16, i16, i16, i16, i16, i16, i16, i16, i16, i16, i16, i16, i16, i16, i16, i16, i16, i16, i16, i16, i16, i16, i16 } %newret28_i, i16 %res_tmp_1_2_V, 15" [firmware/nnet_utils/nnet_conv1d_latency.h:188->firmware/nnet_utils/nnet_conv1d.h:60->firmware/myproject.cpp:7]   --->   Operation 162 'insertvalue' 'newret30_i' <Predicate = true> <Delay = 0.00>
ST_2 : Operation 163 [1/1] (0.00ns)   --->   "%newret32_i = insertvalue { i16, i16, i16, i16, i16, i16, i16, i16, i16, i16, i16, i16, i16, i16, i16, i16, i16, i16, i16, i16, i16, i16, i16, i16, i16, i16, i16, i16, i16, i16 } %newret30_i, i16 %res_tmp_1_6_V, 16" [firmware/nnet_utils/nnet_conv1d_latency.h:188->firmware/nnet_utils/nnet_conv1d.h:60->firmware/myproject.cpp:7]   --->   Operation 163 'insertvalue' 'newret32_i' <Predicate = true> <Delay = 0.00>
ST_2 : Operation 164 [1/1] (0.00ns)   --->   "%newret34_i = insertvalue { i16, i16, i16, i16, i16, i16, i16, i16, i16, i16, i16, i16, i16, i16, i16, i16, i16, i16, i16, i16, i16, i16, i16, i16, i16, i16, i16, i16, i16, i16 } %newret32_i, i16 %res_tmp_1_7_V, 17" [firmware/nnet_utils/nnet_conv1d_latency.h:188->firmware/nnet_utils/nnet_conv1d.h:60->firmware/myproject.cpp:7]   --->   Operation 164 'insertvalue' 'newret34_i' <Predicate = true> <Delay = 0.00>
ST_2 : Operation 165 [1/1] (0.00ns)   --->   "%newret36_i = insertvalue { i16, i16, i16, i16, i16, i16, i16, i16, i16, i16, i16, i16, i16, i16, i16, i16, i16, i16, i16, i16, i16, i16, i16, i16, i16, i16, i16, i16, i16, i16 } %newret34_i, i16 %res_tmp_1_12_V, 18" [firmware/nnet_utils/nnet_conv1d_latency.h:188->firmware/nnet_utils/nnet_conv1d.h:60->firmware/myproject.cpp:7]   --->   Operation 165 'insertvalue' 'newret36_i' <Predicate = true> <Delay = 0.00>
ST_2 : Operation 166 [1/1] (0.00ns)   --->   "%newret38_i = insertvalue { i16, i16, i16, i16, i16, i16, i16, i16, i16, i16, i16, i16, i16, i16, i16, i16, i16, i16, i16, i16, i16, i16, i16, i16, i16, i16, i16, i16, i16, i16 } %newret36_i, i16 %res_tmp_1_16_V, 19" [firmware/nnet_utils/nnet_conv1d_latency.h:188->firmware/nnet_utils/nnet_conv1d.h:60->firmware/myproject.cpp:7]   --->   Operation 166 'insertvalue' 'newret38_i' <Predicate = true> <Delay = 0.00>
ST_2 : Operation 167 [1/1] (0.00ns)   --->   "%newret40_i = insertvalue { i16, i16, i16, i16, i16, i16, i16, i16, i16, i16, i16, i16, i16, i16, i16, i16, i16, i16, i16, i16, i16, i16, i16, i16, i16, i16, i16, i16, i16, i16 } %newret38_i, i16 %res_tmp_1_17_V, 20" [firmware/nnet_utils/nnet_conv1d_latency.h:188->firmware/nnet_utils/nnet_conv1d.h:60->firmware/myproject.cpp:7]   --->   Operation 167 'insertvalue' 'newret40_i' <Predicate = true> <Delay = 0.00>
ST_2 : Operation 168 [1/1] (0.00ns)   --->   "%newret42_i = insertvalue { i16, i16, i16, i16, i16, i16, i16, i16, i16, i16, i16, i16, i16, i16, i16, i16, i16, i16, i16, i16, i16, i16, i16, i16, i16, i16, i16, i16, i16, i16 } %newret40_i, i16 %res_tmp_1_22_V, 21" [firmware/nnet_utils/nnet_conv1d_latency.h:188->firmware/nnet_utils/nnet_conv1d.h:60->firmware/myproject.cpp:7]   --->   Operation 168 'insertvalue' 'newret42_i' <Predicate = true> <Delay = 0.00>
ST_2 : Operation 169 [1/1] (0.00ns)   --->   "%newret44_i = insertvalue { i16, i16, i16, i16, i16, i16, i16, i16, i16, i16, i16, i16, i16, i16, i16, i16, i16, i16, i16, i16, i16, i16, i16, i16, i16, i16, i16, i16, i16, i16 } %newret42_i, i16 %res_tmp_1_26_V, 22" [firmware/nnet_utils/nnet_conv1d_latency.h:188->firmware/nnet_utils/nnet_conv1d.h:60->firmware/myproject.cpp:7]   --->   Operation 169 'insertvalue' 'newret44_i' <Predicate = true> <Delay = 0.00>
ST_2 : Operation 170 [1/1] (0.00ns)   --->   "%newret46_i = insertvalue { i16, i16, i16, i16, i16, i16, i16, i16, i16, i16, i16, i16, i16, i16, i16, i16, i16, i16, i16, i16, i16, i16, i16, i16, i16, i16, i16, i16, i16, i16 } %newret44_i, i16 %res_tmp_1_27_V, 23" [firmware/nnet_utils/nnet_conv1d_latency.h:188->firmware/nnet_utils/nnet_conv1d.h:60->firmware/myproject.cpp:7]   --->   Operation 170 'insertvalue' 'newret46_i' <Predicate = true> <Delay = 0.00>
ST_2 : Operation 171 [1/1] (0.00ns)   --->   "%newret48_i = insertvalue { i16, i16, i16, i16, i16, i16, i16, i16, i16, i16, i16, i16, i16, i16, i16, i16, i16, i16, i16, i16, i16, i16, i16, i16, i16, i16, i16, i16, i16, i16 } %newret46_i, i16 %res_tmp_1_32_V, 24" [firmware/nnet_utils/nnet_conv1d_latency.h:188->firmware/nnet_utils/nnet_conv1d.h:60->firmware/myproject.cpp:7]   --->   Operation 171 'insertvalue' 'newret48_i' <Predicate = true> <Delay = 0.00>
ST_2 : Operation 172 [1/1] (0.00ns)   --->   "%newret50_i = insertvalue { i16, i16, i16, i16, i16, i16, i16, i16, i16, i16, i16, i16, i16, i16, i16, i16, i16, i16, i16, i16, i16, i16, i16, i16, i16, i16, i16, i16, i16, i16 } %newret48_i, i16 %res_tmp_1_36_V, 25" [firmware/nnet_utils/nnet_conv1d_latency.h:188->firmware/nnet_utils/nnet_conv1d.h:60->firmware/myproject.cpp:7]   --->   Operation 172 'insertvalue' 'newret50_i' <Predicate = true> <Delay = 0.00>
ST_2 : Operation 173 [1/1] (0.00ns)   --->   "%newret52_i = insertvalue { i16, i16, i16, i16, i16, i16, i16, i16, i16, i16, i16, i16, i16, i16, i16, i16, i16, i16, i16, i16, i16, i16, i16, i16, i16, i16, i16, i16, i16, i16 } %newret50_i, i16 %res_tmp_1_37_V, 26" [firmware/nnet_utils/nnet_conv1d_latency.h:188->firmware/nnet_utils/nnet_conv1d.h:60->firmware/myproject.cpp:7]   --->   Operation 173 'insertvalue' 'newret52_i' <Predicate = true> <Delay = 0.00>
ST_2 : Operation 174 [1/1] (0.00ns)   --->   "%newret54_i = insertvalue { i16, i16, i16, i16, i16, i16, i16, i16, i16, i16, i16, i16, i16, i16, i16, i16, i16, i16, i16, i16, i16, i16, i16, i16, i16, i16, i16, i16, i16, i16 } %newret52_i, i16 %res_tmp_1_42_V, 27" [firmware/nnet_utils/nnet_conv1d_latency.h:188->firmware/nnet_utils/nnet_conv1d.h:60->firmware/myproject.cpp:7]   --->   Operation 174 'insertvalue' 'newret54_i' <Predicate = true> <Delay = 0.00>
ST_2 : Operation 175 [1/1] (0.00ns)   --->   "%newret56_i = insertvalue { i16, i16, i16, i16, i16, i16, i16, i16, i16, i16, i16, i16, i16, i16, i16, i16, i16, i16, i16, i16, i16, i16, i16, i16, i16, i16, i16, i16, i16, i16 } %newret54_i, i16 %res_tmp_1_46_V, 28" [firmware/nnet_utils/nnet_conv1d_latency.h:188->firmware/nnet_utils/nnet_conv1d.h:60->firmware/myproject.cpp:7]   --->   Operation 175 'insertvalue' 'newret56_i' <Predicate = true> <Delay = 0.00>
ST_2 : Operation 176 [1/1] (0.00ns)   --->   "%newret58_i = insertvalue { i16, i16, i16, i16, i16, i16, i16, i16, i16, i16, i16, i16, i16, i16, i16, i16, i16, i16, i16, i16, i16, i16, i16, i16, i16, i16, i16, i16, i16, i16 } %newret56_i, i16 %res_tmp_1_47_V, 29" [firmware/nnet_utils/nnet_conv1d_latency.h:188->firmware/nnet_utils/nnet_conv1d.h:60->firmware/myproject.cpp:7]   --->   Operation 176 'insertvalue' 'newret58_i' <Predicate = true> <Delay = 0.00>
ST_2 : Operation 177 [1/1] (0.00ns)   --->   "ret { i16, i16, i16, i16, i16, i16, i16, i16, i16, i16, i16, i16, i16, i16, i16, i16, i16, i16, i16, i16, i16, i16, i16, i16, i16, i16, i16, i16, i16, i16 } %newret58_i" [firmware/myproject.cpp:7]   --->   Operation 177 'ret' <Predicate = true> <Delay = 0.00>


============================================================
+ Verbose Summary: Timing violations
============================================================
Target clock period: 5ns, clock uncertainty: 0.625ns.

 <State 1>: 1.46ns
The critical path consists of the following:
	fifo read on port 'data_V' (firmware/nnet_utils/nnet_conv1d_latency.h:184->firmware/nnet_utils/nnet_conv1d.h:60->firmware/myproject.cpp:7) [3]  (1.46 ns)

 <State 2>: 4.11ns
The critical path consists of the following:
	'call' operation ('call_ret2_i', firmware/nnet_utils/nnet_conv1d_latency.h:188->firmware/nnet_utils/nnet_conv1d.h:60->firmware/myproject.cpp:7) to 'pointwise_conv_1d_latency_cl.0.0.0.0.0.0.0.0.0.0.0.0.0.0.0.0.0.0.0.0.0.0.0.0.0.0.1' [114]  (4.11 ns)


============================================================
+ Verbose Summary: Binding
============================================================
N/A
* FSMD analyzer results:
  - Output states:
 - Input state : 
  - Chain level:
	State 1
	State 2


============================================================
+ Verbose Summary: Datapath Resource usage 
============================================================
N/A
