

================================================================
== Vivado HLS Report for 'pool_op_ap_ufixed_8_0_4_0_0_10_1_s'
================================================================
* Date:           Wed Nov 15 18:37:51 2023

* Version:        2019.2 (Build 2704478 on Wed Nov 06 22:10:23 MST 2019)
* Project:        myproject_prj
* Solution:       solution1
* Product family: virtexuplus
* Target device:  xcu250-figd2104-2L-e


================================================================
== Performance Estimates
================================================================
+ Timing: 
    * Summary: 
    +--------+---------+----------+------------+
    |  Clock |  Target | Estimated| Uncertainty|
    +--------+---------+----------+------------+
    |ap_clk  | 5.00 ns | 3.920 ns |   0.62 ns  |
    +--------+---------+----------+------------+

+ Latency: 
    * Summary: 
    +---------+---------+-----------+-----------+-----+-----+----------+
    |  Latency (cycles) |   Latency (absolute)  |  Interval | Pipeline |
    |   min   |   max   |    min    |    max    | min | max |   Type   |
    +---------+---------+-----------+-----------+-----+-----+----------+
    |        2|        2| 10.000 ns | 10.000 ns |    1|    1| function |
    +---------+---------+-----------+-----------+-----+-----+----------+

    + Detail: 
        * Instance: 
        N/A

        * Loop: 
        N/A

============================================================
+ Verbose Summary: Synthesis Manager
============================================================
InlineROM: 1
ExposeGlobal: 0
============================================================
+ Verbose Summary: CDFG Model
============================================================
IsTopModel: 0
ResetActiveHigh: 1
IsCombinational: 0
IsDatapathOnly: 0
HasWiredReturn: 1
HasMFsm: 2
HasVarLatency: 0
IsPipeline: 1
IsRtlPipelined: 1
IsInstanceOverlapped: 0
IsDontTouch: 0
HasImplIP: 0
IsGatedGlobalClock: 0

+ Individual pipeline summary: 
  * Pipeline-0: initiation interval (II) = 1, depth = 3


============================================================
+ Verbose Summary: Schedule
============================================================
* Number of FSM states : 3
* Pipeline : 1
  Pipeline-0 : II = 1, D = 3, States = { 1 2 3 }
* Dataflow Pipeline: 0

* FSM state transitions: 
1 --> 2 
2 --> 3 
3 --> 

* FSM state operations: 

State 1 <SV = 0> <Delay = 3.92>
ST_1 : Operation 4 [1/1] (0.00ns)   --->   "%x_9_V_read_1 = call i8 @_ssdm_op_Read.ap_auto.i8(i8 %x_9_V_read)" [firmware/nnet_utils/nnet_pooling.h:54]   --->   Operation 4 'read' 'x_9_V_read_1' <Predicate = true> <Delay = 0.00>
ST_1 : Operation 5 [1/1] (0.00ns)   --->   "%x_8_V_read_1 = call i8 @_ssdm_op_Read.ap_auto.i8(i8 %x_8_V_read)" [firmware/nnet_utils/nnet_pooling.h:54]   --->   Operation 5 'read' 'x_8_V_read_1' <Predicate = true> <Delay = 0.00>
ST_1 : Operation 6 [1/1] (0.00ns)   --->   "%x_7_V_read_1 = call i8 @_ssdm_op_Read.ap_auto.i8(i8 %x_7_V_read)" [firmware/nnet_utils/nnet_pooling.h:54]   --->   Operation 6 'read' 'x_7_V_read_1' <Predicate = true> <Delay = 0.00>
ST_1 : Operation 7 [1/1] (0.00ns)   --->   "%x_6_V_read_1 = call i8 @_ssdm_op_Read.ap_auto.i8(i8 %x_6_V_read)" [firmware/nnet_utils/nnet_pooling.h:54]   --->   Operation 7 'read' 'x_6_V_read_1' <Predicate = true> <Delay = 0.00>
ST_1 : Operation 8 [1/1] (0.00ns)   --->   "%x_5_V_read_1 = call i8 @_ssdm_op_Read.ap_auto.i8(i8 %x_5_V_read)" [firmware/nnet_utils/nnet_pooling.h:54]   --->   Operation 8 'read' 'x_5_V_read_1' <Predicate = true> <Delay = 0.00>
ST_1 : Operation 9 [1/1] (0.00ns)   --->   "%x_4_V_read_1 = call i8 @_ssdm_op_Read.ap_auto.i8(i8 %x_4_V_read)" [firmware/nnet_utils/nnet_pooling.h:54]   --->   Operation 9 'read' 'x_4_V_read_1' <Predicate = true> <Delay = 0.00>
ST_1 : Operation 10 [1/1] (0.00ns)   --->   "%x_3_V_read_1 = call i8 @_ssdm_op_Read.ap_auto.i8(i8 %x_3_V_read)" [firmware/nnet_utils/nnet_pooling.h:54]   --->   Operation 10 'read' 'x_3_V_read_1' <Predicate = true> <Delay = 0.00>
ST_1 : Operation 11 [1/1] (0.00ns)   --->   "%x_2_V_read_1 = call i8 @_ssdm_op_Read.ap_auto.i8(i8 %x_2_V_read)" [firmware/nnet_utils/nnet_pooling.h:54]   --->   Operation 11 'read' 'x_2_V_read_1' <Predicate = true> <Delay = 0.00>
ST_1 : Operation 12 [1/1] (0.00ns)   --->   "%x_1_V_read_1 = call i8 @_ssdm_op_Read.ap_auto.i8(i8 %x_1_V_read)" [firmware/nnet_utils/nnet_pooling.h:54]   --->   Operation 12 'read' 'x_1_V_read_1' <Predicate = true> <Delay = 0.00>
ST_1 : Operation 13 [1/1] (0.00ns)   --->   "%x_0_V_read_1 = call i8 @_ssdm_op_Read.ap_auto.i8(i8 %x_0_V_read)" [firmware/nnet_utils/nnet_pooling.h:54]   --->   Operation 13 'read' 'x_0_V_read_1' <Predicate = true> <Delay = 0.00>
ST_1 : Operation 14 [1/1] (0.00ns)   --->   "%zext_ln703 = zext i8 %x_0_V_read_1 to i9" [firmware/nnet_utils/nnet_pooling.h:46->firmware/nnet_utils/nnet_pooling.h:59]   --->   Operation 14 'zext' 'zext_ln703' <Predicate = true> <Delay = 0.00>
ST_1 : Operation 15 [1/1] (0.00ns)   --->   "%zext_ln703_1 = zext i8 %x_1_V_read_1 to i9" [firmware/nnet_utils/nnet_pooling.h:46->firmware/nnet_utils/nnet_pooling.h:59]   --->   Operation 15 'zext' 'zext_ln703_1' <Predicate = true> <Delay = 0.00>
ST_1 : Operation 16 [1/1] (0.48ns)   --->   "%add_ln1192 = add i9 %zext_ln703_1, %zext_ln703" [firmware/nnet_utils/nnet_pooling.h:46->firmware/nnet_utils/nnet_pooling.h:59]   --->   Operation 16 'add' 'add_ln1192' <Predicate = true> <Delay = 0.48> <Core = "AddSub">   --->   Core 14 'AddSub' <Latency = 0> <II = 1> <Delay = 0.48> <FuncUnit> <Opcode : 'add' 'sub'> <InPorts = 2> <OutPorts = 1>
ST_1 : Operation 17 [1/1] (0.48ns)   --->   "%add_ln703 = add i8 %x_0_V_read_1, %x_1_V_read_1" [firmware/nnet_utils/nnet_pooling.h:46->firmware/nnet_utils/nnet_pooling.h:59]   --->   Operation 17 'add' 'add_ln703' <Predicate = true> <Delay = 0.48> <Core = "AddSub">   --->   Core 14 'AddSub' <Latency = 0> <II = 1> <Delay = 0.48> <FuncUnit> <Opcode : 'add' 'sub'> <InPorts = 2> <OutPorts = 1>
ST_1 : Operation 18 [1/1] (0.00ns)   --->   "%tmp = call i1 @_ssdm_op_BitSelect.i1.i9.i32(i9 %add_ln1192, i32 8)" [firmware/nnet_utils/nnet_pooling.h:46->firmware/nnet_utils/nnet_pooling.h:59]   --->   Operation 18 'bitselect' 'tmp' <Predicate = true> <Delay = 0.00>
ST_1 : Operation 19 [1/1] (0.30ns)   --->   "%select_ln340 = select i1 %tmp, i8 -1, i8 %add_ln703" [firmware/nnet_utils/nnet_pooling.h:46->firmware/nnet_utils/nnet_pooling.h:59]   --->   Operation 19 'select' 'select_ln340' <Predicate = true> <Delay = 0.30> <Core = "Sel">   --->   Core 26 'Sel' <Latency = 0> <II = 1> <Delay = 0.27> <FuncUnit> <Opcode : 'select'> <InPorts = 3> <OutPorts = 1>
ST_1 : Operation 20 [1/1] (0.00ns)   --->   "%zext_ln703_2 = zext i8 %select_ln340 to i9" [firmware/nnet_utils/nnet_pooling.h:46->firmware/nnet_utils/nnet_pooling.h:59]   --->   Operation 20 'zext' 'zext_ln703_2' <Predicate = true> <Delay = 0.00>
ST_1 : Operation 21 [1/1] (0.00ns)   --->   "%zext_ln703_3 = zext i8 %x_2_V_read_1 to i9" [firmware/nnet_utils/nnet_pooling.h:46->firmware/nnet_utils/nnet_pooling.h:59]   --->   Operation 21 'zext' 'zext_ln703_3' <Predicate = true> <Delay = 0.00>
ST_1 : Operation 22 [1/1] (0.48ns)   --->   "%add_ln1192_1 = add i9 %zext_ln703_3, %zext_ln703_2" [firmware/nnet_utils/nnet_pooling.h:46->firmware/nnet_utils/nnet_pooling.h:59]   --->   Operation 22 'add' 'add_ln1192_1' <Predicate = true> <Delay = 0.48> <Core = "AddSub">   --->   Core 14 'AddSub' <Latency = 0> <II = 1> <Delay = 0.48> <FuncUnit> <Opcode : 'add' 'sub'> <InPorts = 2> <OutPorts = 1>
ST_1 : Operation 23 [1/1] (0.48ns)   --->   "%add_ln703_1 = add i8 %x_2_V_read_1, %select_ln340" [firmware/nnet_utils/nnet_pooling.h:46->firmware/nnet_utils/nnet_pooling.h:59]   --->   Operation 23 'add' 'add_ln703_1' <Predicate = true> <Delay = 0.48> <Core = "AddSub">   --->   Core 14 'AddSub' <Latency = 0> <II = 1> <Delay = 0.48> <FuncUnit> <Opcode : 'add' 'sub'> <InPorts = 2> <OutPorts = 1>
ST_1 : Operation 24 [1/1] (0.00ns)   --->   "%tmp_248 = call i1 @_ssdm_op_BitSelect.i1.i9.i32(i9 %add_ln1192_1, i32 8)" [firmware/nnet_utils/nnet_pooling.h:46->firmware/nnet_utils/nnet_pooling.h:59]   --->   Operation 24 'bitselect' 'tmp_248' <Predicate = true> <Delay = 0.00>
ST_1 : Operation 25 [1/1] (0.30ns)   --->   "%select_ln340_59 = select i1 %tmp_248, i8 -1, i8 %add_ln703_1" [firmware/nnet_utils/nnet_pooling.h:46->firmware/nnet_utils/nnet_pooling.h:59]   --->   Operation 25 'select' 'select_ln340_59' <Predicate = true> <Delay = 0.30> <Core = "Sel">   --->   Core 26 'Sel' <Latency = 0> <II = 1> <Delay = 0.27> <FuncUnit> <Opcode : 'select'> <InPorts = 3> <OutPorts = 1>
ST_1 : Operation 26 [1/1] (0.00ns)   --->   "%zext_ln703_4 = zext i8 %select_ln340_59 to i9" [firmware/nnet_utils/nnet_pooling.h:46->firmware/nnet_utils/nnet_pooling.h:59]   --->   Operation 26 'zext' 'zext_ln703_4' <Predicate = true> <Delay = 0.00>
ST_1 : Operation 27 [1/1] (0.00ns)   --->   "%zext_ln703_5 = zext i8 %x_3_V_read_1 to i9" [firmware/nnet_utils/nnet_pooling.h:46->firmware/nnet_utils/nnet_pooling.h:59]   --->   Operation 27 'zext' 'zext_ln703_5' <Predicate = true> <Delay = 0.00>
ST_1 : Operation 28 [1/1] (0.48ns)   --->   "%add_ln1192_2 = add i9 %zext_ln703_5, %zext_ln703_4" [firmware/nnet_utils/nnet_pooling.h:46->firmware/nnet_utils/nnet_pooling.h:59]   --->   Operation 28 'add' 'add_ln1192_2' <Predicate = true> <Delay = 0.48> <Core = "AddSub">   --->   Core 14 'AddSub' <Latency = 0> <II = 1> <Delay = 0.48> <FuncUnit> <Opcode : 'add' 'sub'> <InPorts = 2> <OutPorts = 1>
ST_1 : Operation 29 [1/1] (0.48ns)   --->   "%add_ln703_2 = add i8 %x_3_V_read_1, %select_ln340_59" [firmware/nnet_utils/nnet_pooling.h:46->firmware/nnet_utils/nnet_pooling.h:59]   --->   Operation 29 'add' 'add_ln703_2' <Predicate = true> <Delay = 0.48> <Core = "AddSub">   --->   Core 14 'AddSub' <Latency = 0> <II = 1> <Delay = 0.48> <FuncUnit> <Opcode : 'add' 'sub'> <InPorts = 2> <OutPorts = 1>
ST_1 : Operation 30 [1/1] (0.00ns)   --->   "%tmp_249 = call i1 @_ssdm_op_BitSelect.i1.i9.i32(i9 %add_ln1192_2, i32 8)" [firmware/nnet_utils/nnet_pooling.h:46->firmware/nnet_utils/nnet_pooling.h:59]   --->   Operation 30 'bitselect' 'tmp_249' <Predicate = true> <Delay = 0.00>
ST_1 : Operation 31 [1/1] (0.30ns)   --->   "%select_ln340_60 = select i1 %tmp_249, i8 -1, i8 %add_ln703_2" [firmware/nnet_utils/nnet_pooling.h:46->firmware/nnet_utils/nnet_pooling.h:59]   --->   Operation 31 'select' 'select_ln340_60' <Predicate = true> <Delay = 0.30> <Core = "Sel">   --->   Core 26 'Sel' <Latency = 0> <II = 1> <Delay = 0.27> <FuncUnit> <Opcode : 'select'> <InPorts = 3> <OutPorts = 1>
ST_1 : Operation 32 [1/1] (0.00ns)   --->   "%zext_ln703_6 = zext i8 %select_ln340_60 to i9" [firmware/nnet_utils/nnet_pooling.h:46->firmware/nnet_utils/nnet_pooling.h:59]   --->   Operation 32 'zext' 'zext_ln703_6' <Predicate = true> <Delay = 0.00>
ST_1 : Operation 33 [1/1] (0.00ns)   --->   "%zext_ln703_7 = zext i8 %x_4_V_read_1 to i9" [firmware/nnet_utils/nnet_pooling.h:46->firmware/nnet_utils/nnet_pooling.h:59]   --->   Operation 33 'zext' 'zext_ln703_7' <Predicate = true> <Delay = 0.00>
ST_1 : Operation 34 [1/1] (0.48ns)   --->   "%add_ln1192_3 = add i9 %zext_ln703_7, %zext_ln703_6" [firmware/nnet_utils/nnet_pooling.h:46->firmware/nnet_utils/nnet_pooling.h:59]   --->   Operation 34 'add' 'add_ln1192_3' <Predicate = true> <Delay = 0.48> <Core = "AddSub">   --->   Core 14 'AddSub' <Latency = 0> <II = 1> <Delay = 0.48> <FuncUnit> <Opcode : 'add' 'sub'> <InPorts = 2> <OutPorts = 1>
ST_1 : Operation 35 [1/1] (0.48ns)   --->   "%add_ln703_3 = add i8 %x_4_V_read_1, %select_ln340_60" [firmware/nnet_utils/nnet_pooling.h:46->firmware/nnet_utils/nnet_pooling.h:59]   --->   Operation 35 'add' 'add_ln703_3' <Predicate = true> <Delay = 0.48> <Core = "AddSub">   --->   Core 14 'AddSub' <Latency = 0> <II = 1> <Delay = 0.48> <FuncUnit> <Opcode : 'add' 'sub'> <InPorts = 2> <OutPorts = 1>
ST_1 : Operation 36 [1/1] (0.00ns)   --->   "%tmp_250 = call i1 @_ssdm_op_BitSelect.i1.i9.i32(i9 %add_ln1192_3, i32 8)" [firmware/nnet_utils/nnet_pooling.h:46->firmware/nnet_utils/nnet_pooling.h:59]   --->   Operation 36 'bitselect' 'tmp_250' <Predicate = true> <Delay = 0.00>
ST_1 : Operation 37 [1/1] (0.30ns)   --->   "%select_ln340_61 = select i1 %tmp_250, i8 -1, i8 %add_ln703_3" [firmware/nnet_utils/nnet_pooling.h:46->firmware/nnet_utils/nnet_pooling.h:59]   --->   Operation 37 'select' 'select_ln340_61' <Predicate = true> <Delay = 0.30> <Core = "Sel">   --->   Core 26 'Sel' <Latency = 0> <II = 1> <Delay = 0.27> <FuncUnit> <Opcode : 'select'> <InPorts = 3> <OutPorts = 1>
ST_1 : Operation 38 [1/1] (0.00ns)   --->   "%zext_ln703_8 = zext i8 %select_ln340_61 to i9" [firmware/nnet_utils/nnet_pooling.h:46->firmware/nnet_utils/nnet_pooling.h:59]   --->   Operation 38 'zext' 'zext_ln703_8' <Predicate = true> <Delay = 0.00>
ST_1 : Operation 39 [1/1] (0.00ns)   --->   "%zext_ln703_9 = zext i8 %x_5_V_read_1 to i9" [firmware/nnet_utils/nnet_pooling.h:46->firmware/nnet_utils/nnet_pooling.h:59]   --->   Operation 39 'zext' 'zext_ln703_9' <Predicate = true> <Delay = 0.00>
ST_1 : Operation 40 [1/1] (0.48ns)   --->   "%add_ln1192_4 = add i9 %zext_ln703_9, %zext_ln703_8" [firmware/nnet_utils/nnet_pooling.h:46->firmware/nnet_utils/nnet_pooling.h:59]   --->   Operation 40 'add' 'add_ln1192_4' <Predicate = true> <Delay = 0.48> <Core = "AddSub">   --->   Core 14 'AddSub' <Latency = 0> <II = 1> <Delay = 0.48> <FuncUnit> <Opcode : 'add' 'sub'> <InPorts = 2> <OutPorts = 1>
ST_1 : Operation 41 [1/1] (0.48ns)   --->   "%add_ln703_4 = add i8 %x_5_V_read_1, %select_ln340_61" [firmware/nnet_utils/nnet_pooling.h:46->firmware/nnet_utils/nnet_pooling.h:59]   --->   Operation 41 'add' 'add_ln703_4' <Predicate = true> <Delay = 0.48> <Core = "AddSub">   --->   Core 14 'AddSub' <Latency = 0> <II = 1> <Delay = 0.48> <FuncUnit> <Opcode : 'add' 'sub'> <InPorts = 2> <OutPorts = 1>
ST_1 : Operation 42 [1/1] (0.00ns)   --->   "%tmp_251 = call i1 @_ssdm_op_BitSelect.i1.i9.i32(i9 %add_ln1192_4, i32 8)" [firmware/nnet_utils/nnet_pooling.h:46->firmware/nnet_utils/nnet_pooling.h:59]   --->   Operation 42 'bitselect' 'tmp_251' <Predicate = true> <Delay = 0.00>
ST_1 : Operation 43 [1/1] (0.30ns)   --->   "%select_ln340_62 = select i1 %tmp_251, i8 -1, i8 %add_ln703_4" [firmware/nnet_utils/nnet_pooling.h:46->firmware/nnet_utils/nnet_pooling.h:59]   --->   Operation 43 'select' 'select_ln340_62' <Predicate = true> <Delay = 0.30> <Core = "Sel">   --->   Core 26 'Sel' <Latency = 0> <II = 1> <Delay = 0.27> <FuncUnit> <Opcode : 'select'> <InPorts = 3> <OutPorts = 1>

State 2 <SV = 1> <Delay = 2.83>
ST_2 : Operation 44 [1/1] (0.00ns)   --->   "%zext_ln703_10 = zext i8 %select_ln340_62 to i9" [firmware/nnet_utils/nnet_pooling.h:46->firmware/nnet_utils/nnet_pooling.h:59]   --->   Operation 44 'zext' 'zext_ln703_10' <Predicate = true> <Delay = 0.00>
ST_2 : Operation 45 [1/1] (0.00ns)   --->   "%zext_ln703_11 = zext i8 %x_6_V_read_1 to i9" [firmware/nnet_utils/nnet_pooling.h:46->firmware/nnet_utils/nnet_pooling.h:59]   --->   Operation 45 'zext' 'zext_ln703_11' <Predicate = true> <Delay = 0.00>
ST_2 : Operation 46 [1/1] (0.48ns)   --->   "%add_ln1192_5 = add i9 %zext_ln703_11, %zext_ln703_10" [firmware/nnet_utils/nnet_pooling.h:46->firmware/nnet_utils/nnet_pooling.h:59]   --->   Operation 46 'add' 'add_ln1192_5' <Predicate = true> <Delay = 0.48> <Core = "AddSub">   --->   Core 14 'AddSub' <Latency = 0> <II = 1> <Delay = 0.48> <FuncUnit> <Opcode : 'add' 'sub'> <InPorts = 2> <OutPorts = 1>
ST_2 : Operation 47 [1/1] (0.48ns)   --->   "%add_ln703_5 = add i8 %x_6_V_read_1, %select_ln340_62" [firmware/nnet_utils/nnet_pooling.h:46->firmware/nnet_utils/nnet_pooling.h:59]   --->   Operation 47 'add' 'add_ln703_5' <Predicate = true> <Delay = 0.48> <Core = "AddSub">   --->   Core 14 'AddSub' <Latency = 0> <II = 1> <Delay = 0.48> <FuncUnit> <Opcode : 'add' 'sub'> <InPorts = 2> <OutPorts = 1>
ST_2 : Operation 48 [1/1] (0.00ns)   --->   "%tmp_252 = call i1 @_ssdm_op_BitSelect.i1.i9.i32(i9 %add_ln1192_5, i32 8)" [firmware/nnet_utils/nnet_pooling.h:46->firmware/nnet_utils/nnet_pooling.h:59]   --->   Operation 48 'bitselect' 'tmp_252' <Predicate = true> <Delay = 0.00>
ST_2 : Operation 49 [1/1] (0.30ns)   --->   "%select_ln340_63 = select i1 %tmp_252, i8 -1, i8 %add_ln703_5" [firmware/nnet_utils/nnet_pooling.h:46->firmware/nnet_utils/nnet_pooling.h:59]   --->   Operation 49 'select' 'select_ln340_63' <Predicate = true> <Delay = 0.30> <Core = "Sel">   --->   Core 26 'Sel' <Latency = 0> <II = 1> <Delay = 0.27> <FuncUnit> <Opcode : 'select'> <InPorts = 3> <OutPorts = 1>
ST_2 : Operation 50 [1/1] (0.00ns)   --->   "%zext_ln703_12 = zext i8 %select_ln340_63 to i9" [firmware/nnet_utils/nnet_pooling.h:46->firmware/nnet_utils/nnet_pooling.h:59]   --->   Operation 50 'zext' 'zext_ln703_12' <Predicate = true> <Delay = 0.00>
ST_2 : Operation 51 [1/1] (0.00ns)   --->   "%zext_ln703_13 = zext i8 %x_7_V_read_1 to i9" [firmware/nnet_utils/nnet_pooling.h:46->firmware/nnet_utils/nnet_pooling.h:59]   --->   Operation 51 'zext' 'zext_ln703_13' <Predicate = true> <Delay = 0.00>
ST_2 : Operation 52 [1/1] (0.48ns)   --->   "%add_ln1192_6 = add i9 %zext_ln703_13, %zext_ln703_12" [firmware/nnet_utils/nnet_pooling.h:46->firmware/nnet_utils/nnet_pooling.h:59]   --->   Operation 52 'add' 'add_ln1192_6' <Predicate = true> <Delay = 0.48> <Core = "AddSub">   --->   Core 14 'AddSub' <Latency = 0> <II = 1> <Delay = 0.48> <FuncUnit> <Opcode : 'add' 'sub'> <InPorts = 2> <OutPorts = 1>
ST_2 : Operation 53 [1/1] (0.48ns)   --->   "%add_ln703_6 = add i8 %x_7_V_read_1, %select_ln340_63" [firmware/nnet_utils/nnet_pooling.h:46->firmware/nnet_utils/nnet_pooling.h:59]   --->   Operation 53 'add' 'add_ln703_6' <Predicate = true> <Delay = 0.48> <Core = "AddSub">   --->   Core 14 'AddSub' <Latency = 0> <II = 1> <Delay = 0.48> <FuncUnit> <Opcode : 'add' 'sub'> <InPorts = 2> <OutPorts = 1>
ST_2 : Operation 54 [1/1] (0.00ns)   --->   "%tmp_253 = call i1 @_ssdm_op_BitSelect.i1.i9.i32(i9 %add_ln1192_6, i32 8)" [firmware/nnet_utils/nnet_pooling.h:46->firmware/nnet_utils/nnet_pooling.h:59]   --->   Operation 54 'bitselect' 'tmp_253' <Predicate = true> <Delay = 0.00>
ST_2 : Operation 55 [1/1] (0.30ns)   --->   "%select_ln340_64 = select i1 %tmp_253, i8 -1, i8 %add_ln703_6" [firmware/nnet_utils/nnet_pooling.h:46->firmware/nnet_utils/nnet_pooling.h:59]   --->   Operation 55 'select' 'select_ln340_64' <Predicate = true> <Delay = 0.30> <Core = "Sel">   --->   Core 26 'Sel' <Latency = 0> <II = 1> <Delay = 0.27> <FuncUnit> <Opcode : 'select'> <InPorts = 3> <OutPorts = 1>
ST_2 : Operation 56 [1/1] (0.00ns)   --->   "%zext_ln703_14 = zext i8 %select_ln340_64 to i9" [firmware/nnet_utils/nnet_pooling.h:46->firmware/nnet_utils/nnet_pooling.h:59]   --->   Operation 56 'zext' 'zext_ln703_14' <Predicate = true> <Delay = 0.00>
ST_2 : Operation 57 [1/1] (0.00ns)   --->   "%zext_ln703_15 = zext i8 %x_8_V_read_1 to i9" [firmware/nnet_utils/nnet_pooling.h:46->firmware/nnet_utils/nnet_pooling.h:59]   --->   Operation 57 'zext' 'zext_ln703_15' <Predicate = true> <Delay = 0.00>
ST_2 : Operation 58 [1/1] (0.48ns)   --->   "%add_ln1192_7 = add i9 %zext_ln703_15, %zext_ln703_14" [firmware/nnet_utils/nnet_pooling.h:46->firmware/nnet_utils/nnet_pooling.h:59]   --->   Operation 58 'add' 'add_ln1192_7' <Predicate = true> <Delay = 0.48> <Core = "AddSub">   --->   Core 14 'AddSub' <Latency = 0> <II = 1> <Delay = 0.48> <FuncUnit> <Opcode : 'add' 'sub'> <InPorts = 2> <OutPorts = 1>
ST_2 : Operation 59 [1/1] (0.48ns)   --->   "%add_ln703_7 = add i8 %x_8_V_read_1, %select_ln340_64" [firmware/nnet_utils/nnet_pooling.h:46->firmware/nnet_utils/nnet_pooling.h:59]   --->   Operation 59 'add' 'add_ln703_7' <Predicate = true> <Delay = 0.48> <Core = "AddSub">   --->   Core 14 'AddSub' <Latency = 0> <II = 1> <Delay = 0.48> <FuncUnit> <Opcode : 'add' 'sub'> <InPorts = 2> <OutPorts = 1>
ST_2 : Operation 60 [1/1] (0.00ns)   --->   "%tmp_254 = call i1 @_ssdm_op_BitSelect.i1.i9.i32(i9 %add_ln1192_7, i32 8)" [firmware/nnet_utils/nnet_pooling.h:46->firmware/nnet_utils/nnet_pooling.h:59]   --->   Operation 60 'bitselect' 'tmp_254' <Predicate = true> <Delay = 0.00>
ST_2 : Operation 61 [1/1] (0.30ns)   --->   "%select_ln340_65 = select i1 %tmp_254, i8 -1, i8 %add_ln703_7" [firmware/nnet_utils/nnet_pooling.h:46->firmware/nnet_utils/nnet_pooling.h:59]   --->   Operation 61 'select' 'select_ln340_65' <Predicate = true> <Delay = 0.30> <Core = "Sel">   --->   Core 26 'Sel' <Latency = 0> <II = 1> <Delay = 0.27> <FuncUnit> <Opcode : 'select'> <InPorts = 3> <OutPorts = 1>
ST_2 : Operation 62 [1/1] (0.00ns)   --->   "%zext_ln703_16 = zext i8 %select_ln340_65 to i9" [firmware/nnet_utils/nnet_pooling.h:46->firmware/nnet_utils/nnet_pooling.h:59]   --->   Operation 62 'zext' 'zext_ln703_16' <Predicate = true> <Delay = 0.00>
ST_2 : Operation 63 [1/1] (0.00ns)   --->   "%zext_ln703_17 = zext i8 %x_9_V_read_1 to i9" [firmware/nnet_utils/nnet_pooling.h:46->firmware/nnet_utils/nnet_pooling.h:59]   --->   Operation 63 'zext' 'zext_ln703_17' <Predicate = true> <Delay = 0.00>
ST_2 : Operation 64 [1/1] (0.48ns)   --->   "%add_ln1192_8 = add i9 %zext_ln703_17, %zext_ln703_16" [firmware/nnet_utils/nnet_pooling.h:46->firmware/nnet_utils/nnet_pooling.h:59]   --->   Operation 64 'add' 'add_ln1192_8' <Predicate = true> <Delay = 0.48> <Core = "AddSub">   --->   Core 14 'AddSub' <Latency = 0> <II = 1> <Delay = 0.48> <FuncUnit> <Opcode : 'add' 'sub'> <InPorts = 2> <OutPorts = 1>
ST_2 : Operation 65 [1/1] (0.48ns)   --->   "%add_ln703_8 = add i8 %x_9_V_read_1, %select_ln340_65" [firmware/nnet_utils/nnet_pooling.h:46->firmware/nnet_utils/nnet_pooling.h:59]   --->   Operation 65 'add' 'add_ln703_8' <Predicate = true> <Delay = 0.48> <Core = "AddSub">   --->   Core 14 'AddSub' <Latency = 0> <II = 1> <Delay = 0.48> <FuncUnit> <Opcode : 'add' 'sub'> <InPorts = 2> <OutPorts = 1>
ST_2 : Operation 66 [1/1] (0.00ns)   --->   "%tmp_255 = call i1 @_ssdm_op_BitSelect.i1.i9.i32(i9 %add_ln1192_8, i32 8)" [firmware/nnet_utils/nnet_pooling.h:46->firmware/nnet_utils/nnet_pooling.h:59]   --->   Operation 66 'bitselect' 'tmp_255' <Predicate = true> <Delay = 0.00>

State 3 <SV = 2> <Delay = 1.97>
ST_3 : Operation 67 [1/1] (0.00ns)   --->   "%zext_ln1148 = zext i8 %add_ln703_8 to i18" [firmware/nnet_utils/nnet_pooling.h:48->firmware/nnet_utils/nnet_pooling.h:59]   --->   Operation 67 'zext' 'zext_ln1148' <Predicate = (!tmp_255)> <Delay = 0.00>
ST_3 : Operation 68 [1/1] (1.70ns)   --->   "%mul_ln1148 = mul i18 %zext_ln1148, 410" [firmware/nnet_utils/nnet_pooling.h:48->firmware/nnet_utils/nnet_pooling.h:59]   --->   Operation 68 'mul' 'mul_ln1148' <Predicate = (!tmp_255)> <Delay = 1.70> <Core = "Mul">   --->   Core 16 'Mul' <Latency = 0> <II = 1> <Delay = 1.70> <FuncUnit> <Opcode : 'mul'> <InPorts = 2> <OutPorts = 1>
ST_3 : Operation 69 [1/1] (0.00ns)   --->   "%trunc_ln = call i5 @_ssdm_op_PartSelect.i5.i18.i32.i32(i18 %mul_ln1148, i32 12, i32 16)" [firmware/nnet_utils/nnet_pooling.h:48->firmware/nnet_utils/nnet_pooling.h:59]   --->   Operation 69 'partselect' 'trunc_ln' <Predicate = (!tmp_255)> <Delay = 0.00>
ST_3 : Operation 70 [1/1] (0.27ns)   --->   "%y_V = select i1 %tmp_255, i5 -7, i5 %trunc_ln" [firmware/nnet_utils/nnet_pooling.h:48->firmware/nnet_utils/nnet_pooling.h:59]   --->   Operation 70 'select' 'y_V' <Predicate = true> <Delay = 0.27> <Core = "Sel">   --->   Core 26 'Sel' <Latency = 0> <II = 1> <Delay = 0.27> <FuncUnit> <Opcode : 'select'> <InPorts = 3> <OutPorts = 1>
ST_3 : Operation 71 [1/1] (0.00ns)   --->   "ret i5 %y_V" [firmware/nnet_utils/nnet_pooling.h:59]   --->   Operation 71 'ret' <Predicate = true> <Delay = 0.00>


============================================================
+ Verbose Summary: Binding
============================================================
STG Binding: 
---------------- STG Properties BEGIN ----------------
- Is combinational: 0
- Is one-state seq: 0
- Is datapath-only: 1
- Is pipelined: 1
- Is top level: 0
Port [ Return ] is wired: 1; IO mode=ap_ctrl_hs:ce=0
Port [ x_0_V_read]:  wired=1; compound=0; hidden=0; nouse=0; global=0; static=0; extern=0; dir=0; type=0; pingpong=0; private_global=0; IO mode=ap_none:ce=0
Port [ x_1_V_read]:  wired=1; compound=0; hidden=0; nouse=0; global=0; static=0; extern=0; dir=0; type=0; pingpong=0; private_global=0; IO mode=ap_none:ce=0
Port [ x_2_V_read]:  wired=1; compound=0; hidden=0; nouse=0; global=0; static=0; extern=0; dir=0; type=0; pingpong=0; private_global=0; IO mode=ap_none:ce=0
Port [ x_3_V_read]:  wired=1; compound=0; hidden=0; nouse=0; global=0; static=0; extern=0; dir=0; type=0; pingpong=0; private_global=0; IO mode=ap_none:ce=0
Port [ x_4_V_read]:  wired=1; compound=0; hidden=0; nouse=0; global=0; static=0; extern=0; dir=0; type=0; pingpong=0; private_global=0; IO mode=ap_none:ce=0
Port [ x_5_V_read]:  wired=1; compound=0; hidden=0; nouse=0; global=0; static=0; extern=0; dir=0; type=0; pingpong=0; private_global=0; IO mode=ap_none:ce=0
Port [ x_6_V_read]:  wired=1; compound=0; hidden=0; nouse=0; global=0; static=0; extern=0; dir=0; type=0; pingpong=0; private_global=0; IO mode=ap_none:ce=0
Port [ x_7_V_read]:  wired=1; compound=0; hidden=0; nouse=0; global=0; static=0; extern=0; dir=0; type=0; pingpong=0; private_global=0; IO mode=ap_none:ce=0
Port [ x_8_V_read]:  wired=1; compound=0; hidden=0; nouse=0; global=0; static=0; extern=0; dir=0; type=0; pingpong=0; private_global=0; IO mode=ap_none:ce=0
Port [ x_9_V_read]:  wired=1; compound=0; hidden=0; nouse=0; global=0; static=0; extern=0; dir=0; type=0; pingpong=0; private_global=0; IO mode=ap_none:ce=0
---------------- STG Properties END ------------------

---------------- Datapath Model BEGIN ----------------

<LifeTime>
<method=bitvector/>
x_9_V_read_1    (read      ) [ 0110]
x_8_V_read_1    (read      ) [ 0110]
x_7_V_read_1    (read      ) [ 0110]
x_6_V_read_1    (read      ) [ 0110]
x_5_V_read_1    (read      ) [ 0000]
x_4_V_read_1    (read      ) [ 0000]
x_3_V_read_1    (read      ) [ 0000]
x_2_V_read_1    (read      ) [ 0000]
x_1_V_read_1    (read      ) [ 0000]
x_0_V_read_1    (read      ) [ 0000]
zext_ln703      (zext      ) [ 0000]
zext_ln703_1    (zext      ) [ 0000]
add_ln1192      (add       ) [ 0000]
add_ln703       (add       ) [ 0000]
tmp             (bitselect ) [ 0000]
select_ln340    (select    ) [ 0000]
zext_ln703_2    (zext      ) [ 0000]
zext_ln703_3    (zext      ) [ 0000]
add_ln1192_1    (add       ) [ 0000]
add_ln703_1     (add       ) [ 0000]
tmp_248         (bitselect ) [ 0000]
select_ln340_59 (select    ) [ 0000]
zext_ln703_4    (zext      ) [ 0000]
zext_ln703_5    (zext      ) [ 0000]
add_ln1192_2    (add       ) [ 0000]
add_ln703_2     (add       ) [ 0000]
tmp_249         (bitselect ) [ 0000]
select_ln340_60 (select    ) [ 0000]
zext_ln703_6    (zext      ) [ 0000]
zext_ln703_7    (zext      ) [ 0000]
add_ln1192_3    (add       ) [ 0000]
add_ln703_3     (add       ) [ 0000]
tmp_250         (bitselect ) [ 0000]
select_ln340_61 (select    ) [ 0000]
zext_ln703_8    (zext      ) [ 0000]
zext_ln703_9    (zext      ) [ 0000]
add_ln1192_4    (add       ) [ 0000]
add_ln703_4     (add       ) [ 0000]
tmp_251         (bitselect ) [ 0000]
select_ln340_62 (select    ) [ 0110]
zext_ln703_10   (zext      ) [ 0000]
zext_ln703_11   (zext      ) [ 0000]
add_ln1192_5    (add       ) [ 0000]
add_ln703_5     (add       ) [ 0000]
tmp_252         (bitselect ) [ 0000]
select_ln340_63 (select    ) [ 0000]
zext_ln703_12   (zext      ) [ 0000]
zext_ln703_13   (zext      ) [ 0000]
add_ln1192_6    (add       ) [ 0000]
add_ln703_6     (add       ) [ 0000]
tmp_253         (bitselect ) [ 0000]
select_ln340_64 (select    ) [ 0000]
zext_ln703_14   (zext      ) [ 0000]
zext_ln703_15   (zext      ) [ 0000]
add_ln1192_7    (add       ) [ 0000]
add_ln703_7     (add       ) [ 0000]
tmp_254         (bitselect ) [ 0000]
select_ln340_65 (select    ) [ 0000]
zext_ln703_16   (zext      ) [ 0000]
zext_ln703_17   (zext      ) [ 0000]
add_ln1192_8    (add       ) [ 0000]
add_ln703_8     (add       ) [ 0101]
tmp_255         (bitselect ) [ 0101]
zext_ln1148     (zext      ) [ 0000]
mul_ln1148      (mul       ) [ 0000]
trunc_ln        (partselect) [ 0000]
y_V             (select    ) [ 0000]
ret_ln59        (ret       ) [ 0000]
</LifeTime>

<model>

<comp_list>
<comp id="0" class="1000" name="x_0_V_read">
<pin_list>
<pin id="1" dir="1" index="0" bw="1" slack="0"/>
</pin_list>
<bind>
<StgValue><ssdm name="x_0_V_read"/></StgValue>
</bind>
</comp>

<comp id="2" class="1000" name="x_1_V_read">
<pin_list>
<pin id="3" dir="1" index="0" bw="1" slack="0"/>
</pin_list>
<bind>
<StgValue><ssdm name="x_1_V_read"/></StgValue>
</bind>
</comp>

<comp id="4" class="1000" name="x_2_V_read">
<pin_list>
<pin id="5" dir="1" index="0" bw="1" slack="0"/>
</pin_list>
<bind>
<StgValue><ssdm name="x_2_V_read"/></StgValue>
</bind>
</comp>

<comp id="6" class="1000" name="x_3_V_read">
<pin_list>
<pin id="7" dir="1" index="0" bw="1" slack="0"/>
</pin_list>
<bind>
<StgValue><ssdm name="x_3_V_read"/></StgValue>
</bind>
</comp>

<comp id="8" class="1000" name="x_4_V_read">
<pin_list>
<pin id="9" dir="1" index="0" bw="1" slack="0"/>
</pin_list>
<bind>
<StgValue><ssdm name="x_4_V_read"/></StgValue>
</bind>
</comp>

<comp id="10" class="1000" name="x_5_V_read">
<pin_list>
<pin id="11" dir="1" index="0" bw="1" slack="0"/>
</pin_list>
<bind>
<StgValue><ssdm name="x_5_V_read"/></StgValue>
</bind>
</comp>

<comp id="12" class="1000" name="x_6_V_read">
<pin_list>
<pin id="13" dir="1" index="0" bw="1" slack="0"/>
</pin_list>
<bind>
<StgValue><ssdm name="x_6_V_read"/></StgValue>
</bind>
</comp>

<comp id="14" class="1000" name="x_7_V_read">
<pin_list>
<pin id="15" dir="1" index="0" bw="1" slack="0"/>
</pin_list>
<bind>
<StgValue><ssdm name="x_7_V_read"/></StgValue>
</bind>
</comp>

<comp id="16" class="1000" name="x_8_V_read">
<pin_list>
<pin id="17" dir="1" index="0" bw="1" slack="0"/>
</pin_list>
<bind>
<StgValue><ssdm name="x_8_V_read"/></StgValue>
</bind>
</comp>

<comp id="18" class="1000" name="x_9_V_read">
<pin_list>
<pin id="19" dir="1" index="0" bw="1" slack="0"/>
</pin_list>
<bind>
<StgValue><ssdm name="x_9_V_read"/></StgValue>
</bind>
</comp>

<comp id="20" class="1001" name="const_20">
<pin_list>
<pin id="21" dir="1" index="0" bw="1" slack="0"/>
</pin_list>
<bind>
<StgValue><ssdm name="_ssdm_op_Read.ap_auto.i8"/></StgValue>
</bind>
</comp>

<comp id="22" class="1001" name="const_22">
<pin_list>
<pin id="23" dir="1" index="0" bw="1" slack="0"/>
</pin_list>
<bind>
<StgValue><ssdm name="_ssdm_op_BitSelect.i1.i9.i32"/></StgValue>
</bind>
</comp>

<comp id="24" class="1001" name="const_24">
<pin_list>
<pin id="25" dir="1" index="0" bw="1" slack="0"/>
</pin_list>
<bind>
<StgValue><ssdm name=""/></StgValue>
</bind>
</comp>

<comp id="26" class="1001" name="const_26">
<pin_list>
<pin id="27" dir="1" index="0" bw="1" slack="0"/>
</pin_list>
<bind>
<StgValue><ssdm name=""/></StgValue>
</bind>
</comp>

<comp id="28" class="1001" name="const_28">
<pin_list>
<pin id="29" dir="1" index="0" bw="1" slack="0"/>
</pin_list>
<bind>
<StgValue><ssdm name=""/></StgValue>
</bind>
</comp>

<comp id="30" class="1001" name="const_30">
<pin_list>
<pin id="31" dir="1" index="0" bw="1" slack="0"/>
</pin_list>
<bind>
<StgValue><ssdm name="_ssdm_op_PartSelect.i5.i18.i32.i32"/></StgValue>
</bind>
</comp>

<comp id="32" class="1001" name="const_32">
<pin_list>
<pin id="33" dir="1" index="0" bw="1" slack="0"/>
</pin_list>
<bind>
<StgValue><ssdm name=""/></StgValue>
</bind>
</comp>

<comp id="34" class="1001" name="const_34">
<pin_list>
<pin id="35" dir="1" index="0" bw="1" slack="0"/>
</pin_list>
<bind>
<StgValue><ssdm name=""/></StgValue>
</bind>
</comp>

<comp id="36" class="1001" name="const_36">
<pin_list>
<pin id="37" dir="1" index="0" bw="1" slack="0"/>
</pin_list>
<bind>
<StgValue><ssdm name=""/></StgValue>
</bind>
</comp>

<comp id="38" class="1004" name="x_9_V_read_1_read_fu_38">
<pin_list>
<pin id="39" dir="0" index="0" bw="8" slack="0"/>
<pin id="40" dir="0" index="1" bw="8" slack="0"/>
<pin id="41" dir="1" index="2" bw="8" slack="1"/>
</pin_list>
<bind>
<opcode="read(1150) " fcode="read"/>
<opset="x_9_V_read_1/1 "/>
</bind>
</comp>

<comp id="44" class="1004" name="x_8_V_read_1_read_fu_44">
<pin_list>
<pin id="45" dir="0" index="0" bw="8" slack="0"/>
<pin id="46" dir="0" index="1" bw="8" slack="0"/>
<pin id="47" dir="1" index="2" bw="8" slack="1"/>
</pin_list>
<bind>
<opcode="read(1150) " fcode="read"/>
<opset="x_8_V_read_1/1 "/>
</bind>
</comp>

<comp id="50" class="1004" name="x_7_V_read_1_read_fu_50">
<pin_list>
<pin id="51" dir="0" index="0" bw="8" slack="0"/>
<pin id="52" dir="0" index="1" bw="8" slack="0"/>
<pin id="53" dir="1" index="2" bw="8" slack="1"/>
</pin_list>
<bind>
<opcode="read(1150) " fcode="read"/>
<opset="x_7_V_read_1/1 "/>
</bind>
</comp>

<comp id="56" class="1004" name="x_6_V_read_1_read_fu_56">
<pin_list>
<pin id="57" dir="0" index="0" bw="8" slack="0"/>
<pin id="58" dir="0" index="1" bw="8" slack="0"/>
<pin id="59" dir="1" index="2" bw="8" slack="1"/>
</pin_list>
<bind>
<opcode="read(1150) " fcode="read"/>
<opset="x_6_V_read_1/1 "/>
</bind>
</comp>

<comp id="62" class="1004" name="x_5_V_read_1_read_fu_62">
<pin_list>
<pin id="63" dir="0" index="0" bw="8" slack="0"/>
<pin id="64" dir="0" index="1" bw="8" slack="0"/>
<pin id="65" dir="1" index="2" bw="8" slack="0"/>
</pin_list>
<bind>
<opcode="read(1150) " fcode="read"/>
<opset="x_5_V_read_1/1 "/>
</bind>
</comp>

<comp id="68" class="1004" name="x_4_V_read_1_read_fu_68">
<pin_list>
<pin id="69" dir="0" index="0" bw="8" slack="0"/>
<pin id="70" dir="0" index="1" bw="8" slack="0"/>
<pin id="71" dir="1" index="2" bw="8" slack="0"/>
</pin_list>
<bind>
<opcode="read(1150) " fcode="read"/>
<opset="x_4_V_read_1/1 "/>
</bind>
</comp>

<comp id="74" class="1004" name="x_3_V_read_1_read_fu_74">
<pin_list>
<pin id="75" dir="0" index="0" bw="8" slack="0"/>
<pin id="76" dir="0" index="1" bw="8" slack="0"/>
<pin id="77" dir="1" index="2" bw="8" slack="0"/>
</pin_list>
<bind>
<opcode="read(1150) " fcode="read"/>
<opset="x_3_V_read_1/1 "/>
</bind>
</comp>

<comp id="80" class="1004" name="x_2_V_read_1_read_fu_80">
<pin_list>
<pin id="81" dir="0" index="0" bw="8" slack="0"/>
<pin id="82" dir="0" index="1" bw="8" slack="0"/>
<pin id="83" dir="1" index="2" bw="8" slack="0"/>
</pin_list>
<bind>
<opcode="read(1150) " fcode="read"/>
<opset="x_2_V_read_1/1 "/>
</bind>
</comp>

<comp id="86" class="1004" name="x_1_V_read_1_read_fu_86">
<pin_list>
<pin id="87" dir="0" index="0" bw="8" slack="0"/>
<pin id="88" dir="0" index="1" bw="8" slack="0"/>
<pin id="89" dir="1" index="2" bw="8" slack="0"/>
</pin_list>
<bind>
<opcode="read(1150) " fcode="read"/>
<opset="x_1_V_read_1/1 "/>
</bind>
</comp>

<comp id="92" class="1004" name="x_0_V_read_1_read_fu_92">
<pin_list>
<pin id="93" dir="0" index="0" bw="8" slack="0"/>
<pin id="94" dir="0" index="1" bw="8" slack="0"/>
<pin id="95" dir="1" index="2" bw="8" slack="0"/>
</pin_list>
<bind>
<opcode="read(1150) " fcode="read"/>
<opset="x_0_V_read_1/1 "/>
</bind>
</comp>

<comp id="98" class="1004" name="zext_ln703_fu_98">
<pin_list>
<pin id="99" dir="0" index="0" bw="8" slack="0"/>
<pin id="100" dir="1" index="1" bw="9" slack="0"/>
</pin_list>
<bind>
<opcode="zext(34) " fcode="zext"/>
<opset="zext_ln703/1 "/>
</bind>
</comp>

<comp id="102" class="1004" name="zext_ln703_1_fu_102">
<pin_list>
<pin id="103" dir="0" index="0" bw="8" slack="0"/>
<pin id="104" dir="1" index="1" bw="9" slack="0"/>
</pin_list>
<bind>
<opcode="zext(34) " fcode="zext"/>
<opset="zext_ln703_1/1 "/>
</bind>
</comp>

<comp id="106" class="1004" name="add_ln1192_fu_106">
<pin_list>
<pin id="107" dir="0" index="0" bw="8" slack="0"/>
<pin id="108" dir="0" index="1" bw="8" slack="0"/>
<pin id="109" dir="1" index="2" bw="9" slack="0"/>
</pin_list>
<bind>
<opcode="add(8) " fcode="add"/>
<opset="add_ln1192/1 "/>
</bind>
</comp>

<comp id="112" class="1004" name="add_ln703_fu_112">
<pin_list>
<pin id="113" dir="0" index="0" bw="8" slack="0"/>
<pin id="114" dir="0" index="1" bw="8" slack="0"/>
<pin id="115" dir="1" index="2" bw="8" slack="0"/>
</pin_list>
<bind>
<opcode="add(8) " fcode="add"/>
<opset="add_ln703/1 "/>
</bind>
</comp>

<comp id="118" class="1004" name="tmp_fu_118">
<pin_list>
<pin id="119" dir="0" index="0" bw="1" slack="0"/>
<pin id="120" dir="0" index="1" bw="9" slack="0"/>
<pin id="121" dir="0" index="2" bw="5" slack="0"/>
<pin id="122" dir="1" index="3" bw="1" slack="0"/>
</pin_list>
<bind>
<opcode="bitselect(1000) " fcode="bitselect"/>
<opset="tmp/1 "/>
</bind>
</comp>

<comp id="126" class="1004" name="select_ln340_fu_126">
<pin_list>
<pin id="127" dir="0" index="0" bw="1" slack="0"/>
<pin id="128" dir="0" index="1" bw="1" slack="0"/>
<pin id="129" dir="0" index="2" bw="8" slack="0"/>
<pin id="130" dir="1" index="3" bw="8" slack="0"/>
</pin_list>
<bind>
<opcode="select(49) " fcode="select"/>
<opset="select_ln340/1 "/>
</bind>
</comp>

<comp id="134" class="1004" name="zext_ln703_2_fu_134">
<pin_list>
<pin id="135" dir="0" index="0" bw="8" slack="0"/>
<pin id="136" dir="1" index="1" bw="9" slack="0"/>
</pin_list>
<bind>
<opcode="zext(34) " fcode="zext"/>
<opset="zext_ln703_2/1 "/>
</bind>
</comp>

<comp id="138" class="1004" name="zext_ln703_3_fu_138">
<pin_list>
<pin id="139" dir="0" index="0" bw="8" slack="0"/>
<pin id="140" dir="1" index="1" bw="9" slack="0"/>
</pin_list>
<bind>
<opcode="zext(34) " fcode="zext"/>
<opset="zext_ln703_3/1 "/>
</bind>
</comp>

<comp id="142" class="1004" name="add_ln1192_1_fu_142">
<pin_list>
<pin id="143" dir="0" index="0" bw="8" slack="0"/>
<pin id="144" dir="0" index="1" bw="8" slack="0"/>
<pin id="145" dir="1" index="2" bw="9" slack="0"/>
</pin_list>
<bind>
<opcode="add(8) " fcode="add"/>
<opset="add_ln1192_1/1 "/>
</bind>
</comp>

<comp id="148" class="1004" name="add_ln703_1_fu_148">
<pin_list>
<pin id="149" dir="0" index="0" bw="8" slack="0"/>
<pin id="150" dir="0" index="1" bw="8" slack="0"/>
<pin id="151" dir="1" index="2" bw="8" slack="0"/>
</pin_list>
<bind>
<opcode="add(8) " fcode="add"/>
<opset="add_ln703_1/1 "/>
</bind>
</comp>

<comp id="154" class="1004" name="tmp_248_fu_154">
<pin_list>
<pin id="155" dir="0" index="0" bw="1" slack="0"/>
<pin id="156" dir="0" index="1" bw="9" slack="0"/>
<pin id="157" dir="0" index="2" bw="5" slack="0"/>
<pin id="158" dir="1" index="3" bw="1" slack="0"/>
</pin_list>
<bind>
<opcode="bitselect(1000) " fcode="bitselect"/>
<opset="tmp_248/1 "/>
</bind>
</comp>

<comp id="162" class="1004" name="select_ln340_59_fu_162">
<pin_list>
<pin id="163" dir="0" index="0" bw="1" slack="0"/>
<pin id="164" dir="0" index="1" bw="1" slack="0"/>
<pin id="165" dir="0" index="2" bw="8" slack="0"/>
<pin id="166" dir="1" index="3" bw="8" slack="0"/>
</pin_list>
<bind>
<opcode="select(49) " fcode="select"/>
<opset="select_ln340_59/1 "/>
</bind>
</comp>

<comp id="170" class="1004" name="zext_ln703_4_fu_170">
<pin_list>
<pin id="171" dir="0" index="0" bw="8" slack="0"/>
<pin id="172" dir="1" index="1" bw="9" slack="0"/>
</pin_list>
<bind>
<opcode="zext(34) " fcode="zext"/>
<opset="zext_ln703_4/1 "/>
</bind>
</comp>

<comp id="174" class="1004" name="zext_ln703_5_fu_174">
<pin_list>
<pin id="175" dir="0" index="0" bw="8" slack="0"/>
<pin id="176" dir="1" index="1" bw="9" slack="0"/>
</pin_list>
<bind>
<opcode="zext(34) " fcode="zext"/>
<opset="zext_ln703_5/1 "/>
</bind>
</comp>

<comp id="178" class="1004" name="add_ln1192_2_fu_178">
<pin_list>
<pin id="179" dir="0" index="0" bw="8" slack="0"/>
<pin id="180" dir="0" index="1" bw="8" slack="0"/>
<pin id="181" dir="1" index="2" bw="9" slack="0"/>
</pin_list>
<bind>
<opcode="add(8) " fcode="add"/>
<opset="add_ln1192_2/1 "/>
</bind>
</comp>

<comp id="184" class="1004" name="add_ln703_2_fu_184">
<pin_list>
<pin id="185" dir="0" index="0" bw="8" slack="0"/>
<pin id="186" dir="0" index="1" bw="8" slack="0"/>
<pin id="187" dir="1" index="2" bw="8" slack="0"/>
</pin_list>
<bind>
<opcode="add(8) " fcode="add"/>
<opset="add_ln703_2/1 "/>
</bind>
</comp>

<comp id="190" class="1004" name="tmp_249_fu_190">
<pin_list>
<pin id="191" dir="0" index="0" bw="1" slack="0"/>
<pin id="192" dir="0" index="1" bw="9" slack="0"/>
<pin id="193" dir="0" index="2" bw="5" slack="0"/>
<pin id="194" dir="1" index="3" bw="1" slack="0"/>
</pin_list>
<bind>
<opcode="bitselect(1000) " fcode="bitselect"/>
<opset="tmp_249/1 "/>
</bind>
</comp>

<comp id="198" class="1004" name="select_ln340_60_fu_198">
<pin_list>
<pin id="199" dir="0" index="0" bw="1" slack="0"/>
<pin id="200" dir="0" index="1" bw="1" slack="0"/>
<pin id="201" dir="0" index="2" bw="8" slack="0"/>
<pin id="202" dir="1" index="3" bw="8" slack="0"/>
</pin_list>
<bind>
<opcode="select(49) " fcode="select"/>
<opset="select_ln340_60/1 "/>
</bind>
</comp>

<comp id="206" class="1004" name="zext_ln703_6_fu_206">
<pin_list>
<pin id="207" dir="0" index="0" bw="8" slack="0"/>
<pin id="208" dir="1" index="1" bw="9" slack="0"/>
</pin_list>
<bind>
<opcode="zext(34) " fcode="zext"/>
<opset="zext_ln703_6/1 "/>
</bind>
</comp>

<comp id="210" class="1004" name="zext_ln703_7_fu_210">
<pin_list>
<pin id="211" dir="0" index="0" bw="8" slack="0"/>
<pin id="212" dir="1" index="1" bw="9" slack="0"/>
</pin_list>
<bind>
<opcode="zext(34) " fcode="zext"/>
<opset="zext_ln703_7/1 "/>
</bind>
</comp>

<comp id="214" class="1004" name="add_ln1192_3_fu_214">
<pin_list>
<pin id="215" dir="0" index="0" bw="8" slack="0"/>
<pin id="216" dir="0" index="1" bw="8" slack="0"/>
<pin id="217" dir="1" index="2" bw="9" slack="0"/>
</pin_list>
<bind>
<opcode="add(8) " fcode="add"/>
<opset="add_ln1192_3/1 "/>
</bind>
</comp>

<comp id="220" class="1004" name="add_ln703_3_fu_220">
<pin_list>
<pin id="221" dir="0" index="0" bw="8" slack="0"/>
<pin id="222" dir="0" index="1" bw="8" slack="0"/>
<pin id="223" dir="1" index="2" bw="8" slack="0"/>
</pin_list>
<bind>
<opcode="add(8) " fcode="add"/>
<opset="add_ln703_3/1 "/>
</bind>
</comp>

<comp id="226" class="1004" name="tmp_250_fu_226">
<pin_list>
<pin id="227" dir="0" index="0" bw="1" slack="0"/>
<pin id="228" dir="0" index="1" bw="9" slack="0"/>
<pin id="229" dir="0" index="2" bw="5" slack="0"/>
<pin id="230" dir="1" index="3" bw="1" slack="0"/>
</pin_list>
<bind>
<opcode="bitselect(1000) " fcode="bitselect"/>
<opset="tmp_250/1 "/>
</bind>
</comp>

<comp id="234" class="1004" name="select_ln340_61_fu_234">
<pin_list>
<pin id="235" dir="0" index="0" bw="1" slack="0"/>
<pin id="236" dir="0" index="1" bw="1" slack="0"/>
<pin id="237" dir="0" index="2" bw="8" slack="0"/>
<pin id="238" dir="1" index="3" bw="8" slack="0"/>
</pin_list>
<bind>
<opcode="select(49) " fcode="select"/>
<opset="select_ln340_61/1 "/>
</bind>
</comp>

<comp id="242" class="1004" name="zext_ln703_8_fu_242">
<pin_list>
<pin id="243" dir="0" index="0" bw="8" slack="0"/>
<pin id="244" dir="1" index="1" bw="9" slack="0"/>
</pin_list>
<bind>
<opcode="zext(34) " fcode="zext"/>
<opset="zext_ln703_8/1 "/>
</bind>
</comp>

<comp id="246" class="1004" name="zext_ln703_9_fu_246">
<pin_list>
<pin id="247" dir="0" index="0" bw="8" slack="0"/>
<pin id="248" dir="1" index="1" bw="9" slack="0"/>
</pin_list>
<bind>
<opcode="zext(34) " fcode="zext"/>
<opset="zext_ln703_9/1 "/>
</bind>
</comp>

<comp id="250" class="1004" name="add_ln1192_4_fu_250">
<pin_list>
<pin id="251" dir="0" index="0" bw="8" slack="0"/>
<pin id="252" dir="0" index="1" bw="8" slack="0"/>
<pin id="253" dir="1" index="2" bw="9" slack="0"/>
</pin_list>
<bind>
<opcode="add(8) " fcode="add"/>
<opset="add_ln1192_4/1 "/>
</bind>
</comp>

<comp id="256" class="1004" name="add_ln703_4_fu_256">
<pin_list>
<pin id="257" dir="0" index="0" bw="8" slack="0"/>
<pin id="258" dir="0" index="1" bw="8" slack="0"/>
<pin id="259" dir="1" index="2" bw="8" slack="0"/>
</pin_list>
<bind>
<opcode="add(8) " fcode="add"/>
<opset="add_ln703_4/1 "/>
</bind>
</comp>

<comp id="262" class="1004" name="tmp_251_fu_262">
<pin_list>
<pin id="263" dir="0" index="0" bw="1" slack="0"/>
<pin id="264" dir="0" index="1" bw="9" slack="0"/>
<pin id="265" dir="0" index="2" bw="5" slack="0"/>
<pin id="266" dir="1" index="3" bw="1" slack="0"/>
</pin_list>
<bind>
<opcode="bitselect(1000) " fcode="bitselect"/>
<opset="tmp_251/1 "/>
</bind>
</comp>

<comp id="270" class="1004" name="select_ln340_62_fu_270">
<pin_list>
<pin id="271" dir="0" index="0" bw="1" slack="0"/>
<pin id="272" dir="0" index="1" bw="1" slack="0"/>
<pin id="273" dir="0" index="2" bw="8" slack="0"/>
<pin id="274" dir="1" index="3" bw="8" slack="1"/>
</pin_list>
<bind>
<opcode="select(49) " fcode="select"/>
<opset="select_ln340_62/1 "/>
</bind>
</comp>

<comp id="278" class="1004" name="zext_ln703_10_fu_278">
<pin_list>
<pin id="279" dir="0" index="0" bw="8" slack="1"/>
<pin id="280" dir="1" index="1" bw="9" slack="0"/>
</pin_list>
<bind>
<opcode="zext(34) " fcode="zext"/>
<opset="zext_ln703_10/2 "/>
</bind>
</comp>

<comp id="281" class="1004" name="zext_ln703_11_fu_281">
<pin_list>
<pin id="282" dir="0" index="0" bw="8" slack="1"/>
<pin id="283" dir="1" index="1" bw="9" slack="0"/>
</pin_list>
<bind>
<opcode="zext(34) " fcode="zext"/>
<opset="zext_ln703_11/2 "/>
</bind>
</comp>

<comp id="284" class="1004" name="add_ln1192_5_fu_284">
<pin_list>
<pin id="285" dir="0" index="0" bw="8" slack="0"/>
<pin id="286" dir="0" index="1" bw="8" slack="0"/>
<pin id="287" dir="1" index="2" bw="9" slack="0"/>
</pin_list>
<bind>
<opcode="add(8) " fcode="add"/>
<opset="add_ln1192_5/2 "/>
</bind>
</comp>

<comp id="290" class="1004" name="add_ln703_5_fu_290">
<pin_list>
<pin id="291" dir="0" index="0" bw="8" slack="1"/>
<pin id="292" dir="0" index="1" bw="8" slack="1"/>
<pin id="293" dir="1" index="2" bw="8" slack="0"/>
</pin_list>
<bind>
<opcode="add(8) " fcode="add"/>
<opset="add_ln703_5/2 "/>
</bind>
</comp>

<comp id="294" class="1004" name="tmp_252_fu_294">
<pin_list>
<pin id="295" dir="0" index="0" bw="1" slack="0"/>
<pin id="296" dir="0" index="1" bw="9" slack="0"/>
<pin id="297" dir="0" index="2" bw="5" slack="0"/>
<pin id="298" dir="1" index="3" bw="1" slack="0"/>
</pin_list>
<bind>
<opcode="bitselect(1000) " fcode="bitselect"/>
<opset="tmp_252/2 "/>
</bind>
</comp>

<comp id="302" class="1004" name="select_ln340_63_fu_302">
<pin_list>
<pin id="303" dir="0" index="0" bw="1" slack="0"/>
<pin id="304" dir="0" index="1" bw="1" slack="0"/>
<pin id="305" dir="0" index="2" bw="8" slack="0"/>
<pin id="306" dir="1" index="3" bw="8" slack="0"/>
</pin_list>
<bind>
<opcode="select(49) " fcode="select"/>
<opset="select_ln340_63/2 "/>
</bind>
</comp>

<comp id="310" class="1004" name="zext_ln703_12_fu_310">
<pin_list>
<pin id="311" dir="0" index="0" bw="8" slack="0"/>
<pin id="312" dir="1" index="1" bw="9" slack="0"/>
</pin_list>
<bind>
<opcode="zext(34) " fcode="zext"/>
<opset="zext_ln703_12/2 "/>
</bind>
</comp>

<comp id="314" class="1004" name="zext_ln703_13_fu_314">
<pin_list>
<pin id="315" dir="0" index="0" bw="8" slack="1"/>
<pin id="316" dir="1" index="1" bw="9" slack="0"/>
</pin_list>
<bind>
<opcode="zext(34) " fcode="zext"/>
<opset="zext_ln703_13/2 "/>
</bind>
</comp>

<comp id="317" class="1004" name="add_ln1192_6_fu_317">
<pin_list>
<pin id="318" dir="0" index="0" bw="8" slack="0"/>
<pin id="319" dir="0" index="1" bw="8" slack="0"/>
<pin id="320" dir="1" index="2" bw="9" slack="0"/>
</pin_list>
<bind>
<opcode="add(8) " fcode="add"/>
<opset="add_ln1192_6/2 "/>
</bind>
</comp>

<comp id="323" class="1004" name="add_ln703_6_fu_323">
<pin_list>
<pin id="324" dir="0" index="0" bw="8" slack="1"/>
<pin id="325" dir="0" index="1" bw="8" slack="0"/>
<pin id="326" dir="1" index="2" bw="8" slack="0"/>
</pin_list>
<bind>
<opcode="add(8) " fcode="add"/>
<opset="add_ln703_6/2 "/>
</bind>
</comp>

<comp id="328" class="1004" name="tmp_253_fu_328">
<pin_list>
<pin id="329" dir="0" index="0" bw="1" slack="0"/>
<pin id="330" dir="0" index="1" bw="9" slack="0"/>
<pin id="331" dir="0" index="2" bw="5" slack="0"/>
<pin id="332" dir="1" index="3" bw="1" slack="0"/>
</pin_list>
<bind>
<opcode="bitselect(1000) " fcode="bitselect"/>
<opset="tmp_253/2 "/>
</bind>
</comp>

<comp id="336" class="1004" name="select_ln340_64_fu_336">
<pin_list>
<pin id="337" dir="0" index="0" bw="1" slack="0"/>
<pin id="338" dir="0" index="1" bw="1" slack="0"/>
<pin id="339" dir="0" index="2" bw="8" slack="0"/>
<pin id="340" dir="1" index="3" bw="8" slack="0"/>
</pin_list>
<bind>
<opcode="select(49) " fcode="select"/>
<opset="select_ln340_64/2 "/>
</bind>
</comp>

<comp id="344" class="1004" name="zext_ln703_14_fu_344">
<pin_list>
<pin id="345" dir="0" index="0" bw="8" slack="0"/>
<pin id="346" dir="1" index="1" bw="9" slack="0"/>
</pin_list>
<bind>
<opcode="zext(34) " fcode="zext"/>
<opset="zext_ln703_14/2 "/>
</bind>
</comp>

<comp id="348" class="1004" name="zext_ln703_15_fu_348">
<pin_list>
<pin id="349" dir="0" index="0" bw="8" slack="1"/>
<pin id="350" dir="1" index="1" bw="9" slack="0"/>
</pin_list>
<bind>
<opcode="zext(34) " fcode="zext"/>
<opset="zext_ln703_15/2 "/>
</bind>
</comp>

<comp id="351" class="1004" name="add_ln1192_7_fu_351">
<pin_list>
<pin id="352" dir="0" index="0" bw="8" slack="0"/>
<pin id="353" dir="0" index="1" bw="8" slack="0"/>
<pin id="354" dir="1" index="2" bw="9" slack="0"/>
</pin_list>
<bind>
<opcode="add(8) " fcode="add"/>
<opset="add_ln1192_7/2 "/>
</bind>
</comp>

<comp id="357" class="1004" name="add_ln703_7_fu_357">
<pin_list>
<pin id="358" dir="0" index="0" bw="8" slack="1"/>
<pin id="359" dir="0" index="1" bw="8" slack="0"/>
<pin id="360" dir="1" index="2" bw="8" slack="0"/>
</pin_list>
<bind>
<opcode="add(8) " fcode="add"/>
<opset="add_ln703_7/2 "/>
</bind>
</comp>

<comp id="362" class="1004" name="tmp_254_fu_362">
<pin_list>
<pin id="363" dir="0" index="0" bw="1" slack="0"/>
<pin id="364" dir="0" index="1" bw="9" slack="0"/>
<pin id="365" dir="0" index="2" bw="5" slack="0"/>
<pin id="366" dir="1" index="3" bw="1" slack="0"/>
</pin_list>
<bind>
<opcode="bitselect(1000) " fcode="bitselect"/>
<opset="tmp_254/2 "/>
</bind>
</comp>

<comp id="370" class="1004" name="select_ln340_65_fu_370">
<pin_list>
<pin id="371" dir="0" index="0" bw="1" slack="0"/>
<pin id="372" dir="0" index="1" bw="1" slack="0"/>
<pin id="373" dir="0" index="2" bw="8" slack="0"/>
<pin id="374" dir="1" index="3" bw="8" slack="0"/>
</pin_list>
<bind>
<opcode="select(49) " fcode="select"/>
<opset="select_ln340_65/2 "/>
</bind>
</comp>

<comp id="378" class="1004" name="zext_ln703_16_fu_378">
<pin_list>
<pin id="379" dir="0" index="0" bw="8" slack="0"/>
<pin id="380" dir="1" index="1" bw="9" slack="0"/>
</pin_list>
<bind>
<opcode="zext(34) " fcode="zext"/>
<opset="zext_ln703_16/2 "/>
</bind>
</comp>

<comp id="382" class="1004" name="zext_ln703_17_fu_382">
<pin_list>
<pin id="383" dir="0" index="0" bw="8" slack="1"/>
<pin id="384" dir="1" index="1" bw="9" slack="0"/>
</pin_list>
<bind>
<opcode="zext(34) " fcode="zext"/>
<opset="zext_ln703_17/2 "/>
</bind>
</comp>

<comp id="385" class="1004" name="add_ln1192_8_fu_385">
<pin_list>
<pin id="386" dir="0" index="0" bw="8" slack="0"/>
<pin id="387" dir="0" index="1" bw="8" slack="0"/>
<pin id="388" dir="1" index="2" bw="9" slack="0"/>
</pin_list>
<bind>
<opcode="add(8) " fcode="add"/>
<opset="add_ln1192_8/2 "/>
</bind>
</comp>

<comp id="391" class="1004" name="add_ln703_8_fu_391">
<pin_list>
<pin id="392" dir="0" index="0" bw="8" slack="1"/>
<pin id="393" dir="0" index="1" bw="8" slack="0"/>
<pin id="394" dir="1" index="2" bw="8" slack="1"/>
</pin_list>
<bind>
<opcode="add(8) " fcode="add"/>
<opset="add_ln703_8/2 "/>
</bind>
</comp>

<comp id="396" class="1004" name="tmp_255_fu_396">
<pin_list>
<pin id="397" dir="0" index="0" bw="1" slack="0"/>
<pin id="398" dir="0" index="1" bw="9" slack="0"/>
<pin id="399" dir="0" index="2" bw="5" slack="0"/>
<pin id="400" dir="1" index="3" bw="1" slack="1"/>
</pin_list>
<bind>
<opcode="bitselect(1000) " fcode="bitselect"/>
<opset="tmp_255/2 "/>
</bind>
</comp>

<comp id="404" class="1004" name="zext_ln1148_fu_404">
<pin_list>
<pin id="405" dir="0" index="0" bw="8" slack="1"/>
<pin id="406" dir="1" index="1" bw="18" slack="0"/>
</pin_list>
<bind>
<opcode="zext(34) " fcode="zext"/>
<opset="zext_ln1148/3 "/>
</bind>
</comp>

<comp id="407" class="1004" name="mul_ln1148_fu_407">
<pin_list>
<pin id="408" dir="0" index="0" bw="8" slack="0"/>
<pin id="409" dir="0" index="1" bw="10" slack="0"/>
<pin id="410" dir="1" index="2" bw="18" slack="0"/>
</pin_list>
<bind>
<opcode="mul(12) " fcode="mul"/>
<opset="mul_ln1148/3 "/>
</bind>
</comp>

<comp id="413" class="1004" name="trunc_ln_fu_413">
<pin_list>
<pin id="414" dir="0" index="0" bw="5" slack="0"/>
<pin id="415" dir="0" index="1" bw="18" slack="0"/>
<pin id="416" dir="0" index="2" bw="5" slack="0"/>
<pin id="417" dir="0" index="3" bw="6" slack="0"/>
<pin id="418" dir="1" index="4" bw="5" slack="0"/>
</pin_list>
<bind>
<opcode="partselect(1002) " fcode="partselect"/>
<opset="trunc_ln/3 "/>
</bind>
</comp>

<comp id="423" class="1004" name="y_V_fu_423">
<pin_list>
<pin id="424" dir="0" index="0" bw="1" slack="1"/>
<pin id="425" dir="0" index="1" bw="4" slack="0"/>
<pin id="426" dir="0" index="2" bw="5" slack="0"/>
<pin id="427" dir="1" index="3" bw="5" slack="2147483647"/>
</pin_list>
<bind>
<opcode="select(49) " fcode="select"/>
<opset="y_V/3 "/>
</bind>
</comp>

<comp id="430" class="1005" name="x_9_V_read_1_reg_430">
<pin_list>
<pin id="431" dir="0" index="0" bw="8" slack="1"/>
<pin id="432" dir="1" index="1" bw="8" slack="1"/>
</pin_list>
<bind>
<opset="x_9_V_read_1 "/>
</bind>
</comp>

<comp id="436" class="1005" name="x_8_V_read_1_reg_436">
<pin_list>
<pin id="437" dir="0" index="0" bw="8" slack="1"/>
<pin id="438" dir="1" index="1" bw="8" slack="1"/>
</pin_list>
<bind>
<opset="x_8_V_read_1 "/>
</bind>
</comp>

<comp id="442" class="1005" name="x_7_V_read_1_reg_442">
<pin_list>
<pin id="443" dir="0" index="0" bw="8" slack="1"/>
<pin id="444" dir="1" index="1" bw="8" slack="1"/>
</pin_list>
<bind>
<opset="x_7_V_read_1 "/>
</bind>
</comp>

<comp id="448" class="1005" name="x_6_V_read_1_reg_448">
<pin_list>
<pin id="449" dir="0" index="0" bw="8" slack="1"/>
<pin id="450" dir="1" index="1" bw="8" slack="1"/>
</pin_list>
<bind>
<opset="x_6_V_read_1 "/>
</bind>
</comp>

<comp id="454" class="1005" name="select_ln340_62_reg_454">
<pin_list>
<pin id="455" dir="0" index="0" bw="8" slack="1"/>
<pin id="456" dir="1" index="1" bw="8" slack="1"/>
</pin_list>
<bind>
<opset="select_ln340_62 "/>
</bind>
</comp>

<comp id="460" class="1005" name="add_ln703_8_reg_460">
<pin_list>
<pin id="461" dir="0" index="0" bw="8" slack="1"/>
<pin id="462" dir="1" index="1" bw="8" slack="1"/>
</pin_list>
<bind>
<opset="add_ln703_8 "/>
</bind>
</comp>

<comp id="465" class="1005" name="tmp_255_reg_465">
<pin_list>
<pin id="466" dir="0" index="0" bw="1" slack="1"/>
<pin id="467" dir="1" index="1" bw="1" slack="1"/>
</pin_list>
<bind>
<opset="tmp_255 "/>
</bind>
</comp>

</comp_list>

<net_list>
<net id="42"><net_src comp="20" pin="0"/><net_sink comp="38" pin=0"/></net>

<net id="43"><net_src comp="18" pin="0"/><net_sink comp="38" pin=1"/></net>

<net id="48"><net_src comp="20" pin="0"/><net_sink comp="44" pin=0"/></net>

<net id="49"><net_src comp="16" pin="0"/><net_sink comp="44" pin=1"/></net>

<net id="54"><net_src comp="20" pin="0"/><net_sink comp="50" pin=0"/></net>

<net id="55"><net_src comp="14" pin="0"/><net_sink comp="50" pin=1"/></net>

<net id="60"><net_src comp="20" pin="0"/><net_sink comp="56" pin=0"/></net>

<net id="61"><net_src comp="12" pin="0"/><net_sink comp="56" pin=1"/></net>

<net id="66"><net_src comp="20" pin="0"/><net_sink comp="62" pin=0"/></net>

<net id="67"><net_src comp="10" pin="0"/><net_sink comp="62" pin=1"/></net>

<net id="72"><net_src comp="20" pin="0"/><net_sink comp="68" pin=0"/></net>

<net id="73"><net_src comp="8" pin="0"/><net_sink comp="68" pin=1"/></net>

<net id="78"><net_src comp="20" pin="0"/><net_sink comp="74" pin=0"/></net>

<net id="79"><net_src comp="6" pin="0"/><net_sink comp="74" pin=1"/></net>

<net id="84"><net_src comp="20" pin="0"/><net_sink comp="80" pin=0"/></net>

<net id="85"><net_src comp="4" pin="0"/><net_sink comp="80" pin=1"/></net>

<net id="90"><net_src comp="20" pin="0"/><net_sink comp="86" pin=0"/></net>

<net id="91"><net_src comp="2" pin="0"/><net_sink comp="86" pin=1"/></net>

<net id="96"><net_src comp="20" pin="0"/><net_sink comp="92" pin=0"/></net>

<net id="97"><net_src comp="0" pin="0"/><net_sink comp="92" pin=1"/></net>

<net id="101"><net_src comp="92" pin="2"/><net_sink comp="98" pin=0"/></net>

<net id="105"><net_src comp="86" pin="2"/><net_sink comp="102" pin=0"/></net>

<net id="110"><net_src comp="102" pin="1"/><net_sink comp="106" pin=0"/></net>

<net id="111"><net_src comp="98" pin="1"/><net_sink comp="106" pin=1"/></net>

<net id="116"><net_src comp="92" pin="2"/><net_sink comp="112" pin=0"/></net>

<net id="117"><net_src comp="86" pin="2"/><net_sink comp="112" pin=1"/></net>

<net id="123"><net_src comp="22" pin="0"/><net_sink comp="118" pin=0"/></net>

<net id="124"><net_src comp="106" pin="2"/><net_sink comp="118" pin=1"/></net>

<net id="125"><net_src comp="24" pin="0"/><net_sink comp="118" pin=2"/></net>

<net id="131"><net_src comp="118" pin="3"/><net_sink comp="126" pin=0"/></net>

<net id="132"><net_src comp="26" pin="0"/><net_sink comp="126" pin=1"/></net>

<net id="133"><net_src comp="112" pin="2"/><net_sink comp="126" pin=2"/></net>

<net id="137"><net_src comp="126" pin="3"/><net_sink comp="134" pin=0"/></net>

<net id="141"><net_src comp="80" pin="2"/><net_sink comp="138" pin=0"/></net>

<net id="146"><net_src comp="138" pin="1"/><net_sink comp="142" pin=0"/></net>

<net id="147"><net_src comp="134" pin="1"/><net_sink comp="142" pin=1"/></net>

<net id="152"><net_src comp="80" pin="2"/><net_sink comp="148" pin=0"/></net>

<net id="153"><net_src comp="126" pin="3"/><net_sink comp="148" pin=1"/></net>

<net id="159"><net_src comp="22" pin="0"/><net_sink comp="154" pin=0"/></net>

<net id="160"><net_src comp="142" pin="2"/><net_sink comp="154" pin=1"/></net>

<net id="161"><net_src comp="24" pin="0"/><net_sink comp="154" pin=2"/></net>

<net id="167"><net_src comp="154" pin="3"/><net_sink comp="162" pin=0"/></net>

<net id="168"><net_src comp="26" pin="0"/><net_sink comp="162" pin=1"/></net>

<net id="169"><net_src comp="148" pin="2"/><net_sink comp="162" pin=2"/></net>

<net id="173"><net_src comp="162" pin="3"/><net_sink comp="170" pin=0"/></net>

<net id="177"><net_src comp="74" pin="2"/><net_sink comp="174" pin=0"/></net>

<net id="182"><net_src comp="174" pin="1"/><net_sink comp="178" pin=0"/></net>

<net id="183"><net_src comp="170" pin="1"/><net_sink comp="178" pin=1"/></net>

<net id="188"><net_src comp="74" pin="2"/><net_sink comp="184" pin=0"/></net>

<net id="189"><net_src comp="162" pin="3"/><net_sink comp="184" pin=1"/></net>

<net id="195"><net_src comp="22" pin="0"/><net_sink comp="190" pin=0"/></net>

<net id="196"><net_src comp="178" pin="2"/><net_sink comp="190" pin=1"/></net>

<net id="197"><net_src comp="24" pin="0"/><net_sink comp="190" pin=2"/></net>

<net id="203"><net_src comp="190" pin="3"/><net_sink comp="198" pin=0"/></net>

<net id="204"><net_src comp="26" pin="0"/><net_sink comp="198" pin=1"/></net>

<net id="205"><net_src comp="184" pin="2"/><net_sink comp="198" pin=2"/></net>

<net id="209"><net_src comp="198" pin="3"/><net_sink comp="206" pin=0"/></net>

<net id="213"><net_src comp="68" pin="2"/><net_sink comp="210" pin=0"/></net>

<net id="218"><net_src comp="210" pin="1"/><net_sink comp="214" pin=0"/></net>

<net id="219"><net_src comp="206" pin="1"/><net_sink comp="214" pin=1"/></net>

<net id="224"><net_src comp="68" pin="2"/><net_sink comp="220" pin=0"/></net>

<net id="225"><net_src comp="198" pin="3"/><net_sink comp="220" pin=1"/></net>

<net id="231"><net_src comp="22" pin="0"/><net_sink comp="226" pin=0"/></net>

<net id="232"><net_src comp="214" pin="2"/><net_sink comp="226" pin=1"/></net>

<net id="233"><net_src comp="24" pin="0"/><net_sink comp="226" pin=2"/></net>

<net id="239"><net_src comp="226" pin="3"/><net_sink comp="234" pin=0"/></net>

<net id="240"><net_src comp="26" pin="0"/><net_sink comp="234" pin=1"/></net>

<net id="241"><net_src comp="220" pin="2"/><net_sink comp="234" pin=2"/></net>

<net id="245"><net_src comp="234" pin="3"/><net_sink comp="242" pin=0"/></net>

<net id="249"><net_src comp="62" pin="2"/><net_sink comp="246" pin=0"/></net>

<net id="254"><net_src comp="246" pin="1"/><net_sink comp="250" pin=0"/></net>

<net id="255"><net_src comp="242" pin="1"/><net_sink comp="250" pin=1"/></net>

<net id="260"><net_src comp="62" pin="2"/><net_sink comp="256" pin=0"/></net>

<net id="261"><net_src comp="234" pin="3"/><net_sink comp="256" pin=1"/></net>

<net id="267"><net_src comp="22" pin="0"/><net_sink comp="262" pin=0"/></net>

<net id="268"><net_src comp="250" pin="2"/><net_sink comp="262" pin=1"/></net>

<net id="269"><net_src comp="24" pin="0"/><net_sink comp="262" pin=2"/></net>

<net id="275"><net_src comp="262" pin="3"/><net_sink comp="270" pin=0"/></net>

<net id="276"><net_src comp="26" pin="0"/><net_sink comp="270" pin=1"/></net>

<net id="277"><net_src comp="256" pin="2"/><net_sink comp="270" pin=2"/></net>

<net id="288"><net_src comp="281" pin="1"/><net_sink comp="284" pin=0"/></net>

<net id="289"><net_src comp="278" pin="1"/><net_sink comp="284" pin=1"/></net>

<net id="299"><net_src comp="22" pin="0"/><net_sink comp="294" pin=0"/></net>

<net id="300"><net_src comp="284" pin="2"/><net_sink comp="294" pin=1"/></net>

<net id="301"><net_src comp="24" pin="0"/><net_sink comp="294" pin=2"/></net>

<net id="307"><net_src comp="294" pin="3"/><net_sink comp="302" pin=0"/></net>

<net id="308"><net_src comp="26" pin="0"/><net_sink comp="302" pin=1"/></net>

<net id="309"><net_src comp="290" pin="2"/><net_sink comp="302" pin=2"/></net>

<net id="313"><net_src comp="302" pin="3"/><net_sink comp="310" pin=0"/></net>

<net id="321"><net_src comp="314" pin="1"/><net_sink comp="317" pin=0"/></net>

<net id="322"><net_src comp="310" pin="1"/><net_sink comp="317" pin=1"/></net>

<net id="327"><net_src comp="302" pin="3"/><net_sink comp="323" pin=1"/></net>

<net id="333"><net_src comp="22" pin="0"/><net_sink comp="328" pin=0"/></net>

<net id="334"><net_src comp="317" pin="2"/><net_sink comp="328" pin=1"/></net>

<net id="335"><net_src comp="24" pin="0"/><net_sink comp="328" pin=2"/></net>

<net id="341"><net_src comp="328" pin="3"/><net_sink comp="336" pin=0"/></net>

<net id="342"><net_src comp="26" pin="0"/><net_sink comp="336" pin=1"/></net>

<net id="343"><net_src comp="323" pin="2"/><net_sink comp="336" pin=2"/></net>

<net id="347"><net_src comp="336" pin="3"/><net_sink comp="344" pin=0"/></net>

<net id="355"><net_src comp="348" pin="1"/><net_sink comp="351" pin=0"/></net>

<net id="356"><net_src comp="344" pin="1"/><net_sink comp="351" pin=1"/></net>

<net id="361"><net_src comp="336" pin="3"/><net_sink comp="357" pin=1"/></net>

<net id="367"><net_src comp="22" pin="0"/><net_sink comp="362" pin=0"/></net>

<net id="368"><net_src comp="351" pin="2"/><net_sink comp="362" pin=1"/></net>

<net id="369"><net_src comp="24" pin="0"/><net_sink comp="362" pin=2"/></net>

<net id="375"><net_src comp="362" pin="3"/><net_sink comp="370" pin=0"/></net>

<net id="376"><net_src comp="26" pin="0"/><net_sink comp="370" pin=1"/></net>

<net id="377"><net_src comp="357" pin="2"/><net_sink comp="370" pin=2"/></net>

<net id="381"><net_src comp="370" pin="3"/><net_sink comp="378" pin=0"/></net>

<net id="389"><net_src comp="382" pin="1"/><net_sink comp="385" pin=0"/></net>

<net id="390"><net_src comp="378" pin="1"/><net_sink comp="385" pin=1"/></net>

<net id="395"><net_src comp="370" pin="3"/><net_sink comp="391" pin=1"/></net>

<net id="401"><net_src comp="22" pin="0"/><net_sink comp="396" pin=0"/></net>

<net id="402"><net_src comp="385" pin="2"/><net_sink comp="396" pin=1"/></net>

<net id="403"><net_src comp="24" pin="0"/><net_sink comp="396" pin=2"/></net>

<net id="411"><net_src comp="404" pin="1"/><net_sink comp="407" pin=0"/></net>

<net id="412"><net_src comp="28" pin="0"/><net_sink comp="407" pin=1"/></net>

<net id="419"><net_src comp="30" pin="0"/><net_sink comp="413" pin=0"/></net>

<net id="420"><net_src comp="407" pin="2"/><net_sink comp="413" pin=1"/></net>

<net id="421"><net_src comp="32" pin="0"/><net_sink comp="413" pin=2"/></net>

<net id="422"><net_src comp="34" pin="0"/><net_sink comp="413" pin=3"/></net>

<net id="428"><net_src comp="36" pin="0"/><net_sink comp="423" pin=1"/></net>

<net id="429"><net_src comp="413" pin="4"/><net_sink comp="423" pin=2"/></net>

<net id="433"><net_src comp="38" pin="2"/><net_sink comp="430" pin=0"/></net>

<net id="434"><net_src comp="430" pin="1"/><net_sink comp="382" pin=0"/></net>

<net id="435"><net_src comp="430" pin="1"/><net_sink comp="391" pin=0"/></net>

<net id="439"><net_src comp="44" pin="2"/><net_sink comp="436" pin=0"/></net>

<net id="440"><net_src comp="436" pin="1"/><net_sink comp="348" pin=0"/></net>

<net id="441"><net_src comp="436" pin="1"/><net_sink comp="357" pin=0"/></net>

<net id="445"><net_src comp="50" pin="2"/><net_sink comp="442" pin=0"/></net>

<net id="446"><net_src comp="442" pin="1"/><net_sink comp="314" pin=0"/></net>

<net id="447"><net_src comp="442" pin="1"/><net_sink comp="323" pin=0"/></net>

<net id="451"><net_src comp="56" pin="2"/><net_sink comp="448" pin=0"/></net>

<net id="452"><net_src comp="448" pin="1"/><net_sink comp="281" pin=0"/></net>

<net id="453"><net_src comp="448" pin="1"/><net_sink comp="290" pin=0"/></net>

<net id="457"><net_src comp="270" pin="3"/><net_sink comp="454" pin=0"/></net>

<net id="458"><net_src comp="454" pin="1"/><net_sink comp="278" pin=0"/></net>

<net id="459"><net_src comp="454" pin="1"/><net_sink comp="290" pin=1"/></net>

<net id="463"><net_src comp="391" pin="2"/><net_sink comp="460" pin=0"/></net>

<net id="464"><net_src comp="460" pin="1"/><net_sink comp="404" pin=0"/></net>

<net id="468"><net_src comp="396" pin="3"/><net_sink comp="465" pin=0"/></net>

<net id="469"><net_src comp="465" pin="1"/><net_sink comp="423" pin=0"/></net>

</net_list>

</model> 
---------------- Datapath Model END ------------------

* FSMD analyzer results:
  - Output states:
 - Input state : 
	Port: pool_op<ap_ufixed<8, 0, 4, 0, 0>, 10, 1> : x_0_V_read | {1 }
	Port: pool_op<ap_ufixed<8, 0, 4, 0, 0>, 10, 1> : x_1_V_read | {1 }
	Port: pool_op<ap_ufixed<8, 0, 4, 0, 0>, 10, 1> : x_2_V_read | {1 }
	Port: pool_op<ap_ufixed<8, 0, 4, 0, 0>, 10, 1> : x_3_V_read | {1 }
	Port: pool_op<ap_ufixed<8, 0, 4, 0, 0>, 10, 1> : x_4_V_read | {1 }
	Port: pool_op<ap_ufixed<8, 0, 4, 0, 0>, 10, 1> : x_5_V_read | {1 }
	Port: pool_op<ap_ufixed<8, 0, 4, 0, 0>, 10, 1> : x_6_V_read | {1 }
	Port: pool_op<ap_ufixed<8, 0, 4, 0, 0>, 10, 1> : x_7_V_read | {1 }
	Port: pool_op<ap_ufixed<8, 0, 4, 0, 0>, 10, 1> : x_8_V_read | {1 }
	Port: pool_op<ap_ufixed<8, 0, 4, 0, 0>, 10, 1> : x_9_V_read | {1 }
  - Chain level:
	State 1
		add_ln1192 : 1
		tmp : 2
		select_ln340 : 3
		zext_ln703_2 : 4
		add_ln1192_1 : 5
		add_ln703_1 : 4
		tmp_248 : 6
		select_ln340_59 : 7
		zext_ln703_4 : 8
		add_ln1192_2 : 9
		add_ln703_2 : 8
		tmp_249 : 10
		select_ln340_60 : 11
		zext_ln703_6 : 12
		add_ln1192_3 : 13
		add_ln703_3 : 12
		tmp_250 : 14
		select_ln340_61 : 15
		zext_ln703_8 : 16
		add_ln1192_4 : 17
		add_ln703_4 : 16
		tmp_251 : 18
		select_ln340_62 : 19
	State 2
		add_ln1192_5 : 1
		tmp_252 : 2
		select_ln340_63 : 3
		zext_ln703_12 : 4
		add_ln1192_6 : 5
		add_ln703_6 : 4
		tmp_253 : 6
		select_ln340_64 : 7
		zext_ln703_14 : 8
		add_ln1192_7 : 9
		add_ln703_7 : 8
		tmp_254 : 10
		select_ln340_65 : 11
		zext_ln703_16 : 12
		add_ln1192_8 : 13
		add_ln703_8 : 12
		tmp_255 : 14
	State 3
		mul_ln1148 : 1
		trunc_ln : 2
		y_V : 3
		ret_ln59 : 4


============================================================
+ Verbose Summary: Datapath Resource usage 
============================================================

* Functional unit list:
|----------|-------------------------|---------|---------|---------|
| Operation|     Functional Unit     |  DSP48E |    FF   |   LUT   |
|----------|-------------------------|---------|---------|---------|
|          |    add_ln1192_fu_106    |    0    |    0    |    8    |
|          |     add_ln703_fu_112    |    0    |    0    |    8    |
|          |   add_ln1192_1_fu_142   |    0    |    0    |    8    |
|          |    add_ln703_1_fu_148   |    0    |    0    |    8    |
|          |   add_ln1192_2_fu_178   |    0    |    0    |    8    |
|          |    add_ln703_2_fu_184   |    0    |    0    |    8    |
|          |   add_ln1192_3_fu_214   |    0    |    0    |    8    |
|          |    add_ln703_3_fu_220   |    0    |    0    |    8    |
|    add   |   add_ln1192_4_fu_250   |    0    |    0    |    8    |
|          |    add_ln703_4_fu_256   |    0    |    0    |    8    |
|          |   add_ln1192_5_fu_284   |    0    |    0    |    8    |
|          |    add_ln703_5_fu_290   |    0    |    0    |    8    |
|          |   add_ln1192_6_fu_317   |    0    |    0    |    8    |
|          |    add_ln703_6_fu_323   |    0    |    0    |    8    |
|          |   add_ln1192_7_fu_351   |    0    |    0    |    8    |
|          |    add_ln703_7_fu_357   |    0    |    0    |    8    |
|          |   add_ln1192_8_fu_385   |    0    |    0    |    8    |
|          |    add_ln703_8_fu_391   |    0    |    0    |    8    |
|----------|-------------------------|---------|---------|---------|
|          |   select_ln340_fu_126   |    0    |    0    |    8    |
|          |  select_ln340_59_fu_162 |    0    |    0    |    8    |
|          |  select_ln340_60_fu_198 |    0    |    0    |    8    |
|          |  select_ln340_61_fu_234 |    0    |    0    |    8    |
|  select  |  select_ln340_62_fu_270 |    0    |    0    |    8    |
|          |  select_ln340_63_fu_302 |    0    |    0    |    8    |
|          |  select_ln340_64_fu_336 |    0    |    0    |    8    |
|          |  select_ln340_65_fu_370 |    0    |    0    |    8    |
|          |        y_V_fu_423       |    0    |    0    |    5    |
|----------|-------------------------|---------|---------|---------|
|    mul   |    mul_ln1148_fu_407    |    0    |    0    |    62   |
|----------|-------------------------|---------|---------|---------|
|          | x_9_V_read_1_read_fu_38 |    0    |    0    |    0    |
|          | x_8_V_read_1_read_fu_44 |    0    |    0    |    0    |
|          | x_7_V_read_1_read_fu_50 |    0    |    0    |    0    |
|          | x_6_V_read_1_read_fu_56 |    0    |    0    |    0    |
|   read   | x_5_V_read_1_read_fu_62 |    0    |    0    |    0    |
|          | x_4_V_read_1_read_fu_68 |    0    |    0    |    0    |
|          | x_3_V_read_1_read_fu_74 |    0    |    0    |    0    |
|          | x_2_V_read_1_read_fu_80 |    0    |    0    |    0    |
|          | x_1_V_read_1_read_fu_86 |    0    |    0    |    0    |
|          | x_0_V_read_1_read_fu_92 |    0    |    0    |    0    |
|----------|-------------------------|---------|---------|---------|
|          |     zext_ln703_fu_98    |    0    |    0    |    0    |
|          |   zext_ln703_1_fu_102   |    0    |    0    |    0    |
|          |   zext_ln703_2_fu_134   |    0    |    0    |    0    |
|          |   zext_ln703_3_fu_138   |    0    |    0    |    0    |
|          |   zext_ln703_4_fu_170   |    0    |    0    |    0    |
|          |   zext_ln703_5_fu_174   |    0    |    0    |    0    |
|          |   zext_ln703_6_fu_206   |    0    |    0    |    0    |
|          |   zext_ln703_7_fu_210   |    0    |    0    |    0    |
|          |   zext_ln703_8_fu_242   |    0    |    0    |    0    |
|   zext   |   zext_ln703_9_fu_246   |    0    |    0    |    0    |
|          |   zext_ln703_10_fu_278  |    0    |    0    |    0    |
|          |   zext_ln703_11_fu_281  |    0    |    0    |    0    |
|          |   zext_ln703_12_fu_310  |    0    |    0    |    0    |
|          |   zext_ln703_13_fu_314  |    0    |    0    |    0    |
|          |   zext_ln703_14_fu_344  |    0    |    0    |    0    |
|          |   zext_ln703_15_fu_348  |    0    |    0    |    0    |
|          |   zext_ln703_16_fu_378  |    0    |    0    |    0    |
|          |   zext_ln703_17_fu_382  |    0    |    0    |    0    |
|          |    zext_ln1148_fu_404   |    0    |    0    |    0    |
|----------|-------------------------|---------|---------|---------|
|          |        tmp_fu_118       |    0    |    0    |    0    |
|          |      tmp_248_fu_154     |    0    |    0    |    0    |
|          |      tmp_249_fu_190     |    0    |    0    |    0    |
|          |      tmp_250_fu_226     |    0    |    0    |    0    |
| bitselect|      tmp_251_fu_262     |    0    |    0    |    0    |
|          |      tmp_252_fu_294     |    0    |    0    |    0    |
|          |      tmp_253_fu_328     |    0    |    0    |    0    |
|          |      tmp_254_fu_362     |    0    |    0    |    0    |
|          |      tmp_255_fu_396     |    0    |    0    |    0    |
|----------|-------------------------|---------|---------|---------|
|partselect|     trunc_ln_fu_413     |    0    |    0    |    0    |
|----------|-------------------------|---------|---------|---------|
|   Total  |                         |    0    |    0    |   275   |
|----------|-------------------------|---------|---------|---------|

Memories:
N/A

* Register list:
+-----------------------+--------+
|                       |   FF   |
+-----------------------+--------+
|  add_ln703_8_reg_460  |    8   |
|select_ln340_62_reg_454|    8   |
|    tmp_255_reg_465    |    1   |
|  x_6_V_read_1_reg_448 |    8   |
|  x_7_V_read_1_reg_442 |    8   |
|  x_8_V_read_1_reg_436 |    8   |
|  x_9_V_read_1_reg_430 |    8   |
+-----------------------+--------+
|         Total         |   49   |
+-----------------------+--------+

* Multiplexer (MUX) list: 
|--------|------|------|------|--------|
|  Comp  |  Pin | Size |  BW  | S x BW |
|--------|------|------|------|--------|
|  Total |      |      |      |    0   |
|--------|------|------|------|--------|



* Summary:
+-----------+--------+--------+--------+
|           | DSP48E |   FF   |   LUT  |
+-----------+--------+--------+--------+
|  Function |    0   |    0   |   275  |
|   Memory  |    -   |    -   |    -   |
|Multiplexer|    -   |    -   |    -   |
|  Register |    -   |   49   |    -   |
+-----------+--------+--------+--------+
|   Total   |    0   |   49   |   275  |
+-----------+--------+--------+--------+
